+ '[' -z '' ']'
+ case "$-" in
+ __lmod_vx=x
+ '[' -n x ']'
+ set +x
Shell debugging temporarily silenced: export LMOD_SH_DBG_ON=1 for this output (/usr/share/lmod/lmod/init/bash)
Shell debugging restarted
+ unset __lmod_vx
+ EXE_FILE=omp_smithW-v6.3-target-inlined.out
++ date +%Y%m%d_%H%M%S
+ TIMESTAMP=20210524_115710
++ uname -n
+ NODE_NAME=corona153
++ uname -m
+ HARDWAREE_NAME=x86_64
+ rm omp_smithW-v6.3-target-inlined.out
+ make ./omp_smithW-v6.3-target-inlined.out
/opt/rocm-4.1.0/llvm/bin/clang++ -O3 -g -std=c++11 -DSKIP_BACKTRACK=1  -fopenmp -target x86_64-pc-linux-gnu -fopenmp -fopenmp-version=50 -fopenmp-targets=amdgcn-amd-amdhsa -Xopenmp-target=amdgcn-amd-amdhsa -march=gfx906 -o omp_smithW-v6.3-target-inlined.out omp_smithW-v6.3-target-inlined.cpp
+ export OMP_NUM_THREADS=48
+ OMP_NUM_THREADS=48
+ counter=
+ for N_SIZE in '{32..26000..512}'
+ let 'counter += 1'
+ echo 'running count=1, problem M=32 N=32'
running count=1, problem M=32 N=32
+ for repeat in 1 2 3
+ echo ' Repeat=1'
 Repeat=1
+ ./omp_smithW-v6.3-target-inlined.out 32 32
Problem size: Matrix[32][32], FACTOR=128 CUTOFF=1024
Total memory footprint is:0 MB
Using 48 out of max 48 threads...
The number of target devices =4
### Able to use the GPU! ### 

Elapsed time for scoring matrix computation: 0.011837
+ for repeat in 1 2 3
+ echo ' Repeat=2'
 Repeat=2
+ ./omp_smithW-v6.3-target-inlined.out 32 32
Problem size: Matrix[32][32], FACTOR=128 CUTOFF=1024
Total memory footprint is:0 MB
Using 48 out of max 48 threads...
The number of target devices =4
### Able to use the GPU! ### 

Elapsed time for scoring matrix computation: 0.003792
+ for repeat in 1 2 3
+ echo ' Repeat=3'
 Repeat=3
+ ./omp_smithW-v6.3-target-inlined.out 32 32
Problem size: Matrix[32][32], FACTOR=128 CUTOFF=1024
Total memory footprint is:0 MB
Using 48 out of max 48 threads...
The number of target devices =4
### Able to use the GPU! ### 

Elapsed time for scoring matrix computation: 0.011102
+ for N_SIZE in '{32..26000..512}'
+ let 'counter += 1'
+ echo 'running count=2, problem M=544 N=544'
running count=2, problem M=544 N=544
+ for repeat in 1 2 3
+ echo ' Repeat=1'
 Repeat=1
+ ./omp_smithW-v6.3-target-inlined.out 544 544
Problem size: Matrix[544][544], FACTOR=128 CUTOFF=1024
Total memory footprint is:2 MB
Using 48 out of max 48 threads...
The number of target devices =4
### Able to use the GPU! ### 

Elapsed time for scoring matrix computation: 0.026897
+ for repeat in 1 2 3
+ echo ' Repeat=2'
 Repeat=2
+ ./omp_smithW-v6.3-target-inlined.out 544 544
Problem size: Matrix[544][544], FACTOR=128 CUTOFF=1024
Total memory footprint is:2 MB
Using 48 out of max 48 threads...
The number of target devices =4
### Able to use the GPU! ### 

Elapsed time for scoring matrix computation: 0.026515
+ for repeat in 1 2 3
+ echo ' Repeat=3'
 Repeat=3
+ ./omp_smithW-v6.3-target-inlined.out 544 544
Problem size: Matrix[544][544], FACTOR=128 CUTOFF=1024
Total memory footprint is:2 MB
Using 48 out of max 48 threads...
The number of target devices =4
### Able to use the GPU! ### 

Elapsed time for scoring matrix computation: 0.026238
+ for N_SIZE in '{32..26000..512}'
+ let 'counter += 1'
+ echo 'running count=3, problem M=1056 N=1056'
running count=3, problem M=1056 N=1056
+ for repeat in 1 2 3
+ echo ' Repeat=1'
 Repeat=1
+ ./omp_smithW-v6.3-target-inlined.out 1056 1056
Problem size: Matrix[1056][1056], FACTOR=128 CUTOFF=1024
Total memory footprint is:8 MB
Using 48 out of max 48 threads...
The number of target devices =4
### Able to use the GPU! ### 

Elapsed time for scoring matrix computation: 0.167161
+ for repeat in 1 2 3
+ echo ' Repeat=2'
 Repeat=2
+ ./omp_smithW-v6.3-target-inlined.out 1056 1056
Problem size: Matrix[1056][1056], FACTOR=128 CUTOFF=1024
Total memory footprint is:8 MB
Using 48 out of max 48 threads...
The number of target devices =4
### Able to use the GPU! ### 

Elapsed time for scoring matrix computation: 0.064053
+ for repeat in 1 2 3
+ echo ' Repeat=3'
 Repeat=3
+ ./omp_smithW-v6.3-target-inlined.out 1056 1056
Problem size: Matrix[1056][1056], FACTOR=128 CUTOFF=1024
Total memory footprint is:8 MB
Using 48 out of max 48 threads...
The number of target devices =4
### Able to use the GPU! ### 

Elapsed time for scoring matrix computation: 0.083927
+ for N_SIZE in '{32..26000..512}'
+ let 'counter += 1'
+ echo 'running count=4, problem M=1568 N=1568'
running count=4, problem M=1568 N=1568
+ for repeat in 1 2 3
+ echo ' Repeat=1'
 Repeat=1
+ ./omp_smithW-v6.3-target-inlined.out 1568 1568
Problem size: Matrix[1568][1568], FACTOR=128 CUTOFF=1024
Total memory footprint is:18 MB
Using 48 out of max 48 threads...
The number of target devices =4
### Able to use the GPU! ### 

Elapsed time for scoring matrix computation: 0.086434
+ for repeat in 1 2 3
+ echo ' Repeat=2'
 Repeat=2
+ ./omp_smithW-v6.3-target-inlined.out 1568 1568
Problem size: Matrix[1568][1568], FACTOR=128 CUTOFF=1024
Total memory footprint is:18 MB
Using 48 out of max 48 threads...
The number of target devices =4
### Able to use the GPU! ### 

Elapsed time for scoring matrix computation: 0.185155
+ for repeat in 1 2 3
+ echo ' Repeat=3'
 Repeat=3
+ ./omp_smithW-v6.3-target-inlined.out 1568 1568
Problem size: Matrix[1568][1568], FACTOR=128 CUTOFF=1024
Total memory footprint is:18 MB
Using 48 out of max 48 threads...
The number of target devices =4
### Able to use the GPU! ### 

Elapsed time for scoring matrix computation: 0.168374
+ for N_SIZE in '{32..26000..512}'
+ let 'counter += 1'
+ echo 'running count=5, problem M=2080 N=2080'
running count=5, problem M=2080 N=2080
+ for repeat in 1 2 3
+ echo ' Repeat=1'
 Repeat=1
+ ./omp_smithW-v6.3-target-inlined.out 2080 2080
Problem size: Matrix[2080][2080], FACTOR=128 CUTOFF=1024
Total memory footprint is:33 MB
Using 48 out of max 48 threads...
The number of target devices =4
### Able to use the GPU! ### 

Elapsed time for scoring matrix computation: 0.124210
+ for repeat in 1 2 3
+ echo ' Repeat=2'
 Repeat=2
+ ./omp_smithW-v6.3-target-inlined.out 2080 2080
Problem size: Matrix[2080][2080], FACTOR=128 CUTOFF=1024
Total memory footprint is:33 MB
Using 48 out of max 48 threads...
The number of target devices =4
### Able to use the GPU! ### 

Elapsed time for scoring matrix computation: 0.122996
+ for repeat in 1 2 3
+ echo ' Repeat=3'
 Repeat=3
+ ./omp_smithW-v6.3-target-inlined.out 2080 2080
Problem size: Matrix[2080][2080], FACTOR=128 CUTOFF=1024
Total memory footprint is:33 MB
Using 48 out of max 48 threads...
The number of target devices =4
### Able to use the GPU! ### 

Elapsed time for scoring matrix computation: 0.179265
+ for N_SIZE in '{32..26000..512}'
+ let 'counter += 1'
+ echo 'running count=6, problem M=2592 N=2592'
running count=6, problem M=2592 N=2592
+ for repeat in 1 2 3
+ echo ' Repeat=1'
 Repeat=1
+ ./omp_smithW-v6.3-target-inlined.out 2592 2592
Problem size: Matrix[2592][2592], FACTOR=128 CUTOFF=1024
Total memory footprint is:51 MB
Using 48 out of max 48 threads...
The number of target devices =4
### Able to use the GPU! ### 

Elapsed time for scoring matrix computation: 0.178056
+ for repeat in 1 2 3
+ echo ' Repeat=2'
 Repeat=2
+ ./omp_smithW-v6.3-target-inlined.out 2592 2592
Problem size: Matrix[2592][2592], FACTOR=128 CUTOFF=1024
Total memory footprint is:51 MB
Using 48 out of max 48 threads...
The number of target devices =4
### Able to use the GPU! ### 

Elapsed time for scoring matrix computation: 0.198473
+ for repeat in 1 2 3
+ echo ' Repeat=3'
 Repeat=3
+ ./omp_smithW-v6.3-target-inlined.out 2592 2592
Problem size: Matrix[2592][2592], FACTOR=128 CUTOFF=1024
Total memory footprint is:51 MB
Using 48 out of max 48 threads...
The number of target devices =4
### Able to use the GPU! ### 

Elapsed time for scoring matrix computation: 0.198624
+ for N_SIZE in '{32..26000..512}'
+ let 'counter += 1'
+ echo 'running count=7, problem M=3104 N=3104'
running count=7, problem M=3104 N=3104
+ for repeat in 1 2 3
+ echo ' Repeat=1'
 Repeat=1
+ ./omp_smithW-v6.3-target-inlined.out 3104 3104
Problem size: Matrix[3104][3104], FACTOR=128 CUTOFF=1024
Total memory footprint is:73 MB
Using 48 out of max 48 threads...
The number of target devices =4
### Able to use the GPU! ### 

Elapsed time for scoring matrix computation: 0.195022
+ for repeat in 1 2 3
+ echo ' Repeat=2'
 Repeat=2
+ ./omp_smithW-v6.3-target-inlined.out 3104 3104
Problem size: Matrix[3104][3104], FACTOR=128 CUTOFF=1024
Total memory footprint is:73 MB
Using 48 out of max 48 threads...
The number of target devices =4
### Able to use the GPU! ### 

Elapsed time for scoring matrix computation: 0.230260
+ for repeat in 1 2 3
+ echo ' Repeat=3'
 Repeat=3
+ ./omp_smithW-v6.3-target-inlined.out 3104 3104
Problem size: Matrix[3104][3104], FACTOR=128 CUTOFF=1024
Total memory footprint is:73 MB
Using 48 out of max 48 threads...
The number of target devices =4
### Able to use the GPU! ### 

Elapsed time for scoring matrix computation: 0.200379
+ for N_SIZE in '{32..26000..512}'
+ let 'counter += 1'
+ echo 'running count=8, problem M=3616 N=3616'
running count=8, problem M=3616 N=3616
+ for repeat in 1 2 3
+ echo ' Repeat=1'
 Repeat=1
+ ./omp_smithW-v6.3-target-inlined.out 3616 3616
Problem size: Matrix[3616][3616], FACTOR=128 CUTOFF=1024
Total memory footprint is:99 MB
Using 48 out of max 48 threads...
The number of target devices =4
### Able to use the GPU! ### 

Elapsed time for scoring matrix computation: 0.240238
+ for repeat in 1 2 3
+ echo ' Repeat=2'
 Repeat=2
+ ./omp_smithW-v6.3-target-inlined.out 3616 3616
Problem size: Matrix[3616][3616], FACTOR=128 CUTOFF=1024
Total memory footprint is:99 MB
Using 48 out of max 48 threads...
The number of target devices =4
### Able to use the GPU! ### 

Elapsed time for scoring matrix computation: 0.304464
+ for repeat in 1 2 3
+ echo ' Repeat=3'
 Repeat=3
+ ./omp_smithW-v6.3-target-inlined.out 3616 3616
Problem size: Matrix[3616][3616], FACTOR=128 CUTOFF=1024
Total memory footprint is:99 MB
Using 48 out of max 48 threads...
The number of target devices =4
### Able to use the GPU! ### 

Elapsed time for scoring matrix computation: 0.320041
+ for N_SIZE in '{32..26000..512}'
+ let 'counter += 1'
+ echo 'running count=9, problem M=4128 N=4128'
running count=9, problem M=4128 N=4128
+ for repeat in 1 2 3
+ echo ' Repeat=1'
 Repeat=1
+ ./omp_smithW-v6.3-target-inlined.out 4128 4128
Problem size: Matrix[4128][4128], FACTOR=128 CUTOFF=1024
Total memory footprint is:130 MB
Using 48 out of max 48 threads...
The number of target devices =4
### Able to use the GPU! ### 

Elapsed time for scoring matrix computation: 0.314245
+ for repeat in 1 2 3
+ echo ' Repeat=2'
 Repeat=2
+ ./omp_smithW-v6.3-target-inlined.out 4128 4128
Problem size: Matrix[4128][4128], FACTOR=128 CUTOFF=1024
Total memory footprint is:130 MB
Using 48 out of max 48 threads...
The number of target devices =4
### Able to use the GPU! ### 

Elapsed time for scoring matrix computation: 0.353928
+ for repeat in 1 2 3
+ echo ' Repeat=3'
 Repeat=3
+ ./omp_smithW-v6.3-target-inlined.out 4128 4128
Problem size: Matrix[4128][4128], FACTOR=128 CUTOFF=1024
Total memory footprint is:130 MB
Using 48 out of max 48 threads...
The number of target devices =4
### Able to use the GPU! ### 

Elapsed time for scoring matrix computation: 0.279242
+ for N_SIZE in '{32..26000..512}'
+ let 'counter += 1'
+ echo 'running count=10, problem M=4640 N=4640'
running count=10, problem M=4640 N=4640
+ for repeat in 1 2 3
+ echo ' Repeat=1'
 Repeat=1
+ ./omp_smithW-v6.3-target-inlined.out 4640 4640
Problem size: Matrix[4640][4640], FACTOR=128 CUTOFF=1024
Total memory footprint is:164 MB
Using 48 out of max 48 threads...
The number of target devices =4
### Able to use the GPU! ### 

Elapsed time for scoring matrix computation: 0.329950
+ for repeat in 1 2 3
+ echo ' Repeat=2'
 Repeat=2
+ ./omp_smithW-v6.3-target-inlined.out 4640 4640
Problem size: Matrix[4640][4640], FACTOR=128 CUTOFF=1024
Total memory footprint is:164 MB
Using 48 out of max 48 threads...
The number of target devices =4
### Able to use the GPU! ### 

Elapsed time for scoring matrix computation: 0.323104
+ for repeat in 1 2 3
+ echo ' Repeat=3'
 Repeat=3
+ ./omp_smithW-v6.3-target-inlined.out 4640 4640
Problem size: Matrix[4640][4640], FACTOR=128 CUTOFF=1024
Total memory footprint is:164 MB
Using 48 out of max 48 threads...
The number of target devices =4
### Able to use the GPU! ### 

Elapsed time for scoring matrix computation: 0.353932
+ for N_SIZE in '{32..26000..512}'
+ let 'counter += 1'
+ echo 'running count=11, problem M=5152 N=5152'
running count=11, problem M=5152 N=5152
+ for repeat in 1 2 3
+ echo ' Repeat=1'
 Repeat=1
+ ./omp_smithW-v6.3-target-inlined.out 5152 5152
Problem size: Matrix[5152][5152], FACTOR=128 CUTOFF=1024
Total memory footprint is:202 MB
Using 48 out of max 48 threads...
The number of target devices =4
### Able to use the GPU! ### 

Elapsed time for scoring matrix computation: 0.371221
+ for repeat in 1 2 3
+ echo ' Repeat=2'
 Repeat=2
+ ./omp_smithW-v6.3-target-inlined.out 5152 5152
Problem size: Matrix[5152][5152], FACTOR=128 CUTOFF=1024
Total memory footprint is:202 MB
Using 48 out of max 48 threads...
The number of target devices =4
### Able to use the GPU! ### 

Elapsed time for scoring matrix computation: 0.463384
+ for repeat in 1 2 3
+ echo ' Repeat=3'
 Repeat=3
+ ./omp_smithW-v6.3-target-inlined.out 5152 5152
Problem size: Matrix[5152][5152], FACTOR=128 CUTOFF=1024
Total memory footprint is:202 MB
Using 48 out of max 48 threads...
The number of target devices =4
### Able to use the GPU! ### 

Elapsed time for scoring matrix computation: 0.373491
+ for N_SIZE in '{32..26000..512}'
+ let 'counter += 1'
+ echo 'running count=12, problem M=5664 N=5664'
running count=12, problem M=5664 N=5664
+ for repeat in 1 2 3
+ echo ' Repeat=1'
 Repeat=1
+ ./omp_smithW-v6.3-target-inlined.out 5664 5664
Problem size: Matrix[5664][5664], FACTOR=128 CUTOFF=1024
Total memory footprint is:244 MB
Using 48 out of max 48 threads...
The number of target devices =4
### Able to use the GPU! ### 

Elapsed time for scoring matrix computation: 0.424691
+ for repeat in 1 2 3
+ echo ' Repeat=2'
 Repeat=2
+ ./omp_smithW-v6.3-target-inlined.out 5664 5664
Problem size: Matrix[5664][5664], FACTOR=128 CUTOFF=1024
Total memory footprint is:244 MB
Using 48 out of max 48 threads...
The number of target devices =4
### Able to use the GPU! ### 

Elapsed time for scoring matrix computation: 0.418740
+ for repeat in 1 2 3
+ echo ' Repeat=3'
 Repeat=3
+ ./omp_smithW-v6.3-target-inlined.out 5664 5664
Problem size: Matrix[5664][5664], FACTOR=128 CUTOFF=1024
Total memory footprint is:244 MB
Using 48 out of max 48 threads...
The number of target devices =4
### Able to use the GPU! ### 

Elapsed time for scoring matrix computation: 0.447487
+ for N_SIZE in '{32..26000..512}'
+ let 'counter += 1'
+ echo 'running count=13, problem M=6176 N=6176'
running count=13, problem M=6176 N=6176
+ for repeat in 1 2 3
+ echo ' Repeat=1'
 Repeat=1
+ ./omp_smithW-v6.3-target-inlined.out 6176 6176
Problem size: Matrix[6176][6176], FACTOR=128 CUTOFF=1024
Total memory footprint is:291 MB
Using 48 out of max 48 threads...
The number of target devices =4
### Able to use the GPU! ### 

Elapsed time for scoring matrix computation: 0.491150
+ for repeat in 1 2 3
+ echo ' Repeat=2'
 Repeat=2
+ ./omp_smithW-v6.3-target-inlined.out 6176 6176
Problem size: Matrix[6176][6176], FACTOR=128 CUTOFF=1024
Total memory footprint is:291 MB
Using 48 out of max 48 threads...
The number of target devices =4
### Able to use the GPU! ### 

Elapsed time for scoring matrix computation: 0.574140
+ for repeat in 1 2 3
+ echo ' Repeat=3'
 Repeat=3
+ ./omp_smithW-v6.3-target-inlined.out 6176 6176
Problem size: Matrix[6176][6176], FACTOR=128 CUTOFF=1024
Total memory footprint is:291 MB
Using 48 out of max 48 threads...
The number of target devices =4
### Able to use the GPU! ### 

Elapsed time for scoring matrix computation: 0.483212
+ for N_SIZE in '{32..26000..512}'
+ let 'counter += 1'
+ echo 'running count=14, problem M=6688 N=6688'
running count=14, problem M=6688 N=6688
+ for repeat in 1 2 3
+ echo ' Repeat=1'
 Repeat=1
+ ./omp_smithW-v6.3-target-inlined.out 6688 6688
Problem size: Matrix[6688][6688], FACTOR=128 CUTOFF=1024
Total memory footprint is:341 MB
Using 48 out of max 48 threads...
The number of target devices =4
### Able to use the GPU! ### 

Elapsed time for scoring matrix computation: 0.569139
+ for repeat in 1 2 3
+ echo ' Repeat=2'
 Repeat=2
+ ./omp_smithW-v6.3-target-inlined.out 6688 6688
Problem size: Matrix[6688][6688], FACTOR=128 CUTOFF=1024
Total memory footprint is:341 MB
Using 48 out of max 48 threads...
The number of target devices =4
### Able to use the GPU! ### 

Elapsed time for scoring matrix computation: 0.555294
+ for repeat in 1 2 3
+ echo ' Repeat=3'
 Repeat=3
+ ./omp_smithW-v6.3-target-inlined.out 6688 6688
Problem size: Matrix[6688][6688], FACTOR=128 CUTOFF=1024
Total memory footprint is:341 MB
Using 48 out of max 48 threads...
The number of target devices =4
### Able to use the GPU! ### 

Elapsed time for scoring matrix computation: 0.442545
+ for N_SIZE in '{32..26000..512}'
+ let 'counter += 1'
+ echo 'running count=15, problem M=7200 N=7200'
running count=15, problem M=7200 N=7200
+ for repeat in 1 2 3
+ echo ' Repeat=1'
 Repeat=1
+ ./omp_smithW-v6.3-target-inlined.out 7200 7200
Problem size: Matrix[7200][7200], FACTOR=128 CUTOFF=1024
Total memory footprint is:395 MB
Using 48 out of max 48 threads...
The number of target devices =4
### Able to use the GPU! ### 

Elapsed time for scoring matrix computation: 0.628640
+ for repeat in 1 2 3
+ echo ' Repeat=2'
 Repeat=2
+ ./omp_smithW-v6.3-target-inlined.out 7200 7200
Problem size: Matrix[7200][7200], FACTOR=128 CUTOFF=1024
Total memory footprint is:395 MB
Using 48 out of max 48 threads...
The number of target devices =4
### Able to use the GPU! ### 

Elapsed time for scoring matrix computation: 0.628673
+ for repeat in 1 2 3
+ echo ' Repeat=3'
 Repeat=3
+ ./omp_smithW-v6.3-target-inlined.out 7200 7200
Problem size: Matrix[7200][7200], FACTOR=128 CUTOFF=1024
Total memory footprint is:395 MB
Using 48 out of max 48 threads...
The number of target devices =4
### Able to use the GPU! ### 

Elapsed time for scoring matrix computation: 0.594334
+ for N_SIZE in '{32..26000..512}'
+ let 'counter += 1'
+ echo 'running count=16, problem M=7712 N=7712'
running count=16, problem M=7712 N=7712
+ for repeat in 1 2 3
+ echo ' Repeat=1'
 Repeat=1
+ ./omp_smithW-v6.3-target-inlined.out 7712 7712
Problem size: Matrix[7712][7712], FACTOR=128 CUTOFF=1024
Total memory footprint is:453 MB
Using 48 out of max 48 threads...
The number of target devices =4
### Able to use the GPU! ### 

Elapsed time for scoring matrix computation: 0.755037
+ for repeat in 1 2 3
+ echo ' Repeat=2'
 Repeat=2
+ ./omp_smithW-v6.3-target-inlined.out 7712 7712
Problem size: Matrix[7712][7712], FACTOR=128 CUTOFF=1024
Total memory footprint is:453 MB
Using 48 out of max 48 threads...
The number of target devices =4
### Able to use the GPU! ### 

Elapsed time for scoring matrix computation: 0.645021
+ for repeat in 1 2 3
+ echo ' Repeat=3'
 Repeat=3
+ ./omp_smithW-v6.3-target-inlined.out 7712 7712
Problem size: Matrix[7712][7712], FACTOR=128 CUTOFF=1024
Total memory footprint is:453 MB
Using 48 out of max 48 threads...
The number of target devices =4
### Able to use the GPU! ### 

Elapsed time for scoring matrix computation: 0.692180
+ for N_SIZE in '{32..26000..512}'
+ let 'counter += 1'
+ echo 'running count=17, problem M=8224 N=8224'
running count=17, problem M=8224 N=8224
+ for repeat in 1 2 3
+ echo ' Repeat=1'
 Repeat=1
+ ./omp_smithW-v6.3-target-inlined.out 8224 8224
Problem size: Matrix[8224][8224], FACTOR=128 CUTOFF=1024
Total memory footprint is:516 MB
Using 48 out of max 48 threads...
The number of target devices =4
### Able to use the GPU! ### 

Elapsed time for scoring matrix computation: 0.766039
+ for repeat in 1 2 3
+ echo ' Repeat=2'
 Repeat=2
+ ./omp_smithW-v6.3-target-inlined.out 8224 8224
Problem size: Matrix[8224][8224], FACTOR=128 CUTOFF=1024
Total memory footprint is:516 MB
Using 48 out of max 48 threads...
The number of target devices =4
### Able to use the GPU! ### 

Elapsed time for scoring matrix computation: 0.722508
+ for repeat in 1 2 3
+ echo ' Repeat=3'
 Repeat=3
+ ./omp_smithW-v6.3-target-inlined.out 8224 8224
Problem size: Matrix[8224][8224], FACTOR=128 CUTOFF=1024
Total memory footprint is:516 MB
Using 48 out of max 48 threads...
The number of target devices =4
### Able to use the GPU! ### 

Elapsed time for scoring matrix computation: 0.748860
+ for N_SIZE in '{32..26000..512}'
+ let 'counter += 1'
+ echo 'running count=18, problem M=8736 N=8736'
running count=18, problem M=8736 N=8736
+ for repeat in 1 2 3
+ echo ' Repeat=1'
 Repeat=1
+ ./omp_smithW-v6.3-target-inlined.out 8736 8736
Problem size: Matrix[8736][8736], FACTOR=128 CUTOFF=1024
Total memory footprint is:582 MB
Using 48 out of max 48 threads...
The number of target devices =4
### Able to use the GPU! ### 

Elapsed time for scoring matrix computation: 0.900605
+ for repeat in 1 2 3
+ echo ' Repeat=2'
 Repeat=2
+ ./omp_smithW-v6.3-target-inlined.out 8736 8736
Problem size: Matrix[8736][8736], FACTOR=128 CUTOFF=1024
Total memory footprint is:582 MB
Using 48 out of max 48 threads...
The number of target devices =4
### Able to use the GPU! ### 

Elapsed time for scoring matrix computation: 0.790501
+ for repeat in 1 2 3
+ echo ' Repeat=3'
 Repeat=3
+ ./omp_smithW-v6.3-target-inlined.out 8736 8736
Problem size: Matrix[8736][8736], FACTOR=128 CUTOFF=1024
Total memory footprint is:582 MB
Using 48 out of max 48 threads...
The number of target devices =4
### Able to use the GPU! ### 

Elapsed time for scoring matrix computation: 0.783042
+ for N_SIZE in '{32..26000..512}'
+ let 'counter += 1'
+ echo 'running count=19, problem M=9248 N=9248'
running count=19, problem M=9248 N=9248
+ for repeat in 1 2 3
+ echo ' Repeat=1'
 Repeat=1
+ ./omp_smithW-v6.3-target-inlined.out 9248 9248
Problem size: Matrix[9248][9248], FACTOR=128 CUTOFF=1024
Total memory footprint is:652 MB
Using 48 out of max 48 threads...
The number of target devices =4
### Able to use the GPU! ### 

Elapsed time for scoring matrix computation: 0.853406
+ for repeat in 1 2 3
+ echo ' Repeat=2'
 Repeat=2
+ ./omp_smithW-v6.3-target-inlined.out 9248 9248
Problem size: Matrix[9248][9248], FACTOR=128 CUTOFF=1024
Total memory footprint is:652 MB
Using 48 out of max 48 threads...
The number of target devices =4
### Able to use the GPU! ### 

Elapsed time for scoring matrix computation: 0.848147
+ for repeat in 1 2 3
+ echo ' Repeat=3'
 Repeat=3
+ ./omp_smithW-v6.3-target-inlined.out 9248 9248
Problem size: Matrix[9248][9248], FACTOR=128 CUTOFF=1024
Total memory footprint is:652 MB
Using 48 out of max 48 threads...
The number of target devices =4
### Able to use the GPU! ### 

Elapsed time for scoring matrix computation: 0.960667
+ for N_SIZE in '{32..26000..512}'
+ let 'counter += 1'
+ echo 'running count=20, problem M=9760 N=9760'
running count=20, problem M=9760 N=9760
+ for repeat in 1 2 3
+ echo ' Repeat=1'
 Repeat=1
+ ./omp_smithW-v6.3-target-inlined.out 9760 9760
Problem size: Matrix[9760][9760], FACTOR=128 CUTOFF=1024
Total memory footprint is:726 MB
Using 48 out of max 48 threads...
The number of target devices =4
### Able to use the GPU! ### 

Elapsed time for scoring matrix computation: 0.938951
+ for repeat in 1 2 3
+ echo ' Repeat=2'
 Repeat=2
+ ./omp_smithW-v6.3-target-inlined.out 9760 9760
Problem size: Matrix[9760][9760], FACTOR=128 CUTOFF=1024
Total memory footprint is:726 MB
Using 48 out of max 48 threads...
The number of target devices =4
### Able to use the GPU! ### 

Elapsed time for scoring matrix computation: 0.917166
+ for repeat in 1 2 3
+ echo ' Repeat=3'
 Repeat=3
+ ./omp_smithW-v6.3-target-inlined.out 9760 9760
Problem size: Matrix[9760][9760], FACTOR=128 CUTOFF=1024
Total memory footprint is:726 MB
Using 48 out of max 48 threads...
The number of target devices =4
### Able to use the GPU! ### 

Elapsed time for scoring matrix computation: 0.750142
+ for N_SIZE in '{32..26000..512}'
+ let 'counter += 1'
+ echo 'running count=21, problem M=10272 N=10272'
running count=21, problem M=10272 N=10272
+ for repeat in 1 2 3
+ echo ' Repeat=1'
 Repeat=1
+ ./omp_smithW-v6.3-target-inlined.out 10272 10272
Problem size: Matrix[10272][10272], FACTOR=128 CUTOFF=1024
Total memory footprint is:805 MB
Using 48 out of max 48 threads...
The number of target devices =4
### Able to use the GPU! ### 

Elapsed time for scoring matrix computation: 0.984130
+ for repeat in 1 2 3
+ echo ' Repeat=2'
 Repeat=2
+ ./omp_smithW-v6.3-target-inlined.out 10272 10272
Problem size: Matrix[10272][10272], FACTOR=128 CUTOFF=1024
Total memory footprint is:805 MB
Using 48 out of max 48 threads...
The number of target devices =4
### Able to use the GPU! ### 

Elapsed time for scoring matrix computation: 1.020435
+ for repeat in 1 2 3
+ echo ' Repeat=3'
 Repeat=3
+ ./omp_smithW-v6.3-target-inlined.out 10272 10272
Problem size: Matrix[10272][10272], FACTOR=128 CUTOFF=1024
Total memory footprint is:805 MB
Using 48 out of max 48 threads...
The number of target devices =4
### Able to use the GPU! ### 

Elapsed time for scoring matrix computation: 1.130755
+ for N_SIZE in '{32..26000..512}'
+ let 'counter += 1'
+ echo 'running count=22, problem M=10784 N=10784'
running count=22, problem M=10784 N=10784
+ for repeat in 1 2 3
+ echo ' Repeat=1'
 Repeat=1
+ ./omp_smithW-v6.3-target-inlined.out 10784 10784
Problem size: Matrix[10784][10784], FACTOR=128 CUTOFF=1024
Total memory footprint is:887 MB
Using 48 out of max 48 threads...
The number of target devices =4
### Able to use the GPU! ### 

Elapsed time for scoring matrix computation: 1.131686
+ for repeat in 1 2 3
+ echo ' Repeat=2'
 Repeat=2
+ ./omp_smithW-v6.3-target-inlined.out 10784 10784
Problem size: Matrix[10784][10784], FACTOR=128 CUTOFF=1024
Total memory footprint is:887 MB
Using 48 out of max 48 threads...
The number of target devices =4
### Able to use the GPU! ### 

Elapsed time for scoring matrix computation: 1.105897
+ for repeat in 1 2 3
+ echo ' Repeat=3'
 Repeat=3
+ ./omp_smithW-v6.3-target-inlined.out 10784 10784
Problem size: Matrix[10784][10784], FACTOR=128 CUTOFF=1024
Total memory footprint is:887 MB
Using 48 out of max 48 threads...
The number of target devices =4
### Able to use the GPU! ### 

Elapsed time for scoring matrix computation: 1.204288
+ for N_SIZE in '{32..26000..512}'
+ let 'counter += 1'
+ echo 'running count=23, problem M=11296 N=11296'
running count=23, problem M=11296 N=11296
+ for repeat in 1 2 3
+ echo ' Repeat=1'
 Repeat=1
+ ./omp_smithW-v6.3-target-inlined.out 11296 11296
Problem size: Matrix[11296][11296], FACTOR=128 CUTOFF=1024
Total memory footprint is:973 MB
Using 48 out of max 48 threads...
The number of target devices =4
### Able to use the GPU! ### 

Elapsed time for scoring matrix computation: 1.200460
+ for repeat in 1 2 3
+ echo ' Repeat=2'
 Repeat=2
+ ./omp_smithW-v6.3-target-inlined.out 11296 11296
Problem size: Matrix[11296][11296], FACTOR=128 CUTOFF=1024
Total memory footprint is:973 MB
Using 48 out of max 48 threads...
The number of target devices =4
### Able to use the GPU! ### 

Elapsed time for scoring matrix computation: 1.225375
+ for repeat in 1 2 3
+ echo ' Repeat=3'
 Repeat=3
+ ./omp_smithW-v6.3-target-inlined.out 11296 11296
Problem size: Matrix[11296][11296], FACTOR=128 CUTOFF=1024
Total memory footprint is:973 MB
Using 48 out of max 48 threads...
The number of target devices =4
### Able to use the GPU! ### 

Elapsed time for scoring matrix computation: 1.280127
+ for N_SIZE in '{32..26000..512}'
+ let 'counter += 1'
+ echo 'running count=24, problem M=11808 N=11808'
running count=24, problem M=11808 N=11808
+ for repeat in 1 2 3
+ echo ' Repeat=1'
 Repeat=1
+ ./omp_smithW-v6.3-target-inlined.out 11808 11808
Problem size: Matrix[11808][11808], FACTOR=128 CUTOFF=1024
Total memory footprint is:1 GB
Using 48 out of max 48 threads...
The number of target devices =4
### Able to use the GPU! ### 

Elapsed time for scoring matrix computation: 1.315704
+ for repeat in 1 2 3
+ echo ' Repeat=2'
 Repeat=2
+ ./omp_smithW-v6.3-target-inlined.out 11808 11808
Problem size: Matrix[11808][11808], FACTOR=128 CUTOFF=1024
Total memory footprint is:1 GB
Using 48 out of max 48 threads...
The number of target devices =4
### Able to use the GPU! ### 

Elapsed time for scoring matrix computation: 1.279118
+ for repeat in 1 2 3
+ echo ' Repeat=3'
 Repeat=3
+ ./omp_smithW-v6.3-target-inlined.out 11808 11808
Problem size: Matrix[11808][11808], FACTOR=128 CUTOFF=1024
Total memory footprint is:1 GB
Using 48 out of max 48 threads...
The number of target devices =4
### Able to use the GPU! ### 

Elapsed time for scoring matrix computation: 1.298472
+ for N_SIZE in '{32..26000..512}'
+ let 'counter += 1'
+ echo 'running count=25, problem M=12320 N=12320'
running count=25, problem M=12320 N=12320
+ for repeat in 1 2 3
+ echo ' Repeat=1'
 Repeat=1
+ ./omp_smithW-v6.3-target-inlined.out 12320 12320
Problem size: Matrix[12320][12320], FACTOR=128 CUTOFF=1024
Total memory footprint is:1 GB
Using 48 out of max 48 threads...
The number of target devices =4
### Able to use the GPU! ### 

Elapsed time for scoring matrix computation: 1.365419
+ for repeat in 1 2 3
+ echo ' Repeat=2'
 Repeat=2
+ ./omp_smithW-v6.3-target-inlined.out 12320 12320
Problem size: Matrix[12320][12320], FACTOR=128 CUTOFF=1024
Total memory footprint is:1 GB
Using 48 out of max 48 threads...
The number of target devices =4
### Able to use the GPU! ### 

Elapsed time for scoring matrix computation: 1.401698
+ for repeat in 1 2 3
+ echo ' Repeat=3'
 Repeat=3
+ ./omp_smithW-v6.3-target-inlined.out 12320 12320
Problem size: Matrix[12320][12320], FACTOR=128 CUTOFF=1024
Total memory footprint is:1 GB
Using 48 out of max 48 threads...
The number of target devices =4
### Able to use the GPU! ### 

Elapsed time for scoring matrix computation: 1.418024
+ for N_SIZE in '{32..26000..512}'
+ let 'counter += 1'
+ echo 'running count=26, problem M=12832 N=12832'
running count=26, problem M=12832 N=12832
+ for repeat in 1 2 3
+ echo ' Repeat=1'
 Repeat=1
+ ./omp_smithW-v6.3-target-inlined.out 12832 12832
Problem size: Matrix[12832][12832], FACTOR=128 CUTOFF=1024
Total memory footprint is:1 GB
Using 48 out of max 48 threads...
The number of target devices =4
### Able to use the GPU! ### 

Elapsed time for scoring matrix computation: 1.577492
+ for repeat in 1 2 3
+ echo ' Repeat=2'
 Repeat=2
+ ./omp_smithW-v6.3-target-inlined.out 12832 12832
Problem size: Matrix[12832][12832], FACTOR=128 CUTOFF=1024
Total memory footprint is:1 GB
Using 48 out of max 48 threads...
The number of target devices =4
### Able to use the GPU! ### 

Elapsed time for scoring matrix computation: 1.473491
+ for repeat in 1 2 3
+ echo ' Repeat=3'
 Repeat=3
+ ./omp_smithW-v6.3-target-inlined.out 12832 12832
Problem size: Matrix[12832][12832], FACTOR=128 CUTOFF=1024
Total memory footprint is:1 GB
Using 48 out of max 48 threads...
The number of target devices =4
### Able to use the GPU! ### 

Elapsed time for scoring matrix computation: 1.500570
+ for N_SIZE in '{32..26000..512}'
+ let 'counter += 1'
+ echo 'running count=27, problem M=13344 N=13344'
running count=27, problem M=13344 N=13344
+ for repeat in 1 2 3
+ echo ' Repeat=1'
 Repeat=1
+ ./omp_smithW-v6.3-target-inlined.out 13344 13344
Problem size: Matrix[13344][13344], FACTOR=128 CUTOFF=1024
Total memory footprint is:1 GB
Using 48 out of max 48 threads...
The number of target devices =4
### Able to use the GPU! ### 

Elapsed time for scoring matrix computation: 1.646391
+ for repeat in 1 2 3
+ echo ' Repeat=2'
 Repeat=2
+ ./omp_smithW-v6.3-target-inlined.out 13344 13344
Problem size: Matrix[13344][13344], FACTOR=128 CUTOFF=1024
Total memory footprint is:1 GB
Using 48 out of max 48 threads...
The number of target devices =4
### Able to use the GPU! ### 

Elapsed time for scoring matrix computation: 1.615545
+ for repeat in 1 2 3
+ echo ' Repeat=3'
 Repeat=3
+ ./omp_smithW-v6.3-target-inlined.out 13344 13344
Problem size: Matrix[13344][13344], FACTOR=128 CUTOFF=1024
Total memory footprint is:1 GB
Using 48 out of max 48 threads...
The number of target devices =4
### Able to use the GPU! ### 

Elapsed time for scoring matrix computation: 1.605922
+ for N_SIZE in '{32..26000..512}'
+ let 'counter += 1'
+ echo 'running count=28, problem M=13856 N=13856'
running count=28, problem M=13856 N=13856
+ for repeat in 1 2 3
+ echo ' Repeat=1'
 Repeat=1
+ ./omp_smithW-v6.3-target-inlined.out 13856 13856
Problem size: Matrix[13856][13856], FACTOR=128 CUTOFF=1024
Total memory footprint is:1 GB
Using 48 out of max 48 threads...
The number of target devices =4
### Able to use the GPU! ### 

Elapsed time for scoring matrix computation: 1.777205
+ for repeat in 1 2 3
+ echo ' Repeat=2'
 Repeat=2
+ ./omp_smithW-v6.3-target-inlined.out 13856 13856
Problem size: Matrix[13856][13856], FACTOR=128 CUTOFF=1024
Total memory footprint is:1 GB
Using 48 out of max 48 threads...
The number of target devices =4
### Able to use the GPU! ### 

Elapsed time for scoring matrix computation: 1.911558
+ for repeat in 1 2 3
+ echo ' Repeat=3'
 Repeat=3
+ ./omp_smithW-v6.3-target-inlined.out 13856 13856
Problem size: Matrix[13856][13856], FACTOR=128 CUTOFF=1024
Total memory footprint is:1 GB
Using 48 out of max 48 threads...
The number of target devices =4
### Able to use the GPU! ### 

Elapsed time for scoring matrix computation: 13.503008
+ for N_SIZE in '{32..26000..512}'
+ let 'counter += 1'
+ echo 'running count=29, problem M=14368 N=14368'
running count=29, problem M=14368 N=14368
+ for repeat in 1 2 3
+ echo ' Repeat=1'
 Repeat=1
+ ./omp_smithW-v6.3-target-inlined.out 14368 14368
Problem size: Matrix[14368][14368], FACTOR=128 CUTOFF=1024
Total memory footprint is:1 GB
Using 48 out of max 48 threads...
The number of target devices =4
### Able to use the GPU! ### 

Elapsed time for scoring matrix computation: 1.857816
+ for repeat in 1 2 3
+ echo ' Repeat=2'
 Repeat=2
+ ./omp_smithW-v6.3-target-inlined.out 14368 14368
Problem size: Matrix[14368][14368], FACTOR=128 CUTOFF=1024
Total memory footprint is:1 GB
Using 48 out of max 48 threads...
The number of target devices =4
### Able to use the GPU! ### 

Elapsed time for scoring matrix computation: 1.818243
+ for repeat in 1 2 3
+ echo ' Repeat=3'
 Repeat=3
+ ./omp_smithW-v6.3-target-inlined.out 14368 14368
Problem size: Matrix[14368][14368], FACTOR=128 CUTOFF=1024
Total memory footprint is:1 GB
Using 48 out of max 48 threads...
The number of target devices =4
### Able to use the GPU! ### 

Elapsed time for scoring matrix computation: 1.913984
+ for N_SIZE in '{32..26000..512}'
+ let 'counter += 1'
+ echo 'running count=30, problem M=14880 N=14880'
running count=30, problem M=14880 N=14880
+ for repeat in 1 2 3
+ echo ' Repeat=1'
 Repeat=1
+ ./omp_smithW-v6.3-target-inlined.out 14880 14880
Problem size: Matrix[14880][14880], FACTOR=128 CUTOFF=1024
Total memory footprint is:1 GB
Using 48 out of max 48 threads...
The number of target devices =4
### Able to use the GPU! ### 

Elapsed time for scoring matrix computation: 1.973408
+ for repeat in 1 2 3
+ echo ' Repeat=2'
 Repeat=2
+ ./omp_smithW-v6.3-target-inlined.out 14880 14880
Problem size: Matrix[14880][14880], FACTOR=128 CUTOFF=1024
Total memory footprint is:1 GB
Using 48 out of max 48 threads...
The number of target devices =4
### Able to use the GPU! ### 

Elapsed time for scoring matrix computation: 24.357645
+ for repeat in 1 2 3
+ echo ' Repeat=3'
 Repeat=3
+ ./omp_smithW-v6.3-target-inlined.out 14880 14880
Problem size: Matrix[14880][14880], FACTOR=128 CUTOFF=1024
Total memory footprint is:1 GB
Using 48 out of max 48 threads...
The number of target devices =4
### Able to use the GPU! ### 

Elapsed time for scoring matrix computation: 2.010945
+ for N_SIZE in '{32..26000..512}'
+ let 'counter += 1'
+ echo 'running count=31, problem M=15392 N=15392'
running count=31, problem M=15392 N=15392
+ for repeat in 1 2 3
+ echo ' Repeat=1'
 Repeat=1
+ ./omp_smithW-v6.3-target-inlined.out 15392 15392
Problem size: Matrix[15392][15392], FACTOR=128 CUTOFF=1024
Total memory footprint is:1 GB
Using 48 out of max 48 threads...
The number of target devices =4
### Able to use the GPU! ### 

Elapsed time for scoring matrix computation: 2.148596
+ for repeat in 1 2 3
+ echo ' Repeat=2'
 Repeat=2
+ ./omp_smithW-v6.3-target-inlined.out 15392 15392
Problem size: Matrix[15392][15392], FACTOR=128 CUTOFF=1024
Total memory footprint is:1 GB
Using 48 out of max 48 threads...
The number of target devices =4
### Able to use the GPU! ### 

Elapsed time for scoring matrix computation: 2.119886
+ for repeat in 1 2 3
+ echo ' Repeat=3'
 Repeat=3
+ ./omp_smithW-v6.3-target-inlined.out 15392 15392
Problem size: Matrix[15392][15392], FACTOR=128 CUTOFF=1024
Total memory footprint is:1 GB
Using 48 out of max 48 threads...
The number of target devices =4
### Able to use the GPU! ### 

Elapsed time for scoring matrix computation: 2.175709
+ for N_SIZE in '{32..26000..512}'
+ let 'counter += 1'
+ echo 'running count=32, problem M=15904 N=15904'
running count=32, problem M=15904 N=15904
+ for repeat in 1 2 3
+ echo ' Repeat=1'
 Repeat=1
+ ./omp_smithW-v6.3-target-inlined.out 15904 15904
Problem size: Matrix[15904][15904], FACTOR=128 CUTOFF=1024
Total memory footprint is:1 GB
Using 48 out of max 48 threads...
The number of target devices =4
### Able to use the GPU! ### 

Elapsed time for scoring matrix computation: 3.259999
+ for repeat in 1 2 3
+ echo ' Repeat=2'
 Repeat=2
+ ./omp_smithW-v6.3-target-inlined.out 15904 15904
Problem size: Matrix[15904][15904], FACTOR=128 CUTOFF=1024
Total memory footprint is:1 GB
Using 48 out of max 48 threads...
The number of target devices =4
### Able to use the GPU! ### 

Elapsed time for scoring matrix computation: 2.345168
+ for repeat in 1 2 3
+ echo ' Repeat=3'
 Repeat=3
+ ./omp_smithW-v6.3-target-inlined.out 15904 15904
Problem size: Matrix[15904][15904], FACTOR=128 CUTOFF=1024
Total memory footprint is:1 GB
Using 48 out of max 48 threads...
The number of target devices =4
### Able to use the GPU! ### 

Elapsed time for scoring matrix computation: 2.075517
+ for N_SIZE in '{32..26000..512}'
+ let 'counter += 1'
+ echo 'running count=33, problem M=16416 N=16416'
running count=33, problem M=16416 N=16416
+ for repeat in 1 2 3
+ echo ' Repeat=1'
 Repeat=1
+ ./omp_smithW-v6.3-target-inlined.out 16416 16416
Problem size: Matrix[16416][16416], FACTOR=128 CUTOFF=1024
Total memory footprint is:2 GB
Using 48 out of max 48 threads...
The number of target devices =4
### Able to use the GPU! ### 

Elapsed time for scoring matrix computation: 2.505430
+ for repeat in 1 2 3
+ echo ' Repeat=2'
 Repeat=2
+ ./omp_smithW-v6.3-target-inlined.out 16416 16416
Problem size: Matrix[16416][16416], FACTOR=128 CUTOFF=1024
Total memory footprint is:2 GB
Using 48 out of max 48 threads...
The number of target devices =4
### Able to use the GPU! ### 

Elapsed time for scoring matrix computation: 2.515899
+ for repeat in 1 2 3
+ echo ' Repeat=3'
 Repeat=3
+ ./omp_smithW-v6.3-target-inlined.out 16416 16416
Problem size: Matrix[16416][16416], FACTOR=128 CUTOFF=1024
Total memory footprint is:2 GB
Using 48 out of max 48 threads...
The number of target devices =4
### Able to use the GPU! ### 

Elapsed time for scoring matrix computation: 2.476745
+ for N_SIZE in '{32..26000..512}'
+ let 'counter += 1'
+ echo 'running count=34, problem M=16928 N=16928'
running count=34, problem M=16928 N=16928
+ for repeat in 1 2 3
+ echo ' Repeat=1'
 Repeat=1
+ ./omp_smithW-v6.3-target-inlined.out 16928 16928
Problem size: Matrix[16928][16928], FACTOR=128 CUTOFF=1024
Total memory footprint is:2 GB
Using 48 out of max 48 threads...
The number of target devices =4
### Able to use the GPU! ### 

Elapsed time for scoring matrix computation: 2.489811
+ for repeat in 1 2 3
+ echo ' Repeat=2'
 Repeat=2
+ ./omp_smithW-v6.3-target-inlined.out 16928 16928
Problem size: Matrix[16928][16928], FACTOR=128 CUTOFF=1024
Total memory footprint is:2 GB
Using 48 out of max 48 threads...
The number of target devices =4
### Able to use the GPU! ### 

Elapsed time for scoring matrix computation: 2.316327
+ for repeat in 1 2 3
+ echo ' Repeat=3'
 Repeat=3
+ ./omp_smithW-v6.3-target-inlined.out 16928 16928
Problem size: Matrix[16928][16928], FACTOR=128 CUTOFF=1024
Total memory footprint is:2 GB
Using 48 out of max 48 threads...
The number of target devices =4
### Able to use the GPU! ### 

Elapsed time for scoring matrix computation: 2.444572
+ for N_SIZE in '{32..26000..512}'
+ let 'counter += 1'
+ echo 'running count=35, problem M=17440 N=17440'
running count=35, problem M=17440 N=17440
+ for repeat in 1 2 3
+ echo ' Repeat=1'
 Repeat=1
+ ./omp_smithW-v6.3-target-inlined.out 17440 17440
Problem size: Matrix[17440][17440], FACTOR=128 CUTOFF=1024
Total memory footprint is:2 GB
Using 48 out of max 48 threads...
The number of target devices =4
### Able to use the GPU! ### 

Elapsed time for scoring matrix computation: 2.447960
+ for repeat in 1 2 3
+ echo ' Repeat=2'
 Repeat=2
+ ./omp_smithW-v6.3-target-inlined.out 17440 17440
Problem size: Matrix[17440][17440], FACTOR=128 CUTOFF=1024
Total memory footprint is:2 GB
Using 48 out of max 48 threads...
The number of target devices =4
### Able to use the GPU! ### 

Elapsed time for scoring matrix computation: 2.562688
+ for repeat in 1 2 3
+ echo ' Repeat=3'
 Repeat=3
+ ./omp_smithW-v6.3-target-inlined.out 17440 17440
Problem size: Matrix[17440][17440], FACTOR=128 CUTOFF=1024
Total memory footprint is:2 GB
Using 48 out of max 48 threads...
The number of target devices =4
### Able to use the GPU! ### 

Elapsed time for scoring matrix computation: 2.458418
+ for N_SIZE in '{32..26000..512}'
+ let 'counter += 1'
+ echo 'running count=36, problem M=17952 N=17952'
running count=36, problem M=17952 N=17952
+ for repeat in 1 2 3
+ echo ' Repeat=1'
 Repeat=1
+ ./omp_smithW-v6.3-target-inlined.out 17952 17952
Problem size: Matrix[17952][17952], FACTOR=128 CUTOFF=1024
Total memory footprint is:2 GB
Using 48 out of max 48 threads...
The number of target devices =4
### Able to use the GPU! ### 

Elapsed time for scoring matrix computation: 2.546169
+ for repeat in 1 2 3
+ echo ' Repeat=2'
 Repeat=2
+ ./omp_smithW-v6.3-target-inlined.out 17952 17952
Problem size: Matrix[17952][17952], FACTOR=128 CUTOFF=1024
Total memory footprint is:2 GB
Using 48 out of max 48 threads...
The number of target devices =4
### Able to use the GPU! ### 

Elapsed time for scoring matrix computation: 2.538653
+ for repeat in 1 2 3
+ echo ' Repeat=3'
 Repeat=3
+ ./omp_smithW-v6.3-target-inlined.out 17952 17952
Problem size: Matrix[17952][17952], FACTOR=128 CUTOFF=1024
Total memory footprint is:2 GB
Using 48 out of max 48 threads...
The number of target devices =4
### Able to use the GPU! ### 

Elapsed time for scoring matrix computation: 2.494558
+ for N_SIZE in '{32..26000..512}'
+ let 'counter += 1'
+ echo 'running count=37, problem M=18464 N=18464'
running count=37, problem M=18464 N=18464
+ for repeat in 1 2 3
+ echo ' Repeat=1'
 Repeat=1
+ ./omp_smithW-v6.3-target-inlined.out 18464 18464
Problem size: Matrix[18464][18464], FACTOR=128 CUTOFF=1024
Total memory footprint is:2 GB
Using 48 out of max 48 threads...
The number of target devices =4
### Able to use the GPU! ### 

Elapsed time for scoring matrix computation: 2.841224
+ for repeat in 1 2 3
+ echo ' Repeat=2'
 Repeat=2
+ ./omp_smithW-v6.3-target-inlined.out 18464 18464
Problem size: Matrix[18464][18464], FACTOR=128 CUTOFF=1024
Total memory footprint is:2 GB
Using 48 out of max 48 threads...
The number of target devices =4
### Able to use the GPU! ### 

Elapsed time for scoring matrix computation: 2.874031
+ for repeat in 1 2 3
+ echo ' Repeat=3'
 Repeat=3
+ ./omp_smithW-v6.3-target-inlined.out 18464 18464
Problem size: Matrix[18464][18464], FACTOR=128 CUTOFF=1024
Total memory footprint is:2 GB
Using 48 out of max 48 threads...
The number of target devices =4
### Able to use the GPU! ### 

Elapsed time for scoring matrix computation: 2.841518
+ for N_SIZE in '{32..26000..512}'
+ let 'counter += 1'
+ echo 'running count=38, problem M=18976 N=18976'
running count=38, problem M=18976 N=18976
+ for repeat in 1 2 3
+ echo ' Repeat=1'
 Repeat=1
+ ./omp_smithW-v6.3-target-inlined.out 18976 18976
Problem size: Matrix[18976][18976], FACTOR=128 CUTOFF=1024
Total memory footprint is:2 GB
Using 48 out of max 48 threads...
The number of target devices =4
### Able to use the GPU! ### 

Elapsed time for scoring matrix computation: 2.783268
+ for repeat in 1 2 3
+ echo ' Repeat=2'
 Repeat=2
+ ./omp_smithW-v6.3-target-inlined.out 18976 18976
Problem size: Matrix[18976][18976], FACTOR=128 CUTOFF=1024
Total memory footprint is:2 GB
Using 48 out of max 48 threads...
The number of target devices =4
### Able to use the GPU! ### 

Elapsed time for scoring matrix computation: 2.777279
+ for repeat in 1 2 3
+ echo ' Repeat=3'
 Repeat=3
+ ./omp_smithW-v6.3-target-inlined.out 18976 18976
Problem size: Matrix[18976][18976], FACTOR=128 CUTOFF=1024
Total memory footprint is:2 GB
Using 48 out of max 48 threads...
The number of target devices =4
### Able to use the GPU! ### 

Elapsed time for scoring matrix computation: 2.745353
+ for N_SIZE in '{32..26000..512}'
+ let 'counter += 1'
+ echo 'running count=39, problem M=19488 N=19488'
running count=39, problem M=19488 N=19488
+ for repeat in 1 2 3
+ echo ' Repeat=1'
 Repeat=1
+ ./omp_smithW-v6.3-target-inlined.out 19488 19488
Problem size: Matrix[19488][19488], FACTOR=128 CUTOFF=1024
Total memory footprint is:2 GB
Using 48 out of max 48 threads...
The number of target devices =4
### Able to use the GPU! ### 

Elapsed time for scoring matrix computation: 2.916195
+ for repeat in 1 2 3
+ echo ' Repeat=2'
 Repeat=2
+ ./omp_smithW-v6.3-target-inlined.out 19488 19488
Problem size: Matrix[19488][19488], FACTOR=128 CUTOFF=1024
Total memory footprint is:2 GB
Using 48 out of max 48 threads...
The number of target devices =4
### Able to use the GPU! ### 

Elapsed time for scoring matrix computation: 2.995708
+ for repeat in 1 2 3
+ echo ' Repeat=3'
 Repeat=3
+ ./omp_smithW-v6.3-target-inlined.out 19488 19488
Problem size: Matrix[19488][19488], FACTOR=128 CUTOFF=1024
Total memory footprint is:2 GB
Using 48 out of max 48 threads...
The number of target devices =4
### Able to use the GPU! ### 

Elapsed time for scoring matrix computation: 2.924826
+ for N_SIZE in '{32..26000..512}'
+ let 'counter += 1'
+ echo 'running count=40, problem M=20000 N=20000'
running count=40, problem M=20000 N=20000
+ for repeat in 1 2 3
+ echo ' Repeat=1'
 Repeat=1
+ ./omp_smithW-v6.3-target-inlined.out 20000 20000
Problem size: Matrix[20000][20000], FACTOR=128 CUTOFF=1024
Total memory footprint is:2 GB
Using 48 out of max 48 threads...
The number of target devices =4
### Able to use the GPU! ### 

Elapsed time for scoring matrix computation: 3.007086
+ for repeat in 1 2 3
+ echo ' Repeat=2'
 Repeat=2
+ ./omp_smithW-v6.3-target-inlined.out 20000 20000
Problem size: Matrix[20000][20000], FACTOR=128 CUTOFF=1024
Total memory footprint is:2 GB
Using 48 out of max 48 threads...
The number of target devices =4
### Able to use the GPU! ### 

Elapsed time for scoring matrix computation: 3.101781
+ for repeat in 1 2 3
+ echo ' Repeat=3'
 Repeat=3
+ ./omp_smithW-v6.3-target-inlined.out 20000 20000
Problem size: Matrix[20000][20000], FACTOR=128 CUTOFF=1024
Total memory footprint is:2 GB
Using 48 out of max 48 threads...
The number of target devices =4
### Able to use the GPU! ### 

Elapsed time for scoring matrix computation: 3.239861
+ for N_SIZE in '{32..26000..512}'
+ let 'counter += 1'
+ echo 'running count=41, problem M=20512 N=20512'
running count=41, problem M=20512 N=20512
+ for repeat in 1 2 3
+ echo ' Repeat=1'
 Repeat=1
+ ./omp_smithW-v6.3-target-inlined.out 20512 20512
Problem size: Matrix[20512][20512], FACTOR=128 CUTOFF=1024
Total memory footprint is:3 GB
Using 48 out of max 48 threads...
The number of target devices =4
### Able to use the GPU! ### 

Elapsed time for scoring matrix computation: 3.214277
+ for repeat in 1 2 3
+ echo ' Repeat=2'
 Repeat=2
+ ./omp_smithW-v6.3-target-inlined.out 20512 20512
Problem size: Matrix[20512][20512], FACTOR=128 CUTOFF=1024
Total memory footprint is:3 GB
Using 48 out of max 48 threads...
The number of target devices =4
### Able to use the GPU! ### 

Elapsed time for scoring matrix computation: 3.190981
+ for repeat in 1 2 3
+ echo ' Repeat=3'
 Repeat=3
+ ./omp_smithW-v6.3-target-inlined.out 20512 20512
Problem size: Matrix[20512][20512], FACTOR=128 CUTOFF=1024
Total memory footprint is:3 GB
Using 48 out of max 48 threads...
The number of target devices =4
### Able to use the GPU! ### 

Elapsed time for scoring matrix computation: 4.607605
+ for N_SIZE in '{32..26000..512}'
+ let 'counter += 1'
+ echo 'running count=42, problem M=21024 N=21024'
running count=42, problem M=21024 N=21024
+ for repeat in 1 2 3
+ echo ' Repeat=1'
 Repeat=1
+ ./omp_smithW-v6.3-target-inlined.out 21024 21024
Problem size: Matrix[21024][21024], FACTOR=128 CUTOFF=1024
Total memory footprint is:3 GB
Using 48 out of max 48 threads...
The number of target devices =4
### Able to use the GPU! ### 

Elapsed time for scoring matrix computation: 3.356649
+ for repeat in 1 2 3
+ echo ' Repeat=2'
 Repeat=2
+ ./omp_smithW-v6.3-target-inlined.out 21024 21024
Problem size: Matrix[21024][21024], FACTOR=128 CUTOFF=1024
Total memory footprint is:3 GB
Using 48 out of max 48 threads...
The number of target devices =4
### Able to use the GPU! ### 

Elapsed time for scoring matrix computation: 3.531037
+ for repeat in 1 2 3
+ echo ' Repeat=3'
 Repeat=3
+ ./omp_smithW-v6.3-target-inlined.out 21024 21024
Problem size: Matrix[21024][21024], FACTOR=128 CUTOFF=1024
Total memory footprint is:3 GB
Using 48 out of max 48 threads...
The number of target devices =4
### Able to use the GPU! ### 

Elapsed time for scoring matrix computation: 3.293155
+ for N_SIZE in '{32..26000..512}'
+ let 'counter += 1'
+ echo 'running count=43, problem M=21536 N=21536'
running count=43, problem M=21536 N=21536
+ for repeat in 1 2 3
+ echo ' Repeat=1'
 Repeat=1
+ ./omp_smithW-v6.3-target-inlined.out 21536 21536
Problem size: Matrix[21536][21536], FACTOR=128 CUTOFF=1024
Total memory footprint is:3 GB
Using 48 out of max 48 threads...
The number of target devices =4
### Able to use the GPU! ### 

Elapsed time for scoring matrix computation: 3.415928
+ for repeat in 1 2 3
+ echo ' Repeat=2'
 Repeat=2
+ ./omp_smithW-v6.3-target-inlined.out 21536 21536
Problem size: Matrix[21536][21536], FACTOR=128 CUTOFF=1024
Total memory footprint is:3 GB
Using 48 out of max 48 threads...
The number of target devices =4
### Able to use the GPU! ### 

Elapsed time for scoring matrix computation: 3.543971
+ for repeat in 1 2 3
+ echo ' Repeat=3'
 Repeat=3
+ ./omp_smithW-v6.3-target-inlined.out 21536 21536
Problem size: Matrix[21536][21536], FACTOR=128 CUTOFF=1024
Total memory footprint is:3 GB
Using 48 out of max 48 threads...
The number of target devices =4
### Able to use the GPU! ### 

Elapsed time for scoring matrix computation: 3.509504
+ for N_SIZE in '{32..26000..512}'
+ let 'counter += 1'
+ echo 'running count=44, problem M=22048 N=22048'
running count=44, problem M=22048 N=22048
+ for repeat in 1 2 3
+ echo ' Repeat=1'
 Repeat=1
+ ./omp_smithW-v6.3-target-inlined.out 22048 22048
Problem size: Matrix[22048][22048], FACTOR=128 CUTOFF=1024
Total memory footprint is:3 GB
Using 48 out of max 48 threads...
The number of target devices =4
### Able to use the GPU! ### 

Elapsed time for scoring matrix computation: 3.553311
+ for repeat in 1 2 3
+ echo ' Repeat=2'
 Repeat=2
+ ./omp_smithW-v6.3-target-inlined.out 22048 22048
Problem size: Matrix[22048][22048], FACTOR=128 CUTOFF=1024
Total memory footprint is:3 GB
Using 48 out of max 48 threads...
The number of target devices =4
### Able to use the GPU! ### 

Elapsed time for scoring matrix computation: 3.697608
+ for repeat in 1 2 3
+ echo ' Repeat=3'
 Repeat=3
+ ./omp_smithW-v6.3-target-inlined.out 22048 22048
Problem size: Matrix[22048][22048], FACTOR=128 CUTOFF=1024
Total memory footprint is:3 GB
Using 48 out of max 48 threads...
The number of target devices =4
### Able to use the GPU! ### 

Elapsed time for scoring matrix computation: 3.606755
+ for N_SIZE in '{32..26000..512}'
+ let 'counter += 1'
+ echo 'running count=45, problem M=22560 N=22560'
running count=45, problem M=22560 N=22560
+ for repeat in 1 2 3
+ echo ' Repeat=1'
 Repeat=1
+ ./omp_smithW-v6.3-target-inlined.out 22560 22560
Problem size: Matrix[22560][22560], FACTOR=128 CUTOFF=1024
Total memory footprint is:3 GB
Using 48 out of max 48 threads...
The number of target devices =4
### Able to use the GPU! ### 

Elapsed time for scoring matrix computation: 3.794223
+ for repeat in 1 2 3
+ echo ' Repeat=2'
 Repeat=2
+ ./omp_smithW-v6.3-target-inlined.out 22560 22560
Problem size: Matrix[22560][22560], FACTOR=128 CUTOFF=1024
Total memory footprint is:3 GB
Using 48 out of max 48 threads...
The number of target devices =4
### Able to use the GPU! ### 

Elapsed time for scoring matrix computation: 3.691556
+ for repeat in 1 2 3
+ echo ' Repeat=3'
 Repeat=3
+ ./omp_smithW-v6.3-target-inlined.out 22560 22560
Problem size: Matrix[22560][22560], FACTOR=128 CUTOFF=1024
Total memory footprint is:3 GB
Using 48 out of max 48 threads...
The number of target devices =4
### Able to use the GPU! ### 

Elapsed time for scoring matrix computation: 3.679419
+ for N_SIZE in '{32..26000..512}'
+ let 'counter += 1'
+ echo 'running count=46, problem M=23072 N=23072'
running count=46, problem M=23072 N=23072
+ for repeat in 1 2 3
+ echo ' Repeat=1'
 Repeat=1
+ ./omp_smithW-v6.3-target-inlined.out 23072 23072
Problem size: Matrix[23072][23072], FACTOR=128 CUTOFF=1024
Total memory footprint is:3 GB
Using 48 out of max 48 threads...
The number of target devices =4
### Able to use the GPU! ### 

Elapsed time for scoring matrix computation: 3.807146
+ for repeat in 1 2 3
+ echo ' Repeat=2'
 Repeat=2
+ ./omp_smithW-v6.3-target-inlined.out 23072 23072
Problem size: Matrix[23072][23072], FACTOR=128 CUTOFF=1024
Total memory footprint is:3 GB
Using 48 out of max 48 threads...
The number of target devices =4
### Able to use the GPU! ### 

Elapsed time for scoring matrix computation: 3.920637
+ for repeat in 1 2 3
+ echo ' Repeat=3'
 Repeat=3
+ ./omp_smithW-v6.3-target-inlined.out 23072 23072
Problem size: Matrix[23072][23072], FACTOR=128 CUTOFF=1024
Total memory footprint is:3 GB
Using 48 out of max 48 threads...
The number of target devices =4
### Able to use the GPU! ### 

Elapsed time for scoring matrix computation: 3.940286
+ for N_SIZE in '{32..26000..512}'
+ let 'counter += 1'
+ echo 'running count=47, problem M=23584 N=23584'
running count=47, problem M=23584 N=23584
+ for repeat in 1 2 3
+ echo ' Repeat=1'
 Repeat=1
+ ./omp_smithW-v6.3-target-inlined.out 23584 23584
Problem size: Matrix[23584][23584], FACTOR=128 CUTOFF=1024
Total memory footprint is:4 GB
Using 48 out of max 48 threads...
The number of target devices =4
### Able to use the GPU! ### 

Elapsed time for scoring matrix computation: 5.114484
+ for repeat in 1 2 3
+ echo ' Repeat=2'
 Repeat=2
+ ./omp_smithW-v6.3-target-inlined.out 23584 23584
Problem size: Matrix[23584][23584], FACTOR=128 CUTOFF=1024
Total memory footprint is:4 GB
Using 48 out of max 48 threads...
The number of target devices =4
### Able to use the GPU! ### 

Elapsed time for scoring matrix computation: 4.147393
+ for repeat in 1 2 3
+ echo ' Repeat=3'
 Repeat=3
+ ./omp_smithW-v6.3-target-inlined.out 23584 23584
Problem size: Matrix[23584][23584], FACTOR=128 CUTOFF=1024
Total memory footprint is:4 GB
Using 48 out of max 48 threads...
The number of target devices =4
### Able to use the GPU! ### 

Elapsed time for scoring matrix computation: 43.965493
+ for N_SIZE in '{32..26000..512}'
+ let 'counter += 1'
+ echo 'running count=48, problem M=24096 N=24096'
running count=48, problem M=24096 N=24096
+ for repeat in 1 2 3
+ echo ' Repeat=1'
 Repeat=1
+ ./omp_smithW-v6.3-target-inlined.out 24096 24096
Problem size: Matrix[24096][24096], FACTOR=128 CUTOFF=1024
Total memory footprint is:4 GB
Using 48 out of max 48 threads...
The number of target devices =4
### Able to use the GPU! ### 

Elapsed time for scoring matrix computation: 4.117221
+ for repeat in 1 2 3
+ echo ' Repeat=2'
 Repeat=2
+ ./omp_smithW-v6.3-target-inlined.out 24096 24096
Problem size: Matrix[24096][24096], FACTOR=128 CUTOFF=1024
Total memory footprint is:4 GB
Using 48 out of max 48 threads...
The number of target devices =4
### Able to use the GPU! ### 

Elapsed time for scoring matrix computation: 4.160666
+ for repeat in 1 2 3
+ echo ' Repeat=3'
 Repeat=3
+ ./omp_smithW-v6.3-target-inlined.out 24096 24096
Problem size: Matrix[24096][24096], FACTOR=128 CUTOFF=1024
Total memory footprint is:4 GB
Using 48 out of max 48 threads...
The number of target devices =4
### Able to use the GPU! ### 

Elapsed time for scoring matrix computation: 4.709706
+ for N_SIZE in '{32..26000..512}'
+ let 'counter += 1'
+ echo 'running count=49, problem M=24608 N=24608'
running count=49, problem M=24608 N=24608
+ for repeat in 1 2 3
+ echo ' Repeat=1'
 Repeat=1
+ ./omp_smithW-v6.3-target-inlined.out 24608 24608
Problem size: Matrix[24608][24608], FACTOR=128 CUTOFF=1024
Total memory footprint is:4 GB
Using 48 out of max 48 threads...
The number of target devices =4
### Able to use the GPU! ### 

Elapsed time for scoring matrix computation: 46.970122
+ for repeat in 1 2 3
+ echo ' Repeat=2'
 Repeat=2
+ ./omp_smithW-v6.3-target-inlined.out 24608 24608
Problem size: Matrix[24608][24608], FACTOR=128 CUTOFF=1024
Total memory footprint is:4 GB
Using 48 out of max 48 threads...
The number of target devices =4
### Able to use the GPU! ### 

Elapsed time for scoring matrix computation: 47.000273
+ for repeat in 1 2 3
+ echo ' Repeat=3'
 Repeat=3
+ ./omp_smithW-v6.3-target-inlined.out 24608 24608
Problem size: Matrix[24608][24608], FACTOR=128 CUTOFF=1024
Total memory footprint is:4 GB
Using 48 out of max 48 threads...
The number of target devices =4
### Able to use the GPU! ### 

Elapsed time for scoring matrix computation: 137.854230
+ for N_SIZE in '{32..26000..512}'
+ let 'counter += 1'
+ echo 'running count=50, problem M=25120 N=25120'
running count=50, problem M=25120 N=25120
+ for repeat in 1 2 3
+ echo ' Repeat=1'
 Repeat=1
+ ./omp_smithW-v6.3-target-inlined.out 25120 25120
Problem size: Matrix[25120][25120], FACTOR=128 CUTOFF=1024
Total memory footprint is:4 GB
Using 48 out of max 48 threads...
The number of target devices =4
### Able to use the GPU! ### 

Elapsed time for scoring matrix computation: 54.022636
+ for repeat in 1 2 3
+ echo ' Repeat=2'
 Repeat=2
+ ./omp_smithW-v6.3-target-inlined.out 25120 25120
Problem size: Matrix[25120][25120], FACTOR=128 CUTOFF=1024
Total memory footprint is:4 GB
Using 48 out of max 48 threads...
The number of target devices =4
### Able to use the GPU! ### 

Elapsed time for scoring matrix computation: 52.812936
+ for repeat in 1 2 3
+ echo ' Repeat=3'
 Repeat=3
+ ./omp_smithW-v6.3-target-inlined.out 25120 25120
Problem size: Matrix[25120][25120], FACTOR=128 CUTOFF=1024
Total memory footprint is:4 GB
Using 48 out of max 48 threads...
The number of target devices =4
### Able to use the GPU! ### 

Elapsed time for scoring matrix computation: 51.825456
+ for N_SIZE in '{32..26000..512}'
+ let 'counter += 1'
+ echo 'running count=51, problem M=25632 N=25632'
running count=51, problem M=25632 N=25632
+ for repeat in 1 2 3
+ echo ' Repeat=1'
 Repeat=1
+ ./omp_smithW-v6.3-target-inlined.out 25632 25632
Problem size: Matrix[25632][25632], FACTOR=128 CUTOFF=1024
Total memory footprint is:4 GB
Using 48 out of max 48 threads...
The number of target devices =4
### Able to use the GPU! ### 

Elapsed time for scoring matrix computation: 4.819727
+ for repeat in 1 2 3
+ echo ' Repeat=2'
 Repeat=2
+ ./omp_smithW-v6.3-target-inlined.out 25632 25632
Problem size: Matrix[25632][25632], FACTOR=128 CUTOFF=1024
Total memory footprint is:4 GB
Using 48 out of max 48 threads...
The number of target devices =4
### Able to use the GPU! ### 

Elapsed time for scoring matrix computation: 6.470775
+ for repeat in 1 2 3
+ echo ' Repeat=3'
 Repeat=3
+ ./omp_smithW-v6.3-target-inlined.out 25632 25632
Problem size: Matrix[25632][25632], FACTOR=128 CUTOFF=1024
Total memory footprint is:4 GB
Using 48 out of max 48 threads...
The number of target devices =4
### Able to use the GPU! ### 

Elapsed time for scoring matrix computation: 80.876268
