+ '[' -z '' ']'
+ case "$-" in
+ __lmod_vx=x
+ '[' -n x ']'
+ set +x
Shell debugging temporarily silenced: export LMOD_SH_DBG_ON=1 for this output (/usr/share/lmod/lmod/init/bash)
Shell debugging restarted
+ unset __lmod_vx
+ EXE_FILE=omp_smithW-v6.3-target-inlined.out
++ date +%Y%m%d_%H%M%S
+ TIMESTAMP=20210524_123022
++ uname -n
+ NODE_NAME=corona151
++ uname -m
+ HARDWAREE_NAME=x86_64
+ rm omp_smithW-v6.3-target-inlined.out
+ make ./omp_smithW-v6.3-target-inlined.out
/opt/rocm-4.1.0/llvm/bin/clang++ -O3 -g -std=c++11 -DSKIP_BACKTRACK=1  -fopenmp -target x86_64-pc-linux-gnu -fopenmp -fopenmp-version=50 -fopenmp-targets=amdgcn-amd-amdhsa -Xopenmp-target=amdgcn-amd-amdhsa -march=gfx906 -o omp_smithW-v6.3-target-inlined.out omp_smithW-v6.3-target-inlined.cpp
+ export OMP_NUM_THREADS=48
+ OMP_NUM_THREADS=48
+ counter=
+ for N_SIZE in '{32..26000..512}'
+ let 'counter += 1'
+ echo 'running count=1, problem M=32 N=32'
running count=1, problem M=32 N=32
+ for repeat in 1 2 3 4 5
+ echo ' Repeat=1'
 Repeat=1
+ ./omp_smithW-v6.3-target-inlined.out 32 32
Problem size: Matrix[32][32], FACTOR=128 CUTOFF=1024
Total memory footprint is:0 MB
Using 48 out of max 48 threads...
The number of target devices =4
### Able to use the GPU! ### 

Elapsed time for scoring matrix computation: 0.003270
+ for repeat in 1 2 3 4 5
+ echo ' Repeat=2'
 Repeat=2
+ ./omp_smithW-v6.3-target-inlined.out 32 32
Problem size: Matrix[32][32], FACTOR=128 CUTOFF=1024
Total memory footprint is:0 MB
Using 48 out of max 48 threads...
The number of target devices =4
### Able to use the GPU! ### 

Elapsed time for scoring matrix computation: 0.011375
+ for repeat in 1 2 3 4 5
+ echo ' Repeat=3'
 Repeat=3
+ ./omp_smithW-v6.3-target-inlined.out 32 32
Problem size: Matrix[32][32], FACTOR=128 CUTOFF=1024
Total memory footprint is:0 MB
Using 48 out of max 48 threads...
The number of target devices =4
### Able to use the GPU! ### 

Elapsed time for scoring matrix computation: 0.006367
+ for repeat in 1 2 3 4 5
+ echo ' Repeat=4'
 Repeat=4
+ ./omp_smithW-v6.3-target-inlined.out 32 32
Problem size: Matrix[32][32], FACTOR=128 CUTOFF=1024
Total memory footprint is:0 MB
Using 48 out of max 48 threads...
The number of target devices =4
### Able to use the GPU! ### 

Elapsed time for scoring matrix computation: 0.011263
+ for repeat in 1 2 3 4 5
+ echo ' Repeat=5'
 Repeat=5
+ ./omp_smithW-v6.3-target-inlined.out 32 32
Problem size: Matrix[32][32], FACTOR=128 CUTOFF=1024
Total memory footprint is:0 MB
Using 48 out of max 48 threads...
The number of target devices =4
### Able to use the GPU! ### 

Elapsed time for scoring matrix computation: 0.018520
+ for N_SIZE in '{32..26000..512}'
+ let 'counter += 1'
+ echo 'running count=2, problem M=544 N=544'
running count=2, problem M=544 N=544
+ for repeat in 1 2 3 4 5
+ echo ' Repeat=1'
 Repeat=1
+ ./omp_smithW-v6.3-target-inlined.out 544 544
Problem size: Matrix[544][544], FACTOR=128 CUTOFF=1024
Total memory footprint is:2 MB
Using 48 out of max 48 threads...
The number of target devices =4
### Able to use the GPU! ### 

Elapsed time for scoring matrix computation: 0.053088
+ for repeat in 1 2 3 4 5
+ echo ' Repeat=2'
 Repeat=2
+ ./omp_smithW-v6.3-target-inlined.out 544 544
Problem size: Matrix[544][544], FACTOR=128 CUTOFF=1024
Total memory footprint is:2 MB
Using 48 out of max 48 threads...
The number of target devices =4
### Able to use the GPU! ### 

Elapsed time for scoring matrix computation: 0.027130
+ for repeat in 1 2 3 4 5
+ echo ' Repeat=3'
 Repeat=3
+ ./omp_smithW-v6.3-target-inlined.out 544 544
Problem size: Matrix[544][544], FACTOR=128 CUTOFF=1024
Total memory footprint is:2 MB
Using 48 out of max 48 threads...
The number of target devices =4
### Able to use the GPU! ### 

Elapsed time for scoring matrix computation: 0.054890
+ for repeat in 1 2 3 4 5
+ echo ' Repeat=4'
 Repeat=4
+ ./omp_smithW-v6.3-target-inlined.out 544 544
Problem size: Matrix[544][544], FACTOR=128 CUTOFF=1024
Total memory footprint is:2 MB
Using 48 out of max 48 threads...
The number of target devices =4
### Able to use the GPU! ### 

Elapsed time for scoring matrix computation: 0.083256
+ for repeat in 1 2 3 4 5
+ echo ' Repeat=5'
 Repeat=5
+ ./omp_smithW-v6.3-target-inlined.out 544 544
Problem size: Matrix[544][544], FACTOR=128 CUTOFF=1024
Total memory footprint is:2 MB
Using 48 out of max 48 threads...
The number of target devices =4
### Able to use the GPU! ### 

Elapsed time for scoring matrix computation: 0.036047
+ for N_SIZE in '{32..26000..512}'
+ let 'counter += 1'
+ echo 'running count=3, problem M=1056 N=1056'
running count=3, problem M=1056 N=1056
+ for repeat in 1 2 3 4 5
+ echo ' Repeat=1'
 Repeat=1
+ ./omp_smithW-v6.3-target-inlined.out 1056 1056
Problem size: Matrix[1056][1056], FACTOR=128 CUTOFF=1024
Total memory footprint is:8 MB
Using 48 out of max 48 threads...
The number of target devices =4
### Able to use the GPU! ### 

Elapsed time for scoring matrix computation: 0.113540
+ for repeat in 1 2 3 4 5
+ echo ' Repeat=2'
 Repeat=2
+ ./omp_smithW-v6.3-target-inlined.out 1056 1056
Problem size: Matrix[1056][1056], FACTOR=128 CUTOFF=1024
Total memory footprint is:8 MB
Using 48 out of max 48 threads...
The number of target devices =4
### Able to use the GPU! ### 

Elapsed time for scoring matrix computation: 0.062026
+ for repeat in 1 2 3 4 5
+ echo ' Repeat=3'
 Repeat=3
+ ./omp_smithW-v6.3-target-inlined.out 1056 1056
Problem size: Matrix[1056][1056], FACTOR=128 CUTOFF=1024
Total memory footprint is:8 MB
Using 48 out of max 48 threads...
The number of target devices =4
### Able to use the GPU! ### 

Elapsed time for scoring matrix computation: 0.070004
+ for repeat in 1 2 3 4 5
+ echo ' Repeat=4'
 Repeat=4
+ ./omp_smithW-v6.3-target-inlined.out 1056 1056
Problem size: Matrix[1056][1056], FACTOR=128 CUTOFF=1024
Total memory footprint is:8 MB
Using 48 out of max 48 threads...
The number of target devices =4
### Able to use the GPU! ### 

Elapsed time for scoring matrix computation: 0.113989
+ for repeat in 1 2 3 4 5
+ echo ' Repeat=5'
 Repeat=5
+ ./omp_smithW-v6.3-target-inlined.out 1056 1056
Problem size: Matrix[1056][1056], FACTOR=128 CUTOFF=1024
Total memory footprint is:8 MB
Using 48 out of max 48 threads...
The number of target devices =4
### Able to use the GPU! ### 

Elapsed time for scoring matrix computation: 0.060402
+ for N_SIZE in '{32..26000..512}'
+ let 'counter += 1'
+ echo 'running count=4, problem M=1568 N=1568'
running count=4, problem M=1568 N=1568
+ for repeat in 1 2 3 4 5
+ echo ' Repeat=1'
 Repeat=1
+ ./omp_smithW-v6.3-target-inlined.out 1568 1568
Problem size: Matrix[1568][1568], FACTOR=128 CUTOFF=1024
Total memory footprint is:18 MB
Using 48 out of max 48 threads...
The number of target devices =4
### Able to use the GPU! ### 

Elapsed time for scoring matrix computation: 0.086864
+ for repeat in 1 2 3 4 5
+ echo ' Repeat=2'
 Repeat=2
+ ./omp_smithW-v6.3-target-inlined.out 1568 1568
Problem size: Matrix[1568][1568], FACTOR=128 CUTOFF=1024
Total memory footprint is:18 MB
Using 48 out of max 48 threads...
The number of target devices =4
### Able to use the GPU! ### 

Elapsed time for scoring matrix computation: 0.085087
+ for repeat in 1 2 3 4 5
+ echo ' Repeat=3'
 Repeat=3
+ ./omp_smithW-v6.3-target-inlined.out 1568 1568
Problem size: Matrix[1568][1568], FACTOR=128 CUTOFF=1024
Total memory footprint is:18 MB
Using 48 out of max 48 threads...
The number of target devices =4
### Able to use the GPU! ### 

Elapsed time for scoring matrix computation: 0.085269
+ for repeat in 1 2 3 4 5
+ echo ' Repeat=4'
 Repeat=4
+ ./omp_smithW-v6.3-target-inlined.out 1568 1568
Problem size: Matrix[1568][1568], FACTOR=128 CUTOFF=1024
Total memory footprint is:18 MB
Using 48 out of max 48 threads...
The number of target devices =4
### Able to use the GPU! ### 

Elapsed time for scoring matrix computation: 0.084650
+ for repeat in 1 2 3 4 5
+ echo ' Repeat=5'
 Repeat=5
+ ./omp_smithW-v6.3-target-inlined.out 1568 1568
Problem size: Matrix[1568][1568], FACTOR=128 CUTOFF=1024
Total memory footprint is:18 MB
Using 48 out of max 48 threads...
The number of target devices =4
### Able to use the GPU! ### 

Elapsed time for scoring matrix computation: 0.140257
+ for N_SIZE in '{32..26000..512}'
+ let 'counter += 1'
+ echo 'running count=5, problem M=2080 N=2080'
running count=5, problem M=2080 N=2080
+ for repeat in 1 2 3 4 5
+ echo ' Repeat=1'
 Repeat=1
+ ./omp_smithW-v6.3-target-inlined.out 2080 2080
Problem size: Matrix[2080][2080], FACTOR=128 CUTOFF=1024
Total memory footprint is:33 MB
Using 48 out of max 48 threads...
The number of target devices =4
### Able to use the GPU! ### 

Elapsed time for scoring matrix computation: 0.143603
+ for repeat in 1 2 3 4 5
+ echo ' Repeat=2'
 Repeat=2
+ ./omp_smithW-v6.3-target-inlined.out 2080 2080
Problem size: Matrix[2080][2080], FACTOR=128 CUTOFF=1024
Total memory footprint is:33 MB
Using 48 out of max 48 threads...
The number of target devices =4
### Able to use the GPU! ### 

Elapsed time for scoring matrix computation: 0.128158
+ for repeat in 1 2 3 4 5
+ echo ' Repeat=3'
 Repeat=3
+ ./omp_smithW-v6.3-target-inlined.out 2080 2080
Problem size: Matrix[2080][2080], FACTOR=128 CUTOFF=1024
Total memory footprint is:33 MB
Using 48 out of max 48 threads...
The number of target devices =4
### Able to use the GPU! ### 

Elapsed time for scoring matrix computation: 0.120244
+ for repeat in 1 2 3 4 5
+ echo ' Repeat=4'
 Repeat=4
+ ./omp_smithW-v6.3-target-inlined.out 2080 2080
Problem size: Matrix[2080][2080], FACTOR=128 CUTOFF=1024
Total memory footprint is:33 MB
Using 48 out of max 48 threads...
The number of target devices =4
### Able to use the GPU! ### 

Elapsed time for scoring matrix computation: 0.153146
+ for repeat in 1 2 3 4 5
+ echo ' Repeat=5'
 Repeat=5
+ ./omp_smithW-v6.3-target-inlined.out 2080 2080
Problem size: Matrix[2080][2080], FACTOR=128 CUTOFF=1024
Total memory footprint is:33 MB
Using 48 out of max 48 threads...
The number of target devices =4
### Able to use the GPU! ### 

Elapsed time for scoring matrix computation: 0.118578
+ for N_SIZE in '{32..26000..512}'
+ let 'counter += 1'
+ echo 'running count=6, problem M=2592 N=2592'
running count=6, problem M=2592 N=2592
+ for repeat in 1 2 3 4 5
+ echo ' Repeat=1'
 Repeat=1
+ ./omp_smithW-v6.3-target-inlined.out 2592 2592
Problem size: Matrix[2592][2592], FACTOR=128 CUTOFF=1024
Total memory footprint is:51 MB
Using 48 out of max 48 threads...
The number of target devices =4
### Able to use the GPU! ### 

Elapsed time for scoring matrix computation: 0.247426
+ for repeat in 1 2 3 4 5
+ echo ' Repeat=2'
 Repeat=2
+ ./omp_smithW-v6.3-target-inlined.out 2592 2592
Problem size: Matrix[2592][2592], FACTOR=128 CUTOFF=1024
Total memory footprint is:51 MB
Using 48 out of max 48 threads...
The number of target devices =4
### Able to use the GPU! ### 

Elapsed time for scoring matrix computation: 0.149182
+ for repeat in 1 2 3 4 5
+ echo ' Repeat=3'
 Repeat=3
+ ./omp_smithW-v6.3-target-inlined.out 2592 2592
Problem size: Matrix[2592][2592], FACTOR=128 CUTOFF=1024
Total memory footprint is:51 MB
Using 48 out of max 48 threads...
The number of target devices =4
### Able to use the GPU! ### 

Elapsed time for scoring matrix computation: 0.166671
+ for repeat in 1 2 3 4 5
+ echo ' Repeat=4'
 Repeat=4
+ ./omp_smithW-v6.3-target-inlined.out 2592 2592
Problem size: Matrix[2592][2592], FACTOR=128 CUTOFF=1024
Total memory footprint is:51 MB
Using 48 out of max 48 threads...
The number of target devices =4
### Able to use the GPU! ### 

Elapsed time for scoring matrix computation: 0.167314
+ for repeat in 1 2 3 4 5
+ echo ' Repeat=5'
 Repeat=5
+ ./omp_smithW-v6.3-target-inlined.out 2592 2592
Problem size: Matrix[2592][2592], FACTOR=128 CUTOFF=1024
Total memory footprint is:51 MB
Using 48 out of max 48 threads...
The number of target devices =4
### Able to use the GPU! ### 

Elapsed time for scoring matrix computation: 0.186629
+ for N_SIZE in '{32..26000..512}'
+ let 'counter += 1'
+ echo 'running count=7, problem M=3104 N=3104'
running count=7, problem M=3104 N=3104
+ for repeat in 1 2 3 4 5
+ echo ' Repeat=1'
 Repeat=1
+ ./omp_smithW-v6.3-target-inlined.out 3104 3104
Problem size: Matrix[3104][3104], FACTOR=128 CUTOFF=1024
Total memory footprint is:73 MB
Using 48 out of max 48 threads...
The number of target devices =4
### Able to use the GPU! ### 

Elapsed time for scoring matrix computation: 0.211438
+ for repeat in 1 2 3 4 5
+ echo ' Repeat=2'
 Repeat=2
+ ./omp_smithW-v6.3-target-inlined.out 3104 3104
Problem size: Matrix[3104][3104], FACTOR=128 CUTOFF=1024
Total memory footprint is:73 MB
Using 48 out of max 48 threads...
The number of target devices =4
### Able to use the GPU! ### 

Elapsed time for scoring matrix computation: 0.190992
+ for repeat in 1 2 3 4 5
+ echo ' Repeat=3'
 Repeat=3
+ ./omp_smithW-v6.3-target-inlined.out 3104 3104
Problem size: Matrix[3104][3104], FACTOR=128 CUTOFF=1024
Total memory footprint is:73 MB
Using 48 out of max 48 threads...
The number of target devices =4
### Able to use the GPU! ### 

Elapsed time for scoring matrix computation: 0.214314
+ for repeat in 1 2 3 4 5
+ echo ' Repeat=4'
 Repeat=4
+ ./omp_smithW-v6.3-target-inlined.out 3104 3104
Problem size: Matrix[3104][3104], FACTOR=128 CUTOFF=1024
Total memory footprint is:73 MB
Using 48 out of max 48 threads...
The number of target devices =4
### Able to use the GPU! ### 

Elapsed time for scoring matrix computation: 0.257349
+ for repeat in 1 2 3 4 5
+ echo ' Repeat=5'
 Repeat=5
+ ./omp_smithW-v6.3-target-inlined.out 3104 3104
Problem size: Matrix[3104][3104], FACTOR=128 CUTOFF=1024
Total memory footprint is:73 MB
Using 48 out of max 48 threads...
The number of target devices =4
### Able to use the GPU! ### 

Elapsed time for scoring matrix computation: 0.197335
+ for N_SIZE in '{32..26000..512}'
+ let 'counter += 1'
+ echo 'running count=8, problem M=3616 N=3616'
running count=8, problem M=3616 N=3616
+ for repeat in 1 2 3 4 5
+ echo ' Repeat=1'
 Repeat=1
+ ./omp_smithW-v6.3-target-inlined.out 3616 3616
Problem size: Matrix[3616][3616], FACTOR=128 CUTOFF=1024
Total memory footprint is:99 MB
Using 48 out of max 48 threads...
The number of target devices =4
### Able to use the GPU! ### 

Elapsed time for scoring matrix computation: 0.253652
+ for repeat in 1 2 3 4 5
+ echo ' Repeat=2'
 Repeat=2
+ ./omp_smithW-v6.3-target-inlined.out 3616 3616
Problem size: Matrix[3616][3616], FACTOR=128 CUTOFF=1024
Total memory footprint is:99 MB
Using 48 out of max 48 threads...
The number of target devices =4
### Able to use the GPU! ### 

Elapsed time for scoring matrix computation: 0.234609
+ for repeat in 1 2 3 4 5
+ echo ' Repeat=3'
 Repeat=3
+ ./omp_smithW-v6.3-target-inlined.out 3616 3616
Problem size: Matrix[3616][3616], FACTOR=128 CUTOFF=1024
Total memory footprint is:99 MB
Using 48 out of max 48 threads...
The number of target devices =4
### Able to use the GPU! ### 

Elapsed time for scoring matrix computation: 0.232733
+ for repeat in 1 2 3 4 5
+ echo ' Repeat=4'
 Repeat=4
+ ./omp_smithW-v6.3-target-inlined.out 3616 3616
Problem size: Matrix[3616][3616], FACTOR=128 CUTOFF=1024
Total memory footprint is:99 MB
Using 48 out of max 48 threads...
The number of target devices =4
### Able to use the GPU! ### 

Elapsed time for scoring matrix computation: 0.316775
+ for repeat in 1 2 3 4 5
+ echo ' Repeat=5'
 Repeat=5
+ ./omp_smithW-v6.3-target-inlined.out 3616 3616
Problem size: Matrix[3616][3616], FACTOR=128 CUTOFF=1024
Total memory footprint is:99 MB
Using 48 out of max 48 threads...
The number of target devices =4
### Able to use the GPU! ### 

Elapsed time for scoring matrix computation: 0.251271
+ for N_SIZE in '{32..26000..512}'
+ let 'counter += 1'
+ echo 'running count=9, problem M=4128 N=4128'
running count=9, problem M=4128 N=4128
+ for repeat in 1 2 3 4 5
+ echo ' Repeat=1'
 Repeat=1
+ ./omp_smithW-v6.3-target-inlined.out 4128 4128
Problem size: Matrix[4128][4128], FACTOR=128 CUTOFF=1024
Total memory footprint is:130 MB
Using 48 out of max 48 threads...
The number of target devices =4
### Able to use the GPU! ### 

Elapsed time for scoring matrix computation: 0.303170
+ for repeat in 1 2 3 4 5
+ echo ' Repeat=2'
 Repeat=2
+ ./omp_smithW-v6.3-target-inlined.out 4128 4128
Problem size: Matrix[4128][4128], FACTOR=128 CUTOFF=1024
Total memory footprint is:130 MB
Using 48 out of max 48 threads...
The number of target devices =4
### Able to use the GPU! ### 

Elapsed time for scoring matrix computation: 0.295496
+ for repeat in 1 2 3 4 5
+ echo ' Repeat=3'
 Repeat=3
+ ./omp_smithW-v6.3-target-inlined.out 4128 4128
Problem size: Matrix[4128][4128], FACTOR=128 CUTOFF=1024
Total memory footprint is:130 MB
Using 48 out of max 48 threads...
The number of target devices =4
### Able to use the GPU! ### 

Elapsed time for scoring matrix computation: 0.277488
+ for repeat in 1 2 3 4 5
+ echo ' Repeat=4'
 Repeat=4
+ ./omp_smithW-v6.3-target-inlined.out 4128 4128
Problem size: Matrix[4128][4128], FACTOR=128 CUTOFF=1024
Total memory footprint is:130 MB
Using 48 out of max 48 threads...
The number of target devices =4
### Able to use the GPU! ### 

Elapsed time for scoring matrix computation: 0.300892
+ for repeat in 1 2 3 4 5
+ echo ' Repeat=5'
 Repeat=5
+ ./omp_smithW-v6.3-target-inlined.out 4128 4128
Problem size: Matrix[4128][4128], FACTOR=128 CUTOFF=1024
Total memory footprint is:130 MB
Using 48 out of max 48 threads...
The number of target devices =4
### Able to use the GPU! ### 

Elapsed time for scoring matrix computation: 0.271349
+ for N_SIZE in '{32..26000..512}'
+ let 'counter += 1'
+ echo 'running count=10, problem M=4640 N=4640'
running count=10, problem M=4640 N=4640
+ for repeat in 1 2 3 4 5
+ echo ' Repeat=1'
 Repeat=1
+ ./omp_smithW-v6.3-target-inlined.out 4640 4640
Problem size: Matrix[4640][4640], FACTOR=128 CUTOFF=1024
Total memory footprint is:164 MB
Using 48 out of max 48 threads...
The number of target devices =4
### Able to use the GPU! ### 

Elapsed time for scoring matrix computation: 0.397787
+ for repeat in 1 2 3 4 5
+ echo ' Repeat=2'
 Repeat=2
+ ./omp_smithW-v6.3-target-inlined.out 4640 4640
Problem size: Matrix[4640][4640], FACTOR=128 CUTOFF=1024
Total memory footprint is:164 MB
Using 48 out of max 48 threads...
The number of target devices =4
### Able to use the GPU! ### 

Elapsed time for scoring matrix computation: 0.352830
+ for repeat in 1 2 3 4 5
+ echo ' Repeat=3'
 Repeat=3
+ ./omp_smithW-v6.3-target-inlined.out 4640 4640
Problem size: Matrix[4640][4640], FACTOR=128 CUTOFF=1024
Total memory footprint is:164 MB
Using 48 out of max 48 threads...
The number of target devices =4
### Able to use the GPU! ### 

Elapsed time for scoring matrix computation: 0.313937
+ for repeat in 1 2 3 4 5
+ echo ' Repeat=4'
 Repeat=4
+ ./omp_smithW-v6.3-target-inlined.out 4640 4640
Problem size: Matrix[4640][4640], FACTOR=128 CUTOFF=1024
Total memory footprint is:164 MB
Using 48 out of max 48 threads...
The number of target devices =4
### Able to use the GPU! ### 

Elapsed time for scoring matrix computation: 0.316532
+ for repeat in 1 2 3 4 5
+ echo ' Repeat=5'
 Repeat=5
+ ./omp_smithW-v6.3-target-inlined.out 4640 4640
Problem size: Matrix[4640][4640], FACTOR=128 CUTOFF=1024
Total memory footprint is:164 MB
Using 48 out of max 48 threads...
The number of target devices =4
### Able to use the GPU! ### 

Elapsed time for scoring matrix computation: 0.383765
+ for N_SIZE in '{32..26000..512}'
+ let 'counter += 1'
+ echo 'running count=11, problem M=5152 N=5152'
running count=11, problem M=5152 N=5152
+ for repeat in 1 2 3 4 5
+ echo ' Repeat=1'
 Repeat=1
+ ./omp_smithW-v6.3-target-inlined.out 5152 5152
Problem size: Matrix[5152][5152], FACTOR=128 CUTOFF=1024
Total memory footprint is:202 MB
Using 48 out of max 48 threads...
The number of target devices =4
### Able to use the GPU! ### 

Elapsed time for scoring matrix computation: 0.366548
+ for repeat in 1 2 3 4 5
+ echo ' Repeat=2'
 Repeat=2
+ ./omp_smithW-v6.3-target-inlined.out 5152 5152
Problem size: Matrix[5152][5152], FACTOR=128 CUTOFF=1024
Total memory footprint is:202 MB
Using 48 out of max 48 threads...
The number of target devices =4
### Able to use the GPU! ### 

Elapsed time for scoring matrix computation: 0.389777
+ for repeat in 1 2 3 4 5
+ echo ' Repeat=3'
 Repeat=3
+ ./omp_smithW-v6.3-target-inlined.out 5152 5152
Problem size: Matrix[5152][5152], FACTOR=128 CUTOFF=1024
Total memory footprint is:202 MB
Using 48 out of max 48 threads...
The number of target devices =4
### Able to use the GPU! ### 

Elapsed time for scoring matrix computation: 0.414875
+ for repeat in 1 2 3 4 5
+ echo ' Repeat=4'
 Repeat=4
+ ./omp_smithW-v6.3-target-inlined.out 5152 5152
Problem size: Matrix[5152][5152], FACTOR=128 CUTOFF=1024
Total memory footprint is:202 MB
Using 48 out of max 48 threads...
The number of target devices =4
### Able to use the GPU! ### 

Elapsed time for scoring matrix computation: 0.365720
+ for repeat in 1 2 3 4 5
+ echo ' Repeat=5'
 Repeat=5
+ ./omp_smithW-v6.3-target-inlined.out 5152 5152
Problem size: Matrix[5152][5152], FACTOR=128 CUTOFF=1024
Total memory footprint is:202 MB
Using 48 out of max 48 threads...
The number of target devices =4
### Able to use the GPU! ### 

Elapsed time for scoring matrix computation: 0.367576
+ for N_SIZE in '{32..26000..512}'
+ let 'counter += 1'
+ echo 'running count=12, problem M=5664 N=5664'
running count=12, problem M=5664 N=5664
+ for repeat in 1 2 3 4 5
+ echo ' Repeat=1'
 Repeat=1
+ ./omp_smithW-v6.3-target-inlined.out 5664 5664
Problem size: Matrix[5664][5664], FACTOR=128 CUTOFF=1024
Total memory footprint is:244 MB
Using 48 out of max 48 threads...
The number of target devices =4
### Able to use the GPU! ### 

Elapsed time for scoring matrix computation: 0.412719
+ for repeat in 1 2 3 4 5
+ echo ' Repeat=2'
 Repeat=2
+ ./omp_smithW-v6.3-target-inlined.out 5664 5664
Problem size: Matrix[5664][5664], FACTOR=128 CUTOFF=1024
Total memory footprint is:244 MB
Using 48 out of max 48 threads...
The number of target devices =4
### Able to use the GPU! ### 

Elapsed time for scoring matrix computation: 0.416775
+ for repeat in 1 2 3 4 5
+ echo ' Repeat=3'
 Repeat=3
+ ./omp_smithW-v6.3-target-inlined.out 5664 5664
Problem size: Matrix[5664][5664], FACTOR=128 CUTOFF=1024
Total memory footprint is:244 MB
Using 48 out of max 48 threads...
The number of target devices =4
### Able to use the GPU! ### 

Elapsed time for scoring matrix computation: 0.502211
+ for repeat in 1 2 3 4 5
+ echo ' Repeat=4'
 Repeat=4
+ ./omp_smithW-v6.3-target-inlined.out 5664 5664
Problem size: Matrix[5664][5664], FACTOR=128 CUTOFF=1024
Total memory footprint is:244 MB
Using 48 out of max 48 threads...
The number of target devices =4
### Able to use the GPU! ### 

Elapsed time for scoring matrix computation: 0.459377
+ for repeat in 1 2 3 4 5
+ echo ' Repeat=5'
 Repeat=5
+ ./omp_smithW-v6.3-target-inlined.out 5664 5664
Problem size: Matrix[5664][5664], FACTOR=128 CUTOFF=1024
Total memory footprint is:244 MB
Using 48 out of max 48 threads...
The number of target devices =4
### Able to use the GPU! ### 

Elapsed time for scoring matrix computation: 0.465409
+ for N_SIZE in '{32..26000..512}'
+ let 'counter += 1'
+ echo 'running count=13, problem M=6176 N=6176'
running count=13, problem M=6176 N=6176
+ for repeat in 1 2 3 4 5
+ echo ' Repeat=1'
 Repeat=1
+ ./omp_smithW-v6.3-target-inlined.out 6176 6176
Problem size: Matrix[6176][6176], FACTOR=128 CUTOFF=1024
Total memory footprint is:291 MB
Using 48 out of max 48 threads...
The number of target devices =4
### Able to use the GPU! ### 

Elapsed time for scoring matrix computation: 0.490394
+ for repeat in 1 2 3 4 5
+ echo ' Repeat=2'
 Repeat=2
+ ./omp_smithW-v6.3-target-inlined.out 6176 6176
Problem size: Matrix[6176][6176], FACTOR=128 CUTOFF=1024
Total memory footprint is:291 MB
Using 48 out of max 48 threads...
The number of target devices =4
### Able to use the GPU! ### 

Elapsed time for scoring matrix computation: 0.511387
+ for repeat in 1 2 3 4 5
+ echo ' Repeat=3'
 Repeat=3
+ ./omp_smithW-v6.3-target-inlined.out 6176 6176
Problem size: Matrix[6176][6176], FACTOR=128 CUTOFF=1024
Total memory footprint is:291 MB
Using 48 out of max 48 threads...
The number of target devices =4
### Able to use the GPU! ### 

Elapsed time for scoring matrix computation: 0.465868
+ for repeat in 1 2 3 4 5
+ echo ' Repeat=4'
 Repeat=4
+ ./omp_smithW-v6.3-target-inlined.out 6176 6176
Problem size: Matrix[6176][6176], FACTOR=128 CUTOFF=1024
Total memory footprint is:291 MB
Using 48 out of max 48 threads...
The number of target devices =4
### Able to use the GPU! ### 

Elapsed time for scoring matrix computation: 0.494387
+ for repeat in 1 2 3 4 5
+ echo ' Repeat=5'
 Repeat=5
+ ./omp_smithW-v6.3-target-inlined.out 6176 6176
Problem size: Matrix[6176][6176], FACTOR=128 CUTOFF=1024
Total memory footprint is:291 MB
Using 48 out of max 48 threads...
The number of target devices =4
### Able to use the GPU! ### 

Elapsed time for scoring matrix computation: 0.505380
+ for N_SIZE in '{32..26000..512}'
+ let 'counter += 1'
+ echo 'running count=14, problem M=6688 N=6688'
running count=14, problem M=6688 N=6688
+ for repeat in 1 2 3 4 5
+ echo ' Repeat=1'
 Repeat=1
+ ./omp_smithW-v6.3-target-inlined.out 6688 6688
Problem size: Matrix[6688][6688], FACTOR=128 CUTOFF=1024
Total memory footprint is:341 MB
Using 48 out of max 48 threads...
The number of target devices =4
### Able to use the GPU! ### 

Elapsed time for scoring matrix computation: 0.603927
+ for repeat in 1 2 3 4 5
+ echo ' Repeat=2'
 Repeat=2
+ ./omp_smithW-v6.3-target-inlined.out 6688 6688
Problem size: Matrix[6688][6688], FACTOR=128 CUTOFF=1024
Total memory footprint is:341 MB
Using 48 out of max 48 threads...
The number of target devices =4
### Able to use the GPU! ### 

Elapsed time for scoring matrix computation: 0.565252
+ for repeat in 1 2 3 4 5
+ echo ' Repeat=3'
 Repeat=3
+ ./omp_smithW-v6.3-target-inlined.out 6688 6688
Problem size: Matrix[6688][6688], FACTOR=128 CUTOFF=1024
Total memory footprint is:341 MB
Using 48 out of max 48 threads...
The number of target devices =4
### Able to use the GPU! ### 

Elapsed time for scoring matrix computation: 0.529111
+ for repeat in 1 2 3 4 5
+ echo ' Repeat=4'
 Repeat=4
+ ./omp_smithW-v6.3-target-inlined.out 6688 6688
Problem size: Matrix[6688][6688], FACTOR=128 CUTOFF=1024
Total memory footprint is:341 MB
Using 48 out of max 48 threads...
The number of target devices =4
### Able to use the GPU! ### 

Elapsed time for scoring matrix computation: 0.602770
+ for repeat in 1 2 3 4 5
+ echo ' Repeat=5'
 Repeat=5
+ ./omp_smithW-v6.3-target-inlined.out 6688 6688
Problem size: Matrix[6688][6688], FACTOR=128 CUTOFF=1024
Total memory footprint is:341 MB
Using 48 out of max 48 threads...
The number of target devices =4
### Able to use the GPU! ### 

Elapsed time for scoring matrix computation: 0.524581
+ for N_SIZE in '{32..26000..512}'
+ let 'counter += 1'
+ echo 'running count=15, problem M=7200 N=7200'
running count=15, problem M=7200 N=7200
+ for repeat in 1 2 3 4 5
+ echo ' Repeat=1'
 Repeat=1
+ ./omp_smithW-v6.3-target-inlined.out 7200 7200
Problem size: Matrix[7200][7200], FACTOR=128 CUTOFF=1024
Total memory footprint is:395 MB
Using 48 out of max 48 threads...
The number of target devices =4
### Able to use the GPU! ### 

Elapsed time for scoring matrix computation: 0.587269
+ for repeat in 1 2 3 4 5
+ echo ' Repeat=2'
 Repeat=2
+ ./omp_smithW-v6.3-target-inlined.out 7200 7200
Problem size: Matrix[7200][7200], FACTOR=128 CUTOFF=1024
Total memory footprint is:395 MB
Using 48 out of max 48 threads...
The number of target devices =4
### Able to use the GPU! ### 

Elapsed time for scoring matrix computation: 0.584558
+ for repeat in 1 2 3 4 5
+ echo ' Repeat=3'
 Repeat=3
+ ./omp_smithW-v6.3-target-inlined.out 7200 7200
Problem size: Matrix[7200][7200], FACTOR=128 CUTOFF=1024
Total memory footprint is:395 MB
Using 48 out of max 48 threads...
The number of target devices =4
### Able to use the GPU! ### 

Elapsed time for scoring matrix computation: 0.601891
+ for repeat in 1 2 3 4 5
+ echo ' Repeat=4'
 Repeat=4
+ ./omp_smithW-v6.3-target-inlined.out 7200 7200
Problem size: Matrix[7200][7200], FACTOR=128 CUTOFF=1024
Total memory footprint is:395 MB
Using 48 out of max 48 threads...
The number of target devices =4
### Able to use the GPU! ### 

Elapsed time for scoring matrix computation: 0.624409
+ for repeat in 1 2 3 4 5
+ echo ' Repeat=5'
 Repeat=5
+ ./omp_smithW-v6.3-target-inlined.out 7200 7200
Problem size: Matrix[7200][7200], FACTOR=128 CUTOFF=1024
Total memory footprint is:395 MB
Using 48 out of max 48 threads...
The number of target devices =4
### Able to use the GPU! ### 

Elapsed time for scoring matrix computation: 0.692788
+ for N_SIZE in '{32..26000..512}'
+ let 'counter += 1'
+ echo 'running count=16, problem M=7712 N=7712'
running count=16, problem M=7712 N=7712
+ for repeat in 1 2 3 4 5
+ echo ' Repeat=1'
 Repeat=1
+ ./omp_smithW-v6.3-target-inlined.out 7712 7712
Problem size: Matrix[7712][7712], FACTOR=128 CUTOFF=1024
Total memory footprint is:453 MB
Using 48 out of max 48 threads...
The number of target devices =4
### Able to use the GPU! ### 

Elapsed time for scoring matrix computation: 0.686971
+ for repeat in 1 2 3 4 5
+ echo ' Repeat=2'
 Repeat=2
+ ./omp_smithW-v6.3-target-inlined.out 7712 7712
Problem size: Matrix[7712][7712], FACTOR=128 CUTOFF=1024
Total memory footprint is:453 MB
Using 48 out of max 48 threads...
The number of target devices =4
### Able to use the GPU! ### 

Elapsed time for scoring matrix computation: 0.745616
+ for repeat in 1 2 3 4 5
+ echo ' Repeat=3'
 Repeat=3
+ ./omp_smithW-v6.3-target-inlined.out 7712 7712
Problem size: Matrix[7712][7712], FACTOR=128 CUTOFF=1024
Total memory footprint is:453 MB
Using 48 out of max 48 threads...
The number of target devices =4
### Able to use the GPU! ### 

Elapsed time for scoring matrix computation: 0.643882
+ for repeat in 1 2 3 4 5
+ echo ' Repeat=4'
 Repeat=4
+ ./omp_smithW-v6.3-target-inlined.out 7712 7712
Problem size: Matrix[7712][7712], FACTOR=128 CUTOFF=1024
Total memory footprint is:453 MB
Using 48 out of max 48 threads...
The number of target devices =4
### Able to use the GPU! ### 

Elapsed time for scoring matrix computation: 0.645438
+ for repeat in 1 2 3 4 5
+ echo ' Repeat=5'
 Repeat=5
+ ./omp_smithW-v6.3-target-inlined.out 7712 7712
Problem size: Matrix[7712][7712], FACTOR=128 CUTOFF=1024
Total memory footprint is:453 MB
Using 48 out of max 48 threads...
The number of target devices =4
### Able to use the GPU! ### 

Elapsed time for scoring matrix computation: 0.658818
+ for N_SIZE in '{32..26000..512}'
+ let 'counter += 1'
+ echo 'running count=17, problem M=8224 N=8224'
running count=17, problem M=8224 N=8224
+ for repeat in 1 2 3 4 5
+ echo ' Repeat=1'
 Repeat=1
+ ./omp_smithW-v6.3-target-inlined.out 8224 8224
Problem size: Matrix[8224][8224], FACTOR=128 CUTOFF=1024
Total memory footprint is:516 MB
Using 48 out of max 48 threads...
The number of target devices =4
### Able to use the GPU! ### 

Elapsed time for scoring matrix computation: 0.717615
+ for repeat in 1 2 3 4 5
+ echo ' Repeat=2'
 Repeat=2
+ ./omp_smithW-v6.3-target-inlined.out 8224 8224
Problem size: Matrix[8224][8224], FACTOR=128 CUTOFF=1024
Total memory footprint is:516 MB
Using 48 out of max 48 threads...
The number of target devices =4
### Able to use the GPU! ### 

Elapsed time for scoring matrix computation: 0.705663
+ for repeat in 1 2 3 4 5
+ echo ' Repeat=3'
 Repeat=3
+ ./omp_smithW-v6.3-target-inlined.out 8224 8224
Problem size: Matrix[8224][8224], FACTOR=128 CUTOFF=1024
Total memory footprint is:516 MB
Using 48 out of max 48 threads...
The number of target devices =4
### Able to use the GPU! ### 

Elapsed time for scoring matrix computation: 0.708116
+ for repeat in 1 2 3 4 5
+ echo ' Repeat=4'
 Repeat=4
+ ./omp_smithW-v6.3-target-inlined.out 8224 8224
Problem size: Matrix[8224][8224], FACTOR=128 CUTOFF=1024
Total memory footprint is:516 MB
Using 48 out of max 48 threads...
The number of target devices =4
### Able to use the GPU! ### 

Elapsed time for scoring matrix computation: 0.710350
+ for repeat in 1 2 3 4 5
+ echo ' Repeat=5'
 Repeat=5
+ ./omp_smithW-v6.3-target-inlined.out 8224 8224
Problem size: Matrix[8224][8224], FACTOR=128 CUTOFF=1024
Total memory footprint is:516 MB
Using 48 out of max 48 threads...
The number of target devices =4
### Able to use the GPU! ### 

Elapsed time for scoring matrix computation: 0.775449
+ for N_SIZE in '{32..26000..512}'
+ let 'counter += 1'
+ echo 'running count=18, problem M=8736 N=8736'
running count=18, problem M=8736 N=8736
+ for repeat in 1 2 3 4 5
+ echo ' Repeat=1'
 Repeat=1
+ ./omp_smithW-v6.3-target-inlined.out 8736 8736
Problem size: Matrix[8736][8736], FACTOR=128 CUTOFF=1024
Total memory footprint is:582 MB
Using 48 out of max 48 threads...
The number of target devices =4
### Able to use the GPU! ### 

Elapsed time for scoring matrix computation: 0.758501
+ for repeat in 1 2 3 4 5
+ echo ' Repeat=2'
 Repeat=2
+ ./omp_smithW-v6.3-target-inlined.out 8736 8736
Problem size: Matrix[8736][8736], FACTOR=128 CUTOFF=1024
Total memory footprint is:582 MB
Using 48 out of max 48 threads...
The number of target devices =4
### Able to use the GPU! ### 

Elapsed time for scoring matrix computation: 0.776903
+ for repeat in 1 2 3 4 5
+ echo ' Repeat=3'
 Repeat=3
+ ./omp_smithW-v6.3-target-inlined.out 8736 8736
Problem size: Matrix[8736][8736], FACTOR=128 CUTOFF=1024
Total memory footprint is:582 MB
Using 48 out of max 48 threads...
The number of target devices =4
### Able to use the GPU! ### 

Elapsed time for scoring matrix computation: 0.866585
+ for repeat in 1 2 3 4 5
+ echo ' Repeat=4'
 Repeat=4
+ ./omp_smithW-v6.3-target-inlined.out 8736 8736
Problem size: Matrix[8736][8736], FACTOR=128 CUTOFF=1024
Total memory footprint is:582 MB
Using 48 out of max 48 threads...
The number of target devices =4
### Able to use the GPU! ### 

Elapsed time for scoring matrix computation: 0.807189
+ for repeat in 1 2 3 4 5
+ echo ' Repeat=5'
 Repeat=5
+ ./omp_smithW-v6.3-target-inlined.out 8736 8736
Problem size: Matrix[8736][8736], FACTOR=128 CUTOFF=1024
Total memory footprint is:582 MB
Using 48 out of max 48 threads...
The number of target devices =4
### Able to use the GPU! ### 

Elapsed time for scoring matrix computation: 0.764213
+ for N_SIZE in '{32..26000..512}'
+ let 'counter += 1'
+ echo 'running count=19, problem M=9248 N=9248'
running count=19, problem M=9248 N=9248
+ for repeat in 1 2 3 4 5
+ echo ' Repeat=1'
 Repeat=1
+ ./omp_smithW-v6.3-target-inlined.out 9248 9248
Problem size: Matrix[9248][9248], FACTOR=128 CUTOFF=1024
Total memory footprint is:652 MB
Using 48 out of max 48 threads...
The number of target devices =4
### Able to use the GPU! ### 

Elapsed time for scoring matrix computation: 0.837222
+ for repeat in 1 2 3 4 5
+ echo ' Repeat=2'
 Repeat=2
+ ./omp_smithW-v6.3-target-inlined.out 9248 9248
Problem size: Matrix[9248][9248], FACTOR=128 CUTOFF=1024
Total memory footprint is:652 MB
Using 48 out of max 48 threads...
The number of target devices =4
### Able to use the GPU! ### 

Elapsed time for scoring matrix computation: 0.838369
+ for repeat in 1 2 3 4 5
+ echo ' Repeat=3'
 Repeat=3
+ ./omp_smithW-v6.3-target-inlined.out 9248 9248
Problem size: Matrix[9248][9248], FACTOR=128 CUTOFF=1024
Total memory footprint is:652 MB
Using 48 out of max 48 threads...
The number of target devices =4
### Able to use the GPU! ### 

Elapsed time for scoring matrix computation: 23.603339
+ for repeat in 1 2 3 4 5
+ echo ' Repeat=4'
 Repeat=4
+ ./omp_smithW-v6.3-target-inlined.out 9248 9248
Problem size: Matrix[9248][9248], FACTOR=128 CUTOFF=1024
Total memory footprint is:652 MB
Using 48 out of max 48 threads...
The number of target devices =4
### Able to use the GPU! ### 

Elapsed time for scoring matrix computation: 0.836789
+ for repeat in 1 2 3 4 5
+ echo ' Repeat=5'
 Repeat=5
+ ./omp_smithW-v6.3-target-inlined.out 9248 9248
Problem size: Matrix[9248][9248], FACTOR=128 CUTOFF=1024
Total memory footprint is:652 MB
Using 48 out of max 48 threads...
The number of target devices =4
### Able to use the GPU! ### 

Elapsed time for scoring matrix computation: 0.849151
+ for N_SIZE in '{32..26000..512}'
+ let 'counter += 1'
+ echo 'running count=20, problem M=9760 N=9760'
running count=20, problem M=9760 N=9760
+ for repeat in 1 2 3 4 5
+ echo ' Repeat=1'
 Repeat=1
+ ./omp_smithW-v6.3-target-inlined.out 9760 9760
Problem size: Matrix[9760][9760], FACTOR=128 CUTOFF=1024
Total memory footprint is:726 MB
Using 48 out of max 48 threads...
The number of target devices =4
### Able to use the GPU! ### 

Elapsed time for scoring matrix computation: 0.937717
+ for repeat in 1 2 3 4 5
+ echo ' Repeat=2'
 Repeat=2
+ ./omp_smithW-v6.3-target-inlined.out 9760 9760
Problem size: Matrix[9760][9760], FACTOR=128 CUTOFF=1024
Total memory footprint is:726 MB
Using 48 out of max 48 threads...
The number of target devices =4
### Able to use the GPU! ### 

Elapsed time for scoring matrix computation: 0.906060
+ for repeat in 1 2 3 4 5
+ echo ' Repeat=3'
 Repeat=3
+ ./omp_smithW-v6.3-target-inlined.out 9760 9760
Problem size: Matrix[9760][9760], FACTOR=128 CUTOFF=1024
Total memory footprint is:726 MB
Using 48 out of max 48 threads...
The number of target devices =4
### Able to use the GPU! ### 

Elapsed time for scoring matrix computation: 0.909090
+ for repeat in 1 2 3 4 5
+ echo ' Repeat=4'
 Repeat=4
+ ./omp_smithW-v6.3-target-inlined.out 9760 9760
Problem size: Matrix[9760][9760], FACTOR=128 CUTOFF=1024
Total memory footprint is:726 MB
Using 48 out of max 48 threads...
The number of target devices =4
### Able to use the GPU! ### 

Elapsed time for scoring matrix computation: 0.937096
+ for repeat in 1 2 3 4 5
+ echo ' Repeat=5'
 Repeat=5
+ ./omp_smithW-v6.3-target-inlined.out 9760 9760
Problem size: Matrix[9760][9760], FACTOR=128 CUTOFF=1024
Total memory footprint is:726 MB
Using 48 out of max 48 threads...
The number of target devices =4
### Able to use the GPU! ### 

Elapsed time for scoring matrix computation: 0.923928
+ for N_SIZE in '{32..26000..512}'
+ let 'counter += 1'
+ echo 'running count=21, problem M=10272 N=10272'
running count=21, problem M=10272 N=10272
+ for repeat in 1 2 3 4 5
+ echo ' Repeat=1'
 Repeat=1
+ ./omp_smithW-v6.3-target-inlined.out 10272 10272
Problem size: Matrix[10272][10272], FACTOR=128 CUTOFF=1024
Total memory footprint is:805 MB
Using 48 out of max 48 threads...
The number of target devices =4
### Able to use the GPU! ### 

Elapsed time for scoring matrix computation: 0.972104
+ for repeat in 1 2 3 4 5
+ echo ' Repeat=2'
 Repeat=2
+ ./omp_smithW-v6.3-target-inlined.out 10272 10272
Problem size: Matrix[10272][10272], FACTOR=128 CUTOFF=1024
Total memory footprint is:805 MB
Using 48 out of max 48 threads...
The number of target devices =4
### Able to use the GPU! ### 

Elapsed time for scoring matrix computation: 0.977420
+ for repeat in 1 2 3 4 5
+ echo ' Repeat=3'
 Repeat=3
+ ./omp_smithW-v6.3-target-inlined.out 10272 10272
Problem size: Matrix[10272][10272], FACTOR=128 CUTOFF=1024
Total memory footprint is:805 MB
Using 48 out of max 48 threads...
The number of target devices =4
### Able to use the GPU! ### 

Elapsed time for scoring matrix computation: 0.974688
+ for repeat in 1 2 3 4 5
+ echo ' Repeat=4'
 Repeat=4
+ ./omp_smithW-v6.3-target-inlined.out 10272 10272
Problem size: Matrix[10272][10272], FACTOR=128 CUTOFF=1024
Total memory footprint is:805 MB
Using 48 out of max 48 threads...
The number of target devices =4
### Able to use the GPU! ### 

Elapsed time for scoring matrix computation: 1.072335
+ for repeat in 1 2 3 4 5
+ echo ' Repeat=5'
 Repeat=5
+ ./omp_smithW-v6.3-target-inlined.out 10272 10272
Problem size: Matrix[10272][10272], FACTOR=128 CUTOFF=1024
Total memory footprint is:805 MB
Using 48 out of max 48 threads...
The number of target devices =4
### Able to use the GPU! ### 

Elapsed time for scoring matrix computation: 1.011386
+ for N_SIZE in '{32..26000..512}'
+ let 'counter += 1'
+ echo 'running count=22, problem M=10784 N=10784'
running count=22, problem M=10784 N=10784
+ for repeat in 1 2 3 4 5
+ echo ' Repeat=1'
 Repeat=1
+ ./omp_smithW-v6.3-target-inlined.out 10784 10784
Problem size: Matrix[10784][10784], FACTOR=128 CUTOFF=1024
Total memory footprint is:887 MB
Using 48 out of max 48 threads...
The number of target devices =4
### Able to use the GPU! ### 

Elapsed time for scoring matrix computation: 1.153747
+ for repeat in 1 2 3 4 5
+ echo ' Repeat=2'
 Repeat=2
+ ./omp_smithW-v6.3-target-inlined.out 10784 10784
Problem size: Matrix[10784][10784], FACTOR=128 CUTOFF=1024
Total memory footprint is:887 MB
Using 48 out of max 48 threads...
The number of target devices =4
### Able to use the GPU! ### 

Elapsed time for scoring matrix computation: 1.163980
+ for repeat in 1 2 3 4 5
+ echo ' Repeat=3'
 Repeat=3
+ ./omp_smithW-v6.3-target-inlined.out 10784 10784
Problem size: Matrix[10784][10784], FACTOR=128 CUTOFF=1024
Total memory footprint is:887 MB
Using 48 out of max 48 threads...
The number of target devices =4
### Able to use the GPU! ### 

Elapsed time for scoring matrix computation: 1.098724
+ for repeat in 1 2 3 4 5
+ echo ' Repeat=4'
 Repeat=4
+ ./omp_smithW-v6.3-target-inlined.out 10784 10784
Problem size: Matrix[10784][10784], FACTOR=128 CUTOFF=1024
Total memory footprint is:887 MB
Using 48 out of max 48 threads...
The number of target devices =4
### Able to use the GPU! ### 

Elapsed time for scoring matrix computation: 1.152524
+ for repeat in 1 2 3 4 5
+ echo ' Repeat=5'
 Repeat=5
+ ./omp_smithW-v6.3-target-inlined.out 10784 10784
Problem size: Matrix[10784][10784], FACTOR=128 CUTOFF=1024
Total memory footprint is:887 MB
Using 48 out of max 48 threads...
The number of target devices =4
### Able to use the GPU! ### 

Elapsed time for scoring matrix computation: 1.083023
+ for N_SIZE in '{32..26000..512}'
+ let 'counter += 1'
+ echo 'running count=23, problem M=11296 N=11296'
running count=23, problem M=11296 N=11296
+ for repeat in 1 2 3 4 5
+ echo ' Repeat=1'
 Repeat=1
+ ./omp_smithW-v6.3-target-inlined.out 11296 11296
Problem size: Matrix[11296][11296], FACTOR=128 CUTOFF=1024
Total memory footprint is:973 MB
Using 48 out of max 48 threads...
The number of target devices =4
### Able to use the GPU! ### 

Elapsed time for scoring matrix computation: 1.149199
+ for repeat in 1 2 3 4 5
+ echo ' Repeat=2'
 Repeat=2
+ ./omp_smithW-v6.3-target-inlined.out 11296 11296
Problem size: Matrix[11296][11296], FACTOR=128 CUTOFF=1024
Total memory footprint is:973 MB
Using 48 out of max 48 threads...
The number of target devices =4
### Able to use the GPU! ### 

Elapsed time for scoring matrix computation: 1.141625
+ for repeat in 1 2 3 4 5
+ echo ' Repeat=3'
 Repeat=3
+ ./omp_smithW-v6.3-target-inlined.out 11296 11296
Problem size: Matrix[11296][11296], FACTOR=128 CUTOFF=1024
Total memory footprint is:973 MB
Using 48 out of max 48 threads...
The number of target devices =4
### Able to use the GPU! ### 

Elapsed time for scoring matrix computation: 1.599471
+ for repeat in 1 2 3 4 5
+ echo ' Repeat=4'
 Repeat=4
+ ./omp_smithW-v6.3-target-inlined.out 11296 11296
Problem size: Matrix[11296][11296], FACTOR=128 CUTOFF=1024
Total memory footprint is:973 MB
Using 48 out of max 48 threads...
The number of target devices =4
### Able to use the GPU! ### 

Elapsed time for scoring matrix computation: 1.222388
+ for repeat in 1 2 3 4 5
+ echo ' Repeat=5'
 Repeat=5
+ ./omp_smithW-v6.3-target-inlined.out 11296 11296
Problem size: Matrix[11296][11296], FACTOR=128 CUTOFF=1024
Total memory footprint is:973 MB
Using 48 out of max 48 threads...
The number of target devices =4
### Able to use the GPU! ### 

Elapsed time for scoring matrix computation: 1.290086
+ for N_SIZE in '{32..26000..512}'
+ let 'counter += 1'
+ echo 'running count=24, problem M=11808 N=11808'
running count=24, problem M=11808 N=11808
+ for repeat in 1 2 3 4 5
+ echo ' Repeat=1'
 Repeat=1
+ ./omp_smithW-v6.3-target-inlined.out 11808 11808
Problem size: Matrix[11808][11808], FACTOR=128 CUTOFF=1024
Total memory footprint is:1 GB
Using 48 out of max 48 threads...
The number of target devices =4
### Able to use the GPU! ### 

Elapsed time for scoring matrix computation: 1.259067
+ for repeat in 1 2 3 4 5
+ echo ' Repeat=2'
 Repeat=2
+ ./omp_smithW-v6.3-target-inlined.out 11808 11808
Problem size: Matrix[11808][11808], FACTOR=128 CUTOFF=1024
Total memory footprint is:1 GB
Using 48 out of max 48 threads...
The number of target devices =4
### Able to use the GPU! ### 

Elapsed time for scoring matrix computation: 1.246869
+ for repeat in 1 2 3 4 5
+ echo ' Repeat=3'
 Repeat=3
+ ./omp_smithW-v6.3-target-inlined.out 11808 11808
Problem size: Matrix[11808][11808], FACTOR=128 CUTOFF=1024
Total memory footprint is:1 GB
Using 48 out of max 48 threads...
The number of target devices =4
### Able to use the GPU! ### 

Elapsed time for scoring matrix computation: 1.333742
+ for repeat in 1 2 3 4 5
+ echo ' Repeat=4'
 Repeat=4
+ ./omp_smithW-v6.3-target-inlined.out 11808 11808
Problem size: Matrix[11808][11808], FACTOR=128 CUTOFF=1024
Total memory footprint is:1 GB
Using 48 out of max 48 threads...
The number of target devices =4
### Able to use the GPU! ### 

Elapsed time for scoring matrix computation: 1.376067
+ for repeat in 1 2 3 4 5
+ echo ' Repeat=5'
 Repeat=5
+ ./omp_smithW-v6.3-target-inlined.out 11808 11808
Problem size: Matrix[11808][11808], FACTOR=128 CUTOFF=1024
Total memory footprint is:1 GB
Using 48 out of max 48 threads...
The number of target devices =4
### Able to use the GPU! ### 

Elapsed time for scoring matrix computation: 1.238685
+ for N_SIZE in '{32..26000..512}'
+ let 'counter += 1'
+ echo 'running count=25, problem M=12320 N=12320'
running count=25, problem M=12320 N=12320
+ for repeat in 1 2 3 4 5
+ echo ' Repeat=1'
 Repeat=1
+ ./omp_smithW-v6.3-target-inlined.out 12320 12320
Problem size: Matrix[12320][12320], FACTOR=128 CUTOFF=1024
Total memory footprint is:1 GB
Using 48 out of max 48 threads...
The number of target devices =4
### Able to use the GPU! ### 

Elapsed time for scoring matrix computation: 1.380483
+ for repeat in 1 2 3 4 5
+ echo ' Repeat=2'
 Repeat=2
+ ./omp_smithW-v6.3-target-inlined.out 12320 12320
Problem size: Matrix[12320][12320], FACTOR=128 CUTOFF=1024
Total memory footprint is:1 GB
Using 48 out of max 48 threads...
The number of target devices =4
### Able to use the GPU! ### 

Elapsed time for scoring matrix computation: 1.342018
+ for repeat in 1 2 3 4 5
+ echo ' Repeat=3'
 Repeat=3
+ ./omp_smithW-v6.3-target-inlined.out 12320 12320
Problem size: Matrix[12320][12320], FACTOR=128 CUTOFF=1024
Total memory footprint is:1 GB
Using 48 out of max 48 threads...
The number of target devices =4
### Able to use the GPU! ### 

Elapsed time for scoring matrix computation: 1.527534
+ for repeat in 1 2 3 4 5
+ echo ' Repeat=4'
 Repeat=4
+ ./omp_smithW-v6.3-target-inlined.out 12320 12320
Problem size: Matrix[12320][12320], FACTOR=128 CUTOFF=1024
Total memory footprint is:1 GB
Using 48 out of max 48 threads...
The number of target devices =4
### Able to use the GPU! ### 

Elapsed time for scoring matrix computation: 1.414247
+ for repeat in 1 2 3 4 5
+ echo ' Repeat=5'
 Repeat=5
+ ./omp_smithW-v6.3-target-inlined.out 12320 12320
Problem size: Matrix[12320][12320], FACTOR=128 CUTOFF=1024
Total memory footprint is:1 GB
Using 48 out of max 48 threads...
The number of target devices =4
### Able to use the GPU! ### 

Elapsed time for scoring matrix computation: 1.408480
+ for N_SIZE in '{32..26000..512}'
+ let 'counter += 1'
+ echo 'running count=26, problem M=12832 N=12832'
running count=26, problem M=12832 N=12832
+ for repeat in 1 2 3 4 5
+ echo ' Repeat=1'
 Repeat=1
+ ./omp_smithW-v6.3-target-inlined.out 12832 12832
Problem size: Matrix[12832][12832], FACTOR=128 CUTOFF=1024
Total memory footprint is:1 GB
Using 48 out of max 48 threads...
The number of target devices =4
### Able to use the GPU! ### 

Elapsed time for scoring matrix computation: 1.436152
+ for repeat in 1 2 3 4 5
+ echo ' Repeat=2'
 Repeat=2
+ ./omp_smithW-v6.3-target-inlined.out 12832 12832
Problem size: Matrix[12832][12832], FACTOR=128 CUTOFF=1024
Total memory footprint is:1 GB
Using 48 out of max 48 threads...
The number of target devices =4
### Able to use the GPU! ### 

Elapsed time for scoring matrix computation: 1.586464
+ for repeat in 1 2 3 4 5
+ echo ' Repeat=3'
 Repeat=3
+ ./omp_smithW-v6.3-target-inlined.out 12832 12832
Problem size: Matrix[12832][12832], FACTOR=128 CUTOFF=1024
Total memory footprint is:1 GB
Using 48 out of max 48 threads...
The number of target devices =4
### Able to use the GPU! ### 

Elapsed time for scoring matrix computation: 1.565134
+ for repeat in 1 2 3 4 5
+ echo ' Repeat=4'
 Repeat=4
+ ./omp_smithW-v6.3-target-inlined.out 12832 12832
Problem size: Matrix[12832][12832], FACTOR=128 CUTOFF=1024
Total memory footprint is:1 GB
Using 48 out of max 48 threads...
The number of target devices =4
### Able to use the GPU! ### 

Elapsed time for scoring matrix computation: 1.516995
+ for repeat in 1 2 3 4 5
+ echo ' Repeat=5'
 Repeat=5
+ ./omp_smithW-v6.3-target-inlined.out 12832 12832
Problem size: Matrix[12832][12832], FACTOR=128 CUTOFF=1024
Total memory footprint is:1 GB
Using 48 out of max 48 threads...
The number of target devices =4
### Able to use the GPU! ### 

Elapsed time for scoring matrix computation: 1.428562
+ for N_SIZE in '{32..26000..512}'
+ let 'counter += 1'
+ echo 'running count=27, problem M=13344 N=13344'
running count=27, problem M=13344 N=13344
+ for repeat in 1 2 3 4 5
+ echo ' Repeat=1'
 Repeat=1
+ ./omp_smithW-v6.3-target-inlined.out 13344 13344
Problem size: Matrix[13344][13344], FACTOR=128 CUTOFF=1024
Total memory footprint is:1 GB
Using 48 out of max 48 threads...
The number of target devices =4
### Able to use the GPU! ### 

Elapsed time for scoring matrix computation: 1.602877
+ for repeat in 1 2 3 4 5
+ echo ' Repeat=2'
 Repeat=2
+ ./omp_smithW-v6.3-target-inlined.out 13344 13344
Problem size: Matrix[13344][13344], FACTOR=128 CUTOFF=1024
Total memory footprint is:1 GB
Using 48 out of max 48 threads...
The number of target devices =4
### Able to use the GPU! ### 

Elapsed time for scoring matrix computation: 1.605620
+ for repeat in 1 2 3 4 5
+ echo ' Repeat=3'
 Repeat=3
+ ./omp_smithW-v6.3-target-inlined.out 13344 13344
Problem size: Matrix[13344][13344], FACTOR=128 CUTOFF=1024
Total memory footprint is:1 GB
Using 48 out of max 48 threads...
The number of target devices =4
### Able to use the GPU! ### 

Elapsed time for scoring matrix computation: 1.676208
+ for repeat in 1 2 3 4 5
+ echo ' Repeat=4'
 Repeat=4
+ ./omp_smithW-v6.3-target-inlined.out 13344 13344
Problem size: Matrix[13344][13344], FACTOR=128 CUTOFF=1024
Total memory footprint is:1 GB
Using 48 out of max 48 threads...
The number of target devices =4
### Able to use the GPU! ### 

Elapsed time for scoring matrix computation: 1.679566
+ for repeat in 1 2 3 4 5
+ echo ' Repeat=5'
 Repeat=5
+ ./omp_smithW-v6.3-target-inlined.out 13344 13344
Problem size: Matrix[13344][13344], FACTOR=128 CUTOFF=1024
Total memory footprint is:1 GB
Using 48 out of max 48 threads...
The number of target devices =4
### Able to use the GPU! ### 

Elapsed time for scoring matrix computation: 1.601953
+ for N_SIZE in '{32..26000..512}'
+ let 'counter += 1'
+ echo 'running count=28, problem M=13856 N=13856'
running count=28, problem M=13856 N=13856
+ for repeat in 1 2 3 4 5
+ echo ' Repeat=1'
 Repeat=1
+ ./omp_smithW-v6.3-target-inlined.out 13856 13856
Problem size: Matrix[13856][13856], FACTOR=128 CUTOFF=1024
Total memory footprint is:1 GB
Using 48 out of max 48 threads...
The number of target devices =4
### Able to use the GPU! ### 

Elapsed time for scoring matrix computation: 1.692905
+ for repeat in 1 2 3 4 5
+ echo ' Repeat=2'
 Repeat=2
+ ./omp_smithW-v6.3-target-inlined.out 13856 13856
Problem size: Matrix[13856][13856], FACTOR=128 CUTOFF=1024
Total memory footprint is:1 GB
Using 48 out of max 48 threads...
The number of target devices =4
### Able to use the GPU! ### 

Elapsed time for scoring matrix computation: 1.807739
+ for repeat in 1 2 3 4 5
+ echo ' Repeat=3'
 Repeat=3
+ ./omp_smithW-v6.3-target-inlined.out 13856 13856
Problem size: Matrix[13856][13856], FACTOR=128 CUTOFF=1024
Total memory footprint is:1 GB
Using 48 out of max 48 threads...
The number of target devices =4
### Able to use the GPU! ### 

Elapsed time for scoring matrix computation: 1.782902
+ for repeat in 1 2 3 4 5
+ echo ' Repeat=4'
 Repeat=4
+ ./omp_smithW-v6.3-target-inlined.out 13856 13856
Problem size: Matrix[13856][13856], FACTOR=128 CUTOFF=1024
Total memory footprint is:1 GB
Using 48 out of max 48 threads...
The number of target devices =4
### Able to use the GPU! ### 

Elapsed time for scoring matrix computation: 1.684935
+ for repeat in 1 2 3 4 5
+ echo ' Repeat=5'
 Repeat=5
+ ./omp_smithW-v6.3-target-inlined.out 13856 13856
Problem size: Matrix[13856][13856], FACTOR=128 CUTOFF=1024
Total memory footprint is:1 GB
Using 48 out of max 48 threads...
The number of target devices =4
### Able to use the GPU! ### 

Elapsed time for scoring matrix computation: 1.692601
+ for N_SIZE in '{32..26000..512}'
+ let 'counter += 1'
+ echo 'running count=29, problem M=14368 N=14368'
running count=29, problem M=14368 N=14368
+ for repeat in 1 2 3 4 5
+ echo ' Repeat=1'
 Repeat=1
+ ./omp_smithW-v6.3-target-inlined.out 14368 14368
Problem size: Matrix[14368][14368], FACTOR=128 CUTOFF=1024
Total memory footprint is:1 GB
Using 48 out of max 48 threads...
The number of target devices =4
### Able to use the GPU! ### 

Elapsed time for scoring matrix computation: 1.796873
+ for repeat in 1 2 3 4 5
+ echo ' Repeat=2'
 Repeat=2
+ ./omp_smithW-v6.3-target-inlined.out 14368 14368
Problem size: Matrix[14368][14368], FACTOR=128 CUTOFF=1024
Total memory footprint is:1 GB
Using 48 out of max 48 threads...
The number of target devices =4
### Able to use the GPU! ### 

Elapsed time for scoring matrix computation: 1.797856
+ for repeat in 1 2 3 4 5
+ echo ' Repeat=3'
 Repeat=3
+ ./omp_smithW-v6.3-target-inlined.out 14368 14368
Problem size: Matrix[14368][14368], FACTOR=128 CUTOFF=1024
Total memory footprint is:1 GB
Using 48 out of max 48 threads...
The number of target devices =4
### Able to use the GPU! ### 

Elapsed time for scoring matrix computation: 1.801684
+ for repeat in 1 2 3 4 5
+ echo ' Repeat=4'
 Repeat=4
+ ./omp_smithW-v6.3-target-inlined.out 14368 14368
Problem size: Matrix[14368][14368], FACTOR=128 CUTOFF=1024
Total memory footprint is:1 GB
Using 48 out of max 48 threads...
The number of target devices =4
### Able to use the GPU! ### 

Elapsed time for scoring matrix computation: 1.836709
+ for repeat in 1 2 3 4 5
+ echo ' Repeat=5'
 Repeat=5
+ ./omp_smithW-v6.3-target-inlined.out 14368 14368
Problem size: Matrix[14368][14368], FACTOR=128 CUTOFF=1024
Total memory footprint is:1 GB
Using 48 out of max 48 threads...
The number of target devices =4
### Able to use the GPU! ### 

Elapsed time for scoring matrix computation: 1.791438
+ for N_SIZE in '{32..26000..512}'
+ let 'counter += 1'
+ echo 'running count=30, problem M=14880 N=14880'
running count=30, problem M=14880 N=14880
+ for repeat in 1 2 3 4 5
+ echo ' Repeat=1'
 Repeat=1
+ ./omp_smithW-v6.3-target-inlined.out 14880 14880
Problem size: Matrix[14880][14880], FACTOR=128 CUTOFF=1024
Total memory footprint is:1 GB
Using 48 out of max 48 threads...
The number of target devices =4
### Able to use the GPU! ### 

Elapsed time for scoring matrix computation: 1.899319
+ for repeat in 1 2 3 4 5
+ echo ' Repeat=2'
 Repeat=2
+ ./omp_smithW-v6.3-target-inlined.out 14880 14880
Problem size: Matrix[14880][14880], FACTOR=128 CUTOFF=1024
Total memory footprint is:1 GB
Using 48 out of max 48 threads...
The number of target devices =4
### Able to use the GPU! ### 

Elapsed time for scoring matrix computation: 1.818573
+ for repeat in 1 2 3 4 5
+ echo ' Repeat=3'
 Repeat=3
+ ./omp_smithW-v6.3-target-inlined.out 14880 14880
Problem size: Matrix[14880][14880], FACTOR=128 CUTOFF=1024
Total memory footprint is:1 GB
Using 48 out of max 48 threads...
The number of target devices =4
### Able to use the GPU! ### 

Elapsed time for scoring matrix computation: 1.952685
+ for repeat in 1 2 3 4 5
+ echo ' Repeat=4'
 Repeat=4
+ ./omp_smithW-v6.3-target-inlined.out 14880 14880
Problem size: Matrix[14880][14880], FACTOR=128 CUTOFF=1024
Total memory footprint is:1 GB
Using 48 out of max 48 threads...
The number of target devices =4
### Able to use the GPU! ### 

Elapsed time for scoring matrix computation: 1.909176
+ for repeat in 1 2 3 4 5
+ echo ' Repeat=5'
 Repeat=5
+ ./omp_smithW-v6.3-target-inlined.out 14880 14880
Problem size: Matrix[14880][14880], FACTOR=128 CUTOFF=1024
Total memory footprint is:1 GB
Using 48 out of max 48 threads...
The number of target devices =4
### Able to use the GPU! ### 

Elapsed time for scoring matrix computation: 1.899871
+ for N_SIZE in '{32..26000..512}'
+ let 'counter += 1'
+ echo 'running count=31, problem M=15392 N=15392'
running count=31, problem M=15392 N=15392
+ for repeat in 1 2 3 4 5
+ echo ' Repeat=1'
 Repeat=1
+ ./omp_smithW-v6.3-target-inlined.out 15392 15392
Problem size: Matrix[15392][15392], FACTOR=128 CUTOFF=1024
Total memory footprint is:1 GB
Using 48 out of max 48 threads...
The number of target devices =4
### Able to use the GPU! ### 

Elapsed time for scoring matrix computation: 2.168216
+ for repeat in 1 2 3 4 5
+ echo ' Repeat=2'
 Repeat=2
+ ./omp_smithW-v6.3-target-inlined.out 15392 15392
Problem size: Matrix[15392][15392], FACTOR=128 CUTOFF=1024
Total memory footprint is:1 GB
Using 48 out of max 48 threads...
The number of target devices =4
### Able to use the GPU! ### 

Elapsed time for scoring matrix computation: 2.123634
+ for repeat in 1 2 3 4 5
+ echo ' Repeat=3'
 Repeat=3
+ ./omp_smithW-v6.3-target-inlined.out 15392 15392
Problem size: Matrix[15392][15392], FACTOR=128 CUTOFF=1024
Total memory footprint is:1 GB
Using 48 out of max 48 threads...
The number of target devices =4
### Able to use the GPU! ### 

Elapsed time for scoring matrix computation: 28.470027
+ for repeat in 1 2 3 4 5
+ echo ' Repeat=4'
 Repeat=4
+ ./omp_smithW-v6.3-target-inlined.out 15392 15392
Problem size: Matrix[15392][15392], FACTOR=128 CUTOFF=1024
Total memory footprint is:1 GB
Using 48 out of max 48 threads...
The number of target devices =4
### Able to use the GPU! ### 

Elapsed time for scoring matrix computation: 2.067129
+ for repeat in 1 2 3 4 5
+ echo ' Repeat=5'
 Repeat=5
+ ./omp_smithW-v6.3-target-inlined.out 15392 15392
Problem size: Matrix[15392][15392], FACTOR=128 CUTOFF=1024
Total memory footprint is:1 GB
Using 48 out of max 48 threads...
The number of target devices =4
### Able to use the GPU! ### 

Elapsed time for scoring matrix computation: 2.100178
+ for N_SIZE in '{32..26000..512}'
+ let 'counter += 1'
+ echo 'running count=32, problem M=15904 N=15904'
running count=32, problem M=15904 N=15904
+ for repeat in 1 2 3 4 5
+ echo ' Repeat=1'
 Repeat=1
+ ./omp_smithW-v6.3-target-inlined.out 15904 15904
Problem size: Matrix[15904][15904], FACTOR=128 CUTOFF=1024
Total memory footprint is:1 GB
Using 48 out of max 48 threads...
The number of target devices =4
### Able to use the GPU! ### 

Elapsed time for scoring matrix computation: 2.173173
+ for repeat in 1 2 3 4 5
+ echo ' Repeat=2'
 Repeat=2
+ ./omp_smithW-v6.3-target-inlined.out 15904 15904
Problem size: Matrix[15904][15904], FACTOR=128 CUTOFF=1024
Total memory footprint is:1 GB
Using 48 out of max 48 threads...
The number of target devices =4
### Able to use the GPU! ### 

Elapsed time for scoring matrix computation: 3.524095
+ for repeat in 1 2 3 4 5
+ echo ' Repeat=3'
 Repeat=3
+ ./omp_smithW-v6.3-target-inlined.out 15904 15904
Problem size: Matrix[15904][15904], FACTOR=128 CUTOFF=1024
Total memory footprint is:1 GB
Using 48 out of max 48 threads...
The number of target devices =4
### Able to use the GPU! ### 

Elapsed time for scoring matrix computation: 2.277643
+ for repeat in 1 2 3 4 5
+ echo ' Repeat=4'
 Repeat=4
+ ./omp_smithW-v6.3-target-inlined.out 15904 15904
Problem size: Matrix[15904][15904], FACTOR=128 CUTOFF=1024
Total memory footprint is:1 GB
Using 48 out of max 48 threads...
The number of target devices =4
### Able to use the GPU! ### 

Elapsed time for scoring matrix computation: 3.612143
+ for repeat in 1 2 3 4 5
+ echo ' Repeat=5'
 Repeat=5
+ ./omp_smithW-v6.3-target-inlined.out 15904 15904
Problem size: Matrix[15904][15904], FACTOR=128 CUTOFF=1024
Total memory footprint is:1 GB
Using 48 out of max 48 threads...
The number of target devices =4
### Able to use the GPU! ### 

Elapsed time for scoring matrix computation: 3.158517
+ for N_SIZE in '{32..26000..512}'
+ let 'counter += 1'
+ echo 'running count=33, problem M=16416 N=16416'
running count=33, problem M=16416 N=16416
+ for repeat in 1 2 3 4 5
+ echo ' Repeat=1'
 Repeat=1
+ ./omp_smithW-v6.3-target-inlined.out 16416 16416
Problem size: Matrix[16416][16416], FACTOR=128 CUTOFF=1024
Total memory footprint is:2 GB
Using 48 out of max 48 threads...
The number of target devices =4
### Able to use the GPU! ### 

Elapsed time for scoring matrix computation: 2.515962
+ for repeat in 1 2 3 4 5
+ echo ' Repeat=2'
 Repeat=2
+ ./omp_smithW-v6.3-target-inlined.out 16416 16416
Problem size: Matrix[16416][16416], FACTOR=128 CUTOFF=1024
Total memory footprint is:2 GB
Using 48 out of max 48 threads...
The number of target devices =4
### Able to use the GPU! ### 

Elapsed time for scoring matrix computation: 2.486284
+ for repeat in 1 2 3 4 5
+ echo ' Repeat=3'
 Repeat=3
+ ./omp_smithW-v6.3-target-inlined.out 16416 16416
Problem size: Matrix[16416][16416], FACTOR=128 CUTOFF=1024
Total memory footprint is:2 GB
Using 48 out of max 48 threads...
The number of target devices =4
### Able to use the GPU! ### 

Elapsed time for scoring matrix computation: 2.536313
+ for repeat in 1 2 3 4 5
+ echo ' Repeat=4'
 Repeat=4
+ ./omp_smithW-v6.3-target-inlined.out 16416 16416
Problem size: Matrix[16416][16416], FACTOR=128 CUTOFF=1024
Total memory footprint is:2 GB
Using 48 out of max 48 threads...
The number of target devices =4
### Able to use the GPU! ### 

Elapsed time for scoring matrix computation: 2.473534
+ for repeat in 1 2 3 4 5
+ echo ' Repeat=5'
 Repeat=5
+ ./omp_smithW-v6.3-target-inlined.out 16416 16416
Problem size: Matrix[16416][16416], FACTOR=128 CUTOFF=1024
Total memory footprint is:2 GB
Using 48 out of max 48 threads...
The number of target devices =4
### Able to use the GPU! ### 

Elapsed time for scoring matrix computation: 2.193849
+ for N_SIZE in '{32..26000..512}'
+ let 'counter += 1'
+ echo 'running count=34, problem M=16928 N=16928'
running count=34, problem M=16928 N=16928
+ for repeat in 1 2 3 4 5
+ echo ' Repeat=1'
 Repeat=1
+ ./omp_smithW-v6.3-target-inlined.out 16928 16928
Problem size: Matrix[16928][16928], FACTOR=128 CUTOFF=1024
Total memory footprint is:2 GB
Using 48 out of max 48 threads...
The number of target devices =4
### Able to use the GPU! ### 

Elapsed time for scoring matrix computation: 2.422265
+ for repeat in 1 2 3 4 5
+ echo ' Repeat=2'
 Repeat=2
+ ./omp_smithW-v6.3-target-inlined.out 16928 16928
Problem size: Matrix[16928][16928], FACTOR=128 CUTOFF=1024
Total memory footprint is:2 GB
Using 48 out of max 48 threads...
The number of target devices =4
### Able to use the GPU! ### 

Elapsed time for scoring matrix computation: 2.477669
+ for repeat in 1 2 3 4 5
+ echo ' Repeat=3'
 Repeat=3
+ ./omp_smithW-v6.3-target-inlined.out 16928 16928
Problem size: Matrix[16928][16928], FACTOR=128 CUTOFF=1024
Total memory footprint is:2 GB
Using 48 out of max 48 threads...
The number of target devices =4
### Able to use the GPU! ### 

Elapsed time for scoring matrix computation: 2.468650
+ for repeat in 1 2 3 4 5
+ echo ' Repeat=4'
 Repeat=4
+ ./omp_smithW-v6.3-target-inlined.out 16928 16928
Problem size: Matrix[16928][16928], FACTOR=128 CUTOFF=1024
Total memory footprint is:2 GB
Using 48 out of max 48 threads...
The number of target devices =4
### Able to use the GPU! ### 

Elapsed time for scoring matrix computation: 2.325375
+ for repeat in 1 2 3 4 5
+ echo ' Repeat=5'
 Repeat=5
+ ./omp_smithW-v6.3-target-inlined.out 16928 16928
Problem size: Matrix[16928][16928], FACTOR=128 CUTOFF=1024
Total memory footprint is:2 GB
Using 48 out of max 48 threads...
The number of target devices =4
### Able to use the GPU! ### 

Elapsed time for scoring matrix computation: 2.471115
+ for N_SIZE in '{32..26000..512}'
+ let 'counter += 1'
+ echo 'running count=35, problem M=17440 N=17440'
running count=35, problem M=17440 N=17440
+ for repeat in 1 2 3 4 5
+ echo ' Repeat=1'
 Repeat=1
+ ./omp_smithW-v6.3-target-inlined.out 17440 17440
Problem size: Matrix[17440][17440], FACTOR=128 CUTOFF=1024
Total memory footprint is:2 GB
Using 48 out of max 48 threads...
The number of target devices =4
### Able to use the GPU! ### 

Elapsed time for scoring matrix computation: 2.446300
+ for repeat in 1 2 3 4 5
+ echo ' Repeat=2'
 Repeat=2
+ ./omp_smithW-v6.3-target-inlined.out 17440 17440
Problem size: Matrix[17440][17440], FACTOR=128 CUTOFF=1024
Total memory footprint is:2 GB
Using 48 out of max 48 threads...
The number of target devices =4
### Able to use the GPU! ### 

Elapsed time for scoring matrix computation: 2.497131
+ for repeat in 1 2 3 4 5
+ echo ' Repeat=3'
 Repeat=3
+ ./omp_smithW-v6.3-target-inlined.out 17440 17440
Problem size: Matrix[17440][17440], FACTOR=128 CUTOFF=1024
Total memory footprint is:2 GB
Using 48 out of max 48 threads...
The number of target devices =4
### Able to use the GPU! ### 

Elapsed time for scoring matrix computation: 2.639870
+ for repeat in 1 2 3 4 5
+ echo ' Repeat=4'
 Repeat=4
+ ./omp_smithW-v6.3-target-inlined.out 17440 17440
Problem size: Matrix[17440][17440], FACTOR=128 CUTOFF=1024
Total memory footprint is:2 GB
Using 48 out of max 48 threads...
The number of target devices =4
### Able to use the GPU! ### 

Elapsed time for scoring matrix computation: 2.561922
+ for repeat in 1 2 3 4 5
+ echo ' Repeat=5'
 Repeat=5
+ ./omp_smithW-v6.3-target-inlined.out 17440 17440
Problem size: Matrix[17440][17440], FACTOR=128 CUTOFF=1024
Total memory footprint is:2 GB
Using 48 out of max 48 threads...
The number of target devices =4
### Able to use the GPU! ### 

Elapsed time for scoring matrix computation: 2.400330
+ for N_SIZE in '{32..26000..512}'
+ let 'counter += 1'
+ echo 'running count=36, problem M=17952 N=17952'
running count=36, problem M=17952 N=17952
+ for repeat in 1 2 3 4 5
+ echo ' Repeat=1'
 Repeat=1
+ ./omp_smithW-v6.3-target-inlined.out 17952 17952
Problem size: Matrix[17952][17952], FACTOR=128 CUTOFF=1024
Total memory footprint is:2 GB
Using 48 out of max 48 threads...
The number of target devices =4
### Able to use the GPU! ### 

Elapsed time for scoring matrix computation: 3.536087
+ for repeat in 1 2 3 4 5
+ echo ' Repeat=2'
 Repeat=2
+ ./omp_smithW-v6.3-target-inlined.out 17952 17952
Problem size: Matrix[17952][17952], FACTOR=128 CUTOFF=1024
Total memory footprint is:2 GB
Using 48 out of max 48 threads...
The number of target devices =4
### Able to use the GPU! ### 

Elapsed time for scoring matrix computation: 2.581072
+ for repeat in 1 2 3 4 5
+ echo ' Repeat=3'
 Repeat=3
+ ./omp_smithW-v6.3-target-inlined.out 17952 17952
Problem size: Matrix[17952][17952], FACTOR=128 CUTOFF=1024
Total memory footprint is:2 GB
Using 48 out of max 48 threads...
The number of target devices =4
### Able to use the GPU! ### 

Elapsed time for scoring matrix computation: 2.511416
+ for repeat in 1 2 3 4 5
+ echo ' Repeat=4'
 Repeat=4
+ ./omp_smithW-v6.3-target-inlined.out 17952 17952
Problem size: Matrix[17952][17952], FACTOR=128 CUTOFF=1024
Total memory footprint is:2 GB
Using 48 out of max 48 threads...
The number of target devices =4
### Able to use the GPU! ### 

Elapsed time for scoring matrix computation: 2.674468
+ for repeat in 1 2 3 4 5
+ echo ' Repeat=5'
 Repeat=5
+ ./omp_smithW-v6.3-target-inlined.out 17952 17952
Problem size: Matrix[17952][17952], FACTOR=128 CUTOFF=1024
Total memory footprint is:2 GB
Using 48 out of max 48 threads...
The number of target devices =4
### Able to use the GPU! ### 

Elapsed time for scoring matrix computation: 2.493451
+ for N_SIZE in '{32..26000..512}'
+ let 'counter += 1'
+ echo 'running count=37, problem M=18464 N=18464'
running count=37, problem M=18464 N=18464
+ for repeat in 1 2 3 4 5
+ echo ' Repeat=1'
 Repeat=1
+ ./omp_smithW-v6.3-target-inlined.out 18464 18464
Problem size: Matrix[18464][18464], FACTOR=128 CUTOFF=1024
Total memory footprint is:2 GB
Using 48 out of max 48 threads...
The number of target devices =4
### Able to use the GPU! ### 

Elapsed time for scoring matrix computation: 2.804852
+ for repeat in 1 2 3 4 5
+ echo ' Repeat=2'
 Repeat=2
+ ./omp_smithW-v6.3-target-inlined.out 18464 18464
Problem size: Matrix[18464][18464], FACTOR=128 CUTOFF=1024
Total memory footprint is:2 GB
Using 48 out of max 48 threads...
The number of target devices =4
### Able to use the GPU! ### 

Elapsed time for scoring matrix computation: 2.678740
+ for repeat in 1 2 3 4 5
+ echo ' Repeat=3'
 Repeat=3
+ ./omp_smithW-v6.3-target-inlined.out 18464 18464
Problem size: Matrix[18464][18464], FACTOR=128 CUTOFF=1024
Total memory footprint is:2 GB
Using 48 out of max 48 threads...
The number of target devices =4
### Able to use the GPU! ### 

Elapsed time for scoring matrix computation: 2.620269
+ for repeat in 1 2 3 4 5
+ echo ' Repeat=4'
 Repeat=4
+ ./omp_smithW-v6.3-target-inlined.out 18464 18464
Problem size: Matrix[18464][18464], FACTOR=128 CUTOFF=1024
Total memory footprint is:2 GB
Using 48 out of max 48 threads...
The number of target devices =4
### Able to use the GPU! ### 

Elapsed time for scoring matrix computation: 2.801483
+ for repeat in 1 2 3 4 5
+ echo ' Repeat=5'
 Repeat=5
+ ./omp_smithW-v6.3-target-inlined.out 18464 18464
Problem size: Matrix[18464][18464], FACTOR=128 CUTOFF=1024
Total memory footprint is:2 GB
Using 48 out of max 48 threads...
The number of target devices =4
### Able to use the GPU! ### 

Elapsed time for scoring matrix computation: 2.616500
+ for N_SIZE in '{32..26000..512}'
+ let 'counter += 1'
+ echo 'running count=38, problem M=18976 N=18976'
running count=38, problem M=18976 N=18976
+ for repeat in 1 2 3 4 5
+ echo ' Repeat=1'
 Repeat=1
+ ./omp_smithW-v6.3-target-inlined.out 18976 18976
Problem size: Matrix[18976][18976], FACTOR=128 CUTOFF=1024
Total memory footprint is:2 GB
Using 48 out of max 48 threads...
The number of target devices =4
### Able to use the GPU! ### 

Elapsed time for scoring matrix computation: 2.792290
+ for repeat in 1 2 3 4 5
+ echo ' Repeat=2'
 Repeat=2
+ ./omp_smithW-v6.3-target-inlined.out 18976 18976
Problem size: Matrix[18976][18976], FACTOR=128 CUTOFF=1024
Total memory footprint is:2 GB
Using 48 out of max 48 threads...
The number of target devices =4
### Able to use the GPU! ### 

Elapsed time for scoring matrix computation: 2.800908
+ for repeat in 1 2 3 4 5
+ echo ' Repeat=3'
 Repeat=3
+ ./omp_smithW-v6.3-target-inlined.out 18976 18976
Problem size: Matrix[18976][18976], FACTOR=128 CUTOFF=1024
Total memory footprint is:2 GB
Using 48 out of max 48 threads...
The number of target devices =4
### Able to use the GPU! ### 

Elapsed time for scoring matrix computation: 2.780166
+ for repeat in 1 2 3 4 5
+ echo ' Repeat=4'
 Repeat=4
+ ./omp_smithW-v6.3-target-inlined.out 18976 18976
Problem size: Matrix[18976][18976], FACTOR=128 CUTOFF=1024
Total memory footprint is:2 GB
Using 48 out of max 48 threads...
The number of target devices =4
### Able to use the GPU! ### 

Elapsed time for scoring matrix computation: 2.926852
+ for repeat in 1 2 3 4 5
+ echo ' Repeat=5'
 Repeat=5
+ ./omp_smithW-v6.3-target-inlined.out 18976 18976
Problem size: Matrix[18976][18976], FACTOR=128 CUTOFF=1024
Total memory footprint is:2 GB
Using 48 out of max 48 threads...
The number of target devices =4
### Able to use the GPU! ### 

Elapsed time for scoring matrix computation: 2.786007
+ for N_SIZE in '{32..26000..512}'
+ let 'counter += 1'
+ echo 'running count=39, problem M=19488 N=19488'
running count=39, problem M=19488 N=19488
+ for repeat in 1 2 3 4 5
+ echo ' Repeat=1'
 Repeat=1
+ ./omp_smithW-v6.3-target-inlined.out 19488 19488
Problem size: Matrix[19488][19488], FACTOR=128 CUTOFF=1024
Total memory footprint is:2 GB
Using 48 out of max 48 threads...
The number of target devices =4
### Able to use the GPU! ### 

Elapsed time for scoring matrix computation: 2.864923
+ for repeat in 1 2 3 4 5
+ echo ' Repeat=2'
 Repeat=2
+ ./omp_smithW-v6.3-target-inlined.out 19488 19488
Problem size: Matrix[19488][19488], FACTOR=128 CUTOFF=1024
Total memory footprint is:2 GB
Using 48 out of max 48 threads...
The number of target devices =4
### Able to use the GPU! ### 

Elapsed time for scoring matrix computation: 2.907565
+ for repeat in 1 2 3 4 5
+ echo ' Repeat=3'
 Repeat=3
+ ./omp_smithW-v6.3-target-inlined.out 19488 19488
Problem size: Matrix[19488][19488], FACTOR=128 CUTOFF=1024
Total memory footprint is:2 GB
Using 48 out of max 48 threads...
The number of target devices =4
### Able to use the GPU! ### 

Elapsed time for scoring matrix computation: 3.744848
+ for repeat in 1 2 3 4 5
+ echo ' Repeat=4'
 Repeat=4
+ ./omp_smithW-v6.3-target-inlined.out 19488 19488
Problem size: Matrix[19488][19488], FACTOR=128 CUTOFF=1024
Total memory footprint is:2 GB
Using 48 out of max 48 threads...
The number of target devices =4
### Able to use the GPU! ### 

Elapsed time for scoring matrix computation: 3.002225
+ for repeat in 1 2 3 4 5
+ echo ' Repeat=5'
 Repeat=5
+ ./omp_smithW-v6.3-target-inlined.out 19488 19488
Problem size: Matrix[19488][19488], FACTOR=128 CUTOFF=1024
Total memory footprint is:2 GB
Using 48 out of max 48 threads...
The number of target devices =4
### Able to use the GPU! ### 

Elapsed time for scoring matrix computation: 2.870946
+ for N_SIZE in '{32..26000..512}'
+ let 'counter += 1'
+ echo 'running count=40, problem M=20000 N=20000'
running count=40, problem M=20000 N=20000
+ for repeat in 1 2 3 4 5
+ echo ' Repeat=1'
 Repeat=1
+ ./omp_smithW-v6.3-target-inlined.out 20000 20000
Problem size: Matrix[20000][20000], FACTOR=128 CUTOFF=1024
Total memory footprint is:2 GB
Using 48 out of max 48 threads...
The number of target devices =4
### Able to use the GPU! ### 

Elapsed time for scoring matrix computation: 3.050513
+ for repeat in 1 2 3 4 5
+ echo ' Repeat=2'
 Repeat=2
+ ./omp_smithW-v6.3-target-inlined.out 20000 20000
Problem size: Matrix[20000][20000], FACTOR=128 CUTOFF=1024
Total memory footprint is:2 GB
Using 48 out of max 48 threads...
The number of target devices =4
### Able to use the GPU! ### 

Elapsed time for scoring matrix computation: 3.001507
+ for repeat in 1 2 3 4 5
+ echo ' Repeat=3'
 Repeat=3
+ ./omp_smithW-v6.3-target-inlined.out 20000 20000
Problem size: Matrix[20000][20000], FACTOR=128 CUTOFF=1024
Total memory footprint is:2 GB
Using 48 out of max 48 threads...
The number of target devices =4
### Able to use the GPU! ### 

Elapsed time for scoring matrix computation: 47.588986
+ for repeat in 1 2 3 4 5
+ echo ' Repeat=4'
 Repeat=4
+ ./omp_smithW-v6.3-target-inlined.out 20000 20000
Problem size: Matrix[20000][20000], FACTOR=128 CUTOFF=1024
Total memory footprint is:2 GB
Using 48 out of max 48 threads...
The number of target devices =4
### Able to use the GPU! ### 

Elapsed time for scoring matrix computation: 2.984659
+ for repeat in 1 2 3 4 5
+ echo ' Repeat=5'
 Repeat=5
+ ./omp_smithW-v6.3-target-inlined.out 20000 20000
Problem size: Matrix[20000][20000], FACTOR=128 CUTOFF=1024
Total memory footprint is:2 GB
Using 48 out of max 48 threads...
The number of target devices =4
### Able to use the GPU! ### 

Elapsed time for scoring matrix computation: 3.263251
+ for N_SIZE in '{32..26000..512}'
+ let 'counter += 1'
+ echo 'running count=41, problem M=20512 N=20512'
running count=41, problem M=20512 N=20512
+ for repeat in 1 2 3 4 5
+ echo ' Repeat=1'
 Repeat=1
+ ./omp_smithW-v6.3-target-inlined.out 20512 20512
Problem size: Matrix[20512][20512], FACTOR=128 CUTOFF=1024
Total memory footprint is:3 GB
Using 48 out of max 48 threads...
The number of target devices =4
### Able to use the GPU! ### 

Elapsed time for scoring matrix computation: 3.239116
+ for repeat in 1 2 3 4 5
+ echo ' Repeat=2'
 Repeat=2
+ ./omp_smithW-v6.3-target-inlined.out 20512 20512
Problem size: Matrix[20512][20512], FACTOR=128 CUTOFF=1024
Total memory footprint is:3 GB
Using 48 out of max 48 threads...
The number of target devices =4
### Able to use the GPU! ### 

Elapsed time for scoring matrix computation: 3.165776
+ for repeat in 1 2 3 4 5
+ echo ' Repeat=3'
 Repeat=3
+ ./omp_smithW-v6.3-target-inlined.out 20512 20512
Problem size: Matrix[20512][20512], FACTOR=128 CUTOFF=1024
Total memory footprint is:3 GB
Using 48 out of max 48 threads...
The number of target devices =4
### Able to use the GPU! ### 

Elapsed time for scoring matrix computation: 3.128925
+ for repeat in 1 2 3 4 5
+ echo ' Repeat=4'
 Repeat=4
+ ./omp_smithW-v6.3-target-inlined.out 20512 20512
Problem size: Matrix[20512][20512], FACTOR=128 CUTOFF=1024
Total memory footprint is:3 GB
Using 48 out of max 48 threads...
The number of target devices =4
### Able to use the GPU! ### 

Elapsed time for scoring matrix computation: 3.124163
+ for repeat in 1 2 3 4 5
+ echo ' Repeat=5'
 Repeat=5
+ ./omp_smithW-v6.3-target-inlined.out 20512 20512
Problem size: Matrix[20512][20512], FACTOR=128 CUTOFF=1024
Total memory footprint is:3 GB
Using 48 out of max 48 threads...
The number of target devices =4
### Able to use the GPU! ### 

Elapsed time for scoring matrix computation: 3.255850
+ for N_SIZE in '{32..26000..512}'
+ let 'counter += 1'
+ echo 'running count=42, problem M=21024 N=21024'
running count=42, problem M=21024 N=21024
+ for repeat in 1 2 3 4 5
+ echo ' Repeat=1'
 Repeat=1
+ ./omp_smithW-v6.3-target-inlined.out 21024 21024
Problem size: Matrix[21024][21024], FACTOR=128 CUTOFF=1024
Total memory footprint is:3 GB
Using 48 out of max 48 threads...
The number of target devices =4
### Able to use the GPU! ### 

Elapsed time for scoring matrix computation: 4.082986
+ for repeat in 1 2 3 4 5
+ echo ' Repeat=2'
 Repeat=2
+ ./omp_smithW-v6.3-target-inlined.out 21024 21024
Problem size: Matrix[21024][21024], FACTOR=128 CUTOFF=1024
Total memory footprint is:3 GB
Using 48 out of max 48 threads...
The number of target devices =4
### Able to use the GPU! ### 

Elapsed time for scoring matrix computation: 3.376057
+ for repeat in 1 2 3 4 5
+ echo ' Repeat=3'
 Repeat=3
+ ./omp_smithW-v6.3-target-inlined.out 21024 21024
Problem size: Matrix[21024][21024], FACTOR=128 CUTOFF=1024
Total memory footprint is:3 GB
Using 48 out of max 48 threads...
The number of target devices =4
### Able to use the GPU! ### 

Elapsed time for scoring matrix computation: 3.330659
+ for repeat in 1 2 3 4 5
+ echo ' Repeat=4'
 Repeat=4
+ ./omp_smithW-v6.3-target-inlined.out 21024 21024
Problem size: Matrix[21024][21024], FACTOR=128 CUTOFF=1024
Total memory footprint is:3 GB
Using 48 out of max 48 threads...
The number of target devices =4
### Able to use the GPU! ### 

Elapsed time for scoring matrix computation: 3.361401
+ for repeat in 1 2 3 4 5
+ echo ' Repeat=5'
 Repeat=5
+ ./omp_smithW-v6.3-target-inlined.out 21024 21024
Problem size: Matrix[21024][21024], FACTOR=128 CUTOFF=1024
Total memory footprint is:3 GB
Using 48 out of max 48 threads...
The number of target devices =4
### Able to use the GPU! ### 

Elapsed time for scoring matrix computation: 3.203405
+ for N_SIZE in '{32..26000..512}'
+ let 'counter += 1'
+ echo 'running count=43, problem M=21536 N=21536'
running count=43, problem M=21536 N=21536
+ for repeat in 1 2 3 4 5
+ echo ' Repeat=1'
 Repeat=1
+ ./omp_smithW-v6.3-target-inlined.out 21536 21536
Problem size: Matrix[21536][21536], FACTOR=128 CUTOFF=1024
Total memory footprint is:3 GB
Using 48 out of max 48 threads...
The number of target devices =4
### Able to use the GPU! ### 

Elapsed time for scoring matrix computation: 4.325866
+ for repeat in 1 2 3 4 5
+ echo ' Repeat=2'
 Repeat=2
+ ./omp_smithW-v6.3-target-inlined.out 21536 21536
Problem size: Matrix[21536][21536], FACTOR=128 CUTOFF=1024
Total memory footprint is:3 GB
Using 48 out of max 48 threads...
The number of target devices =4
### Able to use the GPU! ### 

Elapsed time for scoring matrix computation: 3.381931
+ for repeat in 1 2 3 4 5
+ echo ' Repeat=3'
 Repeat=3
+ ./omp_smithW-v6.3-target-inlined.out 21536 21536
Problem size: Matrix[21536][21536], FACTOR=128 CUTOFF=1024
Total memory footprint is:3 GB
Using 48 out of max 48 threads...
The number of target devices =4
### Able to use the GPU! ### 

Elapsed time for scoring matrix computation: 3.616535
+ for repeat in 1 2 3 4 5
+ echo ' Repeat=4'
 Repeat=4
+ ./omp_smithW-v6.3-target-inlined.out 21536 21536
Problem size: Matrix[21536][21536], FACTOR=128 CUTOFF=1024
Total memory footprint is:3 GB
Using 48 out of max 48 threads...
The number of target devices =4
### Able to use the GPU! ### 

Elapsed time for scoring matrix computation: 3.770121
+ for repeat in 1 2 3 4 5
+ echo ' Repeat=5'
 Repeat=5
+ ./omp_smithW-v6.3-target-inlined.out 21536 21536
Problem size: Matrix[21536][21536], FACTOR=128 CUTOFF=1024
Total memory footprint is:3 GB
Using 48 out of max 48 threads...
The number of target devices =4
### Able to use the GPU! ### 

Elapsed time for scoring matrix computation: 2.977168
+ for N_SIZE in '{32..26000..512}'
+ let 'counter += 1'
+ echo 'running count=44, problem M=22048 N=22048'
running count=44, problem M=22048 N=22048
+ for repeat in 1 2 3 4 5
+ echo ' Repeat=1'
 Repeat=1
+ ./omp_smithW-v6.3-target-inlined.out 22048 22048
Problem size: Matrix[22048][22048], FACTOR=128 CUTOFF=1024
Total memory footprint is:3 GB
Using 48 out of max 48 threads...
The number of target devices =4
### Able to use the GPU! ### 

Elapsed time for scoring matrix computation: 3.751420
+ for repeat in 1 2 3 4 5
+ echo ' Repeat=2'
 Repeat=2
+ ./omp_smithW-v6.3-target-inlined.out 22048 22048
Problem size: Matrix[22048][22048], FACTOR=128 CUTOFF=1024
Total memory footprint is:3 GB
Using 48 out of max 48 threads...
The number of target devices =4
### Able to use the GPU! ### 

Elapsed time for scoring matrix computation: 3.719514
+ for repeat in 1 2 3 4 5
+ echo ' Repeat=3'
 Repeat=3
+ ./omp_smithW-v6.3-target-inlined.out 22048 22048
Problem size: Matrix[22048][22048], FACTOR=128 CUTOFF=1024
Total memory footprint is:3 GB
Using 48 out of max 48 threads...
The number of target devices =4
### Able to use the GPU! ### 

Elapsed time for scoring matrix computation: 3.546586
+ for repeat in 1 2 3 4 5
+ echo ' Repeat=4'
 Repeat=4
+ ./omp_smithW-v6.3-target-inlined.out 22048 22048
Problem size: Matrix[22048][22048], FACTOR=128 CUTOFF=1024
Total memory footprint is:3 GB
Using 48 out of max 48 threads...
The number of target devices =4
### Able to use the GPU! ### 

Elapsed time for scoring matrix computation: 3.885268
+ for repeat in 1 2 3 4 5
+ echo ' Repeat=5'
 Repeat=5
+ ./omp_smithW-v6.3-target-inlined.out 22048 22048
Problem size: Matrix[22048][22048], FACTOR=128 CUTOFF=1024
Total memory footprint is:3 GB
Using 48 out of max 48 threads...
The number of target devices =4
### Able to use the GPU! ### 

Elapsed time for scoring matrix computation: 14.390385
+ for N_SIZE in '{32..26000..512}'
+ let 'counter += 1'
+ echo 'running count=45, problem M=22560 N=22560'
running count=45, problem M=22560 N=22560
+ for repeat in 1 2 3 4 5
+ echo ' Repeat=1'
 Repeat=1
+ ./omp_smithW-v6.3-target-inlined.out 22560 22560
Problem size: Matrix[22560][22560], FACTOR=128 CUTOFF=1024
Total memory footprint is:3 GB
Using 48 out of max 48 threads...
The number of target devices =4
### Able to use the GPU! ### 

Elapsed time for scoring matrix computation: 3.913123
+ for repeat in 1 2 3 4 5
+ echo ' Repeat=2'
 Repeat=2
+ ./omp_smithW-v6.3-target-inlined.out 22560 22560
Problem size: Matrix[22560][22560], FACTOR=128 CUTOFF=1024
Total memory footprint is:3 GB
Using 48 out of max 48 threads...
The number of target devices =4
### Able to use the GPU! ### 

Elapsed time for scoring matrix computation: 3.759914
+ for repeat in 1 2 3 4 5
+ echo ' Repeat=3'
 Repeat=3
+ ./omp_smithW-v6.3-target-inlined.out 22560 22560
Problem size: Matrix[22560][22560], FACTOR=128 CUTOFF=1024
Total memory footprint is:3 GB
Using 48 out of max 48 threads...
The number of target devices =4
### Able to use the GPU! ### 

Elapsed time for scoring matrix computation: 4.312359
+ for repeat in 1 2 3 4 5
+ echo ' Repeat=4'
 Repeat=4
+ ./omp_smithW-v6.3-target-inlined.out 22560 22560
Problem size: Matrix[22560][22560], FACTOR=128 CUTOFF=1024
Total memory footprint is:3 GB
Using 48 out of max 48 threads...
The number of target devices =4
### Able to use the GPU! ### 

Elapsed time for scoring matrix computation: 3.714374
+ for repeat in 1 2 3 4 5
+ echo ' Repeat=5'
 Repeat=5
+ ./omp_smithW-v6.3-target-inlined.out 22560 22560
Problem size: Matrix[22560][22560], FACTOR=128 CUTOFF=1024
Total memory footprint is:3 GB
Using 48 out of max 48 threads...
The number of target devices =4
### Able to use the GPU! ### 

Elapsed time for scoring matrix computation: 3.756030
+ for N_SIZE in '{32..26000..512}'
+ let 'counter += 1'
+ echo 'running count=46, problem M=23072 N=23072'
running count=46, problem M=23072 N=23072
+ for repeat in 1 2 3 4 5
+ echo ' Repeat=1'
 Repeat=1
+ ./omp_smithW-v6.3-target-inlined.out 23072 23072
Problem size: Matrix[23072][23072], FACTOR=128 CUTOFF=1024
Total memory footprint is:3 GB
Using 48 out of max 48 threads...
The number of target devices =4
### Able to use the GPU! ### 

Elapsed time for scoring matrix computation: 4.073211
+ for repeat in 1 2 3 4 5
+ echo ' Repeat=2'
 Repeat=2
+ ./omp_smithW-v6.3-target-inlined.out 23072 23072
Problem size: Matrix[23072][23072], FACTOR=128 CUTOFF=1024
Total memory footprint is:3 GB
Using 48 out of max 48 threads...
The number of target devices =4
### Able to use the GPU! ### 

Elapsed time for scoring matrix computation: 4.127353
+ for repeat in 1 2 3 4 5
+ echo ' Repeat=3'
 Repeat=3
+ ./omp_smithW-v6.3-target-inlined.out 23072 23072
Problem size: Matrix[23072][23072], FACTOR=128 CUTOFF=1024
Total memory footprint is:3 GB
Using 48 out of max 48 threads...
The number of target devices =4
### Able to use the GPU! ### 

Elapsed time for scoring matrix computation: 4.068594
+ for repeat in 1 2 3 4 5
+ echo ' Repeat=4'
 Repeat=4
+ ./omp_smithW-v6.3-target-inlined.out 23072 23072
Problem size: Matrix[23072][23072], FACTOR=128 CUTOFF=1024
Total memory footprint is:3 GB
Using 48 out of max 48 threads...
The number of target devices =4
### Able to use the GPU! ### 

Elapsed time for scoring matrix computation: 3.944795
+ for repeat in 1 2 3 4 5
+ echo ' Repeat=5'
 Repeat=5
+ ./omp_smithW-v6.3-target-inlined.out 23072 23072
Problem size: Matrix[23072][23072], FACTOR=128 CUTOFF=1024
Total memory footprint is:3 GB
Using 48 out of max 48 threads...
The number of target devices =4
### Able to use the GPU! ### 

Elapsed time for scoring matrix computation: 3.881383
+ for N_SIZE in '{32..26000..512}'
+ let 'counter += 1'
+ echo 'running count=47, problem M=23584 N=23584'
running count=47, problem M=23584 N=23584
+ for repeat in 1 2 3 4 5
+ echo ' Repeat=1'
 Repeat=1
+ ./omp_smithW-v6.3-target-inlined.out 23584 23584
Problem size: Matrix[23584][23584], FACTOR=128 CUTOFF=1024
Total memory footprint is:4 GB
Using 48 out of max 48 threads...
The number of target devices =4
### Able to use the GPU! ### 

Elapsed time for scoring matrix computation: 4.070722
+ for repeat in 1 2 3 4 5
+ echo ' Repeat=2'
 Repeat=2
+ ./omp_smithW-v6.3-target-inlined.out 23584 23584
Problem size: Matrix[23584][23584], FACTOR=128 CUTOFF=1024
Total memory footprint is:4 GB
Using 48 out of max 48 threads...
The number of target devices =4
### Able to use the GPU! ### 

Elapsed time for scoring matrix computation: 4.306111
+ for repeat in 1 2 3 4 5
+ echo ' Repeat=3'
 Repeat=3
+ ./omp_smithW-v6.3-target-inlined.out 23584 23584
Problem size: Matrix[23584][23584], FACTOR=128 CUTOFF=1024
Total memory footprint is:4 GB
Using 48 out of max 48 threads...
The number of target devices =4
### Able to use the GPU! ### 

Elapsed time for scoring matrix computation: 4.226160
+ for repeat in 1 2 3 4 5
+ echo ' Repeat=4'
 Repeat=4
+ ./omp_smithW-v6.3-target-inlined.out 23584 23584
Problem size: Matrix[23584][23584], FACTOR=128 CUTOFF=1024
Total memory footprint is:4 GB
Using 48 out of max 48 threads...
The number of target devices =4
### Able to use the GPU! ### 

Elapsed time for scoring matrix computation: 4.047572
+ for repeat in 1 2 3 4 5
+ echo ' Repeat=5'
 Repeat=5
+ ./omp_smithW-v6.3-target-inlined.out 23584 23584
Problem size: Matrix[23584][23584], FACTOR=128 CUTOFF=1024
Total memory footprint is:4 GB
Using 48 out of max 48 threads...
The number of target devices =4
### Able to use the GPU! ### 

Elapsed time for scoring matrix computation: 3.953993
+ for N_SIZE in '{32..26000..512}'
+ let 'counter += 1'
+ echo 'running count=48, problem M=24096 N=24096'
running count=48, problem M=24096 N=24096
+ for repeat in 1 2 3 4 5
+ echo ' Repeat=1'
 Repeat=1
+ ./omp_smithW-v6.3-target-inlined.out 24096 24096
Problem size: Matrix[24096][24096], FACTOR=128 CUTOFF=1024
Total memory footprint is:4 GB
Using 48 out of max 48 threads...
The number of target devices =4
### Able to use the GPU! ### 

Elapsed time for scoring matrix computation: 4.268719
+ for repeat in 1 2 3 4 5
+ echo ' Repeat=2'
 Repeat=2
+ ./omp_smithW-v6.3-target-inlined.out 24096 24096
Problem size: Matrix[24096][24096], FACTOR=128 CUTOFF=1024
Total memory footprint is:4 GB
Using 48 out of max 48 threads...
The number of target devices =4
### Able to use the GPU! ### 

Elapsed time for scoring matrix computation: 4.303645
+ for repeat in 1 2 3 4 5
+ echo ' Repeat=3'
 Repeat=3
+ ./omp_smithW-v6.3-target-inlined.out 24096 24096
Problem size: Matrix[24096][24096], FACTOR=128 CUTOFF=1024
Total memory footprint is:4 GB
Using 48 out of max 48 threads...
The number of target devices =4
### Able to use the GPU! ### 

Elapsed time for scoring matrix computation: 4.206578
+ for repeat in 1 2 3 4 5
+ echo ' Repeat=4'
 Repeat=4
+ ./omp_smithW-v6.3-target-inlined.out 24096 24096
Problem size: Matrix[24096][24096], FACTOR=128 CUTOFF=1024
Total memory footprint is:4 GB
Using 48 out of max 48 threads...
The number of target devices =4
### Able to use the GPU! ### 

Elapsed time for scoring matrix computation: 4.388326
+ for repeat in 1 2 3 4 5
+ echo ' Repeat=5'
 Repeat=5
+ ./omp_smithW-v6.3-target-inlined.out 24096 24096
Problem size: Matrix[24096][24096], FACTOR=128 CUTOFF=1024
Total memory footprint is:4 GB
Using 48 out of max 48 threads...
The number of target devices =4
### Able to use the GPU! ### 

Elapsed time for scoring matrix computation: 5.649620
+ for N_SIZE in '{32..26000..512}'
+ let 'counter += 1'
+ echo 'running count=49, problem M=24608 N=24608'
running count=49, problem M=24608 N=24608
+ for repeat in 1 2 3 4 5
+ echo ' Repeat=1'
 Repeat=1
+ ./omp_smithW-v6.3-target-inlined.out 24608 24608
Problem size: Matrix[24608][24608], FACTOR=128 CUTOFF=1024
Total memory footprint is:4 GB
Using 48 out of max 48 threads...
The number of target devices =4
### Able to use the GPU! ### 

Elapsed time for scoring matrix computation: 4.380509
+ for repeat in 1 2 3 4 5
+ echo ' Repeat=2'
 Repeat=2
+ ./omp_smithW-v6.3-target-inlined.out 24608 24608
Problem size: Matrix[24608][24608], FACTOR=128 CUTOFF=1024
Total memory footprint is:4 GB
Using 48 out of max 48 threads...
The number of target devices =4
### Able to use the GPU! ### 

Elapsed time for scoring matrix computation: 4.873613
+ for repeat in 1 2 3 4 5
+ echo ' Repeat=3'
 Repeat=3
+ ./omp_smithW-v6.3-target-inlined.out 24608 24608
Problem size: Matrix[24608][24608], FACTOR=128 CUTOFF=1024
Total memory footprint is:4 GB
Using 48 out of max 48 threads...
The number of target devices =4
### Able to use the GPU! ### 

Elapsed time for scoring matrix computation: 4.519442
+ for repeat in 1 2 3 4 5
+ echo ' Repeat=4'
 Repeat=4
+ ./omp_smithW-v6.3-target-inlined.out 24608 24608
Problem size: Matrix[24608][24608], FACTOR=128 CUTOFF=1024
Total memory footprint is:4 GB
Using 48 out of max 48 threads...
The number of target devices =4
### Able to use the GPU! ### 

Elapsed time for scoring matrix computation: 6.165779
+ for repeat in 1 2 3 4 5
+ echo ' Repeat=5'
 Repeat=5
+ ./omp_smithW-v6.3-target-inlined.out 24608 24608
Problem size: Matrix[24608][24608], FACTOR=128 CUTOFF=1024
Total memory footprint is:4 GB
Using 48 out of max 48 threads...
The number of target devices =4
### Able to use the GPU! ### 

Elapsed time for scoring matrix computation: 42.973421
+ for N_SIZE in '{32..26000..512}'
+ let 'counter += 1'
+ echo 'running count=50, problem M=25120 N=25120'
running count=50, problem M=25120 N=25120
+ for repeat in 1 2 3 4 5
+ echo ' Repeat=1'
 Repeat=1
+ ./omp_smithW-v6.3-target-inlined.out 25120 25120
Problem size: Matrix[25120][25120], FACTOR=128 CUTOFF=1024
Total memory footprint is:4 GB
Using 48 out of max 48 threads...
The number of target devices =4
### Able to use the GPU! ### 

Elapsed time for scoring matrix computation: 4.696890
+ for repeat in 1 2 3 4 5
+ echo ' Repeat=2'
 Repeat=2
+ ./omp_smithW-v6.3-target-inlined.out 25120 25120
Problem size: Matrix[25120][25120], FACTOR=128 CUTOFF=1024
Total memory footprint is:4 GB
Using 48 out of max 48 threads...
The number of target devices =4
### Able to use the GPU! ### 

Elapsed time for scoring matrix computation: 4.418689
+ for repeat in 1 2 3 4 5
+ echo ' Repeat=3'
 Repeat=3
+ ./omp_smithW-v6.3-target-inlined.out 25120 25120
Problem size: Matrix[25120][25120], FACTOR=128 CUTOFF=1024
Total memory footprint is:4 GB
Using 48 out of max 48 threads...
The number of target devices =4
### Able to use the GPU! ### 

Elapsed time for scoring matrix computation: 4.528340
+ for repeat in 1 2 3 4 5
+ echo ' Repeat=4'
 Repeat=4
+ ./omp_smithW-v6.3-target-inlined.out 25120 25120
Problem size: Matrix[25120][25120], FACTOR=128 CUTOFF=1024
Total memory footprint is:4 GB
Using 48 out of max 48 threads...
The number of target devices =4
### Able to use the GPU! ### 

Elapsed time for scoring matrix computation: 6.272825
+ for repeat in 1 2 3 4 5
+ echo ' Repeat=5'
 Repeat=5
+ ./omp_smithW-v6.3-target-inlined.out 25120 25120
Problem size: Matrix[25120][25120], FACTOR=128 CUTOFF=1024
Total memory footprint is:4 GB
Using 48 out of max 48 threads...
The number of target devices =4
### Able to use the GPU! ### 

Elapsed time for scoring matrix computation: 5.566239
+ for N_SIZE in '{32..26000..512}'
+ let 'counter += 1'
+ echo 'running count=51, problem M=25632 N=25632'
running count=51, problem M=25632 N=25632
+ for repeat in 1 2 3 4 5
+ echo ' Repeat=1'
 Repeat=1
+ ./omp_smithW-v6.3-target-inlined.out 25632 25632
Problem size: Matrix[25632][25632], FACTOR=128 CUTOFF=1024
Total memory footprint is:4 GB
Using 48 out of max 48 threads...
The number of target devices =4
### Able to use the GPU! ### 

Elapsed time for scoring matrix computation: 5.598904
+ for repeat in 1 2 3 4 5
+ echo ' Repeat=2'
 Repeat=2
+ ./omp_smithW-v6.3-target-inlined.out 25632 25632
Problem size: Matrix[25632][25632], FACTOR=128 CUTOFF=1024
Total memory footprint is:4 GB
Using 48 out of max 48 threads...
The number of target devices =4
### Able to use the GPU! ### 

Elapsed time for scoring matrix computation: 108.787861
+ for repeat in 1 2 3 4 5
+ echo ' Repeat=3'
 Repeat=3
+ ./omp_smithW-v6.3-target-inlined.out 25632 25632
Problem size: Matrix[25632][25632], FACTOR=128 CUTOFF=1024
Total memory footprint is:4 GB
Using 48 out of max 48 threads...
The number of target devices =4
### Able to use the GPU! ### 

Elapsed time for scoring matrix computation: 5.151312
+ for repeat in 1 2 3 4 5
+ echo ' Repeat=4'
 Repeat=4
+ ./omp_smithW-v6.3-target-inlined.out 25632 25632
Problem size: Matrix[25632][25632], FACTOR=128 CUTOFF=1024
Total memory footprint is:4 GB
Using 48 out of max 48 threads...
The number of target devices =4
### Able to use the GPU! ### 

Elapsed time for scoring matrix computation: 12.845631
+ for repeat in 1 2 3 4 5
+ echo ' Repeat=5'
 Repeat=5
+ ./omp_smithW-v6.3-target-inlined.out 25632 25632
Problem size: Matrix[25632][25632], FACTOR=128 CUTOFF=1024
Total memory footprint is:4 GB
Using 48 out of max 48 threads...
The number of target devices =4
### Able to use the GPU! ### 

Elapsed time for scoring matrix computation: 4.789841
