/opt/rocm-4.1.0/llvm/bin/clang++ -O3 -g -std=c++11 -DSKIP_BACKTRACK=1  -fopenmp  -o omp_smithW-v1-refinedOrig.out omp_smithW-v1-refinedOrig.cpp
 Repeat=1
Problem size: Matrix[32][32]
Total memory footprint is:0 MB
Skipping backtrack ...
Using 96 out of max 96 threads...
Elapsed time for scoring matrix computation: 0.058592
 Repeat=2
Problem size: Matrix[32][32]
Total memory footprint is:0 MB
Skipping backtrack ...
Using 96 out of max 96 threads...
Elapsed time for scoring matrix computation: 0.040004
 Repeat=3
Problem size: Matrix[32][32]
Total memory footprint is:0 MB
Skipping backtrack ...
Using 96 out of max 96 threads...
Elapsed time for scoring matrix computation: 0.026005
 Repeat=1
Problem size: Matrix[544][544]
Total memory footprint is:2 MB
Skipping backtrack ...
Using 96 out of max 96 threads...
Elapsed time for scoring matrix computation: 0.367009
 Repeat=2
Problem size: Matrix[544][544]
Total memory footprint is:2 MB
Skipping backtrack ...
Using 96 out of max 96 threads...
Elapsed time for scoring matrix computation: 0.315596
 Repeat=3
Problem size: Matrix[544][544]
Total memory footprint is:2 MB
Skipping backtrack ...
Using 96 out of max 96 threads...
Elapsed time for scoring matrix computation: 0.307586
 Repeat=1
Problem size: Matrix[1056][1056]
Total memory footprint is:8 MB
Skipping backtrack ...
Using 96 out of max 96 threads...
Elapsed time for scoring matrix computation: 0.413074
 Repeat=2
Problem size: Matrix[1056][1056]
Total memory footprint is:8 MB
Skipping backtrack ...
Using 96 out of max 96 threads...
Elapsed time for scoring matrix computation: 0.452416
 Repeat=3
Problem size: Matrix[1056][1056]
Total memory footprint is:8 MB
Skipping backtrack ...
Using 96 out of max 96 threads...
Elapsed time for scoring matrix computation: 0.461126
 Repeat=1
Problem size: Matrix[1568][1568]
Total memory footprint is:18 MB
Skipping backtrack ...
Using 96 out of max 96 threads...
Elapsed time for scoring matrix computation: 0.564622
 Repeat=2
Problem size: Matrix[1568][1568]
Total memory footprint is:18 MB
Skipping backtrack ...
Using 96 out of max 96 threads...
Elapsed time for scoring matrix computation: 0.819319
 Repeat=3
Problem size: Matrix[1568][1568]
Total memory footprint is:18 MB
Skipping backtrack ...
Using 96 out of max 96 threads...
Elapsed time for scoring matrix computation: 0.606075
 Repeat=1
Problem size: Matrix[2080][2080]
Total memory footprint is:33 MB
Skipping backtrack ...
Using 96 out of max 96 threads...
Elapsed time for scoring matrix computation: 0.619792
 Repeat=2
Problem size: Matrix[2080][2080]
Total memory footprint is:33 MB
Skipping backtrack ...
Using 96 out of max 96 threads...
Elapsed time for scoring matrix computation: 0.660748
 Repeat=3
Problem size: Matrix[2080][2080]
Total memory footprint is:33 MB
Skipping backtrack ...
Using 96 out of max 96 threads...
Elapsed time for scoring matrix computation: 0.697629
 Repeat=1
Problem size: Matrix[2592][2592]
Total memory footprint is:51 MB
Skipping backtrack ...
Using 96 out of max 96 threads...
Elapsed time for scoring matrix computation: 0.633962
 Repeat=2
Problem size: Matrix[2592][2592]
Total memory footprint is:51 MB
Skipping backtrack ...
Using 96 out of max 96 threads...
Elapsed time for scoring matrix computation: 0.636858
 Repeat=3
Problem size: Matrix[2592][2592]
Total memory footprint is:51 MB
Skipping backtrack ...
Using 96 out of max 96 threads...
Elapsed time for scoring matrix computation: 0.794587
 Repeat=1
Problem size: Matrix[3104][3104]
Total memory footprint is:73 MB
Skipping backtrack ...
Using 96 out of max 96 threads...
Elapsed time for scoring matrix computation: 0.938754
 Repeat=2
Problem size: Matrix[3104][3104]
Total memory footprint is:73 MB
Skipping backtrack ...
Using 96 out of max 96 threads...
Elapsed time for scoring matrix computation: 0.610795
 Repeat=3
Problem size: Matrix[3104][3104]
Total memory footprint is:73 MB
Skipping backtrack ...
Using 96 out of max 96 threads...
Elapsed time for scoring matrix computation: 0.519443
 Repeat=1
Problem size: Matrix[3616][3616]
Total memory footprint is:99 MB
Skipping backtrack ...
Using 96 out of max 96 threads...
Elapsed time for scoring matrix computation: 1.150951
 Repeat=2
Problem size: Matrix[3616][3616]
Total memory footprint is:99 MB
Skipping backtrack ...
Using 96 out of max 96 threads...
Elapsed time for scoring matrix computation: 0.803484
 Repeat=3
Problem size: Matrix[3616][3616]
Total memory footprint is:99 MB
Skipping backtrack ...
Using 96 out of max 96 threads...
Elapsed time for scoring matrix computation: 0.678912
 Repeat=1
Problem size: Matrix[4128][4128]
Total memory footprint is:130 MB
Skipping backtrack ...
Using 96 out of max 96 threads...
Elapsed time for scoring matrix computation: 0.746583
 Repeat=2
Problem size: Matrix[4128][4128]
Total memory footprint is:130 MB
Skipping backtrack ...
Using 96 out of max 96 threads...
Elapsed time for scoring matrix computation: 0.825450
 Repeat=3
Problem size: Matrix[4128][4128]
Total memory footprint is:130 MB
Skipping backtrack ...
Using 96 out of max 96 threads...
Elapsed time for scoring matrix computation: 0.964557
 Repeat=1
Problem size: Matrix[4640][4640]
Total memory footprint is:164 MB
Skipping backtrack ...
Using 96 out of max 96 threads...
Elapsed time for scoring matrix computation: 1.111765
 Repeat=2
Problem size: Matrix[4640][4640]
Total memory footprint is:164 MB
Skipping backtrack ...
Using 96 out of max 96 threads...
Elapsed time for scoring matrix computation: 1.110468
 Repeat=3
Problem size: Matrix[4640][4640]
Total memory footprint is:164 MB
Skipping backtrack ...
Using 96 out of max 96 threads...
Elapsed time for scoring matrix computation: 1.037712
 Repeat=1
Problem size: Matrix[5152][5152]
Total memory footprint is:202 MB
Skipping backtrack ...
Using 96 out of max 96 threads...
Elapsed time for scoring matrix computation: 0.975677
 Repeat=2
Problem size: Matrix[5152][5152]
Total memory footprint is:202 MB
Skipping backtrack ...
Using 96 out of max 96 threads...
Elapsed time for scoring matrix computation: 1.335009
 Repeat=3
Problem size: Matrix[5152][5152]
Total memory footprint is:202 MB
Skipping backtrack ...
Using 96 out of max 96 threads...
Elapsed time for scoring matrix computation: 1.215002
 Repeat=1
Problem size: Matrix[5664][5664]
Total memory footprint is:244 MB
Skipping backtrack ...
Using 96 out of max 96 threads...
Elapsed time for scoring matrix computation: 1.256441
 Repeat=2
Problem size: Matrix[5664][5664]
Total memory footprint is:244 MB
Skipping backtrack ...
Using 96 out of max 96 threads...
Elapsed time for scoring matrix computation: 1.144338
 Repeat=3
Problem size: Matrix[5664][5664]
Total memory footprint is:244 MB
Skipping backtrack ...
Using 96 out of max 96 threads...
Elapsed time for scoring matrix computation: 1.366419
 Repeat=1
Problem size: Matrix[6176][6176]
Total memory footprint is:291 MB
Skipping backtrack ...
Using 96 out of max 96 threads...
Elapsed time for scoring matrix computation: 1.064536
 Repeat=2
Problem size: Matrix[6176][6176]
Total memory footprint is:291 MB
Skipping backtrack ...
Using 96 out of max 96 threads...
Elapsed time for scoring matrix computation: 1.295781
 Repeat=3
Problem size: Matrix[6176][6176]
Total memory footprint is:291 MB
Skipping backtrack ...
Using 96 out of max 96 threads...
Elapsed time for scoring matrix computation: 1.188359
 Repeat=1
Problem size: Matrix[6688][6688]
Total memory footprint is:341 MB
Skipping backtrack ...
Using 96 out of max 96 threads...
Elapsed time for scoring matrix computation: 1.232721
 Repeat=2
Problem size: Matrix[6688][6688]
Total memory footprint is:341 MB
Skipping backtrack ...
Using 96 out of max 96 threads...
Elapsed time for scoring matrix computation: 2.043891
 Repeat=3
Problem size: Matrix[6688][6688]
Total memory footprint is:341 MB
Skipping backtrack ...
Using 96 out of max 96 threads...
Elapsed time for scoring matrix computation: 1.562876
 Repeat=1
Problem size: Matrix[7200][7200]
Total memory footprint is:395 MB
Skipping backtrack ...
Using 96 out of max 96 threads...
Elapsed time for scoring matrix computation: 1.370537
 Repeat=2
Problem size: Matrix[7200][7200]
Total memory footprint is:395 MB
Skipping backtrack ...
Using 96 out of max 96 threads...
Elapsed time for scoring matrix computation: 1.210258
 Repeat=3
Problem size: Matrix[7200][7200]
Total memory footprint is:395 MB
Skipping backtrack ...
Using 96 out of max 96 threads...
Elapsed time for scoring matrix computation: 1.340531
 Repeat=1
Problem size: Matrix[7712][7712]
Total memory footprint is:453 MB
Skipping backtrack ...
Using 96 out of max 96 threads...
Elapsed time for scoring matrix computation: 1.311288
 Repeat=2
Problem size: Matrix[7712][7712]
Total memory footprint is:453 MB
Skipping backtrack ...
Using 96 out of max 96 threads...
Elapsed time for scoring matrix computation: 1.436503
 Repeat=3
Problem size: Matrix[7712][7712]
Total memory footprint is:453 MB
Skipping backtrack ...
Using 96 out of max 96 threads...
Elapsed time for scoring matrix computation: 1.441527
 Repeat=1
Problem size: Matrix[8224][8224]
Total memory footprint is:516 MB
Skipping backtrack ...
Using 96 out of max 96 threads...
Elapsed time for scoring matrix computation: 1.317851
 Repeat=2
Problem size: Matrix[8224][8224]
Total memory footprint is:516 MB
Skipping backtrack ...
Using 96 out of max 96 threads...
Elapsed time for scoring matrix computation: 1.661961
 Repeat=3
Problem size: Matrix[8224][8224]
Total memory footprint is:516 MB
Skipping backtrack ...
Using 96 out of max 96 threads...
Elapsed time for scoring matrix computation: 1.448646
 Repeat=1
Problem size: Matrix[8736][8736]
Total memory footprint is:582 MB
Skipping backtrack ...
Using 96 out of max 96 threads...
Elapsed time for scoring matrix computation: 1.728078
 Repeat=2
Problem size: Matrix[8736][8736]
Total memory footprint is:582 MB
Skipping backtrack ...
Using 96 out of max 96 threads...
Elapsed time for scoring matrix computation: 1.544366
 Repeat=3
Problem size: Matrix[8736][8736]
Total memory footprint is:582 MB
Skipping backtrack ...
Using 96 out of max 96 threads...
Elapsed time for scoring matrix computation: 1.396746
 Repeat=1
Problem size: Matrix[9248][9248]
Total memory footprint is:652 MB
Skipping backtrack ...
Using 96 out of max 96 threads...
Elapsed time for scoring matrix computation: 1.560958
 Repeat=2
Problem size: Matrix[9248][9248]
Total memory footprint is:652 MB
Skipping backtrack ...
Using 96 out of max 96 threads...
Elapsed time for scoring matrix computation: 1.635687
 Repeat=3
Problem size: Matrix[9248][9248]
Total memory footprint is:652 MB
Skipping backtrack ...
Using 96 out of max 96 threads...
Elapsed time for scoring matrix computation: 1.352767
 Repeat=1
Problem size: Matrix[9760][9760]
Total memory footprint is:726 MB
Skipping backtrack ...
Using 96 out of max 96 threads...
Elapsed time for scoring matrix computation: 1.704949
 Repeat=2
Problem size: Matrix[9760][9760]
Total memory footprint is:726 MB
Skipping backtrack ...
Using 96 out of max 96 threads...
Elapsed time for scoring matrix computation: 1.486978
 Repeat=3
Problem size: Matrix[9760][9760]
Total memory footprint is:726 MB
Skipping backtrack ...
Using 96 out of max 96 threads...
Elapsed time for scoring matrix computation: 2.175543
 Repeat=1
Problem size: Matrix[10272][10272]
Total memory footprint is:805 MB
Skipping backtrack ...
Using 96 out of max 96 threads...
Elapsed time for scoring matrix computation: 1.609744
 Repeat=2
Problem size: Matrix[10272][10272]
Total memory footprint is:805 MB
Skipping backtrack ...
Using 96 out of max 96 threads...
Elapsed time for scoring matrix computation: 1.675969
 Repeat=3
Problem size: Matrix[10272][10272]
Total memory footprint is:805 MB
Skipping backtrack ...
Using 96 out of max 96 threads...
Elapsed time for scoring matrix computation: 1.687964
 Repeat=1
Problem size: Matrix[10784][10784]
Total memory footprint is:887 MB
Skipping backtrack ...
Using 96 out of max 96 threads...
Elapsed time for scoring matrix computation: 1.871312
 Repeat=2
Problem size: Matrix[10784][10784]
Total memory footprint is:887 MB
Skipping backtrack ...
Using 96 out of max 96 threads...
Elapsed time for scoring matrix computation: 2.096999
 Repeat=3
Problem size: Matrix[10784][10784]
Total memory footprint is:887 MB
Skipping backtrack ...
Using 96 out of max 96 threads...
Elapsed time for scoring matrix computation: 2.035498
 Repeat=1
Problem size: Matrix[11296][11296]
Total memory footprint is:973 MB
Skipping backtrack ...
Using 96 out of max 96 threads...
Elapsed time for scoring matrix computation: 1.697093
 Repeat=2
Problem size: Matrix[11296][11296]
Total memory footprint is:973 MB
Skipping backtrack ...
Using 96 out of max 96 threads...
Elapsed time for scoring matrix computation: 1.769348
 Repeat=3
Problem size: Matrix[11296][11296]
Total memory footprint is:973 MB
Skipping backtrack ...
Using 96 out of max 96 threads...
Elapsed time for scoring matrix computation: 1.793488
 Repeat=1
Problem size: Matrix[11808][11808]
Total memory footprint is:1 GB
Skipping backtrack ...
Using 96 out of max 96 threads...
Elapsed time for scoring matrix computation: 2.384856
 Repeat=2
Problem size: Matrix[11808][11808]
Total memory footprint is:1 GB
Skipping backtrack ...
Using 96 out of max 96 threads...
Elapsed time for scoring matrix computation: 1.864690
 Repeat=3
Problem size: Matrix[11808][11808]
Total memory footprint is:1 GB
Skipping backtrack ...
Using 96 out of max 96 threads...
Elapsed time for scoring matrix computation: 2.282025
 Repeat=1
Problem size: Matrix[12320][12320]
Total memory footprint is:1 GB
Skipping backtrack ...
Using 96 out of max 96 threads...
Elapsed time for scoring matrix computation: 1.715892
 Repeat=2
Problem size: Matrix[12320][12320]
Total memory footprint is:1 GB
Skipping backtrack ...
Using 96 out of max 96 threads...
Elapsed time for scoring matrix computation: 1.924690
 Repeat=3
Problem size: Matrix[12320][12320]
Total memory footprint is:1 GB
Skipping backtrack ...
Using 96 out of max 96 threads...
Elapsed time for scoring matrix computation: 1.913549
 Repeat=1
Problem size: Matrix[12832][12832]
Total memory footprint is:1 GB
Skipping backtrack ...
Using 96 out of max 96 threads...
Elapsed time for scoring matrix computation: 1.798143
 Repeat=2
Problem size: Matrix[12832][12832]
Total memory footprint is:1 GB
Skipping backtrack ...
Using 96 out of max 96 threads...
Elapsed time for scoring matrix computation: 3.083307
 Repeat=3
Problem size: Matrix[12832][12832]
Total memory footprint is:1 GB
Skipping backtrack ...
Using 96 out of max 96 threads...
Elapsed time for scoring matrix computation: 2.165314
 Repeat=1
Problem size: Matrix[13344][13344]
Total memory footprint is:1 GB
Skipping backtrack ...
Using 96 out of max 96 threads...
Elapsed time for scoring matrix computation: 2.196925
 Repeat=2
Problem size: Matrix[13344][13344]
Total memory footprint is:1 GB
Skipping backtrack ...
Using 96 out of max 96 threads...
Elapsed time for scoring matrix computation: 2.094767
 Repeat=3
Problem size: Matrix[13344][13344]
Total memory footprint is:1 GB
Skipping backtrack ...
Using 96 out of max 96 threads...
Elapsed time for scoring matrix computation: 1.953649
 Repeat=1
Problem size: Matrix[13856][13856]
Total memory footprint is:1 GB
Skipping backtrack ...
Using 96 out of max 96 threads...
Elapsed time for scoring matrix computation: 2.322033
 Repeat=2
Problem size: Matrix[13856][13856]
Total memory footprint is:1 GB
Skipping backtrack ...
Using 96 out of max 96 threads...
Elapsed time for scoring matrix computation: 2.048646
 Repeat=3
Problem size: Matrix[13856][13856]
Total memory footprint is:1 GB
Skipping backtrack ...
Using 96 out of max 96 threads...
Elapsed time for scoring matrix computation: 2.230142
 Repeat=1
Problem size: Matrix[14368][14368]
Total memory footprint is:1 GB
Skipping backtrack ...
Using 96 out of max 96 threads...
Elapsed time for scoring matrix computation: 2.401956
 Repeat=2
Problem size: Matrix[14368][14368]
Total memory footprint is:1 GB
Skipping backtrack ...
Using 96 out of max 96 threads...
Elapsed time for scoring matrix computation: 2.344095
 Repeat=3
Problem size: Matrix[14368][14368]
Total memory footprint is:1 GB
Skipping backtrack ...
Using 96 out of max 96 threads...
Elapsed time for scoring matrix computation: 2.260016
 Repeat=1
Problem size: Matrix[14880][14880]
Total memory footprint is:1 GB
Skipping backtrack ...
Using 96 out of max 96 threads...
Elapsed time for scoring matrix computation: 2.403402
 Repeat=2
Problem size: Matrix[14880][14880]
Total memory footprint is:1 GB
Skipping backtrack ...
Using 96 out of max 96 threads...
Elapsed time for scoring matrix computation: 2.448185
 Repeat=3
Problem size: Matrix[14880][14880]
Total memory footprint is:1 GB
Skipping backtrack ...
Using 96 out of max 96 threads...
Elapsed time for scoring matrix computation: 2.921575
 Repeat=1
Problem size: Matrix[15392][15392]
Total memory footprint is:1 GB
Skipping backtrack ...
Using 96 out of max 96 threads...
Elapsed time for scoring matrix computation: 2.166966
 Repeat=2
Problem size: Matrix[15392][15392]
Total memory footprint is:1 GB
Skipping backtrack ...
Using 96 out of max 96 threads...
Elapsed time for scoring matrix computation: 2.388730
 Repeat=3
Problem size: Matrix[15392][15392]
Total memory footprint is:1 GB
Skipping backtrack ...
Using 96 out of max 96 threads...
Elapsed time for scoring matrix computation: 2.775782
 Repeat=1
Problem size: Matrix[15904][15904]
Total memory footprint is:1 GB
Skipping backtrack ...
Using 96 out of max 96 threads...
Elapsed time for scoring matrix computation: 3.022788
 Repeat=2
Problem size: Matrix[15904][15904]
Total memory footprint is:1 GB
Skipping backtrack ...
Using 96 out of max 96 threads...
Elapsed time for scoring matrix computation: 2.442167
 Repeat=3
Problem size: Matrix[15904][15904]
Total memory footprint is:1 GB
Skipping backtrack ...
Using 96 out of max 96 threads...
Elapsed time for scoring matrix computation: 2.478975
 Repeat=1
Problem size: Matrix[16416][16416]
Total memory footprint is:2 GB
Skipping backtrack ...
Using 96 out of max 96 threads...
Elapsed time for scoring matrix computation: 2.695910
 Repeat=2
Problem size: Matrix[16416][16416]
Total memory footprint is:2 GB
Skipping backtrack ...
Using 96 out of max 96 threads...
Elapsed time for scoring matrix computation: 2.481511
 Repeat=3
Problem size: Matrix[16416][16416]
Total memory footprint is:2 GB
Skipping backtrack ...
Using 96 out of max 96 threads...
Elapsed time for scoring matrix computation: 2.436505
 Repeat=1
Problem size: Matrix[16928][16928]
Total memory footprint is:2 GB
Skipping backtrack ...
Using 96 out of max 96 threads...
Elapsed time for scoring matrix computation: 2.497752
 Repeat=2
Problem size: Matrix[16928][16928]
Total memory footprint is:2 GB
Skipping backtrack ...
Using 96 out of max 96 threads...
Elapsed time for scoring matrix computation: 2.368130
 Repeat=3
Problem size: Matrix[16928][16928]
Total memory footprint is:2 GB
Skipping backtrack ...
Using 96 out of max 96 threads...
Elapsed time for scoring matrix computation: 2.540154
 Repeat=1
Problem size: Matrix[17440][17440]
Total memory footprint is:2 GB
Skipping backtrack ...
Using 96 out of max 96 threads...
Elapsed time for scoring matrix computation: 2.782384
 Repeat=2
Problem size: Matrix[17440][17440]
Total memory footprint is:2 GB
Skipping backtrack ...
Using 96 out of max 96 threads...
Elapsed time for scoring matrix computation: 2.635831
 Repeat=3
Problem size: Matrix[17440][17440]
Total memory footprint is:2 GB
Skipping backtrack ...
Using 96 out of max 96 threads...
Elapsed time for scoring matrix computation: 2.708472
 Repeat=1
Problem size: Matrix[17952][17952]
Total memory footprint is:2 GB
Skipping backtrack ...
Using 96 out of max 96 threads...
Elapsed time for scoring matrix computation: 2.319943
 Repeat=2
Problem size: Matrix[17952][17952]
Total memory footprint is:2 GB
Skipping backtrack ...
Using 96 out of max 96 threads...
Elapsed time for scoring matrix computation: 2.887310
 Repeat=3
Problem size: Matrix[17952][17952]
Total memory footprint is:2 GB
Skipping backtrack ...
Using 96 out of max 96 threads...
Elapsed time for scoring matrix computation: 2.813462
 Repeat=1
Problem size: Matrix[18464][18464]
Total memory footprint is:2 GB
Skipping backtrack ...
Using 96 out of max 96 threads...
Elapsed time for scoring matrix computation: 3.356582
 Repeat=2
Problem size: Matrix[18464][18464]
Total memory footprint is:2 GB
Skipping backtrack ...
Using 96 out of max 96 threads...
Elapsed time for scoring matrix computation: 2.694520
 Repeat=3
Problem size: Matrix[18464][18464]
Total memory footprint is:2 GB
Skipping backtrack ...
Using 96 out of max 96 threads...
Elapsed time for scoring matrix computation: 2.812054
 Repeat=1
Problem size: Matrix[18976][18976]
Total memory footprint is:2 GB
Skipping backtrack ...
Using 96 out of max 96 threads...
Elapsed time for scoring matrix computation: 2.981898
 Repeat=2
Problem size: Matrix[18976][18976]
Total memory footprint is:2 GB
Skipping backtrack ...
Using 96 out of max 96 threads...
Elapsed time for scoring matrix computation: 3.017003
 Repeat=3
Problem size: Matrix[18976][18976]
Total memory footprint is:2 GB
Skipping backtrack ...
Using 96 out of max 96 threads...
Elapsed time for scoring matrix computation: 2.895135
 Repeat=1
Problem size: Matrix[19488][19488]
Total memory footprint is:2 GB
Skipping backtrack ...
Using 96 out of max 96 threads...
Elapsed time for scoring matrix computation: 2.870013
 Repeat=2
Problem size: Matrix[19488][19488]
Total memory footprint is:2 GB
Skipping backtrack ...
Using 96 out of max 96 threads...
Elapsed time for scoring matrix computation: 2.810994
 Repeat=3
Problem size: Matrix[19488][19488]
Total memory footprint is:2 GB
Skipping backtrack ...
Using 96 out of max 96 threads...
Elapsed time for scoring matrix computation: 2.898744
 Repeat=1
Problem size: Matrix[20000][20000]
Total memory footprint is:2 GB
Skipping backtrack ...
Using 96 out of max 96 threads...
Elapsed time for scoring matrix computation: 3.310740
 Repeat=2
Problem size: Matrix[20000][20000]
Total memory footprint is:2 GB
Skipping backtrack ...
Using 96 out of max 96 threads...
Elapsed time for scoring matrix computation: 3.038648
 Repeat=3
Problem size: Matrix[20000][20000]
Total memory footprint is:2 GB
Skipping backtrack ...
Using 96 out of max 96 threads...
Elapsed time for scoring matrix computation: 3.002342
 Repeat=1
Problem size: Matrix[20512][20512]
Total memory footprint is:3 GB
Skipping backtrack ...
Using 96 out of max 96 threads...
Elapsed time for scoring matrix computation: 3.322258
 Repeat=2
Problem size: Matrix[20512][20512]
Total memory footprint is:3 GB
Skipping backtrack ...
Using 96 out of max 96 threads...
Elapsed time for scoring matrix computation: 3.159944
 Repeat=3
Problem size: Matrix[20512][20512]
Total memory footprint is:3 GB
Skipping backtrack ...
Using 96 out of max 96 threads...
Elapsed time for scoring matrix computation: 3.214832
 Repeat=1
Problem size: Matrix[21024][21024]
Total memory footprint is:3 GB
Skipping backtrack ...
Using 96 out of max 96 threads...
Elapsed time for scoring matrix computation: 3.450949
 Repeat=2
Problem size: Matrix[21024][21024]
Total memory footprint is:3 GB
Skipping backtrack ...
Using 96 out of max 96 threads...
Elapsed time for scoring matrix computation: 2.951237
 Repeat=3
Problem size: Matrix[21024][21024]
Total memory footprint is:3 GB
Skipping backtrack ...
Using 96 out of max 96 threads...
Elapsed time for scoring matrix computation: 2.999229
 Repeat=1
Problem size: Matrix[21536][21536]
Total memory footprint is:3 GB
Skipping backtrack ...
Using 96 out of max 96 threads...
Elapsed time for scoring matrix computation: 3.252227
 Repeat=2
Problem size: Matrix[21536][21536]
Total memory footprint is:3 GB
Skipping backtrack ...
Using 96 out of max 96 threads...
Elapsed time for scoring matrix computation: 3.341334
 Repeat=3
Problem size: Matrix[21536][21536]
Total memory footprint is:3 GB
Skipping backtrack ...
Using 96 out of max 96 threads...
Elapsed time for scoring matrix computation: 3.315408
 Repeat=1
Problem size: Matrix[22048][22048]
Total memory footprint is:3 GB
Skipping backtrack ...
Using 96 out of max 96 threads...
Elapsed time for scoring matrix computation: 4.127070
 Repeat=2
Problem size: Matrix[22048][22048]
Total memory footprint is:3 GB
Skipping backtrack ...
Using 96 out of max 96 threads...
Elapsed time for scoring matrix computation: 3.360939
 Repeat=3
Problem size: Matrix[22048][22048]
Total memory footprint is:3 GB
Skipping backtrack ...
Using 96 out of max 96 threads...
Elapsed time for scoring matrix computation: 3.674168
 Repeat=1
Problem size: Matrix[22560][22560]
Total memory footprint is:3 GB
Skipping backtrack ...
Using 96 out of max 96 threads...
Elapsed time for scoring matrix computation: 3.856121
 Repeat=2
Problem size: Matrix[22560][22560]
Total memory footprint is:3 GB
Skipping backtrack ...
Using 96 out of max 96 threads...
Elapsed time for scoring matrix computation: 3.586734
 Repeat=3
Problem size: Matrix[22560][22560]
Total memory footprint is:3 GB
Skipping backtrack ...
Using 96 out of max 96 threads...
Elapsed time for scoring matrix computation: 3.411185
 Repeat=1
Problem size: Matrix[23072][23072]
Total memory footprint is:3 GB
Skipping backtrack ...
Using 96 out of max 96 threads...
Elapsed time for scoring matrix computation: 3.690653
 Repeat=2
Problem size: Matrix[23072][23072]
Total memory footprint is:3 GB
Skipping backtrack ...
Using 96 out of max 96 threads...
Elapsed time for scoring matrix computation: 3.348741
 Repeat=3
Problem size: Matrix[23072][23072]
Total memory footprint is:3 GB
Skipping backtrack ...
Using 96 out of max 96 threads...
Elapsed time for scoring matrix computation: 3.500391
 Repeat=1
Problem size: Matrix[23584][23584]
Total memory footprint is:4 GB
Skipping backtrack ...
Using 96 out of max 96 threads...
Elapsed time for scoring matrix computation: 3.538953
 Repeat=2
Problem size: Matrix[23584][23584]
Total memory footprint is:4 GB
Skipping backtrack ...
Using 96 out of max 96 threads...
Elapsed time for scoring matrix computation: 3.446709
 Repeat=3
Problem size: Matrix[23584][23584]
Total memory footprint is:4 GB
Skipping backtrack ...
Using 96 out of max 96 threads...
Elapsed time for scoring matrix computation: 4.502001
 Repeat=1
Problem size: Matrix[24096][24096]
Total memory footprint is:4 GB
Skipping backtrack ...
Using 96 out of max 96 threads...
Elapsed time for scoring matrix computation: 4.011412
 Repeat=2
Problem size: Matrix[24096][24096]
Total memory footprint is:4 GB
Skipping backtrack ...
Using 96 out of max 96 threads...
Elapsed time for scoring matrix computation: 3.750671
 Repeat=3
Problem size: Matrix[24096][24096]
Total memory footprint is:4 GB
Skipping backtrack ...
Using 96 out of max 96 threads...
Elapsed time for scoring matrix computation: 3.553373
 Repeat=1
Problem size: Matrix[24608][24608]
Total memory footprint is:4 GB
Skipping backtrack ...
Using 96 out of max 96 threads...
Elapsed time for scoring matrix computation: 3.904727
 Repeat=2
Problem size: Matrix[24608][24608]
Total memory footprint is:4 GB
Skipping backtrack ...
Using 96 out of max 96 threads...
Elapsed time for scoring matrix computation: 4.009513
 Repeat=3
Problem size: Matrix[24608][24608]
Total memory footprint is:4 GB
Skipping backtrack ...
Using 96 out of max 96 threads...
Elapsed time for scoring matrix computation: 4.048528
 Repeat=1
Problem size: Matrix[25120][25120]
Total memory footprint is:4 GB
Skipping backtrack ...
Using 96 out of max 96 threads...
Elapsed time for scoring matrix computation: 3.645671
 Repeat=2
Problem size: Matrix[25120][25120]
Total memory footprint is:4 GB
Skipping backtrack ...
Using 96 out of max 96 threads...
Elapsed time for scoring matrix computation: 4.449478
 Repeat=3
Problem size: Matrix[25120][25120]
Total memory footprint is:4 GB
Skipping backtrack ...
Using 96 out of max 96 threads...
Elapsed time for scoring matrix computation: 3.742406
 Repeat=1
Problem size: Matrix[25632][25632]
Total memory footprint is:4 GB
Skipping backtrack ...
Using 96 out of max 96 threads...
Elapsed time for scoring matrix computation: 4.083819
 Repeat=2
Problem size: Matrix[25632][25632]
Total memory footprint is:4 GB
Skipping backtrack ...
Using 96 out of max 96 threads...
Elapsed time for scoring matrix computation: 4.168524
 Repeat=3
Problem size: Matrix[25632][25632]
Total memory footprint is:4 GB
Skipping backtrack ...
Using 96 out of max 96 threads...
Elapsed time for scoring matrix computation: 3.566017
