+ EXE_FILE=v0-serial_smithW.out
++ date +%Y%m%d_%H%M%S
+ TIMESTAMP=20210524_181838
++ uname -n
+ NODE_NAME=lassen36
++ uname -m
+ HARDWAREE_NAME=ppc64le
+ rm ./v0-serial_smithW.out
+ make ./v0-serial_smithW.out
/g/g17/liao6/workspace-wsa/opt/llvm-master-offload/bin/clang++  -O3 -g -std=c++11 -DSKIP_BACKTRACK=1 -o v0-serial_smithW.out omp_smithW-v1-refinedOrig.cpp
+ export OMP_NUM_THREADS=44
+ OMP_NUM_THREADS=44
+ counter=
+ for N_SIZE in '{32..26000..512}'
+ let 'counter += 1'
+ echo 'running count=1, problem M=32 N=32'
running count=1, problem M=32 N=32
+ for repeat in 1 2 3
+ echo ' Repeat=1'
 Repeat=1
+ ./v0-serial_smithW.out 32 32
Problem size: Matrix[32][32]
Total memory footprint is:0 MB
Skipping backtrack ...

Elapsed time for scoring matrix computation: 0.000003
+ for repeat in 1 2 3
+ echo ' Repeat=2'
 Repeat=2
+ ./v0-serial_smithW.out 32 32
Problem size: Matrix[32][32]
Total memory footprint is:0 MB
Skipping backtrack ...

Elapsed time for scoring matrix computation: 0.000003
+ for repeat in 1 2 3
+ echo ' Repeat=3'
 Repeat=3
+ ./v0-serial_smithW.out 32 32
Problem size: Matrix[32][32]
Total memory footprint is:0 MB
Skipping backtrack ...

Elapsed time for scoring matrix computation: 0.000002
+ for N_SIZE in '{32..26000..512}'
+ let 'counter += 1'
+ echo 'running count=2, problem M=544 N=544'
running count=2, problem M=544 N=544
+ for repeat in 1 2 3
+ echo ' Repeat=1'
 Repeat=1
+ ./v0-serial_smithW.out 544 544
Problem size: Matrix[544][544]
Total memory footprint is:2 MB
Skipping backtrack ...

Elapsed time for scoring matrix computation: 0.000823
+ for repeat in 1 2 3
+ echo ' Repeat=2'
 Repeat=2
+ ./v0-serial_smithW.out 544 544
Problem size: Matrix[544][544]
Total memory footprint is:2 MB
Skipping backtrack ...

Elapsed time for scoring matrix computation: 0.000801
+ for repeat in 1 2 3
+ echo ' Repeat=3'
 Repeat=3
+ ./v0-serial_smithW.out 544 544
Problem size: Matrix[544][544]
Total memory footprint is:2 MB
Skipping backtrack ...

Elapsed time for scoring matrix computation: 0.000785
+ for N_SIZE in '{32..26000..512}'
+ let 'counter += 1'
+ echo 'running count=3, problem M=1056 N=1056'
running count=3, problem M=1056 N=1056
+ for repeat in 1 2 3
+ echo ' Repeat=1'
 Repeat=1
+ ./v0-serial_smithW.out 1056 1056
Problem size: Matrix[1056][1056]
Total memory footprint is:8 MB
Skipping backtrack ...

Elapsed time for scoring matrix computation: 0.003178
+ for repeat in 1 2 3
+ echo ' Repeat=2'
 Repeat=2
+ ./v0-serial_smithW.out 1056 1056
Problem size: Matrix[1056][1056]
Total memory footprint is:8 MB
Skipping backtrack ...

Elapsed time for scoring matrix computation: 0.003157
+ for repeat in 1 2 3
+ echo ' Repeat=3'
 Repeat=3
+ ./v0-serial_smithW.out 1056 1056
Problem size: Matrix[1056][1056]
Total memory footprint is:8 MB
Skipping backtrack ...

Elapsed time for scoring matrix computation: 0.003133
+ for N_SIZE in '{32..26000..512}'
+ let 'counter += 1'
+ echo 'running count=4, problem M=1568 N=1568'
running count=4, problem M=1568 N=1568
+ for repeat in 1 2 3
+ echo ' Repeat=1'
 Repeat=1
+ ./v0-serial_smithW.out 1568 1568
Problem size: Matrix[1568][1568]
Total memory footprint is:18 MB
Skipping backtrack ...

Elapsed time for scoring matrix computation: 0.007436
+ for repeat in 1 2 3
+ echo ' Repeat=2'
 Repeat=2
+ ./v0-serial_smithW.out 1568 1568
Problem size: Matrix[1568][1568]
Total memory footprint is:18 MB
Skipping backtrack ...

Elapsed time for scoring matrix computation: 0.007345
+ for repeat in 1 2 3
+ echo ' Repeat=3'
 Repeat=3
+ ./v0-serial_smithW.out 1568 1568
Problem size: Matrix[1568][1568]
Total memory footprint is:18 MB
Skipping backtrack ...

Elapsed time for scoring matrix computation: 0.007353
+ for N_SIZE in '{32..26000..512}'
+ let 'counter += 1'
+ echo 'running count=5, problem M=2080 N=2080'
running count=5, problem M=2080 N=2080
+ for repeat in 1 2 3
+ echo ' Repeat=1'
 Repeat=1
+ ./v0-serial_smithW.out 2080 2080
Problem size: Matrix[2080][2080]
Total memory footprint is:33 MB
Skipping backtrack ...

Elapsed time for scoring matrix computation: 0.013708
+ for repeat in 1 2 3
+ echo ' Repeat=2'
 Repeat=2
+ ./v0-serial_smithW.out 2080 2080
Problem size: Matrix[2080][2080]
Total memory footprint is:33 MB
Skipping backtrack ...

Elapsed time for scoring matrix computation: 0.013434
+ for repeat in 1 2 3
+ echo ' Repeat=3'
 Repeat=3
+ ./v0-serial_smithW.out 2080 2080
Problem size: Matrix[2080][2080]
Total memory footprint is:33 MB
Skipping backtrack ...

Elapsed time for scoring matrix computation: 0.013460
+ for N_SIZE in '{32..26000..512}'
+ let 'counter += 1'
+ echo 'running count=6, problem M=2592 N=2592'
running count=6, problem M=2592 N=2592
+ for repeat in 1 2 3
+ echo ' Repeat=1'
 Repeat=1
+ ./v0-serial_smithW.out 2592 2592
Problem size: Matrix[2592][2592]
Total memory footprint is:51 MB
Skipping backtrack ...

Elapsed time for scoring matrix computation: 0.022270
+ for repeat in 1 2 3
+ echo ' Repeat=2'
 Repeat=2
+ ./v0-serial_smithW.out 2592 2592
Problem size: Matrix[2592][2592]
Total memory footprint is:51 MB
Skipping backtrack ...

Elapsed time for scoring matrix computation: 0.021967
+ for repeat in 1 2 3
+ echo ' Repeat=3'
 Repeat=3
+ ./v0-serial_smithW.out 2592 2592
Problem size: Matrix[2592][2592]
Total memory footprint is:51 MB
Skipping backtrack ...

Elapsed time for scoring matrix computation: 0.021836
+ for N_SIZE in '{32..26000..512}'
+ let 'counter += 1'
+ echo 'running count=7, problem M=3104 N=3104'
running count=7, problem M=3104 N=3104
+ for repeat in 1 2 3
+ echo ' Repeat=1'
 Repeat=1
+ ./v0-serial_smithW.out 3104 3104
Problem size: Matrix[3104][3104]
Total memory footprint is:73 MB
Skipping backtrack ...

Elapsed time for scoring matrix computation: 0.033633
+ for repeat in 1 2 3
+ echo ' Repeat=2'
 Repeat=2
+ ./v0-serial_smithW.out 3104 3104
Problem size: Matrix[3104][3104]
Total memory footprint is:73 MB
Skipping backtrack ...

Elapsed time for scoring matrix computation: 0.033616
+ for repeat in 1 2 3
+ echo ' Repeat=3'
 Repeat=3
+ ./v0-serial_smithW.out 3104 3104
Problem size: Matrix[3104][3104]
Total memory footprint is:73 MB
Skipping backtrack ...

Elapsed time for scoring matrix computation: 0.033594
+ for N_SIZE in '{32..26000..512}'
+ let 'counter += 1'
+ echo 'running count=8, problem M=3616 N=3616'
running count=8, problem M=3616 N=3616
+ for repeat in 1 2 3
+ echo ' Repeat=1'
 Repeat=1
+ ./v0-serial_smithW.out 3616 3616
Problem size: Matrix[3616][3616]
Total memory footprint is:99 MB
Skipping backtrack ...

Elapsed time for scoring matrix computation: 0.056008
+ for repeat in 1 2 3
+ echo ' Repeat=2'
 Repeat=2
+ ./v0-serial_smithW.out 3616 3616
Problem size: Matrix[3616][3616]
Total memory footprint is:99 MB
Skipping backtrack ...

Elapsed time for scoring matrix computation: 0.055512
+ for repeat in 1 2 3
+ echo ' Repeat=3'
 Repeat=3
+ ./v0-serial_smithW.out 3616 3616
Problem size: Matrix[3616][3616]
Total memory footprint is:99 MB
Skipping backtrack ...

Elapsed time for scoring matrix computation: 0.055607
+ for N_SIZE in '{32..26000..512}'
+ let 'counter += 1'
+ echo 'running count=9, problem M=4128 N=4128'
running count=9, problem M=4128 N=4128
+ for repeat in 1 2 3
+ echo ' Repeat=1'
 Repeat=1
+ ./v0-serial_smithW.out 4128 4128
Problem size: Matrix[4128][4128]
Total memory footprint is:130 MB
Skipping backtrack ...

Elapsed time for scoring matrix computation: 0.083644
+ for repeat in 1 2 3
+ echo ' Repeat=2'
 Repeat=2
+ ./v0-serial_smithW.out 4128 4128
Problem size: Matrix[4128][4128]
Total memory footprint is:130 MB
Skipping backtrack ...

Elapsed time for scoring matrix computation: 0.083326
+ for repeat in 1 2 3
+ echo ' Repeat=3'
 Repeat=3
+ ./v0-serial_smithW.out 4128 4128
Problem size: Matrix[4128][4128]
Total memory footprint is:130 MB
Skipping backtrack ...

Elapsed time for scoring matrix computation: 0.082501
+ for N_SIZE in '{32..26000..512}'
+ let 'counter += 1'
+ echo 'running count=10, problem M=4640 N=4640'
running count=10, problem M=4640 N=4640
+ for repeat in 1 2 3
+ echo ' Repeat=1'
 Repeat=1
+ ./v0-serial_smithW.out 4640 4640
Problem size: Matrix[4640][4640]
Total memory footprint is:164 MB
Skipping backtrack ...

Elapsed time for scoring matrix computation: 0.113784
+ for repeat in 1 2 3
+ echo ' Repeat=2'
 Repeat=2
+ ./v0-serial_smithW.out 4640 4640
Problem size: Matrix[4640][4640]
Total memory footprint is:164 MB
Skipping backtrack ...

Elapsed time for scoring matrix computation: 0.114220
+ for repeat in 1 2 3
+ echo ' Repeat=3'
 Repeat=3
+ ./v0-serial_smithW.out 4640 4640
Problem size: Matrix[4640][4640]
Total memory footprint is:164 MB
Skipping backtrack ...

Elapsed time for scoring matrix computation: 0.113916
+ for N_SIZE in '{32..26000..512}'
+ let 'counter += 1'
+ echo 'running count=11, problem M=5152 N=5152'
running count=11, problem M=5152 N=5152
+ for repeat in 1 2 3
+ echo ' Repeat=1'
 Repeat=1
+ ./v0-serial_smithW.out 5152 5152
Problem size: Matrix[5152][5152]
Total memory footprint is:202 MB
Skipping backtrack ...

Elapsed time for scoring matrix computation: 0.151574
+ for repeat in 1 2 3
+ echo ' Repeat=2'
 Repeat=2
+ ./v0-serial_smithW.out 5152 5152
Problem size: Matrix[5152][5152]
Total memory footprint is:202 MB
Skipping backtrack ...

Elapsed time for scoring matrix computation: 0.152950
+ for repeat in 1 2 3
+ echo ' Repeat=3'
 Repeat=3
+ ./v0-serial_smithW.out 5152 5152
Problem size: Matrix[5152][5152]
Total memory footprint is:202 MB
Skipping backtrack ...

Elapsed time for scoring matrix computation: 0.153241
+ for N_SIZE in '{32..26000..512}'
+ let 'counter += 1'
+ echo 'running count=12, problem M=5664 N=5664'
running count=12, problem M=5664 N=5664
+ for repeat in 1 2 3
+ echo ' Repeat=1'
 Repeat=1
+ ./v0-serial_smithW.out 5664 5664
Problem size: Matrix[5664][5664]
Total memory footprint is:244 MB
Skipping backtrack ...

Elapsed time for scoring matrix computation: 0.195330
+ for repeat in 1 2 3
+ echo ' Repeat=2'
 Repeat=2
+ ./v0-serial_smithW.out 5664 5664
Problem size: Matrix[5664][5664]
Total memory footprint is:244 MB
Skipping backtrack ...

Elapsed time for scoring matrix computation: 0.195782
+ for repeat in 1 2 3
+ echo ' Repeat=3'
 Repeat=3
+ ./v0-serial_smithW.out 5664 5664
Problem size: Matrix[5664][5664]
Total memory footprint is:244 MB
Skipping backtrack ...

Elapsed time for scoring matrix computation: 0.194186
+ for N_SIZE in '{32..26000..512}'
+ let 'counter += 1'
+ echo 'running count=13, problem M=6176 N=6176'
running count=13, problem M=6176 N=6176
+ for repeat in 1 2 3
+ echo ' Repeat=1'
 Repeat=1
+ ./v0-serial_smithW.out 6176 6176
Problem size: Matrix[6176][6176]
Total memory footprint is:291 MB
Skipping backtrack ...

Elapsed time for scoring matrix computation: 0.241915
+ for repeat in 1 2 3
+ echo ' Repeat=2'
 Repeat=2
+ ./v0-serial_smithW.out 6176 6176
Problem size: Matrix[6176][6176]
Total memory footprint is:291 MB
Skipping backtrack ...

Elapsed time for scoring matrix computation: 0.240788
+ for repeat in 1 2 3
+ echo ' Repeat=3'
 Repeat=3
+ ./v0-serial_smithW.out 6176 6176
Problem size: Matrix[6176][6176]
Total memory footprint is:291 MB
Skipping backtrack ...

Elapsed time for scoring matrix computation: 0.242355
+ for N_SIZE in '{32..26000..512}'
+ let 'counter += 1'
+ echo 'running count=14, problem M=6688 N=6688'
running count=14, problem M=6688 N=6688
+ for repeat in 1 2 3
+ echo ' Repeat=1'
 Repeat=1
+ ./v0-serial_smithW.out 6688 6688
Problem size: Matrix[6688][6688]
Total memory footprint is:341 MB
Skipping backtrack ...

Elapsed time for scoring matrix computation: 0.294658
+ for repeat in 1 2 3
+ echo ' Repeat=2'
 Repeat=2
+ ./v0-serial_smithW.out 6688 6688
Problem size: Matrix[6688][6688]
Total memory footprint is:341 MB
Skipping backtrack ...

Elapsed time for scoring matrix computation: 0.294149
+ for repeat in 1 2 3
+ echo ' Repeat=3'
 Repeat=3
+ ./v0-serial_smithW.out 6688 6688
Problem size: Matrix[6688][6688]
Total memory footprint is:341 MB
Skipping backtrack ...

Elapsed time for scoring matrix computation: 0.294553
+ for N_SIZE in '{32..26000..512}'
+ let 'counter += 1'
+ echo 'running count=15, problem M=7200 N=7200'
running count=15, problem M=7200 N=7200
+ for repeat in 1 2 3
+ echo ' Repeat=1'
 Repeat=1
+ ./v0-serial_smithW.out 7200 7200
Problem size: Matrix[7200][7200]
Total memory footprint is:395 MB
Skipping backtrack ...

Elapsed time for scoring matrix computation: 0.354904
+ for repeat in 1 2 3
+ echo ' Repeat=2'
 Repeat=2
+ ./v0-serial_smithW.out 7200 7200
Problem size: Matrix[7200][7200]
Total memory footprint is:395 MB
Skipping backtrack ...

Elapsed time for scoring matrix computation: 0.355457
+ for repeat in 1 2 3
+ echo ' Repeat=3'
 Repeat=3
+ ./v0-serial_smithW.out 7200 7200
Problem size: Matrix[7200][7200]
Total memory footprint is:395 MB
Skipping backtrack ...

Elapsed time for scoring matrix computation: 0.354950
+ for N_SIZE in '{32..26000..512}'
+ let 'counter += 1'
+ echo 'running count=16, problem M=7712 N=7712'
running count=16, problem M=7712 N=7712
+ for repeat in 1 2 3
+ echo ' Repeat=1'
 Repeat=1
+ ./v0-serial_smithW.out 7712 7712
Problem size: Matrix[7712][7712]
Total memory footprint is:453 MB
Skipping backtrack ...

Elapsed time for scoring matrix computation: 0.421996
+ for repeat in 1 2 3
+ echo ' Repeat=2'
 Repeat=2
+ ./v0-serial_smithW.out 7712 7712
Problem size: Matrix[7712][7712]
Total memory footprint is:453 MB
Skipping backtrack ...

Elapsed time for scoring matrix computation: 0.421415
+ for repeat in 1 2 3
+ echo ' Repeat=3'
 Repeat=3
+ ./v0-serial_smithW.out 7712 7712
Problem size: Matrix[7712][7712]
Total memory footprint is:453 MB
Skipping backtrack ...

Elapsed time for scoring matrix computation: 0.419821
+ for N_SIZE in '{32..26000..512}'
+ let 'counter += 1'
+ echo 'running count=17, problem M=8224 N=8224'
running count=17, problem M=8224 N=8224
+ for repeat in 1 2 3
+ echo ' Repeat=1'
 Repeat=1
+ ./v0-serial_smithW.out 8224 8224
Problem size: Matrix[8224][8224]
Total memory footprint is:516 MB
Skipping backtrack ...

Elapsed time for scoring matrix computation: 0.586359
+ for repeat in 1 2 3
+ echo ' Repeat=2'
 Repeat=2
+ ./v0-serial_smithW.out 8224 8224
Problem size: Matrix[8224][8224]
Total memory footprint is:516 MB
Skipping backtrack ...

Elapsed time for scoring matrix computation: 0.593926
+ for repeat in 1 2 3
+ echo ' Repeat=3'
 Repeat=3
+ ./v0-serial_smithW.out 8224 8224
Problem size: Matrix[8224][8224]
Total memory footprint is:516 MB
Skipping backtrack ...

Elapsed time for scoring matrix computation: 0.587001
+ for N_SIZE in '{32..26000..512}'
+ let 'counter += 1'
+ echo 'running count=18, problem M=8736 N=8736'
running count=18, problem M=8736 N=8736
+ for repeat in 1 2 3
+ echo ' Repeat=1'
 Repeat=1
+ ./v0-serial_smithW.out 8736 8736
Problem size: Matrix[8736][8736]
Total memory footprint is:582 MB
Skipping backtrack ...

Elapsed time for scoring matrix computation: 0.566537
+ for repeat in 1 2 3
+ echo ' Repeat=2'
 Repeat=2
+ ./v0-serial_smithW.out 8736 8736
Problem size: Matrix[8736][8736]
Total memory footprint is:582 MB
Skipping backtrack ...

Elapsed time for scoring matrix computation: 0.562498
+ for repeat in 1 2 3
+ echo ' Repeat=3'
 Repeat=3
+ ./v0-serial_smithW.out 8736 8736
Problem size: Matrix[8736][8736]
Total memory footprint is:582 MB
Skipping backtrack ...

Elapsed time for scoring matrix computation: 0.566924
+ for N_SIZE in '{32..26000..512}'
+ let 'counter += 1'
+ echo 'running count=19, problem M=9248 N=9248'
running count=19, problem M=9248 N=9248
+ for repeat in 1 2 3
+ echo ' Repeat=1'
 Repeat=1
+ ./v0-serial_smithW.out 9248 9248
Problem size: Matrix[9248][9248]
Total memory footprint is:652 MB
Skipping backtrack ...

Elapsed time for scoring matrix computation: 0.643956
+ for repeat in 1 2 3
+ echo ' Repeat=2'
 Repeat=2
+ ./v0-serial_smithW.out 9248 9248
Problem size: Matrix[9248][9248]
Total memory footprint is:652 MB
Skipping backtrack ...

Elapsed time for scoring matrix computation: 0.644128
+ for repeat in 1 2 3
+ echo ' Repeat=3'
 Repeat=3
+ ./v0-serial_smithW.out 9248 9248
Problem size: Matrix[9248][9248]
Total memory footprint is:652 MB
Skipping backtrack ...

Elapsed time for scoring matrix computation: 0.638647
+ for N_SIZE in '{32..26000..512}'
+ let 'counter += 1'
+ echo 'running count=20, problem M=9760 N=9760'
running count=20, problem M=9760 N=9760
+ for repeat in 1 2 3
+ echo ' Repeat=1'
 Repeat=1
+ ./v0-serial_smithW.out 9760 9760
Problem size: Matrix[9760][9760]
Total memory footprint is:726 MB
Skipping backtrack ...

Elapsed time for scoring matrix computation: 0.726596
+ for repeat in 1 2 3
+ echo ' Repeat=2'
 Repeat=2
+ ./v0-serial_smithW.out 9760 9760
Problem size: Matrix[9760][9760]
Total memory footprint is:726 MB
Skipping backtrack ...

Elapsed time for scoring matrix computation: 0.719562
+ for repeat in 1 2 3
+ echo ' Repeat=3'
 Repeat=3
+ ./v0-serial_smithW.out 9760 9760
Problem size: Matrix[9760][9760]
Total memory footprint is:726 MB
Skipping backtrack ...

Elapsed time for scoring matrix computation: 0.727431
+ for N_SIZE in '{32..26000..512}'
+ let 'counter += 1'
+ echo 'running count=21, problem M=10272 N=10272'
running count=21, problem M=10272 N=10272
+ for repeat in 1 2 3
+ echo ' Repeat=1'
 Repeat=1
+ ./v0-serial_smithW.out 10272 10272
Problem size: Matrix[10272][10272]
Total memory footprint is:805 MB
Skipping backtrack ...

Elapsed time for scoring matrix computation: 0.826855
+ for repeat in 1 2 3
+ echo ' Repeat=2'
 Repeat=2
+ ./v0-serial_smithW.out 10272 10272
Problem size: Matrix[10272][10272]
Total memory footprint is:805 MB
Skipping backtrack ...

Elapsed time for scoring matrix computation: 0.819988
+ for repeat in 1 2 3
+ echo ' Repeat=3'
 Repeat=3
+ ./v0-serial_smithW.out 10272 10272
Problem size: Matrix[10272][10272]
Total memory footprint is:805 MB
Skipping backtrack ...

Elapsed time for scoring matrix computation: 0.826455
+ for N_SIZE in '{32..26000..512}'
+ let 'counter += 1'
+ echo 'running count=22, problem M=10784 N=10784'
running count=22, problem M=10784 N=10784
+ for repeat in 1 2 3
+ echo ' Repeat=1'
 Repeat=1
+ ./v0-serial_smithW.out 10784 10784
Problem size: Matrix[10784][10784]
Total memory footprint is:887 MB
Skipping backtrack ...

Elapsed time for scoring matrix computation: 0.927048
+ for repeat in 1 2 3
+ echo ' Repeat=2'
 Repeat=2
+ ./v0-serial_smithW.out 10784 10784
Problem size: Matrix[10784][10784]
Total memory footprint is:887 MB
Skipping backtrack ...

Elapsed time for scoring matrix computation: 0.919099
+ for repeat in 1 2 3
+ echo ' Repeat=3'
 Repeat=3
+ ./v0-serial_smithW.out 10784 10784
Problem size: Matrix[10784][10784]
Total memory footprint is:887 MB
Skipping backtrack ...

Elapsed time for scoring matrix computation: 0.925641
+ for N_SIZE in '{32..26000..512}'
+ let 'counter += 1'
+ echo 'running count=23, problem M=11296 N=11296'
running count=23, problem M=11296 N=11296
+ for repeat in 1 2 3
+ echo ' Repeat=1'
 Repeat=1
+ ./v0-serial_smithW.out 11296 11296
Problem size: Matrix[11296][11296]
Total memory footprint is:973 MB
Skipping backtrack ...

Elapsed time for scoring matrix computation: 1.029823
+ for repeat in 1 2 3
+ echo ' Repeat=2'
 Repeat=2
+ ./v0-serial_smithW.out 11296 11296
Problem size: Matrix[11296][11296]
Total memory footprint is:973 MB
Skipping backtrack ...

Elapsed time for scoring matrix computation: 1.044798
+ for repeat in 1 2 3
+ echo ' Repeat=3'
 Repeat=3
+ ./v0-serial_smithW.out 11296 11296
Problem size: Matrix[11296][11296]
Total memory footprint is:973 MB
Skipping backtrack ...

Elapsed time for scoring matrix computation: 1.043060
+ for N_SIZE in '{32..26000..512}'
+ let 'counter += 1'
+ echo 'running count=24, problem M=11808 N=11808'
running count=24, problem M=11808 N=11808
+ for repeat in 1 2 3
+ echo ' Repeat=1'
 Repeat=1
+ ./v0-serial_smithW.out 11808 11808
Problem size: Matrix[11808][11808]
Total memory footprint is:1 GB
Skipping backtrack ...

Elapsed time for scoring matrix computation: 1.173010
+ for repeat in 1 2 3
+ echo ' Repeat=2'
 Repeat=2
+ ./v0-serial_smithW.out 11808 11808
Problem size: Matrix[11808][11808]
Total memory footprint is:1 GB
Skipping backtrack ...

Elapsed time for scoring matrix computation: 1.153879
+ for repeat in 1 2 3
+ echo ' Repeat=3'
 Repeat=3
+ ./v0-serial_smithW.out 11808 11808
Problem size: Matrix[11808][11808]
Total memory footprint is:1 GB
Skipping backtrack ...

Elapsed time for scoring matrix computation: 1.172198
+ for N_SIZE in '{32..26000..512}'
+ let 'counter += 1'
+ echo 'running count=25, problem M=12320 N=12320'
running count=25, problem M=12320 N=12320
+ for repeat in 1 2 3
+ echo ' Repeat=1'
 Repeat=1
+ ./v0-serial_smithW.out 12320 12320
Problem size: Matrix[12320][12320]
Total memory footprint is:1 GB
Skipping backtrack ...

Elapsed time for scoring matrix computation: 1.310719
+ for repeat in 1 2 3
+ echo ' Repeat=2'
 Repeat=2
+ ./v0-serial_smithW.out 12320 12320
Problem size: Matrix[12320][12320]
Total memory footprint is:1 GB
Skipping backtrack ...

Elapsed time for scoring matrix computation: 1.312326
+ for repeat in 1 2 3
+ echo ' Repeat=3'
 Repeat=3
+ ./v0-serial_smithW.out 12320 12320
Problem size: Matrix[12320][12320]
Total memory footprint is:1 GB
Skipping backtrack ...

Elapsed time for scoring matrix computation: 1.311371
+ for N_SIZE in '{32..26000..512}'
+ let 'counter += 1'
+ echo 'running count=26, problem M=12832 N=12832'
running count=26, problem M=12832 N=12832
+ for repeat in 1 2 3
+ echo ' Repeat=1'
 Repeat=1
+ ./v0-serial_smithW.out 12832 12832
Problem size: Matrix[12832][12832]
Total memory footprint is:1 GB
Skipping backtrack ...

Elapsed time for scoring matrix computation: 1.456810
+ for repeat in 1 2 3
+ echo ' Repeat=2'
 Repeat=2
+ ./v0-serial_smithW.out 12832 12832
Problem size: Matrix[12832][12832]
Total memory footprint is:1 GB
Skipping backtrack ...

Elapsed time for scoring matrix computation: 1.459822
+ for repeat in 1 2 3
+ echo ' Repeat=3'
 Repeat=3
+ ./v0-serial_smithW.out 12832 12832
Problem size: Matrix[12832][12832]
Total memory footprint is:1 GB
Skipping backtrack ...

Elapsed time for scoring matrix computation: 1.457942
+ for N_SIZE in '{32..26000..512}'
+ let 'counter += 1'
+ echo 'running count=27, problem M=13344 N=13344'
running count=27, problem M=13344 N=13344
+ for repeat in 1 2 3
+ echo ' Repeat=1'
 Repeat=1
+ ./v0-serial_smithW.out 13344 13344
Problem size: Matrix[13344][13344]
Total memory footprint is:1 GB
Skipping backtrack ...

Elapsed time for scoring matrix computation: 1.620101
+ for repeat in 1 2 3
+ echo ' Repeat=2'
 Repeat=2
+ ./v0-serial_smithW.out 13344 13344
Problem size: Matrix[13344][13344]
Total memory footprint is:1 GB
Skipping backtrack ...

Elapsed time for scoring matrix computation: 1.618792
+ for repeat in 1 2 3
+ echo ' Repeat=3'
 Repeat=3
+ ./v0-serial_smithW.out 13344 13344
Problem size: Matrix[13344][13344]
Total memory footprint is:1 GB
Skipping backtrack ...

Elapsed time for scoring matrix computation: 1.588820
+ for N_SIZE in '{32..26000..512}'
+ let 'counter += 1'
+ echo 'running count=28, problem M=13856 N=13856'
running count=28, problem M=13856 N=13856
+ for repeat in 1 2 3
+ echo ' Repeat=1'
 Repeat=1
+ ./v0-serial_smithW.out 13856 13856
Problem size: Matrix[13856][13856]
Total memory footprint is:1 GB
Skipping backtrack ...

Elapsed time for scoring matrix computation: 1.787642
+ for repeat in 1 2 3
+ echo ' Repeat=2'
 Repeat=2
+ ./v0-serial_smithW.out 13856 13856
Problem size: Matrix[13856][13856]
Total memory footprint is:1 GB
Skipping backtrack ...

Elapsed time for scoring matrix computation: 1.789709
+ for repeat in 1 2 3
+ echo ' Repeat=3'
 Repeat=3
+ ./v0-serial_smithW.out 13856 13856
Problem size: Matrix[13856][13856]
Total memory footprint is:1 GB
Skipping backtrack ...

Elapsed time for scoring matrix computation: 1.788628
+ for N_SIZE in '{32..26000..512}'
+ let 'counter += 1'
+ echo 'running count=29, problem M=14368 N=14368'
running count=29, problem M=14368 N=14368
+ for repeat in 1 2 3
+ echo ' Repeat=1'
 Repeat=1
+ ./v0-serial_smithW.out 14368 14368
Problem size: Matrix[14368][14368]
Total memory footprint is:1 GB
Skipping backtrack ...

Elapsed time for scoring matrix computation: 1.964289
+ for repeat in 1 2 3
+ echo ' Repeat=2'
 Repeat=2
+ ./v0-serial_smithW.out 14368 14368
Problem size: Matrix[14368][14368]
Total memory footprint is:1 GB
Skipping backtrack ...

Elapsed time for scoring matrix computation: 1.966369
+ for repeat in 1 2 3
+ echo ' Repeat=3'
 Repeat=3
+ ./v0-serial_smithW.out 14368 14368
Problem size: Matrix[14368][14368]
Total memory footprint is:1 GB
Skipping backtrack ...

Elapsed time for scoring matrix computation: 1.964251
+ for N_SIZE in '{32..26000..512}'
+ let 'counter += 1'
+ echo 'running count=30, problem M=14880 N=14880'
running count=30, problem M=14880 N=14880
+ for repeat in 1 2 3
+ echo ' Repeat=1'
 Repeat=1
+ ./v0-serial_smithW.out 14880 14880
Problem size: Matrix[14880][14880]
Total memory footprint is:1 GB
Skipping backtrack ...

Elapsed time for scoring matrix computation: 2.157086
+ for repeat in 1 2 3
+ echo ' Repeat=2'
 Repeat=2
+ ./v0-serial_smithW.out 14880 14880
Problem size: Matrix[14880][14880]
Total memory footprint is:1 GB
Skipping backtrack ...

Elapsed time for scoring matrix computation: 2.114626
+ for repeat in 1 2 3
+ echo ' Repeat=3'
 Repeat=3
+ ./v0-serial_smithW.out 14880 14880
Problem size: Matrix[14880][14880]
Total memory footprint is:1 GB
Skipping backtrack ...

Elapsed time for scoring matrix computation: 2.158201
+ for N_SIZE in '{32..26000..512}'
+ let 'counter += 1'
+ echo 'running count=31, problem M=15392 N=15392'
running count=31, problem M=15392 N=15392
+ for repeat in 1 2 3
+ echo ' Repeat=1'
 Repeat=1
+ ./v0-serial_smithW.out 15392 15392
Problem size: Matrix[15392][15392]
Total memory footprint is:1 GB
Skipping backtrack ...

Elapsed time for scoring matrix computation: 2.353212
+ for repeat in 1 2 3
+ echo ' Repeat=2'
 Repeat=2
+ ./v0-serial_smithW.out 15392 15392
Problem size: Matrix[15392][15392]
Total memory footprint is:1 GB
Skipping backtrack ...

Elapsed time for scoring matrix computation: 2.355632
+ for repeat in 1 2 3
+ echo ' Repeat=3'
 Repeat=3
+ ./v0-serial_smithW.out 15392 15392
Problem size: Matrix[15392][15392]
Total memory footprint is:1 GB
Skipping backtrack ...

Elapsed time for scoring matrix computation: 2.310671
+ for N_SIZE in '{32..26000..512}'
+ let 'counter += 1'
+ echo 'running count=32, problem M=15904 N=15904'
running count=32, problem M=15904 N=15904
+ for repeat in 1 2 3
+ echo ' Repeat=1'
 Repeat=1
+ ./v0-serial_smithW.out 15904 15904
Problem size: Matrix[15904][15904]
Total memory footprint is:1 GB
Skipping backtrack ...

Elapsed time for scoring matrix computation: 2.563640
+ for repeat in 1 2 3
+ echo ' Repeat=2'
 Repeat=2
+ ./v0-serial_smithW.out 15904 15904
Problem size: Matrix[15904][15904]
Total memory footprint is:1 GB
Skipping backtrack ...

Elapsed time for scoring matrix computation: 2.560865
+ for repeat in 1 2 3
+ echo ' Repeat=3'
 Repeat=3
+ ./v0-serial_smithW.out 15904 15904
Problem size: Matrix[15904][15904]
Total memory footprint is:1 GB
Skipping backtrack ...

Elapsed time for scoring matrix computation: 2.563247
+ for N_SIZE in '{32..26000..512}'
+ let 'counter += 1'
+ echo 'running count=33, problem M=16416 N=16416'
running count=33, problem M=16416 N=16416
+ for repeat in 1 2 3
+ echo ' Repeat=1'
 Repeat=1
+ ./v0-serial_smithW.out 16416 16416
Problem size: Matrix[16416][16416]
Total memory footprint is:2 GB
Skipping backtrack ...

Elapsed time for scoring matrix computation: 2.779658
+ for repeat in 1 2 3
+ echo ' Repeat=2'
 Repeat=2
+ ./v0-serial_smithW.out 16416 16416
Problem size: Matrix[16416][16416]
Total memory footprint is:2 GB
Skipping backtrack ...

Elapsed time for scoring matrix computation: 2.784103
+ for repeat in 1 2 3
+ echo ' Repeat=3'
 Repeat=3
+ ./v0-serial_smithW.out 16416 16416
Problem size: Matrix[16416][16416]
Total memory footprint is:2 GB
Skipping backtrack ...

Elapsed time for scoring matrix computation: 2.736195
+ for N_SIZE in '{32..26000..512}'
+ let 'counter += 1'
+ echo 'running count=34, problem M=16928 N=16928'
running count=34, problem M=16928 N=16928
+ for repeat in 1 2 3
+ echo ' Repeat=1'
 Repeat=1
+ ./v0-serial_smithW.out 16928 16928
Problem size: Matrix[16928][16928]
Total memory footprint is:2 GB
Skipping backtrack ...

Elapsed time for scoring matrix computation: 2.919572
+ for repeat in 1 2 3
+ echo ' Repeat=2'
 Repeat=2
+ ./v0-serial_smithW.out 16928 16928
Problem size: Matrix[16928][16928]
Total memory footprint is:2 GB
Skipping backtrack ...

Elapsed time for scoring matrix computation: 2.968169
+ for repeat in 1 2 3
+ echo ' Repeat=3'
 Repeat=3
+ ./v0-serial_smithW.out 16928 16928
Problem size: Matrix[16928][16928]
Total memory footprint is:2 GB
Skipping backtrack ...

Elapsed time for scoring matrix computation: 2.971301
+ for N_SIZE in '{32..26000..512}'
+ let 'counter += 1'
+ echo 'running count=35, problem M=17440 N=17440'
running count=35, problem M=17440 N=17440
+ for repeat in 1 2 3
+ echo ' Repeat=1'
 Repeat=1
+ ./v0-serial_smithW.out 17440 17440
Problem size: Matrix[17440][17440]
Total memory footprint is:2 GB
Skipping backtrack ...

Elapsed time for scoring matrix computation: 3.113734
+ for repeat in 1 2 3
+ echo ' Repeat=2'
 Repeat=2
+ ./v0-serial_smithW.out 17440 17440
Problem size: Matrix[17440][17440]
Total memory footprint is:2 GB
Skipping backtrack ...

Elapsed time for scoring matrix computation: 3.167428
+ for repeat in 1 2 3
+ echo ' Repeat=3'
 Repeat=3
+ ./v0-serial_smithW.out 17440 17440
Problem size: Matrix[17440][17440]
Total memory footprint is:2 GB
Skipping backtrack ...

Elapsed time for scoring matrix computation: 3.164413
+ for N_SIZE in '{32..26000..512}'
+ let 'counter += 1'
+ echo 'running count=36, problem M=17952 N=17952'
running count=36, problem M=17952 N=17952
+ for repeat in 1 2 3
+ echo ' Repeat=1'
 Repeat=1
+ ./v0-serial_smithW.out 17952 17952
Problem size: Matrix[17952][17952]
Total memory footprint is:2 GB
Skipping backtrack ...

Elapsed time for scoring matrix computation: 3.356989
+ for repeat in 1 2 3
+ echo ' Repeat=2'
 Repeat=2
+ ./v0-serial_smithW.out 17952 17952
Problem size: Matrix[17952][17952]
Total memory footprint is:2 GB
Skipping backtrack ...

Elapsed time for scoring matrix computation: 3.353075
+ for repeat in 1 2 3
+ echo ' Repeat=3'
 Repeat=3
+ ./v0-serial_smithW.out 17952 17952
Problem size: Matrix[17952][17952]
Total memory footprint is:2 GB
Skipping backtrack ...

Elapsed time for scoring matrix computation: 3.358972
+ for N_SIZE in '{32..26000..512}'
+ let 'counter += 1'
+ echo 'running count=37, problem M=18464 N=18464'
running count=37, problem M=18464 N=18464
+ for repeat in 1 2 3
+ echo ' Repeat=1'
 Repeat=1
+ ./v0-serial_smithW.out 18464 18464
Problem size: Matrix[18464][18464]
Total memory footprint is:2 GB
Skipping backtrack ...

Elapsed time for scoring matrix computation: 3.557930
+ for repeat in 1 2 3
+ echo ' Repeat=2'
 Repeat=2
+ ./v0-serial_smithW.out 18464 18464
Problem size: Matrix[18464][18464]
Total memory footprint is:2 GB
Skipping backtrack ...

Elapsed time for scoring matrix computation: 3.561098
+ for repeat in 1 2 3
+ echo ' Repeat=3'
 Repeat=3
+ ./v0-serial_smithW.out 18464 18464
Problem size: Matrix[18464][18464]
Total memory footprint is:2 GB
Skipping backtrack ...

Elapsed time for scoring matrix computation: 3.499639
+ for N_SIZE in '{32..26000..512}'
+ let 'counter += 1'
+ echo 'running count=38, problem M=18976 N=18976'
running count=38, problem M=18976 N=18976
+ for repeat in 1 2 3
+ echo ' Repeat=1'
 Repeat=1
+ ./v0-serial_smithW.out 18976 18976
Problem size: Matrix[18976][18976]
Total memory footprint is:2 GB
Skipping backtrack ...

Elapsed time for scoring matrix computation: 3.765978
+ for repeat in 1 2 3
+ echo ' Repeat=2'
 Repeat=2
+ ./v0-serial_smithW.out 18976 18976
Problem size: Matrix[18976][18976]
Total memory footprint is:2 GB
Skipping backtrack ...

Elapsed time for scoring matrix computation: 3.762258
+ for repeat in 1 2 3
+ echo ' Repeat=3'
 Repeat=3
+ ./v0-serial_smithW.out 18976 18976
Problem size: Matrix[18976][18976]
Total memory footprint is:2 GB
Skipping backtrack ...

Elapsed time for scoring matrix computation: 3.762881
+ for N_SIZE in '{32..26000..512}'
+ let 'counter += 1'
+ echo 'running count=39, problem M=19488 N=19488'
running count=39, problem M=19488 N=19488
+ for repeat in 1 2 3
+ echo ' Repeat=1'
 Repeat=1
+ ./v0-serial_smithW.out 19488 19488
Problem size: Matrix[19488][19488]
Total memory footprint is:2 GB
Skipping backtrack ...

Elapsed time for scoring matrix computation: 3.973040
+ for repeat in 1 2 3
+ echo ' Repeat=2'
 Repeat=2
+ ./v0-serial_smithW.out 19488 19488
Problem size: Matrix[19488][19488]
Total memory footprint is:2 GB
Skipping backtrack ...

Elapsed time for scoring matrix computation: 3.976559
+ for repeat in 1 2 3
+ echo ' Repeat=3'
 Repeat=3
+ ./v0-serial_smithW.out 19488 19488
Problem size: Matrix[19488][19488]
Total memory footprint is:2 GB
Skipping backtrack ...

Elapsed time for scoring matrix computation: 3.972626
+ for N_SIZE in '{32..26000..512}'
+ let 'counter += 1'
+ echo 'running count=40, problem M=20000 N=20000'
running count=40, problem M=20000 N=20000
+ for repeat in 1 2 3
+ echo ' Repeat=1'
 Repeat=1
+ ./v0-serial_smithW.out 20000 20000
Problem size: Matrix[20000][20000]
Total memory footprint is:2 GB
Skipping backtrack ...

Elapsed time for scoring matrix computation: 4.210828
+ for repeat in 1 2 3
+ echo ' Repeat=2'
 Repeat=2
+ ./v0-serial_smithW.out 20000 20000
Problem size: Matrix[20000][20000]
Total memory footprint is:2 GB
Skipping backtrack ...

Elapsed time for scoring matrix computation: 4.208023
+ for repeat in 1 2 3
+ echo ' Repeat=3'
 Repeat=3
+ ./v0-serial_smithW.out 20000 20000
Problem size: Matrix[20000][20000]
Total memory footprint is:2 GB
Skipping backtrack ...

Elapsed time for scoring matrix computation: 4.206454
+ for N_SIZE in '{32..26000..512}'
+ let 'counter += 1'
+ echo 'running count=41, problem M=20512 N=20512'
running count=41, problem M=20512 N=20512
+ for repeat in 1 2 3
+ echo ' Repeat=1'
 Repeat=1
+ ./v0-serial_smithW.out 20512 20512
Problem size: Matrix[20512][20512]
Total memory footprint is:3 GB
Skipping backtrack ...

Elapsed time for scoring matrix computation: 4.423605
+ for repeat in 1 2 3
+ echo ' Repeat=2'
 Repeat=2
+ ./v0-serial_smithW.out 20512 20512
Problem size: Matrix[20512][20512]
Total memory footprint is:3 GB
Skipping backtrack ...

Elapsed time for scoring matrix computation: 4.424208
+ for repeat in 1 2 3
+ echo ' Repeat=3'
 Repeat=3
+ ./v0-serial_smithW.out 20512 20512
Problem size: Matrix[20512][20512]
Total memory footprint is:3 GB
Skipping backtrack ...

Elapsed time for scoring matrix computation: 4.420452
+ for N_SIZE in '{32..26000..512}'
+ let 'counter += 1'
+ echo 'running count=42, problem M=21024 N=21024'
running count=42, problem M=21024 N=21024
+ for repeat in 1 2 3
+ echo ' Repeat=1'
 Repeat=1
+ ./v0-serial_smithW.out 21024 21024
Problem size: Matrix[21024][21024]
Total memory footprint is:3 GB
Skipping backtrack ...

Elapsed time for scoring matrix computation: 4.643247
+ for repeat in 1 2 3
+ echo ' Repeat=2'
 Repeat=2
+ ./v0-serial_smithW.out 21024 21024
Problem size: Matrix[21024][21024]
Total memory footprint is:3 GB
Skipping backtrack ...

Elapsed time for scoring matrix computation: 4.638077
+ for repeat in 1 2 3
+ echo ' Repeat=3'
 Repeat=3
+ ./v0-serial_smithW.out 21024 21024
Problem size: Matrix[21024][21024]
Total memory footprint is:3 GB
Skipping backtrack ...

Elapsed time for scoring matrix computation: 4.639314
+ for N_SIZE in '{32..26000..512}'
+ let 'counter += 1'
+ echo 'running count=43, problem M=21536 N=21536'
running count=43, problem M=21536 N=21536
+ for repeat in 1 2 3
+ echo ' Repeat=1'
 Repeat=1
+ ./v0-serial_smithW.out 21536 21536
Problem size: Matrix[21536][21536]
Total memory footprint is:3 GB
Skipping backtrack ...

Elapsed time for scoring matrix computation: 4.892367
+ for repeat in 1 2 3
+ echo ' Repeat=2'
 Repeat=2
+ ./v0-serial_smithW.out 21536 21536
Problem size: Matrix[21536][21536]
Total memory footprint is:3 GB
Skipping backtrack ...

Elapsed time for scoring matrix computation: 4.899021
+ for repeat in 1 2 3
+ echo ' Repeat=3'
 Repeat=3
+ ./v0-serial_smithW.out 21536 21536
Problem size: Matrix[21536][21536]
Total memory footprint is:3 GB
Skipping backtrack ...

Elapsed time for scoring matrix computation: 4.815931
+ for N_SIZE in '{32..26000..512}'
+ let 'counter += 1'
+ echo 'running count=44, problem M=22048 N=22048'
running count=44, problem M=22048 N=22048
+ for repeat in 1 2 3
+ echo ' Repeat=1'
 Repeat=1
+ ./v0-serial_smithW.out 22048 22048
Problem size: Matrix[22048][22048]
Total memory footprint is:3 GB
Skipping backtrack ...

Elapsed time for scoring matrix computation: 5.126636
+ for repeat in 1 2 3
+ echo ' Repeat=2'
 Repeat=2
+ ./v0-serial_smithW.out 22048 22048
Problem size: Matrix[22048][22048]
Total memory footprint is:3 GB
Skipping backtrack ...

Elapsed time for scoring matrix computation: 5.123677
+ for repeat in 1 2 3
+ echo ' Repeat=3'
 Repeat=3
+ ./v0-serial_smithW.out 22048 22048
Problem size: Matrix[22048][22048]
Total memory footprint is:3 GB
Skipping backtrack ...

Elapsed time for scoring matrix computation: 5.129276
+ for N_SIZE in '{32..26000..512}'
+ let 'counter += 1'
+ echo 'running count=45, problem M=22560 N=22560'
running count=45, problem M=22560 N=22560
+ for repeat in 1 2 3
+ echo ' Repeat=1'
 Repeat=1
+ ./v0-serial_smithW.out 22560 22560
Problem size: Matrix[22560][22560]
Total memory footprint is:3 GB
Skipping backtrack ...

Elapsed time for scoring matrix computation: 5.325137
+ for repeat in 1 2 3
+ echo ' Repeat=2'
 Repeat=2
+ ./v0-serial_smithW.out 22560 22560
Problem size: Matrix[22560][22560]
Total memory footprint is:3 GB
Skipping backtrack ...

Elapsed time for scoring matrix computation: 5.290714
+ for repeat in 1 2 3
+ echo ' Repeat=3'
 Repeat=3
+ ./v0-serial_smithW.out 22560 22560
Problem size: Matrix[22560][22560]
Total memory footprint is:3 GB
Skipping backtrack ...

Elapsed time for scoring matrix computation: 5.381956
+ for N_SIZE in '{32..26000..512}'
+ let 'counter += 1'
+ echo 'running count=46, problem M=23072 N=23072'
running count=46, problem M=23072 N=23072
+ for repeat in 1 2 3
+ echo ' Repeat=1'
 Repeat=1
+ ./v0-serial_smithW.out 23072 23072
Problem size: Matrix[23072][23072]
Total memory footprint is:3 GB
Skipping backtrack ...

Elapsed time for scoring matrix computation: 5.635699
+ for repeat in 1 2 3
+ echo ' Repeat=2'
 Repeat=2
+ ./v0-serial_smithW.out 23072 23072
Problem size: Matrix[23072][23072]
Total memory footprint is:3 GB
Skipping backtrack ...

Elapsed time for scoring matrix computation: 5.639614
+ for repeat in 1 2 3
+ echo ' Repeat=3'
 Repeat=3
+ ./v0-serial_smithW.out 23072 23072
Problem size: Matrix[23072][23072]
Total memory footprint is:3 GB
Skipping backtrack ...

Elapsed time for scoring matrix computation: 5.635088
+ for N_SIZE in '{32..26000..512}'
+ let 'counter += 1'
+ echo 'running count=47, problem M=23584 N=23584'
running count=47, problem M=23584 N=23584
+ for repeat in 1 2 3
+ echo ' Repeat=1'
 Repeat=1
+ ./v0-serial_smithW.out 23584 23584
Problem size: Matrix[23584][23584]
Total memory footprint is:4 GB
Skipping backtrack ...

Elapsed time for scoring matrix computation: 5.909971
+ for repeat in 1 2 3
+ echo ' Repeat=2'
 Repeat=2
+ ./v0-serial_smithW.out 23584 23584
Problem size: Matrix[23584][23584]
Total memory footprint is:4 GB
Skipping backtrack ...

Elapsed time for scoring matrix computation: 5.907681
+ for repeat in 1 2 3
+ echo ' Repeat=3'
 Repeat=3
+ ./v0-serial_smithW.out 23584 23584
Problem size: Matrix[23584][23584]
Total memory footprint is:4 GB
Skipping backtrack ...

Elapsed time for scoring matrix computation: 5.911223
+ for N_SIZE in '{32..26000..512}'
+ let 'counter += 1'
+ echo 'running count=48, problem M=24096 N=24096'
running count=48, problem M=24096 N=24096
+ for repeat in 1 2 3
+ echo ' Repeat=1'
 Repeat=1
+ ./v0-serial_smithW.out 24096 24096
Problem size: Matrix[24096][24096]
Total memory footprint is:4 GB
Skipping backtrack ...

Elapsed time for scoring matrix computation: 6.190431
+ for repeat in 1 2 3
+ echo ' Repeat=2'
 Repeat=2
+ ./v0-serial_smithW.out 24096 24096
Problem size: Matrix[24096][24096]
Total memory footprint is:4 GB
Skipping backtrack ...

Elapsed time for scoring matrix computation: 6.199940
+ for repeat in 1 2 3
+ echo ' Repeat=3'
 Repeat=3
+ ./v0-serial_smithW.out 24096 24096
Problem size: Matrix[24096][24096]
Total memory footprint is:4 GB
Skipping backtrack ...

Elapsed time for scoring matrix computation: 6.194711
+ for N_SIZE in '{32..26000..512}'
+ let 'counter += 1'
+ echo 'running count=49, problem M=24608 N=24608'
running count=49, problem M=24608 N=24608
+ for repeat in 1 2 3
+ echo ' Repeat=1'
 Repeat=1
+ ./v0-serial_smithW.out 24608 24608
Problem size: Matrix[24608][24608]
Total memory footprint is:4 GB
Skipping backtrack ...

Elapsed time for scoring matrix computation: 6.744671
+ for repeat in 1 2 3
+ echo ' Repeat=2'
 Repeat=2
+ ./v0-serial_smithW.out 24608 24608
Problem size: Matrix[24608][24608]
Total memory footprint is:4 GB
Skipping backtrack ...

Elapsed time for scoring matrix computation: 6.740081
+ for repeat in 1 2 3
+ echo ' Repeat=3'
 Repeat=3
+ ./v0-serial_smithW.out 24608 24608
Problem size: Matrix[24608][24608]
Total memory footprint is:4 GB
Skipping backtrack ...

Elapsed time for scoring matrix computation: 6.745033
+ for N_SIZE in '{32..26000..512}'
+ let 'counter += 1'
+ echo 'running count=50, problem M=25120 N=25120'
running count=50, problem M=25120 N=25120
+ for repeat in 1 2 3
+ echo ' Repeat=1'
 Repeat=1
+ ./v0-serial_smithW.out 25120 25120
Problem size: Matrix[25120][25120]
Total memory footprint is:4 GB
Skipping backtrack ...

Elapsed time for scoring matrix computation: 6.719389
+ for repeat in 1 2 3
+ echo ' Repeat=2'
 Repeat=2
+ ./v0-serial_smithW.out 25120 25120
Problem size: Matrix[25120][25120]
Total memory footprint is:4 GB
Skipping backtrack ...

Elapsed time for scoring matrix computation: 6.718828
+ for repeat in 1 2 3
+ echo ' Repeat=3'
 Repeat=3
+ ./v0-serial_smithW.out 25120 25120
Problem size: Matrix[25120][25120]
Total memory footprint is:4 GB
Skipping backtrack ...

Elapsed time for scoring matrix computation: 6.714726
+ for N_SIZE in '{32..26000..512}'
+ let 'counter += 1'
+ echo 'running count=51, problem M=25632 N=25632'
running count=51, problem M=25632 N=25632
+ for repeat in 1 2 3
+ echo ' Repeat=1'
 Repeat=1
+ ./v0-serial_smithW.out 25632 25632
Problem size: Matrix[25632][25632]
Total memory footprint is:4 GB
Skipping backtrack ...

Elapsed time for scoring matrix computation: 7.007780
+ for repeat in 1 2 3
+ echo ' Repeat=2'
 Repeat=2
+ ./v0-serial_smithW.out 25632 25632
Problem size: Matrix[25632][25632]
Total memory footprint is:4 GB
Skipping backtrack ...

Elapsed time for scoring matrix computation: 7.002724
+ for repeat in 1 2 3
+ echo ' Repeat=3'
 Repeat=3
+ ./v0-serial_smithW.out 25632 25632
Problem size: Matrix[25632][25632]
Total memory footprint is:4 GB
Skipping backtrack ...

Elapsed time for scoring matrix computation: 7.013327
