+ EXE_FILE=v0-serial_smithW.out
++ date +%Y%m%d_%H%M%S
+ TIMESTAMP=20210521_163437
++ uname -n
+ NODE_NAME=lassen17
++ uname -m
+ HARDWAREE_NAME=ppc64le
+ make clean
rm -rf *.out *.core
+ make ./v0-serial_smithW.out
clang++  -O3 -g -std=c++11 -DSKIP_BACKTRACK=1 -o v0-serial_smithW.out omp_smithW-v1-refinedOrig.c
clang-11: warning: treating 'c' input as 'c++' when in C++ mode, this behavior is deprecated [-Wdeprecated]
+ export OMP_NUM_THREADS=44
+ OMP_NUM_THREADS=44
+ counter=
+ for N_SIZE in '{32..46000..512}'
+ let 'counter += 1'
+ echo 'running count=1, problem M=32 N=32'
running count=1, problem M=32 N=32
+ for repeat in 1 2 3
+ echo ' Repeat=1'
 Repeat=1
+ ./v0-serial_smithW.out 32 32
Problem size: Matrix[32][32]
Total memory footprint is:0 MB
Skipping backtrack ...

Elapsed time for scoring matrix computation: 0.000002
+ for repeat in 1 2 3
+ echo ' Repeat=2'
 Repeat=2
+ ./v0-serial_smithW.out 32 32
Problem size: Matrix[32][32]
Total memory footprint is:0 MB
Skipping backtrack ...

Elapsed time for scoring matrix computation: 0.000003
+ for repeat in 1 2 3
+ echo ' Repeat=3'
 Repeat=3
+ ./v0-serial_smithW.out 32 32
Problem size: Matrix[32][32]
Total memory footprint is:0 MB
Skipping backtrack ...

Elapsed time for scoring matrix computation: 0.000003
+ for N_SIZE in '{32..46000..512}'
+ let 'counter += 1'
+ echo 'running count=2, problem M=544 N=544'
running count=2, problem M=544 N=544
+ for repeat in 1 2 3
+ echo ' Repeat=1'
 Repeat=1
+ ./v0-serial_smithW.out 544 544
Problem size: Matrix[544][544]
Total memory footprint is:2 MB
Skipping backtrack ...

Elapsed time for scoring matrix computation: 0.000818
+ for repeat in 1 2 3
+ echo ' Repeat=2'
 Repeat=2
+ ./v0-serial_smithW.out 544 544
Problem size: Matrix[544][544]
Total memory footprint is:2 MB
Skipping backtrack ...

Elapsed time for scoring matrix computation: 0.000800
+ for repeat in 1 2 3
+ echo ' Repeat=3'
 Repeat=3
+ ./v0-serial_smithW.out 544 544
Problem size: Matrix[544][544]
Total memory footprint is:2 MB
Skipping backtrack ...

Elapsed time for scoring matrix computation: 0.000804
+ for N_SIZE in '{32..46000..512}'
+ let 'counter += 1'
+ echo 'running count=3, problem M=1056 N=1056'
running count=3, problem M=1056 N=1056
+ for repeat in 1 2 3
+ echo ' Repeat=1'
 Repeat=1
+ ./v0-serial_smithW.out 1056 1056
Problem size: Matrix[1056][1056]
Total memory footprint is:8 MB
Skipping backtrack ...

Elapsed time for scoring matrix computation: 0.003232
+ for repeat in 1 2 3
+ echo ' Repeat=2'
 Repeat=2
+ ./v0-serial_smithW.out 1056 1056
Problem size: Matrix[1056][1056]
Total memory footprint is:8 MB
Skipping backtrack ...

Elapsed time for scoring matrix computation: 0.003200
+ for repeat in 1 2 3
+ echo ' Repeat=3'
 Repeat=3
+ ./v0-serial_smithW.out 1056 1056
Problem size: Matrix[1056][1056]
Total memory footprint is:8 MB
Skipping backtrack ...

Elapsed time for scoring matrix computation: 0.003193
+ for N_SIZE in '{32..46000..512}'
+ let 'counter += 1'
+ echo 'running count=4, problem M=1568 N=1568'
running count=4, problem M=1568 N=1568
+ for repeat in 1 2 3
+ echo ' Repeat=1'
 Repeat=1
+ ./v0-serial_smithW.out 1568 1568
Problem size: Matrix[1568][1568]
Total memory footprint is:18 MB
Skipping backtrack ...

Elapsed time for scoring matrix computation: 0.007608
+ for repeat in 1 2 3
+ echo ' Repeat=2'
 Repeat=2
+ ./v0-serial_smithW.out 1568 1568
Problem size: Matrix[1568][1568]
Total memory footprint is:18 MB
Skipping backtrack ...

Elapsed time for scoring matrix computation: 0.007620
+ for repeat in 1 2 3
+ echo ' Repeat=3'
 Repeat=3
+ ./v0-serial_smithW.out 1568 1568
Problem size: Matrix[1568][1568]
Total memory footprint is:18 MB
Skipping backtrack ...

Elapsed time for scoring matrix computation: 0.007354
+ for N_SIZE in '{32..46000..512}'
+ let 'counter += 1'
+ echo 'running count=5, problem M=2080 N=2080'
running count=5, problem M=2080 N=2080
+ for repeat in 1 2 3
+ echo ' Repeat=1'
 Repeat=1
+ ./v0-serial_smithW.out 2080 2080
Problem size: Matrix[2080][2080]
Total memory footprint is:33 MB
Skipping backtrack ...

Elapsed time for scoring matrix computation: 0.013709
+ for repeat in 1 2 3
+ echo ' Repeat=2'
 Repeat=2
+ ./v0-serial_smithW.out 2080 2080
Problem size: Matrix[2080][2080]
Total memory footprint is:33 MB
Skipping backtrack ...

Elapsed time for scoring matrix computation: 0.013598
+ for repeat in 1 2 3
+ echo ' Repeat=3'
 Repeat=3
+ ./v0-serial_smithW.out 2080 2080
Problem size: Matrix[2080][2080]
Total memory footprint is:33 MB
Skipping backtrack ...

Elapsed time for scoring matrix computation: 0.013438
+ for N_SIZE in '{32..46000..512}'
+ let 'counter += 1'
+ echo 'running count=6, problem M=2592 N=2592'
running count=6, problem M=2592 N=2592
+ for repeat in 1 2 3
+ echo ' Repeat=1'
 Repeat=1
+ ./v0-serial_smithW.out 2592 2592
Problem size: Matrix[2592][2592]
Total memory footprint is:51 MB
Skipping backtrack ...

Elapsed time for scoring matrix computation: 0.022230
+ for repeat in 1 2 3
+ echo ' Repeat=2'
 Repeat=2
+ ./v0-serial_smithW.out 2592 2592
Problem size: Matrix[2592][2592]
Total memory footprint is:51 MB
Skipping backtrack ...

Elapsed time for scoring matrix computation: 0.022158
+ for repeat in 1 2 3
+ echo ' Repeat=3'
 Repeat=3
+ ./v0-serial_smithW.out 2592 2592
Problem size: Matrix[2592][2592]
Total memory footprint is:51 MB
Skipping backtrack ...

Elapsed time for scoring matrix computation: 0.021935
+ for N_SIZE in '{32..46000..512}'
+ let 'counter += 1'
+ echo 'running count=7, problem M=3104 N=3104'
running count=7, problem M=3104 N=3104
+ for repeat in 1 2 3
+ echo ' Repeat=1'
 Repeat=1
+ ./v0-serial_smithW.out 3104 3104
Problem size: Matrix[3104][3104]
Total memory footprint is:73 MB
Skipping backtrack ...

Elapsed time for scoring matrix computation: 0.033812
+ for repeat in 1 2 3
+ echo ' Repeat=2'
 Repeat=2
+ ./v0-serial_smithW.out 3104 3104
Problem size: Matrix[3104][3104]
Total memory footprint is:73 MB
Skipping backtrack ...

Elapsed time for scoring matrix computation: 0.033639
+ for repeat in 1 2 3
+ echo ' Repeat=3'
 Repeat=3
+ ./v0-serial_smithW.out 3104 3104
Problem size: Matrix[3104][3104]
Total memory footprint is:73 MB
Skipping backtrack ...

Elapsed time for scoring matrix computation: 0.033565
+ for N_SIZE in '{32..46000..512}'
+ let 'counter += 1'
+ echo 'running count=8, problem M=3616 N=3616'
running count=8, problem M=3616 N=3616
+ for repeat in 1 2 3
+ echo ' Repeat=1'
 Repeat=1
+ ./v0-serial_smithW.out 3616 3616
Problem size: Matrix[3616][3616]
Total memory footprint is:99 MB
Skipping backtrack ...

Elapsed time for scoring matrix computation: 0.055587
+ for repeat in 1 2 3
+ echo ' Repeat=2'
 Repeat=2
+ ./v0-serial_smithW.out 3616 3616
Problem size: Matrix[3616][3616]
Total memory footprint is:99 MB
Skipping backtrack ...

Elapsed time for scoring matrix computation: 0.055284
+ for repeat in 1 2 3
+ echo ' Repeat=3'
 Repeat=3
+ ./v0-serial_smithW.out 3616 3616
Problem size: Matrix[3616][3616]
Total memory footprint is:99 MB
Skipping backtrack ...

Elapsed time for scoring matrix computation: 0.055608
+ for N_SIZE in '{32..46000..512}'
+ let 'counter += 1'
+ echo 'running count=9, problem M=4128 N=4128'
running count=9, problem M=4128 N=4128
+ for repeat in 1 2 3
+ echo ' Repeat=1'
 Repeat=1
+ ./v0-serial_smithW.out 4128 4128
Problem size: Matrix[4128][4128]
Total memory footprint is:130 MB
Skipping backtrack ...

Elapsed time for scoring matrix computation: 0.083354
+ for repeat in 1 2 3
+ echo ' Repeat=2'
 Repeat=2
+ ./v0-serial_smithW.out 4128 4128
Problem size: Matrix[4128][4128]
Total memory footprint is:130 MB
Skipping backtrack ...

Elapsed time for scoring matrix computation: 0.083501
+ for repeat in 1 2 3
+ echo ' Repeat=3'
 Repeat=3
+ ./v0-serial_smithW.out 4128 4128
Problem size: Matrix[4128][4128]
Total memory footprint is:130 MB
Skipping backtrack ...

Elapsed time for scoring matrix computation: 0.082913
+ for N_SIZE in '{32..46000..512}'
+ let 'counter += 1'
+ echo 'running count=10, problem M=4640 N=4640'
running count=10, problem M=4640 N=4640
+ for repeat in 1 2 3
+ echo ' Repeat=1'
 Repeat=1
+ ./v0-serial_smithW.out 4640 4640
Problem size: Matrix[4640][4640]
Total memory footprint is:164 MB
Skipping backtrack ...

Elapsed time for scoring matrix computation: 0.113053
+ for repeat in 1 2 3
+ echo ' Repeat=2'
 Repeat=2
+ ./v0-serial_smithW.out 4640 4640
Problem size: Matrix[4640][4640]
Total memory footprint is:164 MB
Skipping backtrack ...

Elapsed time for scoring matrix computation: 0.113379
+ for repeat in 1 2 3
+ echo ' Repeat=3'
 Repeat=3
+ ./v0-serial_smithW.out 4640 4640
Problem size: Matrix[4640][4640]
Total memory footprint is:164 MB
Skipping backtrack ...

Elapsed time for scoring matrix computation: 0.114164
+ for N_SIZE in '{32..46000..512}'
+ let 'counter += 1'
+ echo 'running count=11, problem M=5152 N=5152'
running count=11, problem M=5152 N=5152
+ for repeat in 1 2 3
+ echo ' Repeat=1'
 Repeat=1
+ ./v0-serial_smithW.out 5152 5152
Problem size: Matrix[5152][5152]
Total memory footprint is:202 MB
Skipping backtrack ...

Elapsed time for scoring matrix computation: 0.152862
+ for repeat in 1 2 3
+ echo ' Repeat=2'
 Repeat=2
+ ./v0-serial_smithW.out 5152 5152
Problem size: Matrix[5152][5152]
Total memory footprint is:202 MB
Skipping backtrack ...

Elapsed time for scoring matrix computation: 0.152238
+ for repeat in 1 2 3
+ echo ' Repeat=3'
 Repeat=3
+ ./v0-serial_smithW.out 5152 5152
Problem size: Matrix[5152][5152]
Total memory footprint is:202 MB
Skipping backtrack ...

Elapsed time for scoring matrix computation: 0.152953
+ for N_SIZE in '{32..46000..512}'
+ let 'counter += 1'
+ echo 'running count=12, problem M=5664 N=5664'
running count=12, problem M=5664 N=5664
+ for repeat in 1 2 3
+ echo ' Repeat=1'
 Repeat=1
+ ./v0-serial_smithW.out 5664 5664
Problem size: Matrix[5664][5664]
Total memory footprint is:244 MB
Skipping backtrack ...

Elapsed time for scoring matrix computation: 0.193983
+ for repeat in 1 2 3
+ echo ' Repeat=2'
 Repeat=2
+ ./v0-serial_smithW.out 5664 5664
Problem size: Matrix[5664][5664]
Total memory footprint is:244 MB
Skipping backtrack ...

Elapsed time for scoring matrix computation: 0.195248
+ for repeat in 1 2 3
+ echo ' Repeat=3'
 Repeat=3
+ ./v0-serial_smithW.out 5664 5664
Problem size: Matrix[5664][5664]
Total memory footprint is:244 MB
Skipping backtrack ...

Elapsed time for scoring matrix computation: 0.195519
+ for N_SIZE in '{32..46000..512}'
+ let 'counter += 1'
+ echo 'running count=13, problem M=6176 N=6176'
running count=13, problem M=6176 N=6176
+ for repeat in 1 2 3
+ echo ' Repeat=1'
 Repeat=1
+ ./v0-serial_smithW.out 6176 6176
Problem size: Matrix[6176][6176]
Total memory footprint is:291 MB
Skipping backtrack ...

Elapsed time for scoring matrix computation: 0.243591
+ for repeat in 1 2 3
+ echo ' Repeat=2'
 Repeat=2
+ ./v0-serial_smithW.out 6176 6176
Problem size: Matrix[6176][6176]
Total memory footprint is:291 MB
Skipping backtrack ...

Elapsed time for scoring matrix computation: 0.242958
+ for repeat in 1 2 3
+ echo ' Repeat=3'
 Repeat=3
+ ./v0-serial_smithW.out 6176 6176
Problem size: Matrix[6176][6176]
Total memory footprint is:291 MB
Skipping backtrack ...

Elapsed time for scoring matrix computation: 0.243333
+ for N_SIZE in '{32..46000..512}'
+ let 'counter += 1'
+ echo 'running count=14, problem M=6688 N=6688'
running count=14, problem M=6688 N=6688
+ for repeat in 1 2 3
+ echo ' Repeat=1'
 Repeat=1
+ ./v0-serial_smithW.out 6688 6688
Problem size: Matrix[6688][6688]
Total memory footprint is:341 MB
Skipping backtrack ...

Elapsed time for scoring matrix computation: 0.292442
+ for repeat in 1 2 3
+ echo ' Repeat=2'
 Repeat=2
+ ./v0-serial_smithW.out 6688 6688
Problem size: Matrix[6688][6688]
Total memory footprint is:341 MB
Skipping backtrack ...

Elapsed time for scoring matrix computation: 0.292916
+ for repeat in 1 2 3
+ echo ' Repeat=3'
 Repeat=3
+ ./v0-serial_smithW.out 6688 6688
Problem size: Matrix[6688][6688]
Total memory footprint is:341 MB
Skipping backtrack ...

Elapsed time for scoring matrix computation: 0.292643
+ for N_SIZE in '{32..46000..512}'
+ let 'counter += 1'
+ echo 'running count=15, problem M=7200 N=7200'
running count=15, problem M=7200 N=7200
+ for repeat in 1 2 3
+ echo ' Repeat=1'
 Repeat=1
+ ./v0-serial_smithW.out 7200 7200
Problem size: Matrix[7200][7200]
Total memory footprint is:395 MB
Skipping backtrack ...

Elapsed time for scoring matrix computation: 0.354844
+ for repeat in 1 2 3
+ echo ' Repeat=2'
 Repeat=2
+ ./v0-serial_smithW.out 7200 7200
Problem size: Matrix[7200][7200]
Total memory footprint is:395 MB
Skipping backtrack ...

Elapsed time for scoring matrix computation: 0.353451
+ for repeat in 1 2 3
+ echo ' Repeat=3'
 Repeat=3
+ ./v0-serial_smithW.out 7200 7200
Problem size: Matrix[7200][7200]
Total memory footprint is:395 MB
Skipping backtrack ...

Elapsed time for scoring matrix computation: 0.355178
+ for N_SIZE in '{32..46000..512}'
+ let 'counter += 1'
+ echo 'running count=16, problem M=7712 N=7712'
running count=16, problem M=7712 N=7712
+ for repeat in 1 2 3
+ echo ' Repeat=1'
 Repeat=1
+ ./v0-serial_smithW.out 7712 7712
Problem size: Matrix[7712][7712]
Total memory footprint is:453 MB
Skipping backtrack ...

Elapsed time for scoring matrix computation: 0.443823
+ for repeat in 1 2 3
+ echo ' Repeat=2'
 Repeat=2
+ ./v0-serial_smithW.out 7712 7712
Problem size: Matrix[7712][7712]
Total memory footprint is:453 MB
Skipping backtrack ...

Elapsed time for scoring matrix computation: 0.424358
+ for repeat in 1 2 3
+ echo ' Repeat=3'
 Repeat=3
+ ./v0-serial_smithW.out 7712 7712
Problem size: Matrix[7712][7712]
Total memory footprint is:453 MB
Skipping backtrack ...

Elapsed time for scoring matrix computation: 0.422826
+ for N_SIZE in '{32..46000..512}'
+ let 'counter += 1'
+ echo 'running count=17, problem M=8224 N=8224'
running count=17, problem M=8224 N=8224
+ for repeat in 1 2 3
+ echo ' Repeat=1'
 Repeat=1
+ ./v0-serial_smithW.out 8224 8224
Problem size: Matrix[8224][8224]
Total memory footprint is:516 MB
Skipping backtrack ...

Elapsed time for scoring matrix computation: 0.588451
+ for repeat in 1 2 3
+ echo ' Repeat=2'
 Repeat=2
+ ./v0-serial_smithW.out 8224 8224
Problem size: Matrix[8224][8224]
Total memory footprint is:516 MB
Skipping backtrack ...

Elapsed time for scoring matrix computation: 0.587412
+ for repeat in 1 2 3
+ echo ' Repeat=3'
 Repeat=3
+ ./v0-serial_smithW.out 8224 8224
Problem size: Matrix[8224][8224]
Total memory footprint is:516 MB
Skipping backtrack ...

Elapsed time for scoring matrix computation: 0.588230
+ for N_SIZE in '{32..46000..512}'
+ let 'counter += 1'
+ echo 'running count=18, problem M=8736 N=8736'
running count=18, problem M=8736 N=8736
+ for repeat in 1 2 3
+ echo ' Repeat=1'
 Repeat=1
+ ./v0-serial_smithW.out 8736 8736
Problem size: Matrix[8736][8736]
Total memory footprint is:582 MB
Skipping backtrack ...

Elapsed time for scoring matrix computation: 0.563249
+ for repeat in 1 2 3
+ echo ' Repeat=2'
 Repeat=2
+ ./v0-serial_smithW.out 8736 8736
Problem size: Matrix[8736][8736]
Total memory footprint is:582 MB
Skipping backtrack ...

Elapsed time for scoring matrix computation: 0.562402
+ for repeat in 1 2 3
+ echo ' Repeat=3'
 Repeat=3
+ ./v0-serial_smithW.out 8736 8736
Problem size: Matrix[8736][8736]
Total memory footprint is:582 MB
Skipping backtrack ...

Elapsed time for scoring matrix computation: 0.563213
+ for N_SIZE in '{32..46000..512}'
+ let 'counter += 1'
+ echo 'running count=19, problem M=9248 N=9248'
running count=19, problem M=9248 N=9248
+ for repeat in 1 2 3
+ echo ' Repeat=1'
 Repeat=1
+ ./v0-serial_smithW.out 9248 9248
Problem size: Matrix[9248][9248]
Total memory footprint is:652 MB
Skipping backtrack ...

Elapsed time for scoring matrix computation: 0.643570
+ for repeat in 1 2 3
+ echo ' Repeat=2'
 Repeat=2
+ ./v0-serial_smithW.out 9248 9248
Problem size: Matrix[9248][9248]
Total memory footprint is:652 MB
Skipping backtrack ...

Elapsed time for scoring matrix computation: 0.639413
+ for repeat in 1 2 3
+ echo ' Repeat=3'
 Repeat=3
+ ./v0-serial_smithW.out 9248 9248
Problem size: Matrix[9248][9248]
Total memory footprint is:652 MB
Skipping backtrack ...

Elapsed time for scoring matrix computation: 0.647044
+ for N_SIZE in '{32..46000..512}'
+ let 'counter += 1'
+ echo 'running count=20, problem M=9760 N=9760'
running count=20, problem M=9760 N=9760
+ for repeat in 1 2 3
+ echo ' Repeat=1'
 Repeat=1
+ ./v0-serial_smithW.out 9760 9760
Problem size: Matrix[9760][9760]
Total memory footprint is:726 MB
Skipping backtrack ...

Elapsed time for scoring matrix computation: 0.727030
+ for repeat in 1 2 3
+ echo ' Repeat=2'
 Repeat=2
+ ./v0-serial_smithW.out 9760 9760
Problem size: Matrix[9760][9760]
Total memory footprint is:726 MB
Skipping backtrack ...

Elapsed time for scoring matrix computation: 0.721214
+ for repeat in 1 2 3
+ echo ' Repeat=3'
 Repeat=3
+ ./v0-serial_smithW.out 9760 9760
Problem size: Matrix[9760][9760]
Total memory footprint is:726 MB
Skipping backtrack ...

Elapsed time for scoring matrix computation: 0.726545
+ for N_SIZE in '{32..46000..512}'
+ let 'counter += 1'
+ echo 'running count=21, problem M=10272 N=10272'
running count=21, problem M=10272 N=10272
+ for repeat in 1 2 3
+ echo ' Repeat=1'
 Repeat=1
+ ./v0-serial_smithW.out 10272 10272
Problem size: Matrix[10272][10272]
Total memory footprint is:805 MB
Skipping backtrack ...

Elapsed time for scoring matrix computation: 0.820717
+ for repeat in 1 2 3
+ echo ' Repeat=2'
 Repeat=2
+ ./v0-serial_smithW.out 10272 10272
Problem size: Matrix[10272][10272]
Total memory footprint is:805 MB
Skipping backtrack ...

Elapsed time for scoring matrix computation: 0.829525
+ for repeat in 1 2 3
+ echo ' Repeat=3'
 Repeat=3
+ ./v0-serial_smithW.out 10272 10272
Problem size: Matrix[10272][10272]
Total memory footprint is:805 MB
Skipping backtrack ...

Elapsed time for scoring matrix computation: 0.826681
+ for N_SIZE in '{32..46000..512}'
+ let 'counter += 1'
+ echo 'running count=22, problem M=10784 N=10784'
running count=22, problem M=10784 N=10784
+ for repeat in 1 2 3
+ echo ' Repeat=1'
 Repeat=1
+ ./v0-serial_smithW.out 10784 10784
Problem size: Matrix[10784][10784]
Total memory footprint is:887 MB
Skipping backtrack ...

Elapsed time for scoring matrix computation: 0.927477
+ for repeat in 1 2 3
+ echo ' Repeat=2'
 Repeat=2
+ ./v0-serial_smithW.out 10784 10784
Problem size: Matrix[10784][10784]
Total memory footprint is:887 MB
Skipping backtrack ...

Elapsed time for scoring matrix computation: 0.925995
+ for repeat in 1 2 3
+ echo ' Repeat=3'
 Repeat=3
+ ./v0-serial_smithW.out 10784 10784
Problem size: Matrix[10784][10784]
Total memory footprint is:887 MB
Skipping backtrack ...

Elapsed time for scoring matrix computation: 0.926963
+ for N_SIZE in '{32..46000..512}'
+ let 'counter += 1'
+ echo 'running count=23, problem M=11296 N=11296'
running count=23, problem M=11296 N=11296
+ for repeat in 1 2 3
+ echo ' Repeat=1'
 Repeat=1
+ ./v0-serial_smithW.out 11296 11296
Problem size: Matrix[11296][11296]
Total memory footprint is:973 MB
Skipping backtrack ...

Elapsed time for scoring matrix computation: 1.050040
+ for repeat in 1 2 3
+ echo ' Repeat=2'
 Repeat=2
+ ./v0-serial_smithW.out 11296 11296
Problem size: Matrix[11296][11296]
Total memory footprint is:973 MB
Skipping backtrack ...

Elapsed time for scoring matrix computation: 1.045640
+ for repeat in 1 2 3
+ echo ' Repeat=3'
 Repeat=3
+ ./v0-serial_smithW.out 11296 11296
Problem size: Matrix[11296][11296]
Total memory footprint is:973 MB
Skipping backtrack ...

Elapsed time for scoring matrix computation: 1.033966
+ for N_SIZE in '{32..46000..512}'
+ let 'counter += 1'
+ echo 'running count=24, problem M=11808 N=11808'
running count=24, problem M=11808 N=11808
+ for repeat in 1 2 3
+ echo ' Repeat=1'
 Repeat=1
+ ./v0-serial_smithW.out 11808 11808
Problem size: Matrix[11808][11808]
Total memory footprint is:1 GB
Skipping backtrack ...

Elapsed time for scoring matrix computation: 1.173201
+ for repeat in 1 2 3
+ echo ' Repeat=2'
 Repeat=2
+ ./v0-serial_smithW.out 11808 11808
Problem size: Matrix[11808][11808]
Total memory footprint is:1 GB
Skipping backtrack ...

Elapsed time for scoring matrix computation: 1.174821
+ for repeat in 1 2 3
+ echo ' Repeat=3'
 Repeat=3
+ ./v0-serial_smithW.out 11808 11808
Problem size: Matrix[11808][11808]
Total memory footprint is:1 GB
Skipping backtrack ...

Elapsed time for scoring matrix computation: 1.157054
+ for N_SIZE in '{32..46000..512}'
+ let 'counter += 1'
+ echo 'running count=25, problem M=12320 N=12320'
running count=25, problem M=12320 N=12320
+ for repeat in 1 2 3
+ echo ' Repeat=1'
 Repeat=1
+ ./v0-serial_smithW.out 12320 12320
Problem size: Matrix[12320][12320]
Total memory footprint is:1 GB
Skipping backtrack ...

Elapsed time for scoring matrix computation: 1.312521
+ for repeat in 1 2 3
+ echo ' Repeat=2'
 Repeat=2
+ ./v0-serial_smithW.out 12320 12320
Problem size: Matrix[12320][12320]
Total memory footprint is:1 GB
Skipping backtrack ...

Elapsed time for scoring matrix computation: 1.313714
+ for repeat in 1 2 3
+ echo ' Repeat=3'
 Repeat=3
+ ./v0-serial_smithW.out 12320 12320
Problem size: Matrix[12320][12320]
Total memory footprint is:1 GB
Skipping backtrack ...

Elapsed time for scoring matrix computation: 1.312749
+ for N_SIZE in '{32..46000..512}'
+ let 'counter += 1'
+ echo 'running count=26, problem M=12832 N=12832'
running count=26, problem M=12832 N=12832
+ for repeat in 1 2 3
+ echo ' Repeat=1'
 Repeat=1
+ ./v0-serial_smithW.out 12832 12832
Problem size: Matrix[12832][12832]
Total memory footprint is:1 GB
Skipping backtrack ...

Elapsed time for scoring matrix computation: 1.462391
+ for repeat in 1 2 3
+ echo ' Repeat=2'
 Repeat=2
+ ./v0-serial_smithW.out 12832 12832
Problem size: Matrix[12832][12832]
Total memory footprint is:1 GB
Skipping backtrack ...

Elapsed time for scoring matrix computation: 1.468213
+ for repeat in 1 2 3
+ echo ' Repeat=3'
 Repeat=3
+ ./v0-serial_smithW.out 12832 12832
Problem size: Matrix[12832][12832]
Total memory footprint is:1 GB
Skipping backtrack ...

Elapsed time for scoring matrix computation: 1.462356
+ for N_SIZE in '{32..46000..512}'
+ let 'counter += 1'
+ echo 'running count=27, problem M=13344 N=13344'
running count=27, problem M=13344 N=13344
+ for repeat in 1 2 3
+ echo ' Repeat=1'
 Repeat=1
+ ./v0-serial_smithW.out 13344 13344
Problem size: Matrix[13344][13344]
Total memory footprint is:1 GB
Skipping backtrack ...

Elapsed time for scoring matrix computation: 1.592608
+ for repeat in 1 2 3
+ echo ' Repeat=2'
 Repeat=2
+ ./v0-serial_smithW.out 13344 13344
Problem size: Matrix[13344][13344]
Total memory footprint is:1 GB
Skipping backtrack ...

Elapsed time for scoring matrix computation: 1.621970
+ for repeat in 1 2 3
+ echo ' Repeat=3'
 Repeat=3
+ ./v0-serial_smithW.out 13344 13344
Problem size: Matrix[13344][13344]
Total memory footprint is:1 GB
Skipping backtrack ...

Elapsed time for scoring matrix computation: 1.592640
+ for N_SIZE in '{32..46000..512}'
+ let 'counter += 1'
+ echo 'running count=28, problem M=13856 N=13856'
running count=28, problem M=13856 N=13856
+ for repeat in 1 2 3
+ echo ' Repeat=1'
 Repeat=1
+ ./v0-serial_smithW.out 13856 13856
Problem size: Matrix[13856][13856]
Total memory footprint is:1 GB
Skipping backtrack ...

Elapsed time for scoring matrix computation: 1.791929
+ for repeat in 1 2 3
+ echo ' Repeat=2'
 Repeat=2
+ ./v0-serial_smithW.out 13856 13856
Problem size: Matrix[13856][13856]
Total memory footprint is:1 GB
Skipping backtrack ...

Elapsed time for scoring matrix computation: 1.790401
+ for repeat in 1 2 3
+ echo ' Repeat=3'
 Repeat=3
+ ./v0-serial_smithW.out 13856 13856
Problem size: Matrix[13856][13856]
Total memory footprint is:1 GB
Skipping backtrack ...

Elapsed time for scoring matrix computation: 1.792803
+ for N_SIZE in '{32..46000..512}'
+ let 'counter += 1'
+ echo 'running count=29, problem M=14368 N=14368'
running count=29, problem M=14368 N=14368
+ for repeat in 1 2 3
+ echo ' Repeat=1'
 Repeat=1
+ ./v0-serial_smithW.out 14368 14368
Problem size: Matrix[14368][14368]
Total memory footprint is:1 GB
Skipping backtrack ...

Elapsed time for scoring matrix computation: 1.930405
+ for repeat in 1 2 3
+ echo ' Repeat=2'
 Repeat=2
+ ./v0-serial_smithW.out 14368 14368
Problem size: Matrix[14368][14368]
Total memory footprint is:1 GB
Skipping backtrack ...

Elapsed time for scoring matrix computation: 1.970739
+ for repeat in 1 2 3
+ echo ' Repeat=3'
 Repeat=3
+ ./v0-serial_smithW.out 14368 14368
Problem size: Matrix[14368][14368]
Total memory footprint is:1 GB
Skipping backtrack ...

Elapsed time for scoring matrix computation: 1.934261
+ for N_SIZE in '{32..46000..512}'
+ let 'counter += 1'
+ echo 'running count=30, problem M=14880 N=14880'
running count=30, problem M=14880 N=14880
+ for repeat in 1 2 3
+ echo ' Repeat=1'
 Repeat=1
+ ./v0-serial_smithW.out 14880 14880
Problem size: Matrix[14880][14880]
Total memory footprint is:1 GB
Skipping backtrack ...

Elapsed time for scoring matrix computation: 2.159485
+ for repeat in 1 2 3
+ echo ' Repeat=2'
 Repeat=2
+ ./v0-serial_smithW.out 14880 14880
Problem size: Matrix[14880][14880]
Total memory footprint is:1 GB
Skipping backtrack ...

Elapsed time for scoring matrix computation: 2.120819
+ for repeat in 1 2 3
+ echo ' Repeat=3'
 Repeat=3
+ ./v0-serial_smithW.out 14880 14880
Problem size: Matrix[14880][14880]
Total memory footprint is:1 GB
Skipping backtrack ...

Elapsed time for scoring matrix computation: 2.158924
+ for N_SIZE in '{32..46000..512}'
+ let 'counter += 1'
+ echo 'running count=31, problem M=15392 N=15392'
running count=31, problem M=15392 N=15392
+ for repeat in 1 2 3
+ echo ' Repeat=1'
 Repeat=1
+ ./v0-serial_smithW.out 15392 15392
Problem size: Matrix[15392][15392]
Total memory footprint is:1 GB
Skipping backtrack ...

Elapsed time for scoring matrix computation: 2.318774
+ for repeat in 1 2 3
+ echo ' Repeat=2'
 Repeat=2
+ ./v0-serial_smithW.out 15392 15392
Problem size: Matrix[15392][15392]
Total memory footprint is:1 GB
Skipping backtrack ...

Elapsed time for scoring matrix computation: 2.358944
+ for repeat in 1 2 3
+ echo ' Repeat=3'
 Repeat=3
+ ./v0-serial_smithW.out 15392 15392
Problem size: Matrix[15392][15392]
Total memory footprint is:1 GB
Skipping backtrack ...

Elapsed time for scoring matrix computation: 2.356683
+ for N_SIZE in '{32..46000..512}'
+ let 'counter += 1'
+ echo 'running count=32, problem M=15904 N=15904'
running count=32, problem M=15904 N=15904
+ for repeat in 1 2 3
+ echo ' Repeat=1'
 Repeat=1
+ ./v0-serial_smithW.out 15904 15904
Problem size: Matrix[15904][15904]
Total memory footprint is:1 GB
Skipping backtrack ...

Elapsed time for scoring matrix computation: 2.568105
+ for repeat in 1 2 3
+ echo ' Repeat=2'
 Repeat=2
+ ./v0-serial_smithW.out 15904 15904
Problem size: Matrix[15904][15904]
Total memory footprint is:1 GB
Skipping backtrack ...

Elapsed time for scoring matrix computation: 2.566008
+ for repeat in 1 2 3
+ echo ' Repeat=3'
 Repeat=3
+ ./v0-serial_smithW.out 15904 15904
Problem size: Matrix[15904][15904]
Total memory footprint is:1 GB
Skipping backtrack ...

Elapsed time for scoring matrix computation: 2.567435
+ for N_SIZE in '{32..46000..512}'
+ let 'counter += 1'
+ echo 'running count=33, problem M=16416 N=16416'
running count=33, problem M=16416 N=16416
+ for repeat in 1 2 3
+ echo ' Repeat=1'
 Repeat=1
+ ./v0-serial_smithW.out 16416 16416
Problem size: Matrix[16416][16416]
Total memory footprint is:2 GB
Skipping backtrack ...

Elapsed time for scoring matrix computation: 2.792030
+ for repeat in 1 2 3
+ echo ' Repeat=2'
 Repeat=2
+ ./v0-serial_smithW.out 16416 16416
Problem size: Matrix[16416][16416]
Total memory footprint is:2 GB
Skipping backtrack ...

Elapsed time for scoring matrix computation: 2.784817
+ for repeat in 1 2 3
+ echo ' Repeat=3'
 Repeat=3
+ ./v0-serial_smithW.out 16416 16416
Problem size: Matrix[16416][16416]
Total memory footprint is:2 GB
Skipping backtrack ...

Elapsed time for scoring matrix computation: 2.741388
+ for N_SIZE in '{32..46000..512}'
+ let 'counter += 1'
+ echo 'running count=34, problem M=16928 N=16928'
running count=34, problem M=16928 N=16928
+ for repeat in 1 2 3
+ echo ' Repeat=1'
 Repeat=1
+ ./v0-serial_smithW.out 16928 16928
Problem size: Matrix[16928][16928]
Total memory footprint is:2 GB
Skipping backtrack ...

Elapsed time for scoring matrix computation: 2.968567
+ for repeat in 1 2 3
+ echo ' Repeat=2'
 Repeat=2
+ ./v0-serial_smithW.out 16928 16928
Problem size: Matrix[16928][16928]
Total memory footprint is:2 GB
Skipping backtrack ...

Elapsed time for scoring matrix computation: 2.971090
+ for repeat in 1 2 3
+ echo ' Repeat=3'
 Repeat=3
+ ./v0-serial_smithW.out 16928 16928
Problem size: Matrix[16928][16928]
Total memory footprint is:2 GB
Skipping backtrack ...

Elapsed time for scoring matrix computation: 2.970107
+ for N_SIZE in '{32..46000..512}'
+ let 'counter += 1'
+ echo 'running count=35, problem M=17440 N=17440'
running count=35, problem M=17440 N=17440
+ for repeat in 1 2 3
+ echo ' Repeat=1'
 Repeat=1
+ ./v0-serial_smithW.out 17440 17440
Problem size: Matrix[17440][17440]
Total memory footprint is:2 GB
Skipping backtrack ...

Elapsed time for scoring matrix computation: 3.163944
+ for repeat in 1 2 3
+ echo ' Repeat=2'
 Repeat=2
+ ./v0-serial_smithW.out 17440 17440
Problem size: Matrix[17440][17440]
Total memory footprint is:2 GB
Skipping backtrack ...

Elapsed time for scoring matrix computation: 3.113315
+ for repeat in 1 2 3
+ echo ' Repeat=3'
 Repeat=3
+ ./v0-serial_smithW.out 17440 17440
Problem size: Matrix[17440][17440]
Total memory footprint is:2 GB
Skipping backtrack ...

Elapsed time for scoring matrix computation: 3.162412
+ for N_SIZE in '{32..46000..512}'
+ let 'counter += 1'
+ echo 'running count=36, problem M=17952 N=17952'
running count=36, problem M=17952 N=17952
+ for repeat in 1 2 3
+ echo ' Repeat=1'
 Repeat=1
+ ./v0-serial_smithW.out 17952 17952
Problem size: Matrix[17952][17952]
Total memory footprint is:2 GB
Skipping backtrack ...

Elapsed time for scoring matrix computation: 3.298556
+ for repeat in 1 2 3
+ echo ' Repeat=2'
 Repeat=2
+ ./v0-serial_smithW.out 17952 17952
Problem size: Matrix[17952][17952]
Total memory footprint is:2 GB
Skipping backtrack ...

Elapsed time for scoring matrix computation: 3.357567
+ for repeat in 1 2 3
+ echo ' Repeat=3'
 Repeat=3
+ ./v0-serial_smithW.out 17952 17952
Problem size: Matrix[17952][17952]
Total memory footprint is:2 GB
Skipping backtrack ...

Elapsed time for scoring matrix computation: 3.355352
+ for N_SIZE in '{32..46000..512}'
+ let 'counter += 1'
+ echo 'running count=37, problem M=18464 N=18464'
running count=37, problem M=18464 N=18464
+ for repeat in 1 2 3
+ echo ' Repeat=1'
 Repeat=1
+ ./v0-serial_smithW.out 18464 18464
Problem size: Matrix[18464][18464]
Total memory footprint is:2 GB
Skipping backtrack ...

Elapsed time for scoring matrix computation: 3.500716
+ for repeat in 1 2 3
+ echo ' Repeat=2'
 Repeat=2
+ ./v0-serial_smithW.out 18464 18464
Problem size: Matrix[18464][18464]
Total memory footprint is:2 GB
Skipping backtrack ...

Elapsed time for scoring matrix computation: 3.554854
+ for repeat in 1 2 3
+ echo ' Repeat=3'
 Repeat=3
+ ./v0-serial_smithW.out 18464 18464
Problem size: Matrix[18464][18464]
Total memory footprint is:2 GB
Skipping backtrack ...

Elapsed time for scoring matrix computation: 3.498620
+ for N_SIZE in '{32..46000..512}'
+ let 'counter += 1'
+ echo 'running count=38, problem M=18976 N=18976'
running count=38, problem M=18976 N=18976
+ for repeat in 1 2 3
+ echo ' Repeat=1'
 Repeat=1
+ ./v0-serial_smithW.out 18976 18976
Problem size: Matrix[18976][18976]
Total memory footprint is:2 GB
Skipping backtrack ...

Elapsed time for scoring matrix computation: 3.759506
+ for repeat in 1 2 3
+ echo ' Repeat=2'
 Repeat=2
+ ./v0-serial_smithW.out 18976 18976
Problem size: Matrix[18976][18976]
Total memory footprint is:2 GB
Skipping backtrack ...

Elapsed time for scoring matrix computation: 3.756137
+ for repeat in 1 2 3
+ echo ' Repeat=3'
 Repeat=3
+ ./v0-serial_smithW.out 18976 18976
Problem size: Matrix[18976][18976]
Total memory footprint is:2 GB
Skipping backtrack ...

Elapsed time for scoring matrix computation: 3.758499
+ for N_SIZE in '{32..46000..512}'
+ let 'counter += 1'
+ echo 'running count=39, problem M=19488 N=19488'
running count=39, problem M=19488 N=19488
+ for repeat in 1 2 3
+ echo ' Repeat=1'
 Repeat=1
+ ./v0-serial_smithW.out 19488 19488
Problem size: Matrix[19488][19488]
Total memory footprint is:2 GB
Skipping backtrack ...

Elapsed time for scoring matrix computation: 3.968735
+ for repeat in 1 2 3
+ echo ' Repeat=2'
 Repeat=2
+ ./v0-serial_smithW.out 19488 19488
Problem size: Matrix[19488][19488]
Total memory footprint is:2 GB
Skipping backtrack ...

Elapsed time for scoring matrix computation: 3.971704
+ for repeat in 1 2 3
+ echo ' Repeat=3'
 Repeat=3
+ ./v0-serial_smithW.out 19488 19488
Problem size: Matrix[19488][19488]
Total memory footprint is:2 GB
Skipping backtrack ...

Elapsed time for scoring matrix computation: 3.974793
+ for N_SIZE in '{32..46000..512}'
+ let 'counter += 1'
+ echo 'running count=40, problem M=20000 N=20000'
running count=40, problem M=20000 N=20000
+ for repeat in 1 2 3
+ echo ' Repeat=1'
 Repeat=1
+ ./v0-serial_smithW.out 20000 20000
Problem size: Matrix[20000][20000]
Total memory footprint is:2 GB
Skipping backtrack ...

Elapsed time for scoring matrix computation: 4.201553
+ for repeat in 1 2 3
+ echo ' Repeat=2'
 Repeat=2
+ ./v0-serial_smithW.out 20000 20000
Problem size: Matrix[20000][20000]
Total memory footprint is:2 GB
Skipping backtrack ...

Elapsed time for scoring matrix computation: 4.135467
+ for repeat in 1 2 3
+ echo ' Repeat=3'
 Repeat=3
+ ./v0-serial_smithW.out 20000 20000
Problem size: Matrix[20000][20000]
Total memory footprint is:2 GB
Skipping backtrack ...

Elapsed time for scoring matrix computation: 4.203745
+ for N_SIZE in '{32..46000..512}'
+ let 'counter += 1'
+ echo 'running count=41, problem M=20512 N=20512'
running count=41, problem M=20512 N=20512
+ for repeat in 1 2 3
+ echo ' Repeat=1'
 Repeat=1
+ ./v0-serial_smithW.out 20512 20512
Problem size: Matrix[20512][20512]
Total memory footprint is:3 GB
Skipping backtrack ...

Elapsed time for scoring matrix computation: 4.430691
+ for repeat in 1 2 3
+ echo ' Repeat=2'
 Repeat=2
+ ./v0-serial_smithW.out 20512 20512
Problem size: Matrix[20512][20512]
Total memory footprint is:3 GB
Skipping backtrack ...

Elapsed time for scoring matrix computation: 4.355053
+ for repeat in 1 2 3
+ echo ' Repeat=3'
 Repeat=3
+ ./v0-serial_smithW.out 20512 20512
Problem size: Matrix[20512][20512]
Total memory footprint is:3 GB
Skipping backtrack ...

Elapsed time for scoring matrix computation: 4.348547
+ for N_SIZE in '{32..46000..512}'
+ let 'counter += 1'
+ echo 'running count=42, problem M=21024 N=21024'
running count=42, problem M=21024 N=21024
+ for repeat in 1 2 3
+ echo ' Repeat=1'
 Repeat=1
+ ./v0-serial_smithW.out 21024 21024
Problem size: Matrix[21024][21024]
Total memory footprint is:3 GB
Skipping backtrack ...

Elapsed time for scoring matrix computation: 4.649849
+ for repeat in 1 2 3
+ echo ' Repeat=2'
 Repeat=2
+ ./v0-serial_smithW.out 21024 21024
Problem size: Matrix[21024][21024]
Total memory footprint is:3 GB
Skipping backtrack ...

Elapsed time for scoring matrix computation: 4.644063
+ for repeat in 1 2 3
+ echo ' Repeat=3'
 Repeat=3
+ ./v0-serial_smithW.out 21024 21024
Problem size: Matrix[21024][21024]
Total memory footprint is:3 GB
Skipping backtrack ...

Elapsed time for scoring matrix computation: 4.646796
+ for N_SIZE in '{32..46000..512}'
+ let 'counter += 1'
+ echo 'running count=43, problem M=21536 N=21536'
running count=43, problem M=21536 N=21536
+ for repeat in 1 2 3
+ echo ' Repeat=1'
 Repeat=1
+ ./v0-serial_smithW.out 21536 21536
Problem size: Matrix[21536][21536]
Total memory footprint is:3 GB
Skipping backtrack ...

Elapsed time for scoring matrix computation: 4.909386
+ for repeat in 1 2 3
+ echo ' Repeat=2'
 Repeat=2
+ ./v0-serial_smithW.out 21536 21536
Problem size: Matrix[21536][21536]
Total memory footprint is:3 GB
Skipping backtrack ...

Elapsed time for scoring matrix computation: 4.904760
+ for repeat in 1 2 3
+ echo ' Repeat=3'
 Repeat=3
+ ./v0-serial_smithW.out 21536 21536
Problem size: Matrix[21536][21536]
Total memory footprint is:3 GB
Skipping backtrack ...

Elapsed time for scoring matrix computation: 4.827867
+ for N_SIZE in '{32..46000..512}'
+ let 'counter += 1'
+ echo 'running count=44, problem M=22048 N=22048'
running count=44, problem M=22048 N=22048
+ for repeat in 1 2 3
+ echo ' Repeat=1'
 Repeat=1
+ ./v0-serial_smithW.out 22048 22048
Problem size: Matrix[22048][22048]
Total memory footprint is:3 GB
Skipping backtrack ...

Elapsed time for scoring matrix computation: 5.129285
+ for repeat in 1 2 3
+ echo ' Repeat=2'
 Repeat=2
+ ./v0-serial_smithW.out 22048 22048
Problem size: Matrix[22048][22048]
Total memory footprint is:3 GB
Skipping backtrack ...

Elapsed time for scoring matrix computation: 5.052259
+ for repeat in 1 2 3
+ echo ' Repeat=3'
 Repeat=3
+ ./v0-serial_smithW.out 22048 22048
./run-separate.sh: line 35: ./v0-serial_smithW.out: No such file or directory
