+ EXE_FILE=omp_smithW-v1-refinedOrig.out
++ date +%Y%m%d_%H%M%S
+ TIMESTAMP=20210524_210040
++ uname -n
+ NODE_NAME=lassen17
++ uname -m
+ HARDWAREE_NAME=ppc64le
+ rm omp_smithW-v1-refinedOrig.out
+ make ./omp_smithW-v1-refinedOrig.out
clang++  -O3 -g -std=c++11 -DSKIP_BACKTRACK=1 -fopenmp  -o omp_smithW-v1-refinedOrig.out omp_smithW-v1-refinedOrig.cpp
+ export OMP_NUM_THREADS=44
+ OMP_NUM_THREADS=44
+ counter=
+ for N_SIZE in '{32..26000..512}'
+ let 'counter += 1'
+ echo 'running count=1, problem M=32 N=32'
running count=1, problem M=32 N=32
+ for repeat in 1 2 3
+ echo ' Repeat=1'
 Repeat=1
+ ./omp_smithW-v1-refinedOrig.out 32 32
Problem size: Matrix[32][32]
Total memory footprint is:0 MB
Skipping backtrack ...
Using 44 out of max 44 threads...
Elapsed time for scoring matrix computation: 0.000236
+ for repeat in 1 2 3
+ echo ' Repeat=2'
 Repeat=2
+ ./omp_smithW-v1-refinedOrig.out 32 32
Problem size: Matrix[32][32]
Total memory footprint is:0 MB
Skipping backtrack ...
Using 44 out of max 44 threads...
Elapsed time for scoring matrix computation: 0.000267
+ for repeat in 1 2 3
+ echo ' Repeat=3'
 Repeat=3
+ ./omp_smithW-v1-refinedOrig.out 32 32
Problem size: Matrix[32][32]
Total memory footprint is:0 MB
Skipping backtrack ...
Using 44 out of max 44 threads...
Elapsed time for scoring matrix computation: 0.000249
+ for N_SIZE in '{32..26000..512}'
+ let 'counter += 1'
+ echo 'running count=2, problem M=544 N=544'
running count=2, problem M=544 N=544
+ for repeat in 1 2 3
+ echo ' Repeat=1'
 Repeat=1
+ ./omp_smithW-v1-refinedOrig.out 544 544
Problem size: Matrix[544][544]
Total memory footprint is:2 MB
Skipping backtrack ...
Using 44 out of max 44 threads...
Elapsed time for scoring matrix computation: 0.004062
+ for repeat in 1 2 3
+ echo ' Repeat=2'
 Repeat=2
+ ./omp_smithW-v1-refinedOrig.out 544 544
Problem size: Matrix[544][544]
Total memory footprint is:2 MB
Skipping backtrack ...
Using 44 out of max 44 threads...
Elapsed time for scoring matrix computation: 0.004126
+ for repeat in 1 2 3
+ echo ' Repeat=3'
 Repeat=3
+ ./omp_smithW-v1-refinedOrig.out 544 544
Problem size: Matrix[544][544]
Total memory footprint is:2 MB
Skipping backtrack ...
Using 44 out of max 44 threads...
Elapsed time for scoring matrix computation: 0.004122
+ for N_SIZE in '{32..26000..512}'
+ let 'counter += 1'
+ echo 'running count=3, problem M=1056 N=1056'
running count=3, problem M=1056 N=1056
+ for repeat in 1 2 3
+ echo ' Repeat=1'
 Repeat=1
+ ./omp_smithW-v1-refinedOrig.out 1056 1056
Problem size: Matrix[1056][1056]
Total memory footprint is:8 MB
Skipping backtrack ...
Using 44 out of max 44 threads...
Elapsed time for scoring matrix computation: 0.008819
+ for repeat in 1 2 3
+ echo ' Repeat=2'
 Repeat=2
+ ./omp_smithW-v1-refinedOrig.out 1056 1056
Problem size: Matrix[1056][1056]
Total memory footprint is:8 MB
Skipping backtrack ...
Using 44 out of max 44 threads...
Elapsed time for scoring matrix computation: 0.008664
+ for repeat in 1 2 3
+ echo ' Repeat=3'
 Repeat=3
+ ./omp_smithW-v1-refinedOrig.out 1056 1056
Problem size: Matrix[1056][1056]
Total memory footprint is:8 MB
Skipping backtrack ...
Using 44 out of max 44 threads...
Elapsed time for scoring matrix computation: 0.008696
+ for N_SIZE in '{32..26000..512}'
+ let 'counter += 1'
+ echo 'running count=4, problem M=1568 N=1568'
running count=4, problem M=1568 N=1568
+ for repeat in 1 2 3
+ echo ' Repeat=1'
 Repeat=1
+ ./omp_smithW-v1-refinedOrig.out 1568 1568
Problem size: Matrix[1568][1568]
Total memory footprint is:18 MB
Skipping backtrack ...
Using 44 out of max 44 threads...
Elapsed time for scoring matrix computation: 0.013764
+ for repeat in 1 2 3
+ echo ' Repeat=2'
 Repeat=2
+ ./omp_smithW-v1-refinedOrig.out 1568 1568
Problem size: Matrix[1568][1568]
Total memory footprint is:18 MB
Skipping backtrack ...
Using 44 out of max 44 threads...
Elapsed time for scoring matrix computation: 0.013677
+ for repeat in 1 2 3
+ echo ' Repeat=3'
 Repeat=3
+ ./omp_smithW-v1-refinedOrig.out 1568 1568
Problem size: Matrix[1568][1568]
Total memory footprint is:18 MB
Skipping backtrack ...
Using 44 out of max 44 threads...
Elapsed time for scoring matrix computation: 0.014148
+ for N_SIZE in '{32..26000..512}'
+ let 'counter += 1'
+ echo 'running count=5, problem M=2080 N=2080'
running count=5, problem M=2080 N=2080
+ for repeat in 1 2 3
+ echo ' Repeat=1'
 Repeat=1
+ ./omp_smithW-v1-refinedOrig.out 2080 2080
Problem size: Matrix[2080][2080]
Total memory footprint is:33 MB
Skipping backtrack ...
Using 44 out of max 44 threads...
Elapsed time for scoring matrix computation: 0.020017
+ for repeat in 1 2 3
+ echo ' Repeat=2'
 Repeat=2
+ ./omp_smithW-v1-refinedOrig.out 2080 2080
Problem size: Matrix[2080][2080]
Total memory footprint is:33 MB
Skipping backtrack ...
Using 44 out of max 44 threads...
Elapsed time for scoring matrix computation: 0.019777
+ for repeat in 1 2 3
+ echo ' Repeat=3'
 Repeat=3
+ ./omp_smithW-v1-refinedOrig.out 2080 2080
Problem size: Matrix[2080][2080]
Total memory footprint is:33 MB
Skipping backtrack ...
Using 44 out of max 44 threads...
Elapsed time for scoring matrix computation: 0.020026
+ for N_SIZE in '{32..26000..512}'
+ let 'counter += 1'
+ echo 'running count=6, problem M=2592 N=2592'
running count=6, problem M=2592 N=2592
+ for repeat in 1 2 3
+ echo ' Repeat=1'
 Repeat=1
+ ./omp_smithW-v1-refinedOrig.out 2592 2592
Problem size: Matrix[2592][2592]
Total memory footprint is:51 MB
Skipping backtrack ...
Using 44 out of max 44 threads...
Elapsed time for scoring matrix computation: 0.026463
+ for repeat in 1 2 3
+ echo ' Repeat=2'
 Repeat=2
+ ./omp_smithW-v1-refinedOrig.out 2592 2592
Problem size: Matrix[2592][2592]
Total memory footprint is:51 MB
Skipping backtrack ...
Using 44 out of max 44 threads...
Elapsed time for scoring matrix computation: 0.026565
+ for repeat in 1 2 3
+ echo ' Repeat=3'
 Repeat=3
+ ./omp_smithW-v1-refinedOrig.out 2592 2592
Problem size: Matrix[2592][2592]
Total memory footprint is:51 MB
Skipping backtrack ...
Using 44 out of max 44 threads...
Elapsed time for scoring matrix computation: 0.026142
+ for N_SIZE in '{32..26000..512}'
+ let 'counter += 1'
+ echo 'running count=7, problem M=3104 N=3104'
running count=7, problem M=3104 N=3104
+ for repeat in 1 2 3
+ echo ' Repeat=1'
 Repeat=1
+ ./omp_smithW-v1-refinedOrig.out 3104 3104
Problem size: Matrix[3104][3104]
Total memory footprint is:73 MB
Skipping backtrack ...
Using 44 out of max 44 threads...
Elapsed time for scoring matrix computation: 0.033169
+ for repeat in 1 2 3
+ echo ' Repeat=2'
 Repeat=2
+ ./omp_smithW-v1-refinedOrig.out 3104 3104
Problem size: Matrix[3104][3104]
Total memory footprint is:73 MB
Skipping backtrack ...
Using 44 out of max 44 threads...
Elapsed time for scoring matrix computation: 0.033180
+ for repeat in 1 2 3
+ echo ' Repeat=3'
 Repeat=3
+ ./omp_smithW-v1-refinedOrig.out 3104 3104
Problem size: Matrix[3104][3104]
Total memory footprint is:73 MB
Skipping backtrack ...
Using 44 out of max 44 threads...
Elapsed time for scoring matrix computation: 0.033749
+ for N_SIZE in '{32..26000..512}'
+ let 'counter += 1'
+ echo 'running count=8, problem M=3616 N=3616'
running count=8, problem M=3616 N=3616
+ for repeat in 1 2 3
+ echo ' Repeat=1'
 Repeat=1
+ ./omp_smithW-v1-refinedOrig.out 3616 3616
Problem size: Matrix[3616][3616]
Total memory footprint is:99 MB
Skipping backtrack ...
Using 44 out of max 44 threads...
Elapsed time for scoring matrix computation: 0.042168
+ for repeat in 1 2 3
+ echo ' Repeat=2'
 Repeat=2
+ ./omp_smithW-v1-refinedOrig.out 3616 3616
Problem size: Matrix[3616][3616]
Total memory footprint is:99 MB
Skipping backtrack ...
Using 44 out of max 44 threads...
Elapsed time for scoring matrix computation: 0.041318
+ for repeat in 1 2 3
+ echo ' Repeat=3'
 Repeat=3
+ ./omp_smithW-v1-refinedOrig.out 3616 3616
Problem size: Matrix[3616][3616]
Total memory footprint is:99 MB
Skipping backtrack ...
Using 44 out of max 44 threads...
Elapsed time for scoring matrix computation: 0.042334
+ for N_SIZE in '{32..26000..512}'
+ let 'counter += 1'
+ echo 'running count=9, problem M=4128 N=4128'
running count=9, problem M=4128 N=4128
+ for repeat in 1 2 3
+ echo ' Repeat=1'
 Repeat=1
+ ./omp_smithW-v1-refinedOrig.out 4128 4128
Problem size: Matrix[4128][4128]
Total memory footprint is:130 MB
Skipping backtrack ...
Using 44 out of max 44 threads...
Elapsed time for scoring matrix computation: 0.051525
+ for repeat in 1 2 3
+ echo ' Repeat=2'
 Repeat=2
+ ./omp_smithW-v1-refinedOrig.out 4128 4128
Problem size: Matrix[4128][4128]
Total memory footprint is:130 MB
Skipping backtrack ...
Using 44 out of max 44 threads...
Elapsed time for scoring matrix computation: 0.051532
+ for repeat in 1 2 3
+ echo ' Repeat=3'
 Repeat=3
+ ./omp_smithW-v1-refinedOrig.out 4128 4128
Problem size: Matrix[4128][4128]
Total memory footprint is:130 MB
Skipping backtrack ...
Using 44 out of max 44 threads...
Elapsed time for scoring matrix computation: 0.050598
+ for N_SIZE in '{32..26000..512}'
+ let 'counter += 1'
+ echo 'running count=10, problem M=4640 N=4640'
running count=10, problem M=4640 N=4640
+ for repeat in 1 2 3
+ echo ' Repeat=1'
 Repeat=1
+ ./omp_smithW-v1-refinedOrig.out 4640 4640
Problem size: Matrix[4640][4640]
Total memory footprint is:164 MB
Skipping backtrack ...
Using 44 out of max 44 threads...
Elapsed time for scoring matrix computation: 0.060150
+ for repeat in 1 2 3
+ echo ' Repeat=2'
 Repeat=2
+ ./omp_smithW-v1-refinedOrig.out 4640 4640
Problem size: Matrix[4640][4640]
Total memory footprint is:164 MB
Skipping backtrack ...
Using 44 out of max 44 threads...
Elapsed time for scoring matrix computation: 0.060327
+ for repeat in 1 2 3
+ echo ' Repeat=3'
 Repeat=3
+ ./omp_smithW-v1-refinedOrig.out 4640 4640
Problem size: Matrix[4640][4640]
Total memory footprint is:164 MB
Skipping backtrack ...
Using 44 out of max 44 threads...
Elapsed time for scoring matrix computation: 0.060374
+ for N_SIZE in '{32..26000..512}'
+ let 'counter += 1'
+ echo 'running count=11, problem M=5152 N=5152'
running count=11, problem M=5152 N=5152
+ for repeat in 1 2 3
+ echo ' Repeat=1'
 Repeat=1
+ ./omp_smithW-v1-refinedOrig.out 5152 5152
Problem size: Matrix[5152][5152]
Total memory footprint is:202 MB
Skipping backtrack ...
Using 44 out of max 44 threads...
Elapsed time for scoring matrix computation: 0.071732
+ for repeat in 1 2 3
+ echo ' Repeat=2'
 Repeat=2
+ ./omp_smithW-v1-refinedOrig.out 5152 5152
Problem size: Matrix[5152][5152]
Total memory footprint is:202 MB
Skipping backtrack ...
Using 44 out of max 44 threads...
Elapsed time for scoring matrix computation: 0.072625
+ for repeat in 1 2 3
+ echo ' Repeat=3'
 Repeat=3
+ ./omp_smithW-v1-refinedOrig.out 5152 5152
Problem size: Matrix[5152][5152]
Total memory footprint is:202 MB
Skipping backtrack ...
Using 44 out of max 44 threads...
Elapsed time for scoring matrix computation: 0.072767
+ for N_SIZE in '{32..26000..512}'
+ let 'counter += 1'
+ echo 'running count=12, problem M=5664 N=5664'
running count=12, problem M=5664 N=5664
+ for repeat in 1 2 3
+ echo ' Repeat=1'
 Repeat=1
+ ./omp_smithW-v1-refinedOrig.out 5664 5664
Problem size: Matrix[5664][5664]
Total memory footprint is:244 MB
Skipping backtrack ...
Using 44 out of max 44 threads...
Elapsed time for scoring matrix computation: 0.084277
+ for repeat in 1 2 3
+ echo ' Repeat=2'
 Repeat=2
+ ./omp_smithW-v1-refinedOrig.out 5664 5664
Problem size: Matrix[5664][5664]
Total memory footprint is:244 MB
Skipping backtrack ...
Using 44 out of max 44 threads...
Elapsed time for scoring matrix computation: 0.084203
+ for repeat in 1 2 3
+ echo ' Repeat=3'
 Repeat=3
+ ./omp_smithW-v1-refinedOrig.out 5664 5664
Problem size: Matrix[5664][5664]
Total memory footprint is:244 MB
Skipping backtrack ...
Using 44 out of max 44 threads...
Elapsed time for scoring matrix computation: 0.084525
+ for N_SIZE in '{32..26000..512}'
+ let 'counter += 1'
+ echo 'running count=13, problem M=6176 N=6176'
running count=13, problem M=6176 N=6176
+ for repeat in 1 2 3
+ echo ' Repeat=1'
 Repeat=1
+ ./omp_smithW-v1-refinedOrig.out 6176 6176
Problem size: Matrix[6176][6176]
Total memory footprint is:291 MB
Skipping backtrack ...
Using 44 out of max 44 threads...
Elapsed time for scoring matrix computation: 0.096228
+ for repeat in 1 2 3
+ echo ' Repeat=2'
 Repeat=2
+ ./omp_smithW-v1-refinedOrig.out 6176 6176
Problem size: Matrix[6176][6176]
Total memory footprint is:291 MB
Skipping backtrack ...
Using 44 out of max 44 threads...
Elapsed time for scoring matrix computation: 0.097557
+ for repeat in 1 2 3
+ echo ' Repeat=3'
 Repeat=3
+ ./omp_smithW-v1-refinedOrig.out 6176 6176
Problem size: Matrix[6176][6176]
Total memory footprint is:291 MB
Skipping backtrack ...
Using 44 out of max 44 threads...
Elapsed time for scoring matrix computation: 0.096092
+ for N_SIZE in '{32..26000..512}'
+ let 'counter += 1'
+ echo 'running count=14, problem M=6688 N=6688'
running count=14, problem M=6688 N=6688
+ for repeat in 1 2 3
+ echo ' Repeat=1'
 Repeat=1
+ ./omp_smithW-v1-refinedOrig.out 6688 6688
Problem size: Matrix[6688][6688]
Total memory footprint is:341 MB
Skipping backtrack ...
Using 44 out of max 44 threads...
Elapsed time for scoring matrix computation: 0.109935
+ for repeat in 1 2 3
+ echo ' Repeat=2'
 Repeat=2
+ ./omp_smithW-v1-refinedOrig.out 6688 6688
Problem size: Matrix[6688][6688]
Total memory footprint is:341 MB
Skipping backtrack ...
Using 44 out of max 44 threads...
Elapsed time for scoring matrix computation: 0.108747
+ for repeat in 1 2 3
+ echo ' Repeat=3'
 Repeat=3
+ ./omp_smithW-v1-refinedOrig.out 6688 6688
Problem size: Matrix[6688][6688]
Total memory footprint is:341 MB
Skipping backtrack ...
Using 44 out of max 44 threads...
Elapsed time for scoring matrix computation: 0.107341
+ for N_SIZE in '{32..26000..512}'
+ let 'counter += 1'
+ echo 'running count=15, problem M=7200 N=7200'
running count=15, problem M=7200 N=7200
+ for repeat in 1 2 3
+ echo ' Repeat=1'
 Repeat=1
+ ./omp_smithW-v1-refinedOrig.out 7200 7200
Problem size: Matrix[7200][7200]
Total memory footprint is:395 MB
Skipping backtrack ...
Using 44 out of max 44 threads...
Elapsed time for scoring matrix computation: 0.122429
+ for repeat in 1 2 3
+ echo ' Repeat=2'
 Repeat=2
+ ./omp_smithW-v1-refinedOrig.out 7200 7200
Problem size: Matrix[7200][7200]
Total memory footprint is:395 MB
Skipping backtrack ...
Using 44 out of max 44 threads...
Elapsed time for scoring matrix computation: 0.123711
+ for repeat in 1 2 3
+ echo ' Repeat=3'
 Repeat=3
+ ./omp_smithW-v1-refinedOrig.out 7200 7200
Problem size: Matrix[7200][7200]
Total memory footprint is:395 MB
Skipping backtrack ...
Using 44 out of max 44 threads...
Elapsed time for scoring matrix computation: 0.124963
+ for N_SIZE in '{32..26000..512}'
+ let 'counter += 1'
+ echo 'running count=16, problem M=7712 N=7712'
running count=16, problem M=7712 N=7712
+ for repeat in 1 2 3
+ echo ' Repeat=1'
 Repeat=1
+ ./omp_smithW-v1-refinedOrig.out 7712 7712
Problem size: Matrix[7712][7712]
Total memory footprint is:453 MB
Skipping backtrack ...
Using 44 out of max 44 threads...
Elapsed time for scoring matrix computation: 0.138268
+ for repeat in 1 2 3
+ echo ' Repeat=2'
 Repeat=2
+ ./omp_smithW-v1-refinedOrig.out 7712 7712
Problem size: Matrix[7712][7712]
Total memory footprint is:453 MB
Skipping backtrack ...
Using 44 out of max 44 threads...
Elapsed time for scoring matrix computation: 0.138544
+ for repeat in 1 2 3
+ echo ' Repeat=3'
 Repeat=3
+ ./omp_smithW-v1-refinedOrig.out 7712 7712
Problem size: Matrix[7712][7712]
Total memory footprint is:453 MB
Skipping backtrack ...
Using 44 out of max 44 threads...
Elapsed time for scoring matrix computation: 0.136501
+ for N_SIZE in '{32..26000..512}'
+ let 'counter += 1'
+ echo 'running count=17, problem M=8224 N=8224'
running count=17, problem M=8224 N=8224
+ for repeat in 1 2 3
+ echo ' Repeat=1'
 Repeat=1
+ ./omp_smithW-v1-refinedOrig.out 8224 8224
Problem size: Matrix[8224][8224]
Total memory footprint is:516 MB
Skipping backtrack ...
Using 44 out of max 44 threads...
Elapsed time for scoring matrix computation: 0.149319
+ for repeat in 1 2 3
+ echo ' Repeat=2'
 Repeat=2
+ ./omp_smithW-v1-refinedOrig.out 8224 8224
Problem size: Matrix[8224][8224]
Total memory footprint is:516 MB
Skipping backtrack ...
Using 44 out of max 44 threads...
Elapsed time for scoring matrix computation: 0.149830
+ for repeat in 1 2 3
+ echo ' Repeat=3'
 Repeat=3
+ ./omp_smithW-v1-refinedOrig.out 8224 8224
Problem size: Matrix[8224][8224]
Total memory footprint is:516 MB
Skipping backtrack ...
Using 44 out of max 44 threads...
Elapsed time for scoring matrix computation: 0.154101
+ for N_SIZE in '{32..26000..512}'
+ let 'counter += 1'
+ echo 'running count=18, problem M=8736 N=8736'
running count=18, problem M=8736 N=8736
+ for repeat in 1 2 3
+ echo ' Repeat=1'
 Repeat=1
+ ./omp_smithW-v1-refinedOrig.out 8736 8736
Problem size: Matrix[8736][8736]
Total memory footprint is:582 MB
Skipping backtrack ...
Using 44 out of max 44 threads...
Elapsed time for scoring matrix computation: 0.171153
+ for repeat in 1 2 3
+ echo ' Repeat=2'
 Repeat=2
+ ./omp_smithW-v1-refinedOrig.out 8736 8736
Problem size: Matrix[8736][8736]
Total memory footprint is:582 MB
Skipping backtrack ...
Using 44 out of max 44 threads...
Elapsed time for scoring matrix computation: 0.171027
+ for repeat in 1 2 3
+ echo ' Repeat=3'
 Repeat=3
+ ./omp_smithW-v1-refinedOrig.out 8736 8736
Problem size: Matrix[8736][8736]
Total memory footprint is:582 MB
Skipping backtrack ...
Using 44 out of max 44 threads...
Elapsed time for scoring matrix computation: 0.172382
+ for N_SIZE in '{32..26000..512}'
+ let 'counter += 1'
+ echo 'running count=19, problem M=9248 N=9248'
running count=19, problem M=9248 N=9248
+ for repeat in 1 2 3
+ echo ' Repeat=1'
 Repeat=1
+ ./omp_smithW-v1-refinedOrig.out 9248 9248
Problem size: Matrix[9248][9248]
Total memory footprint is:652 MB
Skipping backtrack ...
Using 44 out of max 44 threads...
Elapsed time for scoring matrix computation: 0.185811
+ for repeat in 1 2 3
+ echo ' Repeat=2'
 Repeat=2
+ ./omp_smithW-v1-refinedOrig.out 9248 9248
Problem size: Matrix[9248][9248]
Total memory footprint is:652 MB
Skipping backtrack ...
Using 44 out of max 44 threads...
Elapsed time for scoring matrix computation: 0.181865
+ for repeat in 1 2 3
+ echo ' Repeat=3'
 Repeat=3
+ ./omp_smithW-v1-refinedOrig.out 9248 9248
Problem size: Matrix[9248][9248]
Total memory footprint is:652 MB
Skipping backtrack ...
Using 44 out of max 44 threads...
Elapsed time for scoring matrix computation: 0.181974
+ for N_SIZE in '{32..26000..512}'
+ let 'counter += 1'
+ echo 'running count=20, problem M=9760 N=9760'
running count=20, problem M=9760 N=9760
+ for repeat in 1 2 3
+ echo ' Repeat=1'
 Repeat=1
+ ./omp_smithW-v1-refinedOrig.out 9760 9760
Problem size: Matrix[9760][9760]
Total memory footprint is:726 MB
Skipping backtrack ...
Using 44 out of max 44 threads...
Elapsed time for scoring matrix computation: 0.200100
+ for repeat in 1 2 3
+ echo ' Repeat=2'
 Repeat=2
+ ./omp_smithW-v1-refinedOrig.out 9760 9760
Problem size: Matrix[9760][9760]
Total memory footprint is:726 MB
Skipping backtrack ...
Using 44 out of max 44 threads...
Elapsed time for scoring matrix computation: 0.200722
+ for repeat in 1 2 3
+ echo ' Repeat=3'
 Repeat=3
+ ./omp_smithW-v1-refinedOrig.out 9760 9760
Problem size: Matrix[9760][9760]
Total memory footprint is:726 MB
Skipping backtrack ...
Using 44 out of max 44 threads...
Elapsed time for scoring matrix computation: 0.199465
+ for N_SIZE in '{32..26000..512}'
+ let 'counter += 1'
+ echo 'running count=21, problem M=10272 N=10272'
running count=21, problem M=10272 N=10272
+ for repeat in 1 2 3
+ echo ' Repeat=1'
 Repeat=1
+ ./omp_smithW-v1-refinedOrig.out 10272 10272
Problem size: Matrix[10272][10272]
Total memory footprint is:805 MB
Skipping backtrack ...
Using 44 out of max 44 threads...
Elapsed time for scoring matrix computation: 0.226521
+ for repeat in 1 2 3
+ echo ' Repeat=2'
 Repeat=2
+ ./omp_smithW-v1-refinedOrig.out 10272 10272
Problem size: Matrix[10272][10272]
Total memory footprint is:805 MB
Skipping backtrack ...
Using 44 out of max 44 threads...
Elapsed time for scoring matrix computation: 0.228500
+ for repeat in 1 2 3
+ echo ' Repeat=3'
 Repeat=3
+ ./omp_smithW-v1-refinedOrig.out 10272 10272
Problem size: Matrix[10272][10272]
Total memory footprint is:805 MB
Skipping backtrack ...
Using 44 out of max 44 threads...
Elapsed time for scoring matrix computation: 0.221103
+ for N_SIZE in '{32..26000..512}'
+ let 'counter += 1'
+ echo 'running count=22, problem M=10784 N=10784'
running count=22, problem M=10784 N=10784
+ for repeat in 1 2 3
+ echo ' Repeat=1'
 Repeat=1
+ ./omp_smithW-v1-refinedOrig.out 10784 10784
Problem size: Matrix[10784][10784]
Total memory footprint is:887 MB
Skipping backtrack ...
Using 44 out of max 44 threads...
Elapsed time for scoring matrix computation: 0.246302
+ for repeat in 1 2 3
+ echo ' Repeat=2'
 Repeat=2
+ ./omp_smithW-v1-refinedOrig.out 10784 10784
Problem size: Matrix[10784][10784]
Total memory footprint is:887 MB
Skipping backtrack ...
Using 44 out of max 44 threads...
Elapsed time for scoring matrix computation: 0.247598
+ for repeat in 1 2 3
+ echo ' Repeat=3'
 Repeat=3
+ ./omp_smithW-v1-refinedOrig.out 10784 10784
Problem size: Matrix[10784][10784]
Total memory footprint is:887 MB
Skipping backtrack ...
Using 44 out of max 44 threads...
Elapsed time for scoring matrix computation: 0.248572
+ for N_SIZE in '{32..26000..512}'
+ let 'counter += 1'
+ echo 'running count=23, problem M=11296 N=11296'
running count=23, problem M=11296 N=11296
+ for repeat in 1 2 3
+ echo ' Repeat=1'
 Repeat=1
+ ./omp_smithW-v1-refinedOrig.out 11296 11296
Problem size: Matrix[11296][11296]
Total memory footprint is:973 MB
Skipping backtrack ...
Using 44 out of max 44 threads...
Elapsed time for scoring matrix computation: 0.270245
+ for repeat in 1 2 3
+ echo ' Repeat=2'
 Repeat=2
+ ./omp_smithW-v1-refinedOrig.out 11296 11296
Problem size: Matrix[11296][11296]
Total memory footprint is:973 MB
Skipping backtrack ...
Using 44 out of max 44 threads...
Elapsed time for scoring matrix computation: 0.271370
+ for repeat in 1 2 3
+ echo ' Repeat=3'
 Repeat=3
+ ./omp_smithW-v1-refinedOrig.out 11296 11296
Problem size: Matrix[11296][11296]
Total memory footprint is:973 MB
Skipping backtrack ...
Using 44 out of max 44 threads...
Elapsed time for scoring matrix computation: 0.270096
+ for N_SIZE in '{32..26000..512}'
+ let 'counter += 1'
+ echo 'running count=24, problem M=11808 N=11808'
running count=24, problem M=11808 N=11808
+ for repeat in 1 2 3
+ echo ' Repeat=1'
 Repeat=1
+ ./omp_smithW-v1-refinedOrig.out 11808 11808
Problem size: Matrix[11808][11808]
Total memory footprint is:1 GB
Skipping backtrack ...
Using 44 out of max 44 threads...
Elapsed time for scoring matrix computation: 0.295026
+ for repeat in 1 2 3
+ echo ' Repeat=2'
 Repeat=2
+ ./omp_smithW-v1-refinedOrig.out 11808 11808
Problem size: Matrix[11808][11808]
Total memory footprint is:1 GB
Skipping backtrack ...
Using 44 out of max 44 threads...
Elapsed time for scoring matrix computation: 0.297942
+ for repeat in 1 2 3
+ echo ' Repeat=3'
 Repeat=3
+ ./omp_smithW-v1-refinedOrig.out 11808 11808
Problem size: Matrix[11808][11808]
Total memory footprint is:1 GB
Skipping backtrack ...
Using 44 out of max 44 threads...
Elapsed time for scoring matrix computation: 0.300183
+ for N_SIZE in '{32..26000..512}'
+ let 'counter += 1'
+ echo 'running count=25, problem M=12320 N=12320'
running count=25, problem M=12320 N=12320
+ for repeat in 1 2 3
+ echo ' Repeat=1'
 Repeat=1
+ ./omp_smithW-v1-refinedOrig.out 12320 12320
Problem size: Matrix[12320][12320]
Total memory footprint is:1 GB
Skipping backtrack ...
Using 44 out of max 44 threads...
Elapsed time for scoring matrix computation: 0.323996
+ for repeat in 1 2 3
+ echo ' Repeat=2'
 Repeat=2
+ ./omp_smithW-v1-refinedOrig.out 12320 12320
Problem size: Matrix[12320][12320]
Total memory footprint is:1 GB
Skipping backtrack ...
Using 44 out of max 44 threads...
Elapsed time for scoring matrix computation: 0.324168
+ for repeat in 1 2 3
+ echo ' Repeat=3'
 Repeat=3
+ ./omp_smithW-v1-refinedOrig.out 12320 12320
Problem size: Matrix[12320][12320]
Total memory footprint is:1 GB
Skipping backtrack ...
Using 44 out of max 44 threads...
Elapsed time for scoring matrix computation: 0.324691
+ for N_SIZE in '{32..26000..512}'
+ let 'counter += 1'
+ echo 'running count=26, problem M=12832 N=12832'
running count=26, problem M=12832 N=12832
+ for repeat in 1 2 3
+ echo ' Repeat=1'
 Repeat=1
+ ./omp_smithW-v1-refinedOrig.out 12832 12832
Problem size: Matrix[12832][12832]
Total memory footprint is:1 GB
Skipping backtrack ...
Using 44 out of max 44 threads...
Elapsed time for scoring matrix computation: 0.351953
+ for repeat in 1 2 3
+ echo ' Repeat=2'
 Repeat=2
+ ./omp_smithW-v1-refinedOrig.out 12832 12832
Problem size: Matrix[12832][12832]
Total memory footprint is:1 GB
Skipping backtrack ...
Using 44 out of max 44 threads...
Elapsed time for scoring matrix computation: 0.355292
+ for repeat in 1 2 3
+ echo ' Repeat=3'
 Repeat=3
+ ./omp_smithW-v1-refinedOrig.out 12832 12832
Problem size: Matrix[12832][12832]
Total memory footprint is:1 GB
Skipping backtrack ...
Using 44 out of max 44 threads...
Elapsed time for scoring matrix computation: 0.353141
+ for N_SIZE in '{32..26000..512}'
+ let 'counter += 1'
+ echo 'running count=27, problem M=13344 N=13344'
running count=27, problem M=13344 N=13344
+ for repeat in 1 2 3
+ echo ' Repeat=1'
 Repeat=1
+ ./omp_smithW-v1-refinedOrig.out 13344 13344
Problem size: Matrix[13344][13344]
Total memory footprint is:1 GB
Skipping backtrack ...
Using 44 out of max 44 threads...
Elapsed time for scoring matrix computation: 0.381335
+ for repeat in 1 2 3
+ echo ' Repeat=2'
 Repeat=2
+ ./omp_smithW-v1-refinedOrig.out 13344 13344
Problem size: Matrix[13344][13344]
Total memory footprint is:1 GB
Skipping backtrack ...
Using 44 out of max 44 threads...
Elapsed time for scoring matrix computation: 0.380937
+ for repeat in 1 2 3
+ echo ' Repeat=3'
 Repeat=3
+ ./omp_smithW-v1-refinedOrig.out 13344 13344
Problem size: Matrix[13344][13344]
Total memory footprint is:1 GB
Skipping backtrack ...
Using 44 out of max 44 threads...
Elapsed time for scoring matrix computation: 0.380714
+ for N_SIZE in '{32..26000..512}'
+ let 'counter += 1'
+ echo 'running count=28, problem M=13856 N=13856'
running count=28, problem M=13856 N=13856
+ for repeat in 1 2 3
+ echo ' Repeat=1'
 Repeat=1
+ ./omp_smithW-v1-refinedOrig.out 13856 13856
Problem size: Matrix[13856][13856]
Total memory footprint is:1 GB
Skipping backtrack ...
Using 44 out of max 44 threads...
Elapsed time for scoring matrix computation: 0.405340
+ for repeat in 1 2 3
+ echo ' Repeat=2'
 Repeat=2
+ ./omp_smithW-v1-refinedOrig.out 13856 13856
Problem size: Matrix[13856][13856]
Total memory footprint is:1 GB
Skipping backtrack ...
Using 44 out of max 44 threads...
Elapsed time for scoring matrix computation: 0.409783
+ for repeat in 1 2 3
+ echo ' Repeat=3'
 Repeat=3
+ ./omp_smithW-v1-refinedOrig.out 13856 13856
Problem size: Matrix[13856][13856]
Total memory footprint is:1 GB
Skipping backtrack ...
Using 44 out of max 44 threads...
Elapsed time for scoring matrix computation: 0.400658
+ for N_SIZE in '{32..26000..512}'
+ let 'counter += 1'
+ echo 'running count=29, problem M=14368 N=14368'
running count=29, problem M=14368 N=14368
+ for repeat in 1 2 3
+ echo ' Repeat=1'
 Repeat=1
+ ./omp_smithW-v1-refinedOrig.out 14368 14368
Problem size: Matrix[14368][14368]
Total memory footprint is:1 GB
Skipping backtrack ...
Using 44 out of max 44 threads...
Elapsed time for scoring matrix computation: 0.446327
+ for repeat in 1 2 3
+ echo ' Repeat=2'
 Repeat=2
+ ./omp_smithW-v1-refinedOrig.out 14368 14368
Problem size: Matrix[14368][14368]
Total memory footprint is:1 GB
Skipping backtrack ...
Using 44 out of max 44 threads...
Elapsed time for scoring matrix computation: 0.448832
+ for repeat in 1 2 3
+ echo ' Repeat=3'
 Repeat=3
+ ./omp_smithW-v1-refinedOrig.out 14368 14368
Problem size: Matrix[14368][14368]
Total memory footprint is:1 GB
Skipping backtrack ...
Using 44 out of max 44 threads...
Elapsed time for scoring matrix computation: 0.448914
+ for N_SIZE in '{32..26000..512}'
+ let 'counter += 1'
+ echo 'running count=30, problem M=14880 N=14880'
running count=30, problem M=14880 N=14880
+ for repeat in 1 2 3
+ echo ' Repeat=1'
 Repeat=1
+ ./omp_smithW-v1-refinedOrig.out 14880 14880
Problem size: Matrix[14880][14880]
Total memory footprint is:1 GB
Skipping backtrack ...
Using 44 out of max 44 threads...
Elapsed time for scoring matrix computation: 0.476739
+ for repeat in 1 2 3
+ echo ' Repeat=2'
 Repeat=2
+ ./omp_smithW-v1-refinedOrig.out 14880 14880
Problem size: Matrix[14880][14880]
Total memory footprint is:1 GB
Skipping backtrack ...
Using 44 out of max 44 threads...
Elapsed time for scoring matrix computation: 0.466880
+ for repeat in 1 2 3
+ echo ' Repeat=3'
 Repeat=3
+ ./omp_smithW-v1-refinedOrig.out 14880 14880
Problem size: Matrix[14880][14880]
Total memory footprint is:1 GB
Skipping backtrack ...
Using 44 out of max 44 threads...
Elapsed time for scoring matrix computation: 0.469006
+ for N_SIZE in '{32..26000..512}'
+ let 'counter += 1'
+ echo 'running count=31, problem M=15392 N=15392'
running count=31, problem M=15392 N=15392
+ for repeat in 1 2 3
+ echo ' Repeat=1'
 Repeat=1
+ ./omp_smithW-v1-refinedOrig.out 15392 15392
Problem size: Matrix[15392][15392]
Total memory footprint is:1 GB
Skipping backtrack ...
Using 44 out of max 44 threads...
Elapsed time for scoring matrix computation: 0.502126
+ for repeat in 1 2 3
+ echo ' Repeat=2'
 Repeat=2
+ ./omp_smithW-v1-refinedOrig.out 15392 15392
Problem size: Matrix[15392][15392]
Total memory footprint is:1 GB
Skipping backtrack ...
Using 44 out of max 44 threads...
Elapsed time for scoring matrix computation: 0.499934
+ for repeat in 1 2 3
+ echo ' Repeat=3'
 Repeat=3
+ ./omp_smithW-v1-refinedOrig.out 15392 15392
Problem size: Matrix[15392][15392]
Total memory footprint is:1 GB
Skipping backtrack ...
Using 44 out of max 44 threads...
Elapsed time for scoring matrix computation: 0.488937
+ for N_SIZE in '{32..26000..512}'
+ let 'counter += 1'
+ echo 'running count=32, problem M=15904 N=15904'
running count=32, problem M=15904 N=15904
+ for repeat in 1 2 3
+ echo ' Repeat=1'
 Repeat=1
+ ./omp_smithW-v1-refinedOrig.out 15904 15904
Problem size: Matrix[15904][15904]
Total memory footprint is:1 GB
Skipping backtrack ...
Using 44 out of max 44 threads...
Elapsed time for scoring matrix computation: 0.554588
+ for repeat in 1 2 3
+ echo ' Repeat=2'
 Repeat=2
+ ./omp_smithW-v1-refinedOrig.out 15904 15904
Problem size: Matrix[15904][15904]
Total memory footprint is:1 GB
Skipping backtrack ...
Using 44 out of max 44 threads...
Elapsed time for scoring matrix computation: 0.535248
+ for repeat in 1 2 3
+ echo ' Repeat=3'
 Repeat=3
+ ./omp_smithW-v1-refinedOrig.out 15904 15904
Problem size: Matrix[15904][15904]
Total memory footprint is:1 GB
Skipping backtrack ...
Using 44 out of max 44 threads...
Elapsed time for scoring matrix computation: 0.533783
+ for N_SIZE in '{32..26000..512}'
+ let 'counter += 1'
+ echo 'running count=33, problem M=16416 N=16416'
running count=33, problem M=16416 N=16416
+ for repeat in 1 2 3
+ echo ' Repeat=1'
 Repeat=1
+ ./omp_smithW-v1-refinedOrig.out 16416 16416
Problem size: Matrix[16416][16416]
Total memory footprint is:2 GB
Skipping backtrack ...
Using 44 out of max 44 threads...
Elapsed time for scoring matrix computation: 0.570319
+ for repeat in 1 2 3
+ echo ' Repeat=2'
 Repeat=2
+ ./omp_smithW-v1-refinedOrig.out 16416 16416
Problem size: Matrix[16416][16416]
Total memory footprint is:2 GB
Skipping backtrack ...
Using 44 out of max 44 threads...
Elapsed time for scoring matrix computation: 0.571403
+ for repeat in 1 2 3
+ echo ' Repeat=3'
 Repeat=3
+ ./omp_smithW-v1-refinedOrig.out 16416 16416
Problem size: Matrix[16416][16416]
Total memory footprint is:2 GB
Skipping backtrack ...
Using 44 out of max 44 threads...
Elapsed time for scoring matrix computation: 0.574580
+ for N_SIZE in '{32..26000..512}'
+ let 'counter += 1'
+ echo 'running count=34, problem M=16928 N=16928'
running count=34, problem M=16928 N=16928
+ for repeat in 1 2 3
+ echo ' Repeat=1'
 Repeat=1
+ ./omp_smithW-v1-refinedOrig.out 16928 16928
Problem size: Matrix[16928][16928]
Total memory footprint is:2 GB
Skipping backtrack ...
Using 44 out of max 44 threads...
Elapsed time for scoring matrix computation: 0.612099
+ for repeat in 1 2 3
+ echo ' Repeat=2'
 Repeat=2
+ ./omp_smithW-v1-refinedOrig.out 16928 16928
Problem size: Matrix[16928][16928]
Total memory footprint is:2 GB
Skipping backtrack ...
Using 44 out of max 44 threads...
Elapsed time for scoring matrix computation: 0.600466
+ for repeat in 1 2 3
+ echo ' Repeat=3'
 Repeat=3
+ ./omp_smithW-v1-refinedOrig.out 16928 16928
Problem size: Matrix[16928][16928]
Total memory footprint is:2 GB
Skipping backtrack ...
Using 44 out of max 44 threads...
Elapsed time for scoring matrix computation: 0.597976
+ for N_SIZE in '{32..26000..512}'
+ let 'counter += 1'
+ echo 'running count=35, problem M=17440 N=17440'
running count=35, problem M=17440 N=17440
+ for repeat in 1 2 3
+ echo ' Repeat=1'
 Repeat=1
+ ./omp_smithW-v1-refinedOrig.out 17440 17440
Problem size: Matrix[17440][17440]
Total memory footprint is:2 GB
Skipping backtrack ...
Using 44 out of max 44 threads...
Elapsed time for scoring matrix computation: 0.648176
+ for repeat in 1 2 3
+ echo ' Repeat=2'
 Repeat=2
+ ./omp_smithW-v1-refinedOrig.out 17440 17440
Problem size: Matrix[17440][17440]
Total memory footprint is:2 GB
Skipping backtrack ...
Using 44 out of max 44 threads...
Elapsed time for scoring matrix computation: 0.642998
+ for repeat in 1 2 3
+ echo ' Repeat=3'
 Repeat=3
+ ./omp_smithW-v1-refinedOrig.out 17440 17440
Problem size: Matrix[17440][17440]
Total memory footprint is:2 GB
Skipping backtrack ...
Using 44 out of max 44 threads...
Elapsed time for scoring matrix computation: 0.625650
+ for N_SIZE in '{32..26000..512}'
+ let 'counter += 1'
+ echo 'running count=36, problem M=17952 N=17952'
running count=36, problem M=17952 N=17952
+ for repeat in 1 2 3
+ echo ' Repeat=1'
 Repeat=1
+ ./omp_smithW-v1-refinedOrig.out 17952 17952
Problem size: Matrix[17952][17952]
Total memory footprint is:2 GB
Skipping backtrack ...
Using 44 out of max 44 threads...
Elapsed time for scoring matrix computation: 0.656571
+ for repeat in 1 2 3
+ echo ' Repeat=2'
 Repeat=2
+ ./omp_smithW-v1-refinedOrig.out 17952 17952
Problem size: Matrix[17952][17952]
Total memory footprint is:2 GB
Skipping backtrack ...
Using 44 out of max 44 threads...
Elapsed time for scoring matrix computation: 0.673086
+ for repeat in 1 2 3
+ echo ' Repeat=3'
 Repeat=3
+ ./omp_smithW-v1-refinedOrig.out 17952 17952
Problem size: Matrix[17952][17952]
Total memory footprint is:2 GB
Skipping backtrack ...
Using 44 out of max 44 threads...
Elapsed time for scoring matrix computation: 0.675154
+ for N_SIZE in '{32..26000..512}'
+ let 'counter += 1'
+ echo 'running count=37, problem M=18464 N=18464'
running count=37, problem M=18464 N=18464
+ for repeat in 1 2 3
+ echo ' Repeat=1'
 Repeat=1
+ ./omp_smithW-v1-refinedOrig.out 18464 18464
Problem size: Matrix[18464][18464]
Total memory footprint is:2 GB
Skipping backtrack ...
Using 44 out of max 44 threads...
Elapsed time for scoring matrix computation: 0.702984
+ for repeat in 1 2 3
+ echo ' Repeat=2'
 Repeat=2
+ ./omp_smithW-v1-refinedOrig.out 18464 18464
Problem size: Matrix[18464][18464]
Total memory footprint is:2 GB
Skipping backtrack ...
Using 44 out of max 44 threads...
Elapsed time for scoring matrix computation: 0.689247
+ for repeat in 1 2 3
+ echo ' Repeat=3'
 Repeat=3
+ ./omp_smithW-v1-refinedOrig.out 18464 18464
Problem size: Matrix[18464][18464]
Total memory footprint is:2 GB
Skipping backtrack ...
Using 44 out of max 44 threads...
Elapsed time for scoring matrix computation: 0.709193
+ for N_SIZE in '{32..26000..512}'
+ let 'counter += 1'
+ echo 'running count=38, problem M=18976 N=18976'
running count=38, problem M=18976 N=18976
+ for repeat in 1 2 3
+ echo ' Repeat=1'
 Repeat=1
+ ./omp_smithW-v1-refinedOrig.out 18976 18976
Problem size: Matrix[18976][18976]
Total memory footprint is:2 GB
Skipping backtrack ...
Using 44 out of max 44 threads...
Elapsed time for scoring matrix computation: 0.732108
+ for repeat in 1 2 3
+ echo ' Repeat=2'
 Repeat=2
+ ./omp_smithW-v1-refinedOrig.out 18976 18976
Problem size: Matrix[18976][18976]
Total memory footprint is:2 GB
Skipping backtrack ...
Using 44 out of max 44 threads...
Elapsed time for scoring matrix computation: 0.719144
+ for repeat in 1 2 3
+ echo ' Repeat=3'
 Repeat=3
+ ./omp_smithW-v1-refinedOrig.out 18976 18976
Problem size: Matrix[18976][18976]
Total memory footprint is:2 GB
Skipping backtrack ...
Using 44 out of max 44 threads...
Elapsed time for scoring matrix computation: 0.730658
+ for N_SIZE in '{32..26000..512}'
+ let 'counter += 1'
+ echo 'running count=39, problem M=19488 N=19488'
running count=39, problem M=19488 N=19488
+ for repeat in 1 2 3
+ echo ' Repeat=1'
 Repeat=1
+ ./omp_smithW-v1-refinedOrig.out 19488 19488
Problem size: Matrix[19488][19488]
Total memory footprint is:2 GB
Skipping backtrack ...
Using 44 out of max 44 threads...
Elapsed time for scoring matrix computation: 0.742550
+ for repeat in 1 2 3
+ echo ' Repeat=2'
 Repeat=2
+ ./omp_smithW-v1-refinedOrig.out 19488 19488
Problem size: Matrix[19488][19488]
Total memory footprint is:2 GB
Skipping backtrack ...
Using 44 out of max 44 threads...
Elapsed time for scoring matrix computation: 0.740632
+ for repeat in 1 2 3
+ echo ' Repeat=3'
 Repeat=3
+ ./omp_smithW-v1-refinedOrig.out 19488 19488
Problem size: Matrix[19488][19488]
Total memory footprint is:2 GB
Skipping backtrack ...
Using 44 out of max 44 threads...
Elapsed time for scoring matrix computation: 0.746906
+ for N_SIZE in '{32..26000..512}'
+ let 'counter += 1'
+ echo 'running count=40, problem M=20000 N=20000'
running count=40, problem M=20000 N=20000
+ for repeat in 1 2 3
+ echo ' Repeat=1'
 Repeat=1
+ ./omp_smithW-v1-refinedOrig.out 20000 20000
Problem size: Matrix[20000][20000]
Total memory footprint is:2 GB
Skipping backtrack ...
Using 44 out of max 44 threads...
Elapsed time for scoring matrix computation: 0.785044
+ for repeat in 1 2 3
+ echo ' Repeat=2'
 Repeat=2
+ ./omp_smithW-v1-refinedOrig.out 20000 20000
Problem size: Matrix[20000][20000]
Total memory footprint is:2 GB
Skipping backtrack ...
Using 44 out of max 44 threads...
Elapsed time for scoring matrix computation: 0.771717
+ for repeat in 1 2 3
+ echo ' Repeat=3'
 Repeat=3
+ ./omp_smithW-v1-refinedOrig.out 20000 20000
Problem size: Matrix[20000][20000]
Total memory footprint is:2 GB
Skipping backtrack ...
Using 44 out of max 44 threads...
Elapsed time for scoring matrix computation: 0.776716
+ for N_SIZE in '{32..26000..512}'
+ let 'counter += 1'
+ echo 'running count=41, problem M=20512 N=20512'
running count=41, problem M=20512 N=20512
+ for repeat in 1 2 3
+ echo ' Repeat=1'
 Repeat=1
+ ./omp_smithW-v1-refinedOrig.out 20512 20512
Problem size: Matrix[20512][20512]
Total memory footprint is:3 GB
Skipping backtrack ...
Using 44 out of max 44 threads...
Elapsed time for scoring matrix computation: 0.819912
+ for repeat in 1 2 3
+ echo ' Repeat=2'
 Repeat=2
+ ./omp_smithW-v1-refinedOrig.out 20512 20512
Problem size: Matrix[20512][20512]
Total memory footprint is:3 GB
Skipping backtrack ...
Using 44 out of max 44 threads...
Elapsed time for scoring matrix computation: 0.820911
+ for repeat in 1 2 3
+ echo ' Repeat=3'
 Repeat=3
+ ./omp_smithW-v1-refinedOrig.out 20512 20512
Problem size: Matrix[20512][20512]
Total memory footprint is:3 GB
Skipping backtrack ...
Using 44 out of max 44 threads...
Elapsed time for scoring matrix computation: 0.821762
+ for N_SIZE in '{32..26000..512}'
+ let 'counter += 1'
+ echo 'running count=42, problem M=21024 N=21024'
running count=42, problem M=21024 N=21024
+ for repeat in 1 2 3
+ echo ' Repeat=1'
 Repeat=1
+ ./omp_smithW-v1-refinedOrig.out 21024 21024
Problem size: Matrix[21024][21024]
Total memory footprint is:3 GB
Skipping backtrack ...
Using 44 out of max 44 threads...
Elapsed time for scoring matrix computation: 0.833978
+ for repeat in 1 2 3
+ echo ' Repeat=2'
 Repeat=2
+ ./omp_smithW-v1-refinedOrig.out 21024 21024
Problem size: Matrix[21024][21024]
Total memory footprint is:3 GB
Skipping backtrack ...
Using 44 out of max 44 threads...
Elapsed time for scoring matrix computation: 0.840486
+ for repeat in 1 2 3
+ echo ' Repeat=3'
 Repeat=3
+ ./omp_smithW-v1-refinedOrig.out 21024 21024
Problem size: Matrix[21024][21024]
Total memory footprint is:3 GB
Skipping backtrack ...
Using 44 out of max 44 threads...
Elapsed time for scoring matrix computation: 0.842424
+ for N_SIZE in '{32..26000..512}'
+ let 'counter += 1'
+ echo 'running count=43, problem M=21536 N=21536'
running count=43, problem M=21536 N=21536
+ for repeat in 1 2 3
+ echo ' Repeat=1'
 Repeat=1
+ ./omp_smithW-v1-refinedOrig.out 21536 21536
Problem size: Matrix[21536][21536]
Total memory footprint is:3 GB
Skipping backtrack ...
Using 44 out of max 44 threads...
Elapsed time for scoring matrix computation: 0.862295
+ for repeat in 1 2 3
+ echo ' Repeat=2'
 Repeat=2
+ ./omp_smithW-v1-refinedOrig.out 21536 21536
Problem size: Matrix[21536][21536]
Total memory footprint is:3 GB
Skipping backtrack ...
Using 44 out of max 44 threads...
Elapsed time for scoring matrix computation: 0.883099
+ for repeat in 1 2 3
+ echo ' Repeat=3'
 Repeat=3
+ ./omp_smithW-v1-refinedOrig.out 21536 21536
Problem size: Matrix[21536][21536]
Total memory footprint is:3 GB
Skipping backtrack ...
Using 44 out of max 44 threads...
Elapsed time for scoring matrix computation: 0.869593
+ for N_SIZE in '{32..26000..512}'
+ let 'counter += 1'
+ echo 'running count=44, problem M=22048 N=22048'
running count=44, problem M=22048 N=22048
+ for repeat in 1 2 3
+ echo ' Repeat=1'
 Repeat=1
+ ./omp_smithW-v1-refinedOrig.out 22048 22048
Problem size: Matrix[22048][22048]
Total memory footprint is:3 GB
Skipping backtrack ...
Using 44 out of max 44 threads...
Elapsed time for scoring matrix computation: 0.906744
+ for repeat in 1 2 3
+ echo ' Repeat=2'
 Repeat=2
+ ./omp_smithW-v1-refinedOrig.out 22048 22048
Problem size: Matrix[22048][22048]
Total memory footprint is:3 GB
Skipping backtrack ...
Using 44 out of max 44 threads...
Elapsed time for scoring matrix computation: 0.919747
+ for repeat in 1 2 3
+ echo ' Repeat=3'
 Repeat=3
+ ./omp_smithW-v1-refinedOrig.out 22048 22048
Problem size: Matrix[22048][22048]
Total memory footprint is:3 GB
Skipping backtrack ...
Using 44 out of max 44 threads...
Elapsed time for scoring matrix computation: 0.906738
+ for N_SIZE in '{32..26000..512}'
+ let 'counter += 1'
+ echo 'running count=45, problem M=22560 N=22560'
running count=45, problem M=22560 N=22560
+ for repeat in 1 2 3
+ echo ' Repeat=1'
 Repeat=1
+ ./omp_smithW-v1-refinedOrig.out 22560 22560
Problem size: Matrix[22560][22560]
Total memory footprint is:3 GB
Skipping backtrack ...
Using 44 out of max 44 threads...
Elapsed time for scoring matrix computation: 0.929294
+ for repeat in 1 2 3
+ echo ' Repeat=2'
 Repeat=2
+ ./omp_smithW-v1-refinedOrig.out 22560 22560
Problem size: Matrix[22560][22560]
Total memory footprint is:3 GB
Skipping backtrack ...
Using 44 out of max 44 threads...
Elapsed time for scoring matrix computation: 0.935583
+ for repeat in 1 2 3
+ echo ' Repeat=3'
 Repeat=3
+ ./omp_smithW-v1-refinedOrig.out 22560 22560
Problem size: Matrix[22560][22560]
Total memory footprint is:3 GB
Skipping backtrack ...
Using 44 out of max 44 threads...
Elapsed time for scoring matrix computation: 0.946121
+ for N_SIZE in '{32..26000..512}'
+ let 'counter += 1'
+ echo 'running count=46, problem M=23072 N=23072'
running count=46, problem M=23072 N=23072
+ for repeat in 1 2 3
+ echo ' Repeat=1'
 Repeat=1
+ ./omp_smithW-v1-refinedOrig.out 23072 23072
Problem size: Matrix[23072][23072]
Total memory footprint is:3 GB
Skipping backtrack ...
Using 44 out of max 44 threads...
Elapsed time for scoring matrix computation: 0.960234
+ for repeat in 1 2 3
+ echo ' Repeat=2'
 Repeat=2
+ ./omp_smithW-v1-refinedOrig.out 23072 23072
Problem size: Matrix[23072][23072]
Total memory footprint is:3 GB
Skipping backtrack ...
Using 44 out of max 44 threads...
Elapsed time for scoring matrix computation: 0.980629
+ for repeat in 1 2 3
+ echo ' Repeat=3'
 Repeat=3
+ ./omp_smithW-v1-refinedOrig.out 23072 23072
Problem size: Matrix[23072][23072]
Total memory footprint is:3 GB
Skipping backtrack ...
Using 44 out of max 44 threads...
Elapsed time for scoring matrix computation: 0.961370
+ for N_SIZE in '{32..26000..512}'
+ let 'counter += 1'
+ echo 'running count=47, problem M=23584 N=23584'
running count=47, problem M=23584 N=23584
+ for repeat in 1 2 3
+ echo ' Repeat=1'
 Repeat=1
+ ./omp_smithW-v1-refinedOrig.out 23584 23584
Problem size: Matrix[23584][23584]
Total memory footprint is:4 GB
Skipping backtrack ...
Using 44 out of max 44 threads...
Elapsed time for scoring matrix computation: 1.006445
+ for repeat in 1 2 3
+ echo ' Repeat=2'
 Repeat=2
+ ./omp_smithW-v1-refinedOrig.out 23584 23584
Problem size: Matrix[23584][23584]
Total memory footprint is:4 GB
Skipping backtrack ...
Using 44 out of max 44 threads...
Elapsed time for scoring matrix computation: 0.993057
+ for repeat in 1 2 3
+ echo ' Repeat=3'
 Repeat=3
+ ./omp_smithW-v1-refinedOrig.out 23584 23584
Problem size: Matrix[23584][23584]
Total memory footprint is:4 GB
Skipping backtrack ...
Using 44 out of max 44 threads...
Elapsed time for scoring matrix computation: 0.983833
+ for N_SIZE in '{32..26000..512}'
+ let 'counter += 1'
+ echo 'running count=48, problem M=24096 N=24096'
running count=48, problem M=24096 N=24096
+ for repeat in 1 2 3
+ echo ' Repeat=1'
 Repeat=1
+ ./omp_smithW-v1-refinedOrig.out 24096 24096
Problem size: Matrix[24096][24096]
Total memory footprint is:4 GB
Skipping backtrack ...
Using 44 out of max 44 threads...
Elapsed time for scoring matrix computation: 1.013296
+ for repeat in 1 2 3
+ echo ' Repeat=2'
 Repeat=2
+ ./omp_smithW-v1-refinedOrig.out 24096 24096
Problem size: Matrix[24096][24096]
Total memory footprint is:4 GB
Skipping backtrack ...
Using 44 out of max 44 threads...
Elapsed time for scoring matrix computation: 1.022872
+ for repeat in 1 2 3
+ echo ' Repeat=3'
 Repeat=3
+ ./omp_smithW-v1-refinedOrig.out 24096 24096
Problem size: Matrix[24096][24096]
Total memory footprint is:4 GB
Skipping backtrack ...
Using 44 out of max 44 threads...
Elapsed time for scoring matrix computation: 1.044003
+ for N_SIZE in '{32..26000..512}'
+ let 'counter += 1'
+ echo 'running count=49, problem M=24608 N=24608'
running count=49, problem M=24608 N=24608
+ for repeat in 1 2 3
+ echo ' Repeat=1'
 Repeat=1
+ ./omp_smithW-v1-refinedOrig.out 24608 24608
Problem size: Matrix[24608][24608]
Total memory footprint is:4 GB
Skipping backtrack ...
Using 44 out of max 44 threads...
Elapsed time for scoring matrix computation: 1.058108
+ for repeat in 1 2 3
+ echo ' Repeat=2'
 Repeat=2
+ ./omp_smithW-v1-refinedOrig.out 24608 24608
Problem size: Matrix[24608][24608]
Total memory footprint is:4 GB
Skipping backtrack ...
Using 44 out of max 44 threads...
Elapsed time for scoring matrix computation: 1.058336
+ for repeat in 1 2 3
+ echo ' Repeat=3'
 Repeat=3
+ ./omp_smithW-v1-refinedOrig.out 24608 24608
Problem size: Matrix[24608][24608]
Total memory footprint is:4 GB
Skipping backtrack ...
Using 44 out of max 44 threads...
Elapsed time for scoring matrix computation: 1.084601
+ for N_SIZE in '{32..26000..512}'
+ let 'counter += 1'
+ echo 'running count=50, problem M=25120 N=25120'
running count=50, problem M=25120 N=25120
+ for repeat in 1 2 3
+ echo ' Repeat=1'
 Repeat=1
+ ./omp_smithW-v1-refinedOrig.out 25120 25120
Problem size: Matrix[25120][25120]
Total memory footprint is:4 GB
Skipping backtrack ...
Using 44 out of max 44 threads...
Elapsed time for scoring matrix computation: 1.094568
+ for repeat in 1 2 3
+ echo ' Repeat=2'
 Repeat=2
+ ./omp_smithW-v1-refinedOrig.out 25120 25120
Problem size: Matrix[25120][25120]
Total memory footprint is:4 GB
Skipping backtrack ...
Using 44 out of max 44 threads...
Elapsed time for scoring matrix computation: 1.095290
+ for repeat in 1 2 3
+ echo ' Repeat=3'
 Repeat=3
+ ./omp_smithW-v1-refinedOrig.out 25120 25120
Problem size: Matrix[25120][25120]
Total memory footprint is:4 GB
Skipping backtrack ...
Using 44 out of max 44 threads...
Elapsed time for scoring matrix computation: 1.083368
+ for N_SIZE in '{32..26000..512}'
+ let 'counter += 1'
+ echo 'running count=51, problem M=25632 N=25632'
running count=51, problem M=25632 N=25632
+ for repeat in 1 2 3
+ echo ' Repeat=1'
 Repeat=1
+ ./omp_smithW-v1-refinedOrig.out 25632 25632
Problem size: Matrix[25632][25632]
Total memory footprint is:4 GB
Skipping backtrack ...
Using 44 out of max 44 threads...
Elapsed time for scoring matrix computation: 1.147460
+ for repeat in 1 2 3
+ echo ' Repeat=2'
 Repeat=2
+ ./omp_smithW-v1-refinedOrig.out 25632 25632
Problem size: Matrix[25632][25632]
Total memory footprint is:4 GB
Skipping backtrack ...
Using 44 out of max 44 threads...
Elapsed time for scoring matrix computation: 1.146497
+ for repeat in 1 2 3
+ echo ' Repeat=3'
 Repeat=3
+ ./omp_smithW-v1-refinedOrig.out 25632 25632
Problem size: Matrix[25632][25632]
Total memory footprint is:4 GB
Skipping backtrack ...
Using 44 out of max 44 threads...
Elapsed time for scoring matrix computation: 1.154418
