clang++  -O3 -g -std=c++11 -DSKIP_BACKTRACK=1 -fopenmp  -o omp_smithW-v1-refinedOrig.out omp_smithW-v1-refinedOrig.cpp
 Repeat=1
Problem size: Matrix[2][2000]
Total memory footprint is:0 MB
Skipping backtrack ...
Using 160 out of max 160 threads...
Elapsed time for scoring matrix computation: 0.012929
 Repeat=2
Problem size: Matrix[2][2000]
Total memory footprint is:0 MB
Skipping backtrack ...
Using 160 out of max 160 threads...
Elapsed time for scoring matrix computation: 0.012998
 Repeat=3
Problem size: Matrix[2][2000]
Total memory footprint is:0 MB
Skipping backtrack ...
Using 160 out of max 160 threads...
Elapsed time for scoring matrix computation: 0.013514
 Repeat=1
Problem size: Matrix[5002][2000]
Total memory footprint is:76 MB
Skipping backtrack ...
Using 160 out of max 160 threads...
Elapsed time for scoring matrix computation: 0.060582
 Repeat=2
Problem size: Matrix[5002][2000]
Total memory footprint is:76 MB
Skipping backtrack ...
Using 160 out of max 160 threads...
Elapsed time for scoring matrix computation: 0.060980
 Repeat=3
Problem size: Matrix[5002][2000]
Total memory footprint is:76 MB
Skipping backtrack ...
Using 160 out of max 160 threads...
Elapsed time for scoring matrix computation: 0.060659
 Repeat=1
Problem size: Matrix[10002][2000]
Total memory footprint is:152 MB
Skipping backtrack ...
Using 160 out of max 160 threads...
Elapsed time for scoring matrix computation: 0.109437
 Repeat=2
Problem size: Matrix[10002][2000]
Total memory footprint is:152 MB
Skipping backtrack ...
Using 160 out of max 160 threads...
Elapsed time for scoring matrix computation: 0.109324
 Repeat=3
Problem size: Matrix[10002][2000]
Total memory footprint is:152 MB
Skipping backtrack ...
Using 160 out of max 160 threads...
Elapsed time for scoring matrix computation: 0.108153
 Repeat=1
Problem size: Matrix[15002][2000]
Total memory footprint is:229 MB
Skipping backtrack ...
Using 160 out of max 160 threads...
Elapsed time for scoring matrix computation: 0.157233
 Repeat=2
Problem size: Matrix[15002][2000]
Total memory footprint is:229 MB
Skipping backtrack ...
Using 160 out of max 160 threads...
Elapsed time for scoring matrix computation: 0.157704
 Repeat=3
Problem size: Matrix[15002][2000]
Total memory footprint is:229 MB
Skipping backtrack ...
Using 160 out of max 160 threads...
Elapsed time for scoring matrix computation: 0.156237
 Repeat=1
Problem size: Matrix[20002][2000]
Total memory footprint is:305 MB
Skipping backtrack ...
Using 160 out of max 160 threads...
Elapsed time for scoring matrix computation: 0.206495
 Repeat=2
Problem size: Matrix[20002][2000]
Total memory footprint is:305 MB
Skipping backtrack ...
Using 160 out of max 160 threads...
Elapsed time for scoring matrix computation: 0.205632
 Repeat=3
Problem size: Matrix[20002][2000]
Total memory footprint is:305 MB
Skipping backtrack ...
Using 160 out of max 160 threads...
Elapsed time for scoring matrix computation: 0.202405
 Repeat=1
Problem size: Matrix[25002][2000]
Total memory footprint is:381 MB
Skipping backtrack ...
Using 160 out of max 160 threads...
Elapsed time for scoring matrix computation: 0.257179
 Repeat=2
Problem size: Matrix[25002][2000]
Total memory footprint is:381 MB
Skipping backtrack ...
Using 160 out of max 160 threads...
Elapsed time for scoring matrix computation: 0.253345
 Repeat=3
Problem size: Matrix[25002][2000]
Total memory footprint is:381 MB
Skipping backtrack ...
Using 160 out of max 160 threads...
Elapsed time for scoring matrix computation: 0.254541
 Repeat=1
Problem size: Matrix[30002][2000]
Total memory footprint is:458 MB
Skipping backtrack ...
Using 160 out of max 160 threads...
Elapsed time for scoring matrix computation: 0.307823
 Repeat=2
Problem size: Matrix[30002][2000]
Total memory footprint is:458 MB
Skipping backtrack ...
Using 160 out of max 160 threads...
Elapsed time for scoring matrix computation: 0.307262
 Repeat=3
Problem size: Matrix[30002][2000]
Total memory footprint is:458 MB
Skipping backtrack ...
Using 160 out of max 160 threads...
Elapsed time for scoring matrix computation: 0.303315
 Repeat=1
Problem size: Matrix[35002][2000]
Total memory footprint is:534 MB
Skipping backtrack ...
Using 160 out of max 160 threads...
Elapsed time for scoring matrix computation: 0.350138
 Repeat=2
Problem size: Matrix[35002][2000]
Total memory footprint is:534 MB
Skipping backtrack ...
Using 160 out of max 160 threads...
Elapsed time for scoring matrix computation: 0.345276
 Repeat=3
Problem size: Matrix[35002][2000]
Total memory footprint is:534 MB
Skipping backtrack ...
Using 160 out of max 160 threads...
Elapsed time for scoring matrix computation: 0.348318
 Repeat=1
Problem size: Matrix[40002][2000]
Total memory footprint is:610 MB
Skipping backtrack ...
Using 160 out of max 160 threads...
Elapsed time for scoring matrix computation: 0.396802
 Repeat=2
Problem size: Matrix[40002][2000]
Total memory footprint is:610 MB
Skipping backtrack ...
Using 160 out of max 160 threads...
Elapsed time for scoring matrix computation: 0.398070
 Repeat=3
Problem size: Matrix[40002][2000]
Total memory footprint is:610 MB
Skipping backtrack ...
Using 160 out of max 160 threads...
Elapsed time for scoring matrix computation: 0.398791
 Repeat=1
Problem size: Matrix[45002][2000]
Total memory footprint is:687 MB
Skipping backtrack ...
Using 160 out of max 160 threads...
Elapsed time for scoring matrix computation: 0.451005
 Repeat=2
Problem size: Matrix[45002][2000]
Total memory footprint is:687 MB
Skipping backtrack ...
Using 160 out of max 160 threads...
Elapsed time for scoring matrix computation: 0.452634
 Repeat=3
Problem size: Matrix[45002][2000]
Total memory footprint is:687 MB
Skipping backtrack ...
Using 160 out of max 160 threads...
Elapsed time for scoring matrix computation: 0.444255
 Repeat=1
Problem size: Matrix[50002][2000]
Total memory footprint is:763 MB
Skipping backtrack ...
Using 160 out of max 160 threads...
Elapsed time for scoring matrix computation: 0.503565
 Repeat=2
Problem size: Matrix[50002][2000]
Total memory footprint is:763 MB
Skipping backtrack ...
Using 160 out of max 160 threads...
Elapsed time for scoring matrix computation: 0.502883
 Repeat=3
Problem size: Matrix[50002][2000]
Total memory footprint is:763 MB
Skipping backtrack ...
Using 160 out of max 160 threads...
Elapsed time for scoring matrix computation: 0.497010
 Repeat=1
Problem size: Matrix[55002][2000]
Total memory footprint is:839 MB
Skipping backtrack ...
Using 160 out of max 160 threads...
Elapsed time for scoring matrix computation: 0.543269
 Repeat=2
Problem size: Matrix[55002][2000]
Total memory footprint is:839 MB
Skipping backtrack ...
Using 160 out of max 160 threads...
Elapsed time for scoring matrix computation: 0.542682
 Repeat=3
Problem size: Matrix[55002][2000]
Total memory footprint is:839 MB
Skipping backtrack ...
Using 160 out of max 160 threads...
Elapsed time for scoring matrix computation: 0.543596
 Repeat=1
Problem size: Matrix[60002][2000]
Total memory footprint is:916 MB
Skipping backtrack ...
Using 160 out of max 160 threads...
Elapsed time for scoring matrix computation: 0.593202
 Repeat=2
Problem size: Matrix[60002][2000]
Total memory footprint is:916 MB
Skipping backtrack ...
Using 160 out of max 160 threads...
Elapsed time for scoring matrix computation: 0.592491
 Repeat=3
Problem size: Matrix[60002][2000]
Total memory footprint is:916 MB
Skipping backtrack ...
Using 160 out of max 160 threads...
Elapsed time for scoring matrix computation: 0.589051
 Repeat=1
Problem size: Matrix[65002][2000]
Total memory footprint is:992 MB
Skipping backtrack ...
Using 160 out of max 160 threads...
Elapsed time for scoring matrix computation: 0.647957
 Repeat=2
Problem size: Matrix[65002][2000]
Total memory footprint is:992 MB
Skipping backtrack ...
Using 160 out of max 160 threads...
Elapsed time for scoring matrix computation: 0.652329
 Repeat=3
Problem size: Matrix[65002][2000]
Total memory footprint is:992 MB
Skipping backtrack ...
Using 160 out of max 160 threads...
Elapsed time for scoring matrix computation: 0.647247
 Repeat=1
Problem size: Matrix[70002][2000]
Total memory footprint is:1 GB
Skipping backtrack ...
Using 160 out of max 160 threads...
Elapsed time for scoring matrix computation: 0.690315
 Repeat=2
Problem size: Matrix[70002][2000]
Total memory footprint is:1 GB
Skipping backtrack ...
Using 160 out of max 160 threads...
Elapsed time for scoring matrix computation: 0.694603
 Repeat=3
Problem size: Matrix[70002][2000]
Total memory footprint is:1 GB
Skipping backtrack ...
Using 160 out of max 160 threads...
Elapsed time for scoring matrix computation: 0.698738
 Repeat=1
Problem size: Matrix[75002][2000]
Total memory footprint is:1 GB
Skipping backtrack ...
Using 160 out of max 160 threads...
Elapsed time for scoring matrix computation: 0.735283
 Repeat=2
Problem size: Matrix[75002][2000]
Total memory footprint is:1 GB
Skipping backtrack ...
Using 160 out of max 160 threads...
Elapsed time for scoring matrix computation: 0.739519
 Repeat=3
Problem size: Matrix[75002][2000]
Total memory footprint is:1 GB
Skipping backtrack ...
Using 160 out of max 160 threads...
Elapsed time for scoring matrix computation: 0.735560
 Repeat=1
Problem size: Matrix[80002][2000]
Total memory footprint is:1 GB
Skipping backtrack ...
Using 160 out of max 160 threads...
Elapsed time for scoring matrix computation: 0.789092
 Repeat=2
Problem size: Matrix[80002][2000]
Total memory footprint is:1 GB
Skipping backtrack ...
Using 160 out of max 160 threads...
Elapsed time for scoring matrix computation: 0.789755
 Repeat=3
Problem size: Matrix[80002][2000]
Total memory footprint is:1 GB
Skipping backtrack ...
Using 160 out of max 160 threads...
Elapsed time for scoring matrix computation: 0.783312
 Repeat=1
Problem size: Matrix[85002][2000]
Total memory footprint is:1 GB
Skipping backtrack ...
Using 160 out of max 160 threads...
Elapsed time for scoring matrix computation: 0.834004
 Repeat=2
Problem size: Matrix[85002][2000]
Total memory footprint is:1 GB
Skipping backtrack ...
Using 160 out of max 160 threads...
Elapsed time for scoring matrix computation: 0.837070
 Repeat=3
Problem size: Matrix[85002][2000]
Total memory footprint is:1 GB
Skipping backtrack ...
Using 160 out of max 160 threads...
Elapsed time for scoring matrix computation: 0.834661
 Repeat=1
Problem size: Matrix[90002][2000]
Total memory footprint is:1 GB
Skipping backtrack ...
Using 160 out of max 160 threads...
Elapsed time for scoring matrix computation: 0.891453
 Repeat=2
Problem size: Matrix[90002][2000]
Total memory footprint is:1 GB
Skipping backtrack ...
Using 160 out of max 160 threads...
Elapsed time for scoring matrix computation: 0.897708
 Repeat=3
Problem size: Matrix[90002][2000]
Total memory footprint is:1 GB
Skipping backtrack ...
Using 160 out of max 160 threads...
Elapsed time for scoring matrix computation: 0.896044
 Repeat=1
Problem size: Matrix[95002][2000]
Total memory footprint is:1 GB
Skipping backtrack ...
Using 160 out of max 160 threads...
Elapsed time for scoring matrix computation: 0.926881
 Repeat=2
Problem size: Matrix[95002][2000]
Total memory footprint is:1 GB
Skipping backtrack ...
Using 160 out of max 160 threads...
Elapsed time for scoring matrix computation: 0.927798
 Repeat=3
Problem size: Matrix[95002][2000]
Total memory footprint is:1 GB
Skipping backtrack ...
Using 160 out of max 160 threads...
Elapsed time for scoring matrix computation: 0.931242
 Repeat=1
Problem size: Matrix[100002][2000]
Total memory footprint is:1 GB
Skipping backtrack ...
Using 160 out of max 160 threads...
Elapsed time for scoring matrix computation: 0.981468
 Repeat=2
Problem size: Matrix[100002][2000]
Total memory footprint is:1 GB
Skipping backtrack ...
Using 160 out of max 160 threads...
Elapsed time for scoring matrix computation: 0.983506
 Repeat=3
Problem size: Matrix[100002][2000]
Total memory footprint is:1 GB
Skipping backtrack ...
Using 160 out of max 160 threads...
Elapsed time for scoring matrix computation: 0.980531
 Repeat=1
Problem size: Matrix[105002][2000]
Total memory footprint is:1 GB
Skipping backtrack ...
Using 160 out of max 160 threads...
Elapsed time for scoring matrix computation: 1.028439
 Repeat=2
Problem size: Matrix[105002][2000]
Total memory footprint is:1 GB
Skipping backtrack ...
Using 160 out of max 160 threads...
Elapsed time for scoring matrix computation: 1.033014
 Repeat=3
Problem size: Matrix[105002][2000]
Total memory footprint is:1 GB
Skipping backtrack ...
Using 160 out of max 160 threads...
Elapsed time for scoring matrix computation: 1.035104
 Repeat=1
Problem size: Matrix[110002][2000]
Total memory footprint is:1 GB
Skipping backtrack ...
Using 160 out of max 160 threads...
Elapsed time for scoring matrix computation: 1.080195
 Repeat=2
Problem size: Matrix[110002][2000]
Total memory footprint is:1 GB
Skipping backtrack ...
Using 160 out of max 160 threads...
Elapsed time for scoring matrix computation: 1.090073
 Repeat=3
Problem size: Matrix[110002][2000]
Total memory footprint is:1 GB
Skipping backtrack ...
Using 160 out of max 160 threads...
Elapsed time for scoring matrix computation: 1.074337
 Repeat=1
Problem size: Matrix[115002][2000]
Total memory footprint is:1 GB
Skipping backtrack ...
Using 160 out of max 160 threads...
Elapsed time for scoring matrix computation: 1.135904
 Repeat=2
Problem size: Matrix[115002][2000]
Total memory footprint is:1 GB
Skipping backtrack ...
Using 160 out of max 160 threads...
Elapsed time for scoring matrix computation: 1.133437
 Repeat=3
Problem size: Matrix[115002][2000]
Total memory footprint is:1 GB
Skipping backtrack ...
Using 160 out of max 160 threads...
Elapsed time for scoring matrix computation: 1.132020
 Repeat=1
Problem size: Matrix[120002][2000]
Total memory footprint is:1 GB
Skipping backtrack ...
Using 160 out of max 160 threads...
Elapsed time for scoring matrix computation: 1.176797
 Repeat=2
Problem size: Matrix[120002][2000]
Total memory footprint is:1 GB
Skipping backtrack ...
Using 160 out of max 160 threads...
Elapsed time for scoring matrix computation: 1.177072
 Repeat=3
Problem size: Matrix[120002][2000]
Total memory footprint is:1 GB
Skipping backtrack ...
Using 160 out of max 160 threads...
Elapsed time for scoring matrix computation: 1.175830
 Repeat=1
Problem size: Matrix[125002][2000]
Total memory footprint is:1 GB
Skipping backtrack ...
Using 160 out of max 160 threads...
Elapsed time for scoring matrix computation: 1.234368
 Repeat=2
Problem size: Matrix[125002][2000]
Total memory footprint is:1 GB
Skipping backtrack ...
Using 160 out of max 160 threads...
Elapsed time for scoring matrix computation: 1.238165
 Repeat=3
Problem size: Matrix[125002][2000]
Total memory footprint is:1 GB
Skipping backtrack ...
Using 160 out of max 160 threads...
Elapsed time for scoring matrix computation: 1.217522
 Repeat=1
Problem size: Matrix[130002][2000]
Total memory footprint is:1 GB
Skipping backtrack ...
Using 160 out of max 160 threads...
Elapsed time for scoring matrix computation: 1.268539
 Repeat=2
Problem size: Matrix[130002][2000]
Total memory footprint is:1 GB
Skipping backtrack ...
Using 160 out of max 160 threads...
Elapsed time for scoring matrix computation: 1.272322
 Repeat=3
Problem size: Matrix[130002][2000]
Total memory footprint is:1 GB
Skipping backtrack ...
Using 160 out of max 160 threads...
Elapsed time for scoring matrix computation: 1.273575
 Repeat=1
Problem size: Matrix[135002][2000]
Total memory footprint is:2 GB
Skipping backtrack ...
Using 160 out of max 160 threads...
Elapsed time for scoring matrix computation: 1.314007
 Repeat=2
Problem size: Matrix[135002][2000]
Total memory footprint is:2 GB
Skipping backtrack ...
Using 160 out of max 160 threads...
Elapsed time for scoring matrix computation: 1.313262
 Repeat=3
Problem size: Matrix[135002][2000]
Total memory footprint is:2 GB
Skipping backtrack ...
Using 160 out of max 160 threads...
Elapsed time for scoring matrix computation: 1.316627
 Repeat=1
Problem size: Matrix[140002][2000]
Total memory footprint is:2 GB
Skipping backtrack ...
Using 160 out of max 160 threads...
Elapsed time for scoring matrix computation: 1.360000
 Repeat=2
Problem size: Matrix[140002][2000]
Total memory footprint is:2 GB
Skipping backtrack ...
Using 160 out of max 160 threads...
Elapsed time for scoring matrix computation: 1.354766
 Repeat=3
Problem size: Matrix[140002][2000]
Total memory footprint is:2 GB
Skipping backtrack ...
Using 160 out of max 160 threads...
Elapsed time for scoring matrix computation: 1.348718
 Repeat=1
Problem size: Matrix[145002][2000]
Total memory footprint is:2 GB
Skipping backtrack ...
Using 160 out of max 160 threads...
Elapsed time for scoring matrix computation: 1.408727
 Repeat=2
Problem size: Matrix[145002][2000]
Total memory footprint is:2 GB
Skipping backtrack ...
Using 160 out of max 160 threads...
Elapsed time for scoring matrix computation: 1.415679
 Repeat=3
Problem size: Matrix[145002][2000]
Total memory footprint is:2 GB
Skipping backtrack ...
Using 160 out of max 160 threads...
Elapsed time for scoring matrix computation: 1.421604
