clang++  -O3 -g -std=c++11 -DSKIP_BACKTRACK=1 -fopenmp  -o omp_smithW-v1-refinedOrig.out omp_smithW-v1-refinedOrig.cpp
 Repeat=1
Problem size: Matrix[2][2000]
Total memory footprint is:0 MB
Skipping backtrack ...
Using 44 out of max 44 threads...
Elapsed time for scoring matrix computation: 0.007110
 Repeat=2
Problem size: Matrix[2][2000]
Total memory footprint is:0 MB
Skipping backtrack ...
Using 44 out of max 44 threads...
Elapsed time for scoring matrix computation: 0.006636
 Repeat=3
Problem size: Matrix[2][2000]
Total memory footprint is:0 MB
Skipping backtrack ...
Using 44 out of max 44 threads...
Elapsed time for scoring matrix computation: 0.006826
 Repeat=1
Problem size: Matrix[5002][2000]
Total memory footprint is:76 MB
Skipping backtrack ...
Using 44 out of max 44 threads...
Elapsed time for scoring matrix computation: 0.036754
 Repeat=2
Problem size: Matrix[5002][2000]
Total memory footprint is:76 MB
Skipping backtrack ...
Using 44 out of max 44 threads...
Elapsed time for scoring matrix computation: 0.038686
 Repeat=3
Problem size: Matrix[5002][2000]
Total memory footprint is:76 MB
Skipping backtrack ...
Using 44 out of max 44 threads...
Elapsed time for scoring matrix computation: 0.038165
 Repeat=1
Problem size: Matrix[10002][2000]
Total memory footprint is:152 MB
Skipping backtrack ...
Using 44 out of max 44 threads...
Elapsed time for scoring matrix computation: 0.069132
 Repeat=2
Problem size: Matrix[10002][2000]
Total memory footprint is:152 MB
Skipping backtrack ...
Using 44 out of max 44 threads...
Elapsed time for scoring matrix computation: 0.069361
 Repeat=3
Problem size: Matrix[10002][2000]
Total memory footprint is:152 MB
Skipping backtrack ...
Using 44 out of max 44 threads...
Elapsed time for scoring matrix computation: 0.068164
 Repeat=1
Problem size: Matrix[15002][2000]
Total memory footprint is:229 MB
Skipping backtrack ...
Using 44 out of max 44 threads...
Elapsed time for scoring matrix computation: 0.099799
 Repeat=2
Problem size: Matrix[15002][2000]
Total memory footprint is:229 MB
Skipping backtrack ...
Using 44 out of max 44 threads...
Elapsed time for scoring matrix computation: 0.101080
 Repeat=3
Problem size: Matrix[15002][2000]
Total memory footprint is:229 MB
Skipping backtrack ...
Using 44 out of max 44 threads...
Elapsed time for scoring matrix computation: 0.100054
 Repeat=1
Problem size: Matrix[20002][2000]
Total memory footprint is:305 MB
Skipping backtrack ...
Using 44 out of max 44 threads...
Elapsed time for scoring matrix computation: 0.131721
 Repeat=2
Problem size: Matrix[20002][2000]
Total memory footprint is:305 MB
Skipping backtrack ...
Using 44 out of max 44 threads...
Elapsed time for scoring matrix computation: 0.133432
 Repeat=3
Problem size: Matrix[20002][2000]
Total memory footprint is:305 MB
Skipping backtrack ...
Using 44 out of max 44 threads...
Elapsed time for scoring matrix computation: 0.132699
 Repeat=1
Problem size: Matrix[25002][2000]
Total memory footprint is:381 MB
Skipping backtrack ...
Using 44 out of max 44 threads...
Elapsed time for scoring matrix computation: 0.164346
 Repeat=2
Problem size: Matrix[25002][2000]
Total memory footprint is:381 MB
Skipping backtrack ...
Using 44 out of max 44 threads...
Elapsed time for scoring matrix computation: 0.165198
 Repeat=3
Problem size: Matrix[25002][2000]
Total memory footprint is:381 MB
Skipping backtrack ...
Using 44 out of max 44 threads...
Elapsed time for scoring matrix computation: 0.168796
 Repeat=1
Problem size: Matrix[30002][2000]
Total memory footprint is:458 MB
Skipping backtrack ...
Using 44 out of max 44 threads...
Elapsed time for scoring matrix computation: 0.196345
 Repeat=2
Problem size: Matrix[30002][2000]
Total memory footprint is:458 MB
Skipping backtrack ...
Using 44 out of max 44 threads...
Elapsed time for scoring matrix computation: 0.196621
 Repeat=3
Problem size: Matrix[30002][2000]
Total memory footprint is:458 MB
Skipping backtrack ...
Using 44 out of max 44 threads...
Elapsed time for scoring matrix computation: 0.196751
 Repeat=1
Problem size: Matrix[35002][2000]
Total memory footprint is:534 MB
Skipping backtrack ...
Using 44 out of max 44 threads...
Elapsed time for scoring matrix computation: 0.229637
 Repeat=2
Problem size: Matrix[35002][2000]
Total memory footprint is:534 MB
Skipping backtrack ...
Using 44 out of max 44 threads...
Elapsed time for scoring matrix computation: 0.226779
 Repeat=3
Problem size: Matrix[35002][2000]
Total memory footprint is:534 MB
Skipping backtrack ...
Using 44 out of max 44 threads...
Elapsed time for scoring matrix computation: 0.228673
 Repeat=1
Problem size: Matrix[40002][2000]
Total memory footprint is:610 MB
Skipping backtrack ...
Using 44 out of max 44 threads...
Elapsed time for scoring matrix computation: 0.261881
 Repeat=2
Problem size: Matrix[40002][2000]
Total memory footprint is:610 MB
Skipping backtrack ...
Using 44 out of max 44 threads...
Elapsed time for scoring matrix computation: 0.259786
 Repeat=3
Problem size: Matrix[40002][2000]
Total memory footprint is:610 MB
Skipping backtrack ...
Using 44 out of max 44 threads...
Elapsed time for scoring matrix computation: 0.259434
 Repeat=1
Problem size: Matrix[45002][2000]
Total memory footprint is:687 MB
Skipping backtrack ...
Using 44 out of max 44 threads...
Elapsed time for scoring matrix computation: 0.290900
 Repeat=2
Problem size: Matrix[45002][2000]
Total memory footprint is:687 MB
Skipping backtrack ...
Using 44 out of max 44 threads...
Elapsed time for scoring matrix computation: 0.292891
 Repeat=3
Problem size: Matrix[45002][2000]
Total memory footprint is:687 MB
Skipping backtrack ...
Using 44 out of max 44 threads...
Elapsed time for scoring matrix computation: 0.292716
 Repeat=1
Problem size: Matrix[50002][2000]
Total memory footprint is:763 MB
Skipping backtrack ...
Using 44 out of max 44 threads...
Elapsed time for scoring matrix computation: 0.325409
 Repeat=2
Problem size: Matrix[50002][2000]
Total memory footprint is:763 MB
Skipping backtrack ...
Using 44 out of max 44 threads...
Elapsed time for scoring matrix computation: 0.325501
 Repeat=3
Problem size: Matrix[50002][2000]
Total memory footprint is:763 MB
Skipping backtrack ...
Using 44 out of max 44 threads...
Elapsed time for scoring matrix computation: 0.326369
 Repeat=1
Problem size: Matrix[55002][2000]
Total memory footprint is:839 MB
Skipping backtrack ...
Using 44 out of max 44 threads...
Elapsed time for scoring matrix computation: 0.354219
 Repeat=2
Problem size: Matrix[55002][2000]
Total memory footprint is:839 MB
Skipping backtrack ...
Using 44 out of max 44 threads...
Elapsed time for scoring matrix computation: 0.357391
 Repeat=3
Problem size: Matrix[55002][2000]
Total memory footprint is:839 MB
Skipping backtrack ...
Using 44 out of max 44 threads...
Elapsed time for scoring matrix computation: 0.355176
 Repeat=1
Problem size: Matrix[60002][2000]
Total memory footprint is:916 MB
Skipping backtrack ...
Using 44 out of max 44 threads...
Elapsed time for scoring matrix computation: 0.386218
 Repeat=2
Problem size: Matrix[60002][2000]
Total memory footprint is:916 MB
Skipping backtrack ...
Using 44 out of max 44 threads...
Elapsed time for scoring matrix computation: 0.388047
 Repeat=3
Problem size: Matrix[60002][2000]
Total memory footprint is:916 MB
Skipping backtrack ...
Using 44 out of max 44 threads...
Elapsed time for scoring matrix computation: 0.385874
 Repeat=1
Problem size: Matrix[65002][2000]
Total memory footprint is:992 MB
Skipping backtrack ...
Using 44 out of max 44 threads...
Elapsed time for scoring matrix computation: 0.413886
 Repeat=2
Problem size: Matrix[65002][2000]
Total memory footprint is:992 MB
Skipping backtrack ...
Using 44 out of max 44 threads...
Elapsed time for scoring matrix computation: 0.419942
 Repeat=3
Problem size: Matrix[65002][2000]
Total memory footprint is:992 MB
Skipping backtrack ...
Using 44 out of max 44 threads...
Elapsed time for scoring matrix computation: 0.420429
 Repeat=1
Problem size: Matrix[70002][2000]
Total memory footprint is:1 GB
Skipping backtrack ...
Using 44 out of max 44 threads...
Elapsed time for scoring matrix computation: 0.454079
 Repeat=2
Problem size: Matrix[70002][2000]
Total memory footprint is:1 GB
Skipping backtrack ...
Using 44 out of max 44 threads...
Elapsed time for scoring matrix computation: 0.454219
 Repeat=3
Problem size: Matrix[70002][2000]
Total memory footprint is:1 GB
Skipping backtrack ...
Using 44 out of max 44 threads...
Elapsed time for scoring matrix computation: 0.453155
 Repeat=1
Problem size: Matrix[75002][2000]
Total memory footprint is:1 GB
Skipping backtrack ...
Using 44 out of max 44 threads...
Elapsed time for scoring matrix computation: 0.486687
 Repeat=2
Problem size: Matrix[75002][2000]
Total memory footprint is:1 GB
Skipping backtrack ...
Using 44 out of max 44 threads...
Elapsed time for scoring matrix computation: 0.482036
 Repeat=3
Problem size: Matrix[75002][2000]
Total memory footprint is:1 GB
Skipping backtrack ...
Using 44 out of max 44 threads...
Elapsed time for scoring matrix computation: 0.485490
 Repeat=1
Problem size: Matrix[80002][2000]
Total memory footprint is:1 GB
Skipping backtrack ...
Using 44 out of max 44 threads...
Elapsed time for scoring matrix computation: 0.520111
 Repeat=2
Problem size: Matrix[80002][2000]
Total memory footprint is:1 GB
Skipping backtrack ...
Using 44 out of max 44 threads...
Elapsed time for scoring matrix computation: 0.513281
 Repeat=3
Problem size: Matrix[80002][2000]
Total memory footprint is:1 GB
Skipping backtrack ...
Using 44 out of max 44 threads...
Elapsed time for scoring matrix computation: 0.514936
 Repeat=1
Problem size: Matrix[85002][2000]
Total memory footprint is:1 GB
Skipping backtrack ...
Using 44 out of max 44 threads...
Elapsed time for scoring matrix computation: 0.549418
 Repeat=2
Problem size: Matrix[85002][2000]
Total memory footprint is:1 GB
Skipping backtrack ...
Using 44 out of max 44 threads...
Elapsed time for scoring matrix computation: 0.551850
 Repeat=3
Problem size: Matrix[85002][2000]
Total memory footprint is:1 GB
Skipping backtrack ...
Using 44 out of max 44 threads...
Elapsed time for scoring matrix computation: 0.547941
 Repeat=1
Problem size: Matrix[90002][2000]
Total memory footprint is:1 GB
Skipping backtrack ...
Using 44 out of max 44 threads...
Elapsed time for scoring matrix computation: 0.579702
 Repeat=2
Problem size: Matrix[90002][2000]
Total memory footprint is:1 GB
Skipping backtrack ...
Using 44 out of max 44 threads...
Elapsed time for scoring matrix computation: 0.583562
 Repeat=3
Problem size: Matrix[90002][2000]
Total memory footprint is:1 GB
Skipping backtrack ...
Using 44 out of max 44 threads...
Elapsed time for scoring matrix computation: 0.576120
 Repeat=1
Problem size: Matrix[95002][2000]
Total memory footprint is:1 GB
Skipping backtrack ...
Using 44 out of max 44 threads...
Elapsed time for scoring matrix computation: 0.604840
 Repeat=2
Problem size: Matrix[95002][2000]
Total memory footprint is:1 GB
Skipping backtrack ...
Using 44 out of max 44 threads...
Elapsed time for scoring matrix computation: 0.619310
 Repeat=3
Problem size: Matrix[95002][2000]
Total memory footprint is:1 GB
Skipping backtrack ...
Using 44 out of max 44 threads...
Elapsed time for scoring matrix computation: 0.609092
 Repeat=1
Problem size: Matrix[100002][2000]
Total memory footprint is:1 GB
Skipping backtrack ...
Using 44 out of max 44 threads...
Elapsed time for scoring matrix computation: 0.639318
 Repeat=2
Problem size: Matrix[100002][2000]
Total memory footprint is:1 GB
Skipping backtrack ...
Using 44 out of max 44 threads...
Elapsed time for scoring matrix computation: 0.645177
 Repeat=3
Problem size: Matrix[100002][2000]
Total memory footprint is:1 GB
Skipping backtrack ...
Using 44 out of max 44 threads...
Elapsed time for scoring matrix computation: 0.653478
 Repeat=1
Problem size: Matrix[105002][2000]
Total memory footprint is:1 GB
Skipping backtrack ...
Using 44 out of max 44 threads...
Elapsed time for scoring matrix computation: 0.673784
 Repeat=2
Problem size: Matrix[105002][2000]
Total memory footprint is:1 GB
Skipping backtrack ...
Using 44 out of max 44 threads...
Elapsed time for scoring matrix computation: 0.681069
 Repeat=3
Problem size: Matrix[105002][2000]
Total memory footprint is:1 GB
Skipping backtrack ...
Using 44 out of max 44 threads...
Elapsed time for scoring matrix computation: 0.672152
 Repeat=1
Problem size: Matrix[110002][2000]
Total memory footprint is:1 GB
Skipping backtrack ...
Using 44 out of max 44 threads...
Elapsed time for scoring matrix computation: 0.701577
 Repeat=2
Problem size: Matrix[110002][2000]
Total memory footprint is:1 GB
Skipping backtrack ...
Using 44 out of max 44 threads...
Elapsed time for scoring matrix computation: 0.703780
 Repeat=3
Problem size: Matrix[110002][2000]
Total memory footprint is:1 GB
Skipping backtrack ...
Using 44 out of max 44 threads...
Elapsed time for scoring matrix computation: 0.710644
 Repeat=1
Problem size: Matrix[115002][2000]
Total memory footprint is:1 GB
Skipping backtrack ...
Using 44 out of max 44 threads...
Elapsed time for scoring matrix computation: 0.736476
 Repeat=2
Problem size: Matrix[115002][2000]
Total memory footprint is:1 GB
Skipping backtrack ...
Using 44 out of max 44 threads...
Elapsed time for scoring matrix computation: 0.737531
 Repeat=3
Problem size: Matrix[115002][2000]
Total memory footprint is:1 GB
Skipping backtrack ...
Using 44 out of max 44 threads...
Elapsed time for scoring matrix computation: 0.733318
 Repeat=1
Problem size: Matrix[120002][2000]
Total memory footprint is:1 GB
Skipping backtrack ...
Using 44 out of max 44 threads...
Elapsed time for scoring matrix computation: 0.766463
 Repeat=2
Problem size: Matrix[120002][2000]
Total memory footprint is:1 GB
Skipping backtrack ...
Using 44 out of max 44 threads...
Elapsed time for scoring matrix computation: 0.779987
 Repeat=3
Problem size: Matrix[120002][2000]
Total memory footprint is:1 GB
Skipping backtrack ...
Using 44 out of max 44 threads...
Elapsed time for scoring matrix computation: 0.777850
 Repeat=1
Problem size: Matrix[125002][2000]
Total memory footprint is:1 GB
Skipping backtrack ...
Using 44 out of max 44 threads...
Elapsed time for scoring matrix computation: 0.802225
 Repeat=2
Problem size: Matrix[125002][2000]
Total memory footprint is:1 GB
Skipping backtrack ...
Using 44 out of max 44 threads...
Elapsed time for scoring matrix computation: 0.799809
 Repeat=3
Problem size: Matrix[125002][2000]
Total memory footprint is:1 GB
Skipping backtrack ...
Using 44 out of max 44 threads...
Elapsed time for scoring matrix computation: 0.805896
 Repeat=1
Problem size: Matrix[130002][2000]
Total memory footprint is:1 GB
Skipping backtrack ...
Using 44 out of max 44 threads...
Elapsed time for scoring matrix computation: 0.832498
 Repeat=2
Problem size: Matrix[130002][2000]
Total memory footprint is:1 GB
Skipping backtrack ...
Using 44 out of max 44 threads...
Elapsed time for scoring matrix computation: 0.842588
 Repeat=3
Problem size: Matrix[130002][2000]
Total memory footprint is:1 GB
Skipping backtrack ...
Using 44 out of max 44 threads...
Elapsed time for scoring matrix computation: 0.833205
 Repeat=1
Problem size: Matrix[135002][2000]
Total memory footprint is:2 GB
Skipping backtrack ...
Using 44 out of max 44 threads...
Elapsed time for scoring matrix computation: 0.870601
 Repeat=2
Problem size: Matrix[135002][2000]
Total memory footprint is:2 GB
Skipping backtrack ...
Using 44 out of max 44 threads...
Elapsed time for scoring matrix computation: 0.870515
 Repeat=3
Problem size: Matrix[135002][2000]
Total memory footprint is:2 GB
Skipping backtrack ...
Using 44 out of max 44 threads...
Elapsed time for scoring matrix computation: 0.864080
 Repeat=1
Problem size: Matrix[140002][2000]
Total memory footprint is:2 GB
Skipping backtrack ...
Using 44 out of max 44 threads...
Elapsed time for scoring matrix computation: 0.900304
 Repeat=2
Problem size: Matrix[140002][2000]
Total memory footprint is:2 GB
Skipping backtrack ...
Using 44 out of max 44 threads...
Elapsed time for scoring matrix computation: 0.895884
 Repeat=3
Problem size: Matrix[140002][2000]
Total memory footprint is:2 GB
Skipping backtrack ...
Using 44 out of max 44 threads...
Elapsed time for scoring matrix computation: 0.899623
 Repeat=1
Problem size: Matrix[145002][2000]
Total memory footprint is:2 GB
Skipping backtrack ...
Using 44 out of max 44 threads...
Elapsed time for scoring matrix computation: 0.924899
 Repeat=2
Problem size: Matrix[145002][2000]
Total memory footprint is:2 GB
Skipping backtrack ...
Using 44 out of max 44 threads...
Elapsed time for scoring matrix computation: 0.934776
 Repeat=3
Problem size: Matrix[145002][2000]
Total memory footprint is:2 GB
Skipping backtrack ...
Using 44 out of max 44 threads...
Elapsed time for scoring matrix computation: 0.938041
