clang++  -O3 -g -std=c++11 -DSKIP_BACKTRACK=1 -fopenmp  -o omp_smithW-v1-refinedOrig.out omp_smithW-v1-refinedOrig.cpp
 Repeat=1
Problem size: Matrix[32][32]
Total memory footprint is:0 MB
Skipping backtrack ...
Using 160 out of max 160 threads...
Elapsed time for scoring matrix computation: 0.000443
 Repeat=2
Problem size: Matrix[32][32]
Total memory footprint is:0 MB
Skipping backtrack ...
Using 160 out of max 160 threads...
Elapsed time for scoring matrix computation: 0.000549
 Repeat=3
Problem size: Matrix[32][32]
Total memory footprint is:0 MB
Skipping backtrack ...
Using 160 out of max 160 threads...
Elapsed time for scoring matrix computation: 0.000521
 Repeat=1
Problem size: Matrix[544][544]
Total memory footprint is:2 MB
Skipping backtrack ...
Using 160 out of max 160 threads...
Elapsed time for scoring matrix computation: 0.007590
 Repeat=2
Problem size: Matrix[544][544]
Total memory footprint is:2 MB
Skipping backtrack ...
Using 160 out of max 160 threads...
Elapsed time for scoring matrix computation: 0.007590
 Repeat=3
Problem size: Matrix[544][544]
Total memory footprint is:2 MB
Skipping backtrack ...
Using 160 out of max 160 threads...
Elapsed time for scoring matrix computation: 0.007695
 Repeat=1
Problem size: Matrix[1056][1056]
Total memory footprint is:8 MB
Skipping backtrack ...
Using 160 out of max 160 threads...
Elapsed time for scoring matrix computation: 0.015631
 Repeat=2
Problem size: Matrix[1056][1056]
Total memory footprint is:8 MB
Skipping backtrack ...
Using 160 out of max 160 threads...
Elapsed time for scoring matrix computation: 0.015529
 Repeat=3
Problem size: Matrix[1056][1056]
Total memory footprint is:8 MB
Skipping backtrack ...
Using 160 out of max 160 threads...
Elapsed time for scoring matrix computation: 0.015720
 Repeat=1
Problem size: Matrix[1568][1568]
Total memory footprint is:18 MB
Skipping backtrack ...
Using 160 out of max 160 threads...
Elapsed time for scoring matrix computation: 0.024510
 Repeat=2
Problem size: Matrix[1568][1568]
Total memory footprint is:18 MB
Skipping backtrack ...
Using 160 out of max 160 threads...
Elapsed time for scoring matrix computation: 0.024597
 Repeat=3
Problem size: Matrix[1568][1568]
Total memory footprint is:18 MB
Skipping backtrack ...
Using 160 out of max 160 threads...
Elapsed time for scoring matrix computation: 0.024546
 Repeat=1
Problem size: Matrix[2080][2080]
Total memory footprint is:33 MB
Skipping backtrack ...
Using 160 out of max 160 threads...
Elapsed time for scoring matrix computation: 0.034050
 Repeat=2
Problem size: Matrix[2080][2080]
Total memory footprint is:33 MB
Skipping backtrack ...
Using 160 out of max 160 threads...
Elapsed time for scoring matrix computation: 0.034144
 Repeat=3
Problem size: Matrix[2080][2080]
Total memory footprint is:33 MB
Skipping backtrack ...
Using 160 out of max 160 threads...
Elapsed time for scoring matrix computation: 0.034034
 Repeat=1
Problem size: Matrix[2592][2592]
Total memory footprint is:51 MB
Skipping backtrack ...
Using 160 out of max 160 threads...
Elapsed time for scoring matrix computation: 0.044832
 Repeat=2
Problem size: Matrix[2592][2592]
Total memory footprint is:51 MB
Skipping backtrack ...
Using 160 out of max 160 threads...
Elapsed time for scoring matrix computation: 0.043777
 Repeat=3
Problem size: Matrix[2592][2592]
Total memory footprint is:51 MB
Skipping backtrack ...
Using 160 out of max 160 threads...
Elapsed time for scoring matrix computation: 0.043903
 Repeat=1
Problem size: Matrix[3104][3104]
Total memory footprint is:73 MB
Skipping backtrack ...
Using 160 out of max 160 threads...
Elapsed time for scoring matrix computation: 0.054646
 Repeat=2
Problem size: Matrix[3104][3104]
Total memory footprint is:73 MB
Skipping backtrack ...
Using 160 out of max 160 threads...
Elapsed time for scoring matrix computation: 0.054674
 Repeat=3
Problem size: Matrix[3104][3104]
Total memory footprint is:73 MB
Skipping backtrack ...
Using 160 out of max 160 threads...
Elapsed time for scoring matrix computation: 0.054497
 Repeat=1
Problem size: Matrix[3616][3616]
Total memory footprint is:99 MB
Skipping backtrack ...
Using 160 out of max 160 threads...
Elapsed time for scoring matrix computation: 0.066637
 Repeat=2
Problem size: Matrix[3616][3616]
Total memory footprint is:99 MB
Skipping backtrack ...
Using 160 out of max 160 threads...
Elapsed time for scoring matrix computation: 0.066471
 Repeat=3
Problem size: Matrix[3616][3616]
Total memory footprint is:99 MB
Skipping backtrack ...
Using 160 out of max 160 threads...
Elapsed time for scoring matrix computation: 0.066462
 Repeat=1
Problem size: Matrix[4128][4128]
Total memory footprint is:130 MB
Skipping backtrack ...
Using 160 out of max 160 threads...
Elapsed time for scoring matrix computation: 0.079523
 Repeat=2
Problem size: Matrix[4128][4128]
Total memory footprint is:130 MB
Skipping backtrack ...
Using 160 out of max 160 threads...
Elapsed time for scoring matrix computation: 0.079586
 Repeat=3
Problem size: Matrix[4128][4128]
Total memory footprint is:130 MB
Skipping backtrack ...
Using 160 out of max 160 threads...
Elapsed time for scoring matrix computation: 0.079798
 Repeat=1
Problem size: Matrix[4640][4640]
Total memory footprint is:164 MB
Skipping backtrack ...
Using 160 out of max 160 threads...
Elapsed time for scoring matrix computation: 0.093261
 Repeat=2
Problem size: Matrix[4640][4640]
Total memory footprint is:164 MB
Skipping backtrack ...
Using 160 out of max 160 threads...
Elapsed time for scoring matrix computation: 0.093834
 Repeat=3
Problem size: Matrix[4640][4640]
Total memory footprint is:164 MB
Skipping backtrack ...
Using 160 out of max 160 threads...
Elapsed time for scoring matrix computation: 0.092938
 Repeat=1
Problem size: Matrix[5152][5152]
Total memory footprint is:202 MB
Skipping backtrack ...
Using 160 out of max 160 threads...
Elapsed time for scoring matrix computation: 0.106980
 Repeat=2
Problem size: Matrix[5152][5152]
Total memory footprint is:202 MB
Skipping backtrack ...
Using 160 out of max 160 threads...
Elapsed time for scoring matrix computation: 0.108444
 Repeat=3
Problem size: Matrix[5152][5152]
Total memory footprint is:202 MB
Skipping backtrack ...
Using 160 out of max 160 threads...
Elapsed time for scoring matrix computation: 0.109508
 Repeat=1
Problem size: Matrix[5664][5664]
Total memory footprint is:244 MB
Skipping backtrack ...
Using 160 out of max 160 threads...
Elapsed time for scoring matrix computation: 0.125011
 Repeat=2
Problem size: Matrix[5664][5664]
Total memory footprint is:244 MB
Skipping backtrack ...
Using 160 out of max 160 threads...
Elapsed time for scoring matrix computation: 0.125383
 Repeat=3
Problem size: Matrix[5664][5664]
Total memory footprint is:244 MB
Skipping backtrack ...
Using 160 out of max 160 threads...
Elapsed time for scoring matrix computation: 0.123943
 Repeat=1
Problem size: Matrix[6176][6176]
Total memory footprint is:291 MB
Skipping backtrack ...
Using 160 out of max 160 threads...
Elapsed time for scoring matrix computation: 0.141170
 Repeat=2
Problem size: Matrix[6176][6176]
Total memory footprint is:291 MB
Skipping backtrack ...
Using 160 out of max 160 threads...
Elapsed time for scoring matrix computation: 0.141715
 Repeat=3
Problem size: Matrix[6176][6176]
Total memory footprint is:291 MB
Skipping backtrack ...
Using 160 out of max 160 threads...
Elapsed time for scoring matrix computation: 0.142079
 Repeat=1
Problem size: Matrix[6688][6688]
Total memory footprint is:341 MB
Skipping backtrack ...
Using 160 out of max 160 threads...
Elapsed time for scoring matrix computation: 0.158090
 Repeat=2
Problem size: Matrix[6688][6688]
Total memory footprint is:341 MB
Skipping backtrack ...
Using 160 out of max 160 threads...
Elapsed time for scoring matrix computation: 0.158990
 Repeat=3
Problem size: Matrix[6688][6688]
Total memory footprint is:341 MB
Skipping backtrack ...
Using 160 out of max 160 threads...
Elapsed time for scoring matrix computation: 0.158884
 Repeat=1
Problem size: Matrix[7200][7200]
Total memory footprint is:395 MB
Skipping backtrack ...
Using 160 out of max 160 threads...
Elapsed time for scoring matrix computation: 0.176546
 Repeat=2
Problem size: Matrix[7200][7200]
Total memory footprint is:395 MB
Skipping backtrack ...
Using 160 out of max 160 threads...
Elapsed time for scoring matrix computation: 0.177725
 Repeat=3
Problem size: Matrix[7200][7200]
Total memory footprint is:395 MB
Skipping backtrack ...
Using 160 out of max 160 threads...
Elapsed time for scoring matrix computation: 0.179016
 Repeat=1
Problem size: Matrix[7712][7712]
Total memory footprint is:453 MB
Skipping backtrack ...
Using 160 out of max 160 threads...
Elapsed time for scoring matrix computation: 0.208451
 Repeat=2
Problem size: Matrix[7712][7712]
Total memory footprint is:453 MB
Skipping backtrack ...
Using 160 out of max 160 threads...
Elapsed time for scoring matrix computation: 0.207340
 Repeat=3
Problem size: Matrix[7712][7712]
Total memory footprint is:453 MB
Skipping backtrack ...
Using 160 out of max 160 threads...
Elapsed time for scoring matrix computation: 0.202217
 Repeat=1
Problem size: Matrix[8224][8224]
Total memory footprint is:516 MB
Skipping backtrack ...
Using 160 out of max 160 threads...
Elapsed time for scoring matrix computation: 0.222051
 Repeat=2
Problem size: Matrix[8224][8224]
Total memory footprint is:516 MB
Skipping backtrack ...
Using 160 out of max 160 threads...
Elapsed time for scoring matrix computation: 0.216108
 Repeat=3
Problem size: Matrix[8224][8224]
Total memory footprint is:516 MB
Skipping backtrack ...
Using 160 out of max 160 threads...
Elapsed time for scoring matrix computation: 0.217047
 Repeat=1
Problem size: Matrix[8736][8736]
Total memory footprint is:582 MB
Skipping backtrack ...
Using 160 out of max 160 threads...
Elapsed time for scoring matrix computation: 0.238055
 Repeat=2
Problem size: Matrix[8736][8736]
Total memory footprint is:582 MB
Skipping backtrack ...
Using 160 out of max 160 threads...
Elapsed time for scoring matrix computation: 0.237613
 Repeat=3
Problem size: Matrix[8736][8736]
Total memory footprint is:582 MB
Skipping backtrack ...
Using 160 out of max 160 threads...
Elapsed time for scoring matrix computation: 0.236895
 Repeat=1
Problem size: Matrix[9248][9248]
Total memory footprint is:652 MB
Skipping backtrack ...
Using 160 out of max 160 threads...
Elapsed time for scoring matrix computation: 0.262316
 Repeat=2
Problem size: Matrix[9248][9248]
Total memory footprint is:652 MB
Skipping backtrack ...
Using 160 out of max 160 threads...
Elapsed time for scoring matrix computation: 0.258729
 Repeat=3
Problem size: Matrix[9248][9248]
Total memory footprint is:652 MB
Skipping backtrack ...
Using 160 out of max 160 threads...
Elapsed time for scoring matrix computation: 0.258254
 Repeat=1
Problem size: Matrix[9760][9760]
Total memory footprint is:726 MB
Skipping backtrack ...
Using 160 out of max 160 threads...
Elapsed time for scoring matrix computation: 0.281278
 Repeat=2
Problem size: Matrix[9760][9760]
Total memory footprint is:726 MB
Skipping backtrack ...
Using 160 out of max 160 threads...
Elapsed time for scoring matrix computation: 0.281989
 Repeat=3
Problem size: Matrix[9760][9760]
Total memory footprint is:726 MB
Skipping backtrack ...
Using 160 out of max 160 threads...
Elapsed time for scoring matrix computation: 0.282766
 Repeat=1
Problem size: Matrix[10272][10272]
Total memory footprint is:805 MB
Skipping backtrack ...
Using 160 out of max 160 threads...
Elapsed time for scoring matrix computation: 0.304861
 Repeat=2
Problem size: Matrix[10272][10272]
Total memory footprint is:805 MB
Skipping backtrack ...
Using 160 out of max 160 threads...
Elapsed time for scoring matrix computation: 0.305538
 Repeat=3
Problem size: Matrix[10272][10272]
Total memory footprint is:805 MB
Skipping backtrack ...
Using 160 out of max 160 threads...
Elapsed time for scoring matrix computation: 0.306927
 Repeat=1
Problem size: Matrix[10784][10784]
Total memory footprint is:887 MB
Skipping backtrack ...
Using 160 out of max 160 threads...
Elapsed time for scoring matrix computation: 0.329828
 Repeat=2
Problem size: Matrix[10784][10784]
Total memory footprint is:887 MB
Skipping backtrack ...
Using 160 out of max 160 threads...
Elapsed time for scoring matrix computation: 0.332100
 Repeat=3
Problem size: Matrix[10784][10784]
Total memory footprint is:887 MB
Skipping backtrack ...
Using 160 out of max 160 threads...
Elapsed time for scoring matrix computation: 0.331139
 Repeat=1
Problem size: Matrix[11296][11296]
Total memory footprint is:973 MB
Skipping backtrack ...
Using 160 out of max 160 threads...
Elapsed time for scoring matrix computation: 0.356577
 Repeat=2
Problem size: Matrix[11296][11296]
Total memory footprint is:973 MB
Skipping backtrack ...
Using 160 out of max 160 threads...
Elapsed time for scoring matrix computation: 0.355367
 Repeat=3
Problem size: Matrix[11296][11296]
Total memory footprint is:973 MB
Skipping backtrack ...
Using 160 out of max 160 threads...
Elapsed time for scoring matrix computation: 0.355297
 Repeat=1
Problem size: Matrix[11808][11808]
Total memory footprint is:1 GB
Skipping backtrack ...
Using 160 out of max 160 threads...
Elapsed time for scoring matrix computation: 0.381818
 Repeat=2
Problem size: Matrix[11808][11808]
Total memory footprint is:1 GB
Skipping backtrack ...
Using 160 out of max 160 threads...
Elapsed time for scoring matrix computation: 0.387420
 Repeat=3
Problem size: Matrix[11808][11808]
Total memory footprint is:1 GB
Skipping backtrack ...
Using 160 out of max 160 threads...
Elapsed time for scoring matrix computation: 0.383301
 Repeat=1
Problem size: Matrix[12320][12320]
Total memory footprint is:1 GB
Skipping backtrack ...
Using 160 out of max 160 threads...
Elapsed time for scoring matrix computation: 0.410097
 Repeat=2
Problem size: Matrix[12320][12320]
Total memory footprint is:1 GB
Skipping backtrack ...
Using 160 out of max 160 threads...
Elapsed time for scoring matrix computation: 0.409074
 Repeat=3
Problem size: Matrix[12320][12320]
Total memory footprint is:1 GB
Skipping backtrack ...
Using 160 out of max 160 threads...
Elapsed time for scoring matrix computation: 0.409417
 Repeat=1
Problem size: Matrix[12832][12832]
Total memory footprint is:1 GB
Skipping backtrack ...
Using 160 out of max 160 threads...
Elapsed time for scoring matrix computation: 0.437537
 Repeat=2
Problem size: Matrix[12832][12832]
Total memory footprint is:1 GB
Skipping backtrack ...
Using 160 out of max 160 threads...
Elapsed time for scoring matrix computation: 0.438318
 Repeat=3
Problem size: Matrix[12832][12832]
Total memory footprint is:1 GB
Skipping backtrack ...
Using 160 out of max 160 threads...
Elapsed time for scoring matrix computation: 0.437556
 Repeat=1
Problem size: Matrix[13344][13344]
Total memory footprint is:1 GB
Skipping backtrack ...
Using 160 out of max 160 threads...
Elapsed time for scoring matrix computation: 0.469943
 Repeat=2
Problem size: Matrix[13344][13344]
Total memory footprint is:1 GB
Skipping backtrack ...
Using 160 out of max 160 threads...
Elapsed time for scoring matrix computation: 0.469527
 Repeat=3
Problem size: Matrix[13344][13344]
Total memory footprint is:1 GB
Skipping backtrack ...
Using 160 out of max 160 threads...
Elapsed time for scoring matrix computation: 0.470409
 Repeat=1
Problem size: Matrix[13856][13856]
Total memory footprint is:1 GB
Skipping backtrack ...
Using 160 out of max 160 threads...
Elapsed time for scoring matrix computation: 0.507396
 Repeat=2
Problem size: Matrix[13856][13856]
Total memory footprint is:1 GB
Skipping backtrack ...
Using 160 out of max 160 threads...
Elapsed time for scoring matrix computation: 0.500352
 Repeat=3
Problem size: Matrix[13856][13856]
Total memory footprint is:1 GB
Skipping backtrack ...
Using 160 out of max 160 threads...
Elapsed time for scoring matrix computation: 0.500572
 Repeat=1
Problem size: Matrix[14368][14368]
Total memory footprint is:1 GB
Skipping backtrack ...
Using 160 out of max 160 threads...
Elapsed time for scoring matrix computation: 0.535333
 Repeat=2
Problem size: Matrix[14368][14368]
Total memory footprint is:1 GB
Skipping backtrack ...
Using 160 out of max 160 threads...
Elapsed time for scoring matrix computation: 0.534202
 Repeat=3
Problem size: Matrix[14368][14368]
Total memory footprint is:1 GB
Skipping backtrack ...
Using 160 out of max 160 threads...
Elapsed time for scoring matrix computation: 0.542833
 Repeat=1
Problem size: Matrix[14880][14880]
Total memory footprint is:1 GB
Skipping backtrack ...
Using 160 out of max 160 threads...
Elapsed time for scoring matrix computation: 0.568949
 Repeat=2
Problem size: Matrix[14880][14880]
Total memory footprint is:1 GB
Skipping backtrack ...
Using 160 out of max 160 threads...
Elapsed time for scoring matrix computation: 0.568495
 Repeat=3
Problem size: Matrix[14880][14880]
Total memory footprint is:1 GB
Skipping backtrack ...
Using 160 out of max 160 threads...
Elapsed time for scoring matrix computation: 0.566904
 Repeat=1
Problem size: Matrix[15392][15392]
Total memory footprint is:1 GB
Skipping backtrack ...
Using 160 out of max 160 threads...
Elapsed time for scoring matrix computation: 0.598098
 Repeat=2
Problem size: Matrix[15392][15392]
Total memory footprint is:1 GB
Skipping backtrack ...
Using 160 out of max 160 threads...
Elapsed time for scoring matrix computation: 0.598612
 Repeat=3
Problem size: Matrix[15392][15392]
Total memory footprint is:1 GB
Skipping backtrack ...
Using 160 out of max 160 threads...
Elapsed time for scoring matrix computation: 0.599924
 Repeat=1
Problem size: Matrix[15904][15904]
Total memory footprint is:1 GB
Skipping backtrack ...
Using 160 out of max 160 threads...
Elapsed time for scoring matrix computation: 0.653924
 Repeat=2
Problem size: Matrix[15904][15904]
Total memory footprint is:1 GB
Skipping backtrack ...
Using 160 out of max 160 threads...
Elapsed time for scoring matrix computation: 0.649256
 Repeat=3
Problem size: Matrix[15904][15904]
Total memory footprint is:1 GB
Skipping backtrack ...
Using 160 out of max 160 threads...
Elapsed time for scoring matrix computation: 0.669215
 Repeat=1
Problem size: Matrix[16416][16416]
Total memory footprint is:2 GB
Skipping backtrack ...
Using 160 out of max 160 threads...
Elapsed time for scoring matrix computation: 0.710155
 Repeat=2
Problem size: Matrix[16416][16416]
Total memory footprint is:2 GB
Skipping backtrack ...
Using 160 out of max 160 threads...
Elapsed time for scoring matrix computation: 0.708843
 Repeat=3
Problem size: Matrix[16416][16416]
Total memory footprint is:2 GB
Skipping backtrack ...
Using 160 out of max 160 threads...
Elapsed time for scoring matrix computation: 0.683983
 Repeat=1
Problem size: Matrix[16928][16928]
Total memory footprint is:2 GB
Skipping backtrack ...
Using 160 out of max 160 threads...
Elapsed time for scoring matrix computation: 0.723009
 Repeat=2
Problem size: Matrix[16928][16928]
Total memory footprint is:2 GB
Skipping backtrack ...
Using 160 out of max 160 threads...
Elapsed time for scoring matrix computation: 0.716855
 Repeat=3
Problem size: Matrix[16928][16928]
Total memory footprint is:2 GB
Skipping backtrack ...
Using 160 out of max 160 threads...
Elapsed time for scoring matrix computation: 0.713762
 Repeat=1
Problem size: Matrix[17440][17440]
Total memory footprint is:2 GB
Skipping backtrack ...
Using 160 out of max 160 threads...
Elapsed time for scoring matrix computation: 0.753126
 Repeat=2
Problem size: Matrix[17440][17440]
Total memory footprint is:2 GB
Skipping backtrack ...
Using 160 out of max 160 threads...
Elapsed time for scoring matrix computation: 0.745041
 Repeat=3
Problem size: Matrix[17440][17440]
Total memory footprint is:2 GB
Skipping backtrack ...
Using 160 out of max 160 threads...
Elapsed time for scoring matrix computation: 0.741813
 Repeat=1
Problem size: Matrix[17952][17952]
Total memory footprint is:2 GB
Skipping backtrack ...
Using 160 out of max 160 threads...
Elapsed time for scoring matrix computation: 0.782039
 Repeat=2
Problem size: Matrix[17952][17952]
Total memory footprint is:2 GB
Skipping backtrack ...
Using 160 out of max 160 threads...
Elapsed time for scoring matrix computation: 0.803477
 Repeat=3
Problem size: Matrix[17952][17952]
Total memory footprint is:2 GB
Skipping backtrack ...
Using 160 out of max 160 threads...
Elapsed time for scoring matrix computation: 0.783729
 Repeat=1
Problem size: Matrix[18464][18464]
Total memory footprint is:2 GB
Skipping backtrack ...
Using 160 out of max 160 threads...
Elapsed time for scoring matrix computation: 0.797019
 Repeat=2
Problem size: Matrix[18464][18464]
Total memory footprint is:2 GB
Skipping backtrack ...
Using 160 out of max 160 threads...
Elapsed time for scoring matrix computation: 0.797126
 Repeat=3
Problem size: Matrix[18464][18464]
Total memory footprint is:2 GB
Skipping backtrack ...
Using 160 out of max 160 threads...
Elapsed time for scoring matrix computation: 0.797104
 Repeat=1
Problem size: Matrix[18976][18976]
Total memory footprint is:2 GB
Skipping backtrack ...
Using 160 out of max 160 threads...
Elapsed time for scoring matrix computation: 0.827921
 Repeat=2
Problem size: Matrix[18976][18976]
Total memory footprint is:2 GB
Skipping backtrack ...
Using 160 out of max 160 threads...
Elapsed time for scoring matrix computation: 0.823948
 Repeat=3
Problem size: Matrix[18976][18976]
Total memory footprint is:2 GB
Skipping backtrack ...
Using 160 out of max 160 threads...
Elapsed time for scoring matrix computation: 0.823272
 Repeat=1
Problem size: Matrix[19488][19488]
Total memory footprint is:2 GB
Skipping backtrack ...
Using 160 out of max 160 threads...
Elapsed time for scoring matrix computation: 0.853370
 Repeat=2
Problem size: Matrix[19488][19488]
Total memory footprint is:2 GB
Skipping backtrack ...
Using 160 out of max 160 threads...
Elapsed time for scoring matrix computation: 0.850714
 Repeat=3
Problem size: Matrix[19488][19488]
Total memory footprint is:2 GB
Skipping backtrack ...
Using 160 out of max 160 threads...
Elapsed time for scoring matrix computation: 0.852384
 Repeat=1
Problem size: Matrix[20000][20000]
Total memory footprint is:2 GB
Skipping backtrack ...
Using 160 out of max 160 threads...
Elapsed time for scoring matrix computation: 0.881235
 Repeat=2
Problem size: Matrix[20000][20000]
Total memory footprint is:2 GB
Skipping backtrack ...
Using 160 out of max 160 threads...
Elapsed time for scoring matrix computation: 0.883838
 Repeat=3
Problem size: Matrix[20000][20000]
Total memory footprint is:2 GB
Skipping backtrack ...
Using 160 out of max 160 threads...
Elapsed time for scoring matrix computation: 0.879314
 Repeat=1
Problem size: Matrix[20512][20512]
Total memory footprint is:3 GB
Skipping backtrack ...
Using 160 out of max 160 threads...
Elapsed time for scoring matrix computation: 0.911073
 Repeat=2
Problem size: Matrix[20512][20512]
Total memory footprint is:3 GB
Skipping backtrack ...
Using 160 out of max 160 threads...
Elapsed time for scoring matrix computation: 0.910021
 Repeat=3
Problem size: Matrix[20512][20512]
Total memory footprint is:3 GB
Skipping backtrack ...
Using 160 out of max 160 threads...
Elapsed time for scoring matrix computation: 0.920904
 Repeat=1
Problem size: Matrix[21024][21024]
Total memory footprint is:3 GB
Skipping backtrack ...
Using 160 out of max 160 threads...
Elapsed time for scoring matrix computation: 0.938807
 Repeat=2
Problem size: Matrix[21024][21024]
Total memory footprint is:3 GB
Skipping backtrack ...
Using 160 out of max 160 threads...
Elapsed time for scoring matrix computation: 0.940663
 Repeat=3
Problem size: Matrix[21024][21024]
Total memory footprint is:3 GB
Skipping backtrack ...
Using 160 out of max 160 threads...
Elapsed time for scoring matrix computation: 0.938496
 Repeat=1
Problem size: Matrix[21536][21536]
Total memory footprint is:3 GB
Skipping backtrack ...
Using 160 out of max 160 threads...
Elapsed time for scoring matrix computation: 0.972469
 Repeat=2
Problem size: Matrix[21536][21536]
Total memory footprint is:3 GB
Skipping backtrack ...
Using 160 out of max 160 threads...
Elapsed time for scoring matrix computation: 0.968436
 Repeat=3
Problem size: Matrix[21536][21536]
Total memory footprint is:3 GB
Skipping backtrack ...
Using 160 out of max 160 threads...
Elapsed time for scoring matrix computation: 0.966290
 Repeat=1
Problem size: Matrix[22048][22048]
Total memory footprint is:3 GB
Skipping backtrack ...
Using 160 out of max 160 threads...
Elapsed time for scoring matrix computation: 0.998021
 Repeat=2
Problem size: Matrix[22048][22048]
Total memory footprint is:3 GB
Skipping backtrack ...
Using 160 out of max 160 threads...
Elapsed time for scoring matrix computation: 1.002587
 Repeat=3
Problem size: Matrix[22048][22048]
Total memory footprint is:3 GB
Skipping backtrack ...
Using 160 out of max 160 threads...
Elapsed time for scoring matrix computation: 1.005084
 Repeat=1
Problem size: Matrix[22560][22560]
Total memory footprint is:3 GB
Skipping backtrack ...
Using 160 out of max 160 threads...
Elapsed time for scoring matrix computation: 1.062556
 Repeat=2
Problem size: Matrix[22560][22560]
Total memory footprint is:3 GB
Skipping backtrack ...
Using 160 out of max 160 threads...
Elapsed time for scoring matrix computation: 1.061264
 Repeat=3
Problem size: Matrix[22560][22560]
Total memory footprint is:3 GB
Skipping backtrack ...
Using 160 out of max 160 threads...
Elapsed time for scoring matrix computation: 1.063221
 Repeat=1
Problem size: Matrix[23072][23072]
Total memory footprint is:3 GB
Skipping backtrack ...
Using 160 out of max 160 threads...
Elapsed time for scoring matrix computation: 1.062276
 Repeat=2
Problem size: Matrix[23072][23072]
Total memory footprint is:3 GB
Skipping backtrack ...
Using 160 out of max 160 threads...
Elapsed time for scoring matrix computation: 1.093277
 Repeat=3
Problem size: Matrix[23072][23072]
Total memory footprint is:3 GB
Skipping backtrack ...
Using 160 out of max 160 threads...
Elapsed time for scoring matrix computation: 1.092340
 Repeat=1
Problem size: Matrix[23584][23584]
Total memory footprint is:4 GB
Skipping backtrack ...
Using 160 out of max 160 threads...
Elapsed time for scoring matrix computation: 1.089475
 Repeat=2
Problem size: Matrix[23584][23584]
Total memory footprint is:4 GB
Skipping backtrack ...
Using 160 out of max 160 threads...
Elapsed time for scoring matrix computation: 1.087877
 Repeat=3
Problem size: Matrix[23584][23584]
Total memory footprint is:4 GB
Skipping backtrack ...
Using 160 out of max 160 threads...
Elapsed time for scoring matrix computation: 1.090556
 Repeat=1
Problem size: Matrix[24096][24096]
Total memory footprint is:4 GB
Skipping backtrack ...
Using 160 out of max 160 threads...
Elapsed time for scoring matrix computation: 1.120825
 Repeat=2
Problem size: Matrix[24096][24096]
Total memory footprint is:4 GB
Skipping backtrack ...
Using 160 out of max 160 threads...
Elapsed time for scoring matrix computation: 1.119637
 Repeat=3
Problem size: Matrix[24096][24096]
Total memory footprint is:4 GB
Skipping backtrack ...
Using 160 out of max 160 threads...
Elapsed time for scoring matrix computation: 1.121420
 Repeat=1
Problem size: Matrix[24608][24608]
Total memory footprint is:4 GB
Skipping backtrack ...
Using 160 out of max 160 threads...
Elapsed time for scoring matrix computation: 1.158347
 Repeat=2
Problem size: Matrix[24608][24608]
Total memory footprint is:4 GB
Skipping backtrack ...
Using 160 out of max 160 threads...
Elapsed time for scoring matrix computation: 1.161154
 Repeat=3
Problem size: Matrix[24608][24608]
Total memory footprint is:4 GB
Skipping backtrack ...
Using 160 out of max 160 threads...
Elapsed time for scoring matrix computation: 1.154490
 Repeat=1
Problem size: Matrix[25120][25120]
Total memory footprint is:4 GB
Skipping backtrack ...
Using 160 out of max 160 threads...
Elapsed time for scoring matrix computation: 1.190572
 Repeat=2
Problem size: Matrix[25120][25120]
Total memory footprint is:4 GB
Skipping backtrack ...
Using 160 out of max 160 threads...
Elapsed time for scoring matrix computation: 1.225411
 Repeat=3
Problem size: Matrix[25120][25120]
Total memory footprint is:4 GB
Skipping backtrack ...
Using 160 out of max 160 threads...
Elapsed time for scoring matrix computation: 1.221928
 Repeat=1
Problem size: Matrix[25632][25632]
Total memory footprint is:4 GB
Skipping backtrack ...
Using 160 out of max 160 threads...
Elapsed time for scoring matrix computation: 1.233898
 Repeat=2
Problem size: Matrix[25632][25632]
Total memory footprint is:4 GB
Skipping backtrack ...
Using 160 out of max 160 threads...
Elapsed time for scoring matrix computation: 1.221582
 Repeat=3
Problem size: Matrix[25632][25632]
Total memory footprint is:4 GB
Skipping backtrack ...
Using 160 out of max 160 threads...
Elapsed time for scoring matrix computation: 1.223171
