+ EXE_FILE=omp_smithW-v6.2-target-inlined.out
++ date +%Y%m%d_%H%M%S
+ TIMESTAMP=20210521_180423
++ uname -n
+ NODE_NAME=lassen17
++ uname -m
+ HARDWAREE_NAME=ppc64le
+ rm omp_smithW-v6.2-target-inlined.out
+ make ./omp_smithW-v6.2-target-inlined.out
/g/g17/liao6/workspace-wsa/opt/llvm-master-offload/bin/clang++ -O3 -g -std=c++11 -DSKIP_BACKTRACK=1 -fopenmp -fopenmp-targets=nvptx64-nvidia-cuda -L/g/g17/liao6/workspace-wsa/parco-ldrd/apollo/install-lassen/lib -Wl,--rpath,/g/g17/liao6/workspace-wsa/opt/llvm-master-offload/lib	 -o omp_smithW-v6.2-target-inlined.out omp_smithW-v6.2-target-inlined.c
clang-12: warning: treating 'c' input as 'c++' when in C++ mode, this behavior is deprecated [-Wdeprecated]
+ export OMP_NUM_THREADS=44
+ OMP_NUM_THREADS=44
+ counter=
+ for N_SIZE in '{32..26000..512}'
+ let 'counter += 1'
+ echo 'running count=1, problem M=32 N=32'
running count=1, problem M=32 N=32
+ for repeat in 1 2 3
+ echo ' Repeat=1'
 Repeat=1
+ ./omp_smithW-v6.2-target-inlined.out 32 32
Problem size: Matrix[32][32], FACTOR=128 CUTOFF=1024
Total memory footprint is:0 MB
Using 44 out of max 44 threads...
The number of target devices =4
### Able to use the GPU! ### 

Elapsed time for scoring matrix computation: 0.001712
+ for repeat in 1 2 3
+ echo ' Repeat=2'
 Repeat=2
+ ./omp_smithW-v6.2-target-inlined.out 32 32
Problem size: Matrix[32][32], FACTOR=128 CUTOFF=1024
Total memory footprint is:0 MB
Using 44 out of max 44 threads...
The number of target devices =4
### Able to use the GPU! ### 

Elapsed time for scoring matrix computation: 0.001124
+ for repeat in 1 2 3
+ echo ' Repeat=3'
 Repeat=3
+ ./omp_smithW-v6.2-target-inlined.out 32 32
Problem size: Matrix[32][32], FACTOR=128 CUTOFF=1024
Total memory footprint is:0 MB
Using 44 out of max 44 threads...
The number of target devices =4
### Able to use the GPU! ### 

Elapsed time for scoring matrix computation: 0.001413
+ for N_SIZE in '{32..26000..512}'
+ let 'counter += 1'
+ echo 'running count=2, problem M=544 N=544'
running count=2, problem M=544 N=544
+ for repeat in 1 2 3
+ echo ' Repeat=1'
 Repeat=1
+ ./omp_smithW-v6.2-target-inlined.out 544 544
Problem size: Matrix[544][544], FACTOR=128 CUTOFF=1024
Total memory footprint is:2 MB
Using 44 out of max 44 threads...
The number of target devices =4
### Able to use the GPU! ### 

Elapsed time for scoring matrix computation: 0.006636
+ for repeat in 1 2 3
+ echo ' Repeat=2'
 Repeat=2
+ ./omp_smithW-v6.2-target-inlined.out 544 544
Problem size: Matrix[544][544], FACTOR=128 CUTOFF=1024
Total memory footprint is:2 MB
Using 44 out of max 44 threads...
The number of target devices =4
### Able to use the GPU! ### 

Elapsed time for scoring matrix computation: 0.006639
+ for repeat in 1 2 3
+ echo ' Repeat=3'
 Repeat=3
+ ./omp_smithW-v6.2-target-inlined.out 544 544
Problem size: Matrix[544][544], FACTOR=128 CUTOFF=1024
Total memory footprint is:2 MB
Using 44 out of max 44 threads...
The number of target devices =4
### Able to use the GPU! ### 

Elapsed time for scoring matrix computation: 0.007887
+ for N_SIZE in '{32..26000..512}'
+ let 'counter += 1'
+ echo 'running count=3, problem M=1056 N=1056'
running count=3, problem M=1056 N=1056
+ for repeat in 1 2 3
+ echo ' Repeat=1'
 Repeat=1
+ ./omp_smithW-v6.2-target-inlined.out 1056 1056
Problem size: Matrix[1056][1056], FACTOR=128 CUTOFF=1024
Total memory footprint is:8 MB
Using 44 out of max 44 threads...
The number of target devices =4
### Able to use the GPU! ### 

Elapsed time for scoring matrix computation: 0.015884
+ for repeat in 1 2 3
+ echo ' Repeat=2'
 Repeat=2
+ ./omp_smithW-v6.2-target-inlined.out 1056 1056
Problem size: Matrix[1056][1056], FACTOR=128 CUTOFF=1024
Total memory footprint is:8 MB
Using 44 out of max 44 threads...
The number of target devices =4
### Able to use the GPU! ### 

Elapsed time for scoring matrix computation: 0.015958
+ for repeat in 1 2 3
+ echo ' Repeat=3'
 Repeat=3
+ ./omp_smithW-v6.2-target-inlined.out 1056 1056
Problem size: Matrix[1056][1056], FACTOR=128 CUTOFF=1024
Total memory footprint is:8 MB
Using 44 out of max 44 threads...
The number of target devices =4
### Able to use the GPU! ### 

Elapsed time for scoring matrix computation: 0.015916
+ for N_SIZE in '{32..26000..512}'
+ let 'counter += 1'
+ echo 'running count=4, problem M=1568 N=1568'
running count=4, problem M=1568 N=1568
+ for repeat in 1 2 3
+ echo ' Repeat=1'
 Repeat=1
+ ./omp_smithW-v6.2-target-inlined.out 1568 1568
Problem size: Matrix[1568][1568], FACTOR=128 CUTOFF=1024
Total memory footprint is:18 MB
Using 44 out of max 44 threads...
The number of target devices =4
### Able to use the GPU! ### 

Elapsed time for scoring matrix computation: 0.030386
+ for repeat in 1 2 3
+ echo ' Repeat=2'
 Repeat=2
+ ./omp_smithW-v6.2-target-inlined.out 1568 1568
Problem size: Matrix[1568][1568], FACTOR=128 CUTOFF=1024
Total memory footprint is:18 MB
Using 44 out of max 44 threads...
The number of target devices =4
### Able to use the GPU! ### 

Elapsed time for scoring matrix computation: 0.028319
+ for repeat in 1 2 3
+ echo ' Repeat=3'
 Repeat=3
+ ./omp_smithW-v6.2-target-inlined.out 1568 1568
Problem size: Matrix[1568][1568], FACTOR=128 CUTOFF=1024
Total memory footprint is:18 MB
Using 44 out of max 44 threads...
The number of target devices =4
### Able to use the GPU! ### 

Elapsed time for scoring matrix computation: 0.027464
+ for N_SIZE in '{32..26000..512}'
+ let 'counter += 1'
+ echo 'running count=5, problem M=2080 N=2080'
running count=5, problem M=2080 N=2080
+ for repeat in 1 2 3
+ echo ' Repeat=1'
 Repeat=1
+ ./omp_smithW-v6.2-target-inlined.out 2080 2080
Problem size: Matrix[2080][2080], FACTOR=128 CUTOFF=1024
Total memory footprint is:33 MB
Using 44 out of max 44 threads...
The number of target devices =4
### Able to use the GPU! ### 

Elapsed time for scoring matrix computation: 0.041999
+ for repeat in 1 2 3
+ echo ' Repeat=2'
 Repeat=2
+ ./omp_smithW-v6.2-target-inlined.out 2080 2080
Problem size: Matrix[2080][2080], FACTOR=128 CUTOFF=1024
Total memory footprint is:33 MB
Using 44 out of max 44 threads...
The number of target devices =4
### Able to use the GPU! ### 

Elapsed time for scoring matrix computation: 0.045398
+ for repeat in 1 2 3
+ echo ' Repeat=3'
 Repeat=3
+ ./omp_smithW-v6.2-target-inlined.out 2080 2080
Problem size: Matrix[2080][2080], FACTOR=128 CUTOFF=1024
Total memory footprint is:33 MB
Using 44 out of max 44 threads...
The number of target devices =4
### Able to use the GPU! ### 

Elapsed time for scoring matrix computation: 0.046672
+ for N_SIZE in '{32..26000..512}'
+ let 'counter += 1'
+ echo 'running count=6, problem M=2592 N=2592'
running count=6, problem M=2592 N=2592
+ for repeat in 1 2 3
+ echo ' Repeat=1'
 Repeat=1
+ ./omp_smithW-v6.2-target-inlined.out 2592 2592
Problem size: Matrix[2592][2592], FACTOR=128 CUTOFF=1024
Total memory footprint is:51 MB
Using 44 out of max 44 threads...
The number of target devices =4
### Able to use the GPU! ### 

Elapsed time for scoring matrix computation: 0.069010
+ for repeat in 1 2 3
+ echo ' Repeat=2'
 Repeat=2
+ ./omp_smithW-v6.2-target-inlined.out 2592 2592
Problem size: Matrix[2592][2592], FACTOR=128 CUTOFF=1024
Total memory footprint is:51 MB
Using 44 out of max 44 threads...
The number of target devices =4
### Able to use the GPU! ### 

Elapsed time for scoring matrix computation: 0.060214
+ for repeat in 1 2 3
+ echo ' Repeat=3'
 Repeat=3
+ ./omp_smithW-v6.2-target-inlined.out 2592 2592
Problem size: Matrix[2592][2592], FACTOR=128 CUTOFF=1024
Total memory footprint is:51 MB
Using 44 out of max 44 threads...
The number of target devices =4
### Able to use the GPU! ### 

Elapsed time for scoring matrix computation: 0.059884
+ for N_SIZE in '{32..26000..512}'
+ let 'counter += 1'
+ echo 'running count=7, problem M=3104 N=3104'
running count=7, problem M=3104 N=3104
+ for repeat in 1 2 3
+ echo ' Repeat=1'
 Repeat=1
+ ./omp_smithW-v6.2-target-inlined.out 3104 3104
Problem size: Matrix[3104][3104], FACTOR=128 CUTOFF=1024
Total memory footprint is:73 MB
Using 44 out of max 44 threads...
The number of target devices =4
### Able to use the GPU! ### 

Elapsed time for scoring matrix computation: 0.082452
+ for repeat in 1 2 3
+ echo ' Repeat=2'
 Repeat=2
+ ./omp_smithW-v6.2-target-inlined.out 3104 3104
Problem size: Matrix[3104][3104], FACTOR=128 CUTOFF=1024
Total memory footprint is:73 MB
Using 44 out of max 44 threads...
The number of target devices =4
### Able to use the GPU! ### 

Elapsed time for scoring matrix computation: 0.084615
+ for repeat in 1 2 3
+ echo ' Repeat=3'
 Repeat=3
+ ./omp_smithW-v6.2-target-inlined.out 3104 3104
Problem size: Matrix[3104][3104], FACTOR=128 CUTOFF=1024
Total memory footprint is:73 MB
Using 44 out of max 44 threads...
The number of target devices =4
### Able to use the GPU! ### 

Elapsed time for scoring matrix computation: 0.083521
+ for N_SIZE in '{32..26000..512}'
+ let 'counter += 1'
+ echo 'running count=8, problem M=3616 N=3616'
running count=8, problem M=3616 N=3616
+ for repeat in 1 2 3
+ echo ' Repeat=1'
 Repeat=1
+ ./omp_smithW-v6.2-target-inlined.out 3616 3616
Problem size: Matrix[3616][3616], FACTOR=128 CUTOFF=1024
Total memory footprint is:99 MB
Using 44 out of max 44 threads...
The number of target devices =4
### Able to use the GPU! ### 

Elapsed time for scoring matrix computation: 0.115293
+ for repeat in 1 2 3
+ echo ' Repeat=2'
 Repeat=2
+ ./omp_smithW-v6.2-target-inlined.out 3616 3616
Problem size: Matrix[3616][3616], FACTOR=128 CUTOFF=1024
Total memory footprint is:99 MB
Using 44 out of max 44 threads...
The number of target devices =4
### Able to use the GPU! ### 

Elapsed time for scoring matrix computation: 0.106789
+ for repeat in 1 2 3
+ echo ' Repeat=3'
 Repeat=3
+ ./omp_smithW-v6.2-target-inlined.out 3616 3616
Problem size: Matrix[3616][3616], FACTOR=128 CUTOFF=1024
Total memory footprint is:99 MB
Using 44 out of max 44 threads...
The number of target devices =4
### Able to use the GPU! ### 

Elapsed time for scoring matrix computation: 0.108804
+ for N_SIZE in '{32..26000..512}'
+ let 'counter += 1'
+ echo 'running count=9, problem M=4128 N=4128'
running count=9, problem M=4128 N=4128
+ for repeat in 1 2 3
+ echo ' Repeat=1'
 Repeat=1
+ ./omp_smithW-v6.2-target-inlined.out 4128 4128
Problem size: Matrix[4128][4128], FACTOR=128 CUTOFF=1024
Total memory footprint is:130 MB
Using 44 out of max 44 threads...
The number of target devices =4
### Able to use the GPU! ### 

Elapsed time for scoring matrix computation: 0.151130
+ for repeat in 1 2 3
+ echo ' Repeat=2'
 Repeat=2
+ ./omp_smithW-v6.2-target-inlined.out 4128 4128
Problem size: Matrix[4128][4128], FACTOR=128 CUTOFF=1024
Total memory footprint is:130 MB
Using 44 out of max 44 threads...
The number of target devices =4
### Able to use the GPU! ### 

Elapsed time for scoring matrix computation: 0.149307
+ for repeat in 1 2 3
+ echo ' Repeat=3'
 Repeat=3
+ ./omp_smithW-v6.2-target-inlined.out 4128 4128
Problem size: Matrix[4128][4128], FACTOR=128 CUTOFF=1024
Total memory footprint is:130 MB
Using 44 out of max 44 threads...
The number of target devices =4
### Able to use the GPU! ### 

Elapsed time for scoring matrix computation: 0.145683
+ for N_SIZE in '{32..26000..512}'
+ let 'counter += 1'
+ echo 'running count=10, problem M=4640 N=4640'
running count=10, problem M=4640 N=4640
+ for repeat in 1 2 3
+ echo ' Repeat=1'
 Repeat=1
+ ./omp_smithW-v6.2-target-inlined.out 4640 4640
Problem size: Matrix[4640][4640], FACTOR=128 CUTOFF=1024
Total memory footprint is:164 MB
Using 44 out of max 44 threads...
The number of target devices =4
### Able to use the GPU! ### 

Elapsed time for scoring matrix computation: 0.186061
+ for repeat in 1 2 3
+ echo ' Repeat=2'
 Repeat=2
+ ./omp_smithW-v6.2-target-inlined.out 4640 4640
Problem size: Matrix[4640][4640], FACTOR=128 CUTOFF=1024
Total memory footprint is:164 MB
Using 44 out of max 44 threads...
The number of target devices =4
### Able to use the GPU! ### 

Elapsed time for scoring matrix computation: 0.181953
+ for repeat in 1 2 3
+ echo ' Repeat=3'
 Repeat=3
+ ./omp_smithW-v6.2-target-inlined.out 4640 4640
Problem size: Matrix[4640][4640], FACTOR=128 CUTOFF=1024
Total memory footprint is:164 MB
Using 44 out of max 44 threads...
The number of target devices =4
### Able to use the GPU! ### 

Elapsed time for scoring matrix computation: 0.171960
+ for N_SIZE in '{32..26000..512}'
+ let 'counter += 1'
+ echo 'running count=11, problem M=5152 N=5152'
running count=11, problem M=5152 N=5152
+ for repeat in 1 2 3
+ echo ' Repeat=1'
 Repeat=1
+ ./omp_smithW-v6.2-target-inlined.out 5152 5152
Problem size: Matrix[5152][5152], FACTOR=128 CUTOFF=1024
Total memory footprint is:202 MB
Using 44 out of max 44 threads...
The number of target devices =4
### Able to use the GPU! ### 

Elapsed time for scoring matrix computation: 0.218131
+ for repeat in 1 2 3
+ echo ' Repeat=2'
 Repeat=2
+ ./omp_smithW-v6.2-target-inlined.out 5152 5152
Problem size: Matrix[5152][5152], FACTOR=128 CUTOFF=1024
Total memory footprint is:202 MB
Using 44 out of max 44 threads...
The number of target devices =4
### Able to use the GPU! ### 

Elapsed time for scoring matrix computation: 0.216841
+ for repeat in 1 2 3
+ echo ' Repeat=3'
 Repeat=3
+ ./omp_smithW-v6.2-target-inlined.out 5152 5152
Problem size: Matrix[5152][5152], FACTOR=128 CUTOFF=1024
Total memory footprint is:202 MB
Using 44 out of max 44 threads...
The number of target devices =4
### Able to use the GPU! ### 

Elapsed time for scoring matrix computation: 0.193232
+ for N_SIZE in '{32..26000..512}'
+ let 'counter += 1'
+ echo 'running count=12, problem M=5664 N=5664'
running count=12, problem M=5664 N=5664
+ for repeat in 1 2 3
+ echo ' Repeat=1'
 Repeat=1
+ ./omp_smithW-v6.2-target-inlined.out 5664 5664
Problem size: Matrix[5664][5664], FACTOR=128 CUTOFF=1024
Total memory footprint is:244 MB
Using 44 out of max 44 threads...
The number of target devices =4
### Able to use the GPU! ### 

Elapsed time for scoring matrix computation: 0.257944
+ for repeat in 1 2 3
+ echo ' Repeat=2'
 Repeat=2
+ ./omp_smithW-v6.2-target-inlined.out 5664 5664
Problem size: Matrix[5664][5664], FACTOR=128 CUTOFF=1024
Total memory footprint is:244 MB
Using 44 out of max 44 threads...
The number of target devices =4
### Able to use the GPU! ### 

Elapsed time for scoring matrix computation: 0.253824
+ for repeat in 1 2 3
+ echo ' Repeat=3'
 Repeat=3
+ ./omp_smithW-v6.2-target-inlined.out 5664 5664
Problem size: Matrix[5664][5664], FACTOR=128 CUTOFF=1024
Total memory footprint is:244 MB
Using 44 out of max 44 threads...
The number of target devices =4
### Able to use the GPU! ### 

Elapsed time for scoring matrix computation: 0.237054
+ for N_SIZE in '{32..26000..512}'
+ let 'counter += 1'
+ echo 'running count=13, problem M=6176 N=6176'
running count=13, problem M=6176 N=6176
+ for repeat in 1 2 3
+ echo ' Repeat=1'
 Repeat=1
+ ./omp_smithW-v6.2-target-inlined.out 6176 6176
Problem size: Matrix[6176][6176], FACTOR=128 CUTOFF=1024
Total memory footprint is:291 MB
Using 44 out of max 44 threads...
The number of target devices =4
### Able to use the GPU! ### 

Elapsed time for scoring matrix computation: 0.276624
+ for repeat in 1 2 3
+ echo ' Repeat=2'
 Repeat=2
+ ./omp_smithW-v6.2-target-inlined.out 6176 6176
Problem size: Matrix[6176][6176], FACTOR=128 CUTOFF=1024
Total memory footprint is:291 MB
Using 44 out of max 44 threads...
The number of target devices =4
### Able to use the GPU! ### 

Elapsed time for scoring matrix computation: 0.302614
+ for repeat in 1 2 3
+ echo ' Repeat=3'
 Repeat=3
+ ./omp_smithW-v6.2-target-inlined.out 6176 6176
Problem size: Matrix[6176][6176], FACTOR=128 CUTOFF=1024
Total memory footprint is:291 MB
Using 44 out of max 44 threads...
The number of target devices =4
### Able to use the GPU! ### 

Elapsed time for scoring matrix computation: 0.294125
+ for N_SIZE in '{32..26000..512}'
+ let 'counter += 1'
+ echo 'running count=14, problem M=6688 N=6688'
running count=14, problem M=6688 N=6688
+ for repeat in 1 2 3
+ echo ' Repeat=1'
 Repeat=1
+ ./omp_smithW-v6.2-target-inlined.out 6688 6688
Problem size: Matrix[6688][6688], FACTOR=128 CUTOFF=1024
Total memory footprint is:341 MB
Using 44 out of max 44 threads...
The number of target devices =4
### Able to use the GPU! ### 

Elapsed time for scoring matrix computation: 0.359170
+ for repeat in 1 2 3
+ echo ' Repeat=2'
 Repeat=2
+ ./omp_smithW-v6.2-target-inlined.out 6688 6688
Problem size: Matrix[6688][6688], FACTOR=128 CUTOFF=1024
Total memory footprint is:341 MB
Using 44 out of max 44 threads...
The number of target devices =4
### Able to use the GPU! ### 

Elapsed time for scoring matrix computation: 0.335664
+ for repeat in 1 2 3
+ echo ' Repeat=3'
 Repeat=3
+ ./omp_smithW-v6.2-target-inlined.out 6688 6688
Problem size: Matrix[6688][6688], FACTOR=128 CUTOFF=1024
Total memory footprint is:341 MB
Using 44 out of max 44 threads...
The number of target devices =4
### Able to use the GPU! ### 

Elapsed time for scoring matrix computation: 0.338280
+ for N_SIZE in '{32..26000..512}'
+ let 'counter += 1'
+ echo 'running count=15, problem M=7200 N=7200'
running count=15, problem M=7200 N=7200
+ for repeat in 1 2 3
+ echo ' Repeat=1'
 Repeat=1
+ ./omp_smithW-v6.2-target-inlined.out 7200 7200
Problem size: Matrix[7200][7200], FACTOR=128 CUTOFF=1024
Total memory footprint is:395 MB
Using 44 out of max 44 threads...
The number of target devices =4
### Able to use the GPU! ### 

Elapsed time for scoring matrix computation: 0.363782
+ for repeat in 1 2 3
+ echo ' Repeat=2'
 Repeat=2
+ ./omp_smithW-v6.2-target-inlined.out 7200 7200
Problem size: Matrix[7200][7200], FACTOR=128 CUTOFF=1024
Total memory footprint is:395 MB
Using 44 out of max 44 threads...
The number of target devices =4
### Able to use the GPU! ### 

Elapsed time for scoring matrix computation: 0.417816
+ for repeat in 1 2 3
+ echo ' Repeat=3'
 Repeat=3
+ ./omp_smithW-v6.2-target-inlined.out 7200 7200
Problem size: Matrix[7200][7200], FACTOR=128 CUTOFF=1024
Total memory footprint is:395 MB
Using 44 out of max 44 threads...
The number of target devices =4
### Able to use the GPU! ### 

Elapsed time for scoring matrix computation: 0.409076
+ for N_SIZE in '{32..26000..512}'
+ let 'counter += 1'
+ echo 'running count=16, problem M=7712 N=7712'
running count=16, problem M=7712 N=7712
+ for repeat in 1 2 3
+ echo ' Repeat=1'
 Repeat=1
+ ./omp_smithW-v6.2-target-inlined.out 7712 7712
Problem size: Matrix[7712][7712], FACTOR=128 CUTOFF=1024
Total memory footprint is:453 MB
Using 44 out of max 44 threads...
The number of target devices =4
### Able to use the GPU! ### 

Elapsed time for scoring matrix computation: 0.435186
+ for repeat in 1 2 3
+ echo ' Repeat=2'
 Repeat=2
+ ./omp_smithW-v6.2-target-inlined.out 7712 7712
Problem size: Matrix[7712][7712], FACTOR=128 CUTOFF=1024
Total memory footprint is:453 MB
Using 44 out of max 44 threads...
The number of target devices =4
### Able to use the GPU! ### 

Elapsed time for scoring matrix computation: 0.445950
+ for repeat in 1 2 3
+ echo ' Repeat=3'
 Repeat=3
+ ./omp_smithW-v6.2-target-inlined.out 7712 7712
Problem size: Matrix[7712][7712], FACTOR=128 CUTOFF=1024
Total memory footprint is:453 MB
Using 44 out of max 44 threads...
The number of target devices =4
### Able to use the GPU! ### 

Elapsed time for scoring matrix computation: 0.461121
+ for N_SIZE in '{32..26000..512}'
+ let 'counter += 1'
+ echo 'running count=17, problem M=8224 N=8224'
running count=17, problem M=8224 N=8224
+ for repeat in 1 2 3
+ echo ' Repeat=1'
 Repeat=1
+ ./omp_smithW-v6.2-target-inlined.out 8224 8224
Problem size: Matrix[8224][8224], FACTOR=128 CUTOFF=1024
Total memory footprint is:516 MB
Using 44 out of max 44 threads...
The number of target devices =4
### Able to use the GPU! ### 

Elapsed time for scoring matrix computation: 0.500141
+ for repeat in 1 2 3
+ echo ' Repeat=2'
 Repeat=2
+ ./omp_smithW-v6.2-target-inlined.out 8224 8224
Problem size: Matrix[8224][8224], FACTOR=128 CUTOFF=1024
Total memory footprint is:516 MB
Using 44 out of max 44 threads...
The number of target devices =4
### Able to use the GPU! ### 

Elapsed time for scoring matrix computation: 0.503040
+ for repeat in 1 2 3
+ echo ' Repeat=3'
 Repeat=3
+ ./omp_smithW-v6.2-target-inlined.out 8224 8224
Problem size: Matrix[8224][8224], FACTOR=128 CUTOFF=1024
Total memory footprint is:516 MB
Using 44 out of max 44 threads...
The number of target devices =4
### Able to use the GPU! ### 

Elapsed time for scoring matrix computation: 0.499299
+ for N_SIZE in '{32..26000..512}'
+ let 'counter += 1'
+ echo 'running count=18, problem M=8736 N=8736'
running count=18, problem M=8736 N=8736
+ for repeat in 1 2 3
+ echo ' Repeat=1'
 Repeat=1
+ ./omp_smithW-v6.2-target-inlined.out 8736 8736
Problem size: Matrix[8736][8736], FACTOR=128 CUTOFF=1024
Total memory footprint is:582 MB
Using 44 out of max 44 threads...
The number of target devices =4
### Able to use the GPU! ### 

Elapsed time for scoring matrix computation: 0.533691
+ for repeat in 1 2 3
+ echo ' Repeat=2'
 Repeat=2
+ ./omp_smithW-v6.2-target-inlined.out 8736 8736
Problem size: Matrix[8736][8736], FACTOR=128 CUTOFF=1024
Total memory footprint is:582 MB
Using 44 out of max 44 threads...
The number of target devices =4
### Able to use the GPU! ### 

Elapsed time for scoring matrix computation: 0.517694
+ for repeat in 1 2 3
+ echo ' Repeat=3'
 Repeat=3
+ ./omp_smithW-v6.2-target-inlined.out 8736 8736
Problem size: Matrix[8736][8736], FACTOR=128 CUTOFF=1024
Total memory footprint is:582 MB
Using 44 out of max 44 threads...
The number of target devices =4
### Able to use the GPU! ### 

Elapsed time for scoring matrix computation: 0.580707
+ for N_SIZE in '{32..26000..512}'
+ let 'counter += 1'
+ echo 'running count=19, problem M=9248 N=9248'
running count=19, problem M=9248 N=9248
+ for repeat in 1 2 3
+ echo ' Repeat=1'
 Repeat=1
+ ./omp_smithW-v6.2-target-inlined.out 9248 9248
Problem size: Matrix[9248][9248], FACTOR=128 CUTOFF=1024
Total memory footprint is:652 MB
Using 44 out of max 44 threads...
The number of target devices =4
### Able to use the GPU! ### 

Elapsed time for scoring matrix computation: 0.593603
+ for repeat in 1 2 3
+ echo ' Repeat=2'
 Repeat=2
+ ./omp_smithW-v6.2-target-inlined.out 9248 9248
Problem size: Matrix[9248][9248], FACTOR=128 CUTOFF=1024
Total memory footprint is:652 MB
Using 44 out of max 44 threads...
The number of target devices =4
### Able to use the GPU! ### 

Elapsed time for scoring matrix computation: 0.623291
+ for repeat in 1 2 3
+ echo ' Repeat=3'
 Repeat=3
+ ./omp_smithW-v6.2-target-inlined.out 9248 9248
Problem size: Matrix[9248][9248], FACTOR=128 CUTOFF=1024
Total memory footprint is:652 MB
Using 44 out of max 44 threads...
The number of target devices =4
### Able to use the GPU! ### 

Elapsed time for scoring matrix computation: 0.635616
+ for N_SIZE in '{32..26000..512}'
+ let 'counter += 1'
+ echo 'running count=20, problem M=9760 N=9760'
running count=20, problem M=9760 N=9760
+ for repeat in 1 2 3
+ echo ' Repeat=1'
 Repeat=1
+ ./omp_smithW-v6.2-target-inlined.out 9760 9760
Problem size: Matrix[9760][9760], FACTOR=128 CUTOFF=1024
Total memory footprint is:726 MB
Using 44 out of max 44 threads...
The number of target devices =4
### Able to use the GPU! ### 

Elapsed time for scoring matrix computation: 0.682098
+ for repeat in 1 2 3
+ echo ' Repeat=2'
 Repeat=2
+ ./omp_smithW-v6.2-target-inlined.out 9760 9760
Problem size: Matrix[9760][9760], FACTOR=128 CUTOFF=1024
Total memory footprint is:726 MB
Using 44 out of max 44 threads...
The number of target devices =4
### Able to use the GPU! ### 

Elapsed time for scoring matrix computation: 0.698437
+ for repeat in 1 2 3
+ echo ' Repeat=3'
 Repeat=3
+ ./omp_smithW-v6.2-target-inlined.out 9760 9760
Problem size: Matrix[9760][9760], FACTOR=128 CUTOFF=1024
Total memory footprint is:726 MB
Using 44 out of max 44 threads...
The number of target devices =4
### Able to use the GPU! ### 

Elapsed time for scoring matrix computation: 0.692303
+ for N_SIZE in '{32..26000..512}'
+ let 'counter += 1'
+ echo 'running count=21, problem M=10272 N=10272'
running count=21, problem M=10272 N=10272
+ for repeat in 1 2 3
+ echo ' Repeat=1'
 Repeat=1
+ ./omp_smithW-v6.2-target-inlined.out 10272 10272
Problem size: Matrix[10272][10272], FACTOR=128 CUTOFF=1024
Total memory footprint is:805 MB
Using 44 out of max 44 threads...
The number of target devices =4
### Able to use the GPU! ### 

Elapsed time for scoring matrix computation: 0.758175
+ for repeat in 1 2 3
+ echo ' Repeat=2'
 Repeat=2
+ ./omp_smithW-v6.2-target-inlined.out 10272 10272
Problem size: Matrix[10272][10272], FACTOR=128 CUTOFF=1024
Total memory footprint is:805 MB
Using 44 out of max 44 threads...
The number of target devices =4
### Able to use the GPU! ### 

Elapsed time for scoring matrix computation: 0.752841
+ for repeat in 1 2 3
+ echo ' Repeat=3'
 Repeat=3
+ ./omp_smithW-v6.2-target-inlined.out 10272 10272
Problem size: Matrix[10272][10272], FACTOR=128 CUTOFF=1024
Total memory footprint is:805 MB
Using 44 out of max 44 threads...
The number of target devices =4
### Able to use the GPU! ### 

Elapsed time for scoring matrix computation: 0.705009
+ for N_SIZE in '{32..26000..512}'
+ let 'counter += 1'
+ echo 'running count=22, problem M=10784 N=10784'
running count=22, problem M=10784 N=10784
+ for repeat in 1 2 3
+ echo ' Repeat=1'
 Repeat=1
+ ./omp_smithW-v6.2-target-inlined.out 10784 10784
Problem size: Matrix[10784][10784], FACTOR=128 CUTOFF=1024
Total memory footprint is:887 MB
Using 44 out of max 44 threads...
The number of target devices =4
### Able to use the GPU! ### 

Elapsed time for scoring matrix computation: 0.854825
+ for repeat in 1 2 3
+ echo ' Repeat=2'
 Repeat=2
+ ./omp_smithW-v6.2-target-inlined.out 10784 10784
Problem size: Matrix[10784][10784], FACTOR=128 CUTOFF=1024
Total memory footprint is:887 MB
Using 44 out of max 44 threads...
The number of target devices =4
### Able to use the GPU! ### 

Elapsed time for scoring matrix computation: 0.768033
+ for repeat in 1 2 3
+ echo ' Repeat=3'
 Repeat=3
+ ./omp_smithW-v6.2-target-inlined.out 10784 10784
Problem size: Matrix[10784][10784], FACTOR=128 CUTOFF=1024
Total memory footprint is:887 MB
Using 44 out of max 44 threads...
The number of target devices =4
### Able to use the GPU! ### 

Elapsed time for scoring matrix computation: 0.821151
+ for N_SIZE in '{32..26000..512}'
+ let 'counter += 1'
+ echo 'running count=23, problem M=11296 N=11296'
running count=23, problem M=11296 N=11296
+ for repeat in 1 2 3
+ echo ' Repeat=1'
 Repeat=1
+ ./omp_smithW-v6.2-target-inlined.out 11296 11296
Problem size: Matrix[11296][11296], FACTOR=128 CUTOFF=1024
Total memory footprint is:973 MB
Using 44 out of max 44 threads...
The number of target devices =4
### Able to use the GPU! ### 

Elapsed time for scoring matrix computation: 0.903837
+ for repeat in 1 2 3
+ echo ' Repeat=2'
 Repeat=2
+ ./omp_smithW-v6.2-target-inlined.out 11296 11296
Problem size: Matrix[11296][11296], FACTOR=128 CUTOFF=1024
Total memory footprint is:973 MB
Using 44 out of max 44 threads...
The number of target devices =4
### Able to use the GPU! ### 

Elapsed time for scoring matrix computation: 0.883009
+ for repeat in 1 2 3
+ echo ' Repeat=3'
 Repeat=3
+ ./omp_smithW-v6.2-target-inlined.out 11296 11296
Problem size: Matrix[11296][11296], FACTOR=128 CUTOFF=1024
Total memory footprint is:973 MB
Using 44 out of max 44 threads...
The number of target devices =4
### Able to use the GPU! ### 

Elapsed time for scoring matrix computation: 0.928554
+ for N_SIZE in '{32..26000..512}'
+ let 'counter += 1'
+ echo 'running count=24, problem M=11808 N=11808'
running count=24, problem M=11808 N=11808
+ for repeat in 1 2 3
+ echo ' Repeat=1'
 Repeat=1
+ ./omp_smithW-v6.2-target-inlined.out 11808 11808
Problem size: Matrix[11808][11808], FACTOR=128 CUTOFF=1024
Total memory footprint is:1 GB
Using 44 out of max 44 threads...
The number of target devices =4
### Able to use the GPU! ### 

Elapsed time for scoring matrix computation: 0.971661
+ for repeat in 1 2 3
+ echo ' Repeat=2'
 Repeat=2
+ ./omp_smithW-v6.2-target-inlined.out 11808 11808
Problem size: Matrix[11808][11808], FACTOR=128 CUTOFF=1024
Total memory footprint is:1 GB
Using 44 out of max 44 threads...
The number of target devices =4
### Able to use the GPU! ### 

Elapsed time for scoring matrix computation: 0.979084
+ for repeat in 1 2 3
+ echo ' Repeat=3'
 Repeat=3
+ ./omp_smithW-v6.2-target-inlined.out 11808 11808
Problem size: Matrix[11808][11808], FACTOR=128 CUTOFF=1024
Total memory footprint is:1 GB
Using 44 out of max 44 threads...
The number of target devices =4
### Able to use the GPU! ### 

Elapsed time for scoring matrix computation: 1.056294
+ for N_SIZE in '{32..26000..512}'
+ let 'counter += 1'
+ echo 'running count=25, problem M=12320 N=12320'
running count=25, problem M=12320 N=12320
+ for repeat in 1 2 3
+ echo ' Repeat=1'
 Repeat=1
+ ./omp_smithW-v6.2-target-inlined.out 12320 12320
Problem size: Matrix[12320][12320], FACTOR=128 CUTOFF=1024
Total memory footprint is:1 GB
Using 44 out of max 44 threads...
The number of target devices =4
### Able to use the GPU! ### 

Elapsed time for scoring matrix computation: 1.020756
+ for repeat in 1 2 3
+ echo ' Repeat=2'
 Repeat=2
+ ./omp_smithW-v6.2-target-inlined.out 12320 12320
Problem size: Matrix[12320][12320], FACTOR=128 CUTOFF=1024
Total memory footprint is:1 GB
Using 44 out of max 44 threads...
The number of target devices =4
### Able to use the GPU! ### 

Elapsed time for scoring matrix computation: 1.092985
+ for repeat in 1 2 3
+ echo ' Repeat=3'
 Repeat=3
+ ./omp_smithW-v6.2-target-inlined.out 12320 12320
Problem size: Matrix[12320][12320], FACTOR=128 CUTOFF=1024
Total memory footprint is:1 GB
Using 44 out of max 44 threads...
The number of target devices =4
### Able to use the GPU! ### 

Elapsed time for scoring matrix computation: 1.059086
+ for N_SIZE in '{32..26000..512}'
+ let 'counter += 1'
+ echo 'running count=26, problem M=12832 N=12832'
running count=26, problem M=12832 N=12832
+ for repeat in 1 2 3
+ echo ' Repeat=1'
 Repeat=1
+ ./omp_smithW-v6.2-target-inlined.out 12832 12832
Problem size: Matrix[12832][12832], FACTOR=128 CUTOFF=1024
Total memory footprint is:1 GB
Using 44 out of max 44 threads...
The number of target devices =4
### Able to use the GPU! ### 

Elapsed time for scoring matrix computation: 1.130349
+ for repeat in 1 2 3
+ echo ' Repeat=2'
 Repeat=2
+ ./omp_smithW-v6.2-target-inlined.out 12832 12832
Problem size: Matrix[12832][12832], FACTOR=128 CUTOFF=1024
Total memory footprint is:1 GB
Using 44 out of max 44 threads...
The number of target devices =4
### Able to use the GPU! ### 

Elapsed time for scoring matrix computation: 1.112644
+ for repeat in 1 2 3
+ echo ' Repeat=3'
 Repeat=3
+ ./omp_smithW-v6.2-target-inlined.out 12832 12832
Problem size: Matrix[12832][12832], FACTOR=128 CUTOFF=1024
Total memory footprint is:1 GB
Using 44 out of max 44 threads...
The number of target devices =4
### Able to use the GPU! ### 

Elapsed time for scoring matrix computation: 1.151192
+ for N_SIZE in '{32..26000..512}'
+ let 'counter += 1'
+ echo 'running count=27, problem M=13344 N=13344'
running count=27, problem M=13344 N=13344
+ for repeat in 1 2 3
+ echo ' Repeat=1'
 Repeat=1
+ ./omp_smithW-v6.2-target-inlined.out 13344 13344
Problem size: Matrix[13344][13344], FACTOR=128 CUTOFF=1024
Total memory footprint is:1 GB
Using 44 out of max 44 threads...
The number of target devices =4
### Able to use the GPU! ### 

Elapsed time for scoring matrix computation: 1.283761
+ for repeat in 1 2 3
+ echo ' Repeat=2'
 Repeat=2
+ ./omp_smithW-v6.2-target-inlined.out 13344 13344
Problem size: Matrix[13344][13344], FACTOR=128 CUTOFF=1024
Total memory footprint is:1 GB
Using 44 out of max 44 threads...
The number of target devices =4
### Able to use the GPU! ### 

Elapsed time for scoring matrix computation: 1.301914
+ for repeat in 1 2 3
+ echo ' Repeat=3'
 Repeat=3
+ ./omp_smithW-v6.2-target-inlined.out 13344 13344
Problem size: Matrix[13344][13344], FACTOR=128 CUTOFF=1024
Total memory footprint is:1 GB
Using 44 out of max 44 threads...
The number of target devices =4
### Able to use the GPU! ### 

Elapsed time for scoring matrix computation: 1.265687
+ for N_SIZE in '{32..26000..512}'
+ let 'counter += 1'
+ echo 'running count=28, problem M=13856 N=13856'
running count=28, problem M=13856 N=13856
+ for repeat in 1 2 3
+ echo ' Repeat=1'
 Repeat=1
+ ./omp_smithW-v6.2-target-inlined.out 13856 13856
Problem size: Matrix[13856][13856], FACTOR=128 CUTOFF=1024
Total memory footprint is:1 GB
Using 44 out of max 44 threads...
The number of target devices =4
### Able to use the GPU! ### 

Elapsed time for scoring matrix computation: 1.408617
+ for repeat in 1 2 3
+ echo ' Repeat=2'
 Repeat=2
+ ./omp_smithW-v6.2-target-inlined.out 13856 13856
Problem size: Matrix[13856][13856], FACTOR=128 CUTOFF=1024
Total memory footprint is:1 GB
Using 44 out of max 44 threads...
The number of target devices =4
### Able to use the GPU! ### 

Elapsed time for scoring matrix computation: 1.392984
+ for repeat in 1 2 3
+ echo ' Repeat=3'
 Repeat=3
+ ./omp_smithW-v6.2-target-inlined.out 13856 13856
Problem size: Matrix[13856][13856], FACTOR=128 CUTOFF=1024
Total memory footprint is:1 GB
Using 44 out of max 44 threads...
The number of target devices =4
### Able to use the GPU! ### 

Elapsed time for scoring matrix computation: 1.309836
+ for N_SIZE in '{32..26000..512}'
+ let 'counter += 1'
+ echo 'running count=29, problem M=14368 N=14368'
running count=29, problem M=14368 N=14368
+ for repeat in 1 2 3
+ echo ' Repeat=1'
 Repeat=1
+ ./omp_smithW-v6.2-target-inlined.out 14368 14368
Problem size: Matrix[14368][14368], FACTOR=128 CUTOFF=1024
Total memory footprint is:1 GB
Using 44 out of max 44 threads...
The number of target devices =4
### Able to use the GPU! ### 

Elapsed time for scoring matrix computation: 1.444773
+ for repeat in 1 2 3
+ echo ' Repeat=2'
 Repeat=2
+ ./omp_smithW-v6.2-target-inlined.out 14368 14368
Problem size: Matrix[14368][14368], FACTOR=128 CUTOFF=1024
Total memory footprint is:1 GB
Using 44 out of max 44 threads...
The number of target devices =4
### Able to use the GPU! ### 

Elapsed time for scoring matrix computation: 1.415456
+ for repeat in 1 2 3
+ echo ' Repeat=3'
 Repeat=3
+ ./omp_smithW-v6.2-target-inlined.out 14368 14368
Problem size: Matrix[14368][14368], FACTOR=128 CUTOFF=1024
Total memory footprint is:1 GB
Using 44 out of max 44 threads...
The number of target devices =4
### Able to use the GPU! ### 

Elapsed time for scoring matrix computation: 1.368065
+ for N_SIZE in '{32..26000..512}'
+ let 'counter += 1'
+ echo 'running count=30, problem M=14880 N=14880'
running count=30, problem M=14880 N=14880
+ for repeat in 1 2 3
+ echo ' Repeat=1'
 Repeat=1
+ ./omp_smithW-v6.2-target-inlined.out 14880 14880
Problem size: Matrix[14880][14880], FACTOR=128 CUTOFF=1024
Total memory footprint is:1 GB
Using 44 out of max 44 threads...
The number of target devices =4
### Able to use the GPU! ### 

Elapsed time for scoring matrix computation: 1.542965
+ for repeat in 1 2 3
+ echo ' Repeat=2'
 Repeat=2
+ ./omp_smithW-v6.2-target-inlined.out 14880 14880
Problem size: Matrix[14880][14880], FACTOR=128 CUTOFF=1024
Total memory footprint is:1 GB
Using 44 out of max 44 threads...
The number of target devices =4
### Able to use the GPU! ### 

Elapsed time for scoring matrix computation: 1.604044
+ for repeat in 1 2 3
+ echo ' Repeat=3'
 Repeat=3
+ ./omp_smithW-v6.2-target-inlined.out 14880 14880
Problem size: Matrix[14880][14880], FACTOR=128 CUTOFF=1024
Total memory footprint is:1 GB
Using 44 out of max 44 threads...
The number of target devices =4
### Able to use the GPU! ### 

Elapsed time for scoring matrix computation: 1.618321
+ for N_SIZE in '{32..26000..512}'
+ let 'counter += 1'
+ echo 'running count=31, problem M=15392 N=15392'
running count=31, problem M=15392 N=15392
+ for repeat in 1 2 3
+ echo ' Repeat=1'
 Repeat=1
+ ./omp_smithW-v6.2-target-inlined.out 15392 15392
Problem size: Matrix[15392][15392], FACTOR=128 CUTOFF=1024
Total memory footprint is:1 GB
Using 44 out of max 44 threads...
The number of target devices =4
### Able to use the GPU! ### 

Elapsed time for scoring matrix computation: 1.575270
+ for repeat in 1 2 3
+ echo ' Repeat=2'
 Repeat=2
+ ./omp_smithW-v6.2-target-inlined.out 15392 15392
Problem size: Matrix[15392][15392], FACTOR=128 CUTOFF=1024
Total memory footprint is:1 GB
Using 44 out of max 44 threads...
The number of target devices =4
### Able to use the GPU! ### 

Elapsed time for scoring matrix computation: 1.585370
+ for repeat in 1 2 3
+ echo ' Repeat=3'
 Repeat=3
+ ./omp_smithW-v6.2-target-inlined.out 15392 15392
Problem size: Matrix[15392][15392], FACTOR=128 CUTOFF=1024
Total memory footprint is:1 GB
Using 44 out of max 44 threads...
The number of target devices =4
### Able to use the GPU! ### 

Elapsed time for scoring matrix computation: 1.709705
+ for N_SIZE in '{32..26000..512}'
+ let 'counter += 1'
+ echo 'running count=32, problem M=15904 N=15904'
running count=32, problem M=15904 N=15904
+ for repeat in 1 2 3
+ echo ' Repeat=1'
 Repeat=1
+ ./omp_smithW-v6.2-target-inlined.out 15904 15904
Problem size: Matrix[15904][15904], FACTOR=128 CUTOFF=1024
Total memory footprint is:1 GB
Using 44 out of max 44 threads...
The number of target devices =4
### Able to use the GPU! ### 

Elapsed time for scoring matrix computation: 1.818251
+ for repeat in 1 2 3
+ echo ' Repeat=2'
 Repeat=2
+ ./omp_smithW-v6.2-target-inlined.out 15904 15904
Problem size: Matrix[15904][15904], FACTOR=128 CUTOFF=1024
Total memory footprint is:1 GB
Using 44 out of max 44 threads...
The number of target devices =4
### Able to use the GPU! ### 

Elapsed time for scoring matrix computation: 1.692746
+ for repeat in 1 2 3
+ echo ' Repeat=3'
 Repeat=3
+ ./omp_smithW-v6.2-target-inlined.out 15904 15904
Problem size: Matrix[15904][15904], FACTOR=128 CUTOFF=1024
Total memory footprint is:1 GB
Using 44 out of max 44 threads...
The number of target devices =4
### Able to use the GPU! ### 

Elapsed time for scoring matrix computation: 1.800089
+ for N_SIZE in '{32..26000..512}'
+ let 'counter += 1'
+ echo 'running count=33, problem M=16416 N=16416'
running count=33, problem M=16416 N=16416
+ for repeat in 1 2 3
+ echo ' Repeat=1'
 Repeat=1
+ ./omp_smithW-v6.2-target-inlined.out 16416 16416
Problem size: Matrix[16416][16416], FACTOR=128 CUTOFF=1024
Total memory footprint is:2 GB
Using 44 out of max 44 threads...
The number of target devices =4
### Able to use the GPU! ### 

Elapsed time for scoring matrix computation: 1.848136
+ for repeat in 1 2 3
+ echo ' Repeat=2'
 Repeat=2
+ ./omp_smithW-v6.2-target-inlined.out 16416 16416
Problem size: Matrix[16416][16416], FACTOR=128 CUTOFF=1024
Total memory footprint is:2 GB
Using 44 out of max 44 threads...
The number of target devices =4
### Able to use the GPU! ### 

Elapsed time for scoring matrix computation: 1.859958
+ for repeat in 1 2 3
+ echo ' Repeat=3'
 Repeat=3
+ ./omp_smithW-v6.2-target-inlined.out 16416 16416
Problem size: Matrix[16416][16416], FACTOR=128 CUTOFF=1024
Total memory footprint is:2 GB
Using 44 out of max 44 threads...
The number of target devices =4
### Able to use the GPU! ### 

Elapsed time for scoring matrix computation: 1.881788
+ for N_SIZE in '{32..26000..512}'
+ let 'counter += 1'
+ echo 'running count=34, problem M=16928 N=16928'
running count=34, problem M=16928 N=16928
+ for repeat in 1 2 3
+ echo ' Repeat=1'
 Repeat=1
+ ./omp_smithW-v6.2-target-inlined.out 16928 16928
Problem size: Matrix[16928][16928], FACTOR=128 CUTOFF=1024
Total memory footprint is:2 GB
Using 44 out of max 44 threads...
The number of target devices =4
### Able to use the GPU! ### 

Elapsed time for scoring matrix computation: 1.901511
+ for repeat in 1 2 3
+ echo ' Repeat=2'
 Repeat=2
+ ./omp_smithW-v6.2-target-inlined.out 16928 16928
Problem size: Matrix[16928][16928], FACTOR=128 CUTOFF=1024
Total memory footprint is:2 GB
Using 44 out of max 44 threads...
The number of target devices =4
### Able to use the GPU! ### 

Elapsed time for scoring matrix computation: 1.847580
+ for repeat in 1 2 3
+ echo ' Repeat=3'
 Repeat=3
+ ./omp_smithW-v6.2-target-inlined.out 16928 16928
Problem size: Matrix[16928][16928], FACTOR=128 CUTOFF=1024
Total memory footprint is:2 GB
Using 44 out of max 44 threads...
The number of target devices =4
### Able to use the GPU! ### 

Elapsed time for scoring matrix computation: 2.014172
+ for N_SIZE in '{32..26000..512}'
+ let 'counter += 1'
+ echo 'running count=35, problem M=17440 N=17440'
running count=35, problem M=17440 N=17440
+ for repeat in 1 2 3
+ echo ' Repeat=1'
 Repeat=1
+ ./omp_smithW-v6.2-target-inlined.out 17440 17440
Problem size: Matrix[17440][17440], FACTOR=128 CUTOFF=1024
Total memory footprint is:2 GB
Using 44 out of max 44 threads...
The number of target devices =4
### Able to use the GPU! ### 

Elapsed time for scoring matrix computation: 2.086222
+ for repeat in 1 2 3
+ echo ' Repeat=2'
 Repeat=2
+ ./omp_smithW-v6.2-target-inlined.out 17440 17440
Problem size: Matrix[17440][17440], FACTOR=128 CUTOFF=1024
Total memory footprint is:2 GB
Using 44 out of max 44 threads...
The number of target devices =4
### Able to use the GPU! ### 

Elapsed time for scoring matrix computation: 2.126270
+ for repeat in 1 2 3
+ echo ' Repeat=3'
 Repeat=3
+ ./omp_smithW-v6.2-target-inlined.out 17440 17440
Problem size: Matrix[17440][17440], FACTOR=128 CUTOFF=1024
Total memory footprint is:2 GB
Using 44 out of max 44 threads...
The number of target devices =4
### Able to use the GPU! ### 

Elapsed time for scoring matrix computation: 1.969963
+ for N_SIZE in '{32..26000..512}'
+ let 'counter += 1'
+ echo 'running count=36, problem M=17952 N=17952'
running count=36, problem M=17952 N=17952
+ for repeat in 1 2 3
+ echo ' Repeat=1'
 Repeat=1
+ ./omp_smithW-v6.2-target-inlined.out 17952 17952
Problem size: Matrix[17952][17952], FACTOR=128 CUTOFF=1024
Total memory footprint is:2 GB
Using 44 out of max 44 threads...
The number of target devices =4
### Able to use the GPU! ### 

Elapsed time for scoring matrix computation: 2.098226
+ for repeat in 1 2 3
+ echo ' Repeat=2'
 Repeat=2
+ ./omp_smithW-v6.2-target-inlined.out 17952 17952
Problem size: Matrix[17952][17952], FACTOR=128 CUTOFF=1024
Total memory footprint is:2 GB
Using 44 out of max 44 threads...
The number of target devices =4
### Able to use the GPU! ### 

Elapsed time for scoring matrix computation: 2.154138
+ for repeat in 1 2 3
+ echo ' Repeat=3'
 Repeat=3
+ ./omp_smithW-v6.2-target-inlined.out 17952 17952
Problem size: Matrix[17952][17952], FACTOR=128 CUTOFF=1024
Total memory footprint is:2 GB
Using 44 out of max 44 threads...
The number of target devices =4
### Able to use the GPU! ### 

Elapsed time for scoring matrix computation: 2.152162
+ for N_SIZE in '{32..26000..512}'
+ let 'counter += 1'
+ echo 'running count=37, problem M=18464 N=18464'
running count=37, problem M=18464 N=18464
+ for repeat in 1 2 3
+ echo ' Repeat=1'
 Repeat=1
+ ./omp_smithW-v6.2-target-inlined.out 18464 18464
Problem size: Matrix[18464][18464], FACTOR=128 CUTOFF=1024
Total memory footprint is:2 GB
Using 44 out of max 44 threads...
The number of target devices =4
### Able to use the GPU! ### 

Elapsed time for scoring matrix computation: 2.149371
+ for repeat in 1 2 3
+ echo ' Repeat=2'
 Repeat=2
+ ./omp_smithW-v6.2-target-inlined.out 18464 18464
Problem size: Matrix[18464][18464], FACTOR=128 CUTOFF=1024
Total memory footprint is:2 GB
Using 44 out of max 44 threads...
The number of target devices =4
### Able to use the GPU! ### 

Elapsed time for scoring matrix computation: 2.176654
+ for repeat in 1 2 3
+ echo ' Repeat=3'
 Repeat=3
+ ./omp_smithW-v6.2-target-inlined.out 18464 18464
Problem size: Matrix[18464][18464], FACTOR=128 CUTOFF=1024
Total memory footprint is:2 GB
Using 44 out of max 44 threads...
The number of target devices =4
### Able to use the GPU! ### 

Elapsed time for scoring matrix computation: 2.291614
+ for N_SIZE in '{32..26000..512}'
+ let 'counter += 1'
+ echo 'running count=38, problem M=18976 N=18976'
running count=38, problem M=18976 N=18976
+ for repeat in 1 2 3
+ echo ' Repeat=1'
 Repeat=1
+ ./omp_smithW-v6.2-target-inlined.out 18976 18976
Problem size: Matrix[18976][18976], FACTOR=128 CUTOFF=1024
Total memory footprint is:2 GB
Using 44 out of max 44 threads...
The number of target devices =4
### Able to use the GPU! ### 

Elapsed time for scoring matrix computation: 2.490739
+ for repeat in 1 2 3
+ echo ' Repeat=2'
 Repeat=2
+ ./omp_smithW-v6.2-target-inlined.out 18976 18976
Problem size: Matrix[18976][18976], FACTOR=128 CUTOFF=1024
Total memory footprint is:2 GB
Using 44 out of max 44 threads...
The number of target devices =4
### Able to use the GPU! ### 

Elapsed time for scoring matrix computation: 2.521468
+ for repeat in 1 2 3
+ echo ' Repeat=3'
 Repeat=3
+ ./omp_smithW-v6.2-target-inlined.out 18976 18976
Problem size: Matrix[18976][18976], FACTOR=128 CUTOFF=1024
Total memory footprint is:2 GB
Using 44 out of max 44 threads...
The number of target devices =4
### Able to use the GPU! ### 

Elapsed time for scoring matrix computation: 2.312281
+ for N_SIZE in '{32..26000..512}'
+ let 'counter += 1'
+ echo 'running count=39, problem M=19488 N=19488'
running count=39, problem M=19488 N=19488
+ for repeat in 1 2 3
+ echo ' Repeat=1'
 Repeat=1
+ ./omp_smithW-v6.2-target-inlined.out 19488 19488
Problem size: Matrix[19488][19488], FACTOR=128 CUTOFF=1024
Total memory footprint is:2 GB
Using 44 out of max 44 threads...
The number of target devices =4
### Able to use the GPU! ### 

Elapsed time for scoring matrix computation: 2.618614
+ for repeat in 1 2 3
+ echo ' Repeat=2'
 Repeat=2
+ ./omp_smithW-v6.2-target-inlined.out 19488 19488
Problem size: Matrix[19488][19488], FACTOR=128 CUTOFF=1024
Total memory footprint is:2 GB
Using 44 out of max 44 threads...
The number of target devices =4
### Able to use the GPU! ### 

Elapsed time for scoring matrix computation: 2.582783
+ for repeat in 1 2 3
+ echo ' Repeat=3'
 Repeat=3
+ ./omp_smithW-v6.2-target-inlined.out 19488 19488
Problem size: Matrix[19488][19488], FACTOR=128 CUTOFF=1024
Total memory footprint is:2 GB
Using 44 out of max 44 threads...
The number of target devices =4
### Able to use the GPU! ### 

Elapsed time for scoring matrix computation: 2.647534
+ for N_SIZE in '{32..26000..512}'
+ let 'counter += 1'
+ echo 'running count=40, problem M=20000 N=20000'
running count=40, problem M=20000 N=20000
+ for repeat in 1 2 3
+ echo ' Repeat=1'
 Repeat=1
+ ./omp_smithW-v6.2-target-inlined.out 20000 20000
Problem size: Matrix[20000][20000], FACTOR=128 CUTOFF=1024
Total memory footprint is:2 GB
Using 44 out of max 44 threads...
The number of target devices =4
### Able to use the GPU! ### 

Elapsed time for scoring matrix computation: 2.521479
+ for repeat in 1 2 3
+ echo ' Repeat=2'
 Repeat=2
+ ./omp_smithW-v6.2-target-inlined.out 20000 20000
Problem size: Matrix[20000][20000], FACTOR=128 CUTOFF=1024
Total memory footprint is:2 GB
Using 44 out of max 44 threads...
The number of target devices =4
### Able to use the GPU! ### 

Elapsed time for scoring matrix computation: 2.545858
+ for repeat in 1 2 3
+ echo ' Repeat=3'
 Repeat=3
+ ./omp_smithW-v6.2-target-inlined.out 20000 20000
Problem size: Matrix[20000][20000], FACTOR=128 CUTOFF=1024
Total memory footprint is:2 GB
Using 44 out of max 44 threads...
The number of target devices =4
### Able to use the GPU! ### 

Elapsed time for scoring matrix computation: 2.644394
+ for N_SIZE in '{32..26000..512}'
+ let 'counter += 1'
+ echo 'running count=41, problem M=20512 N=20512'
running count=41, problem M=20512 N=20512
+ for repeat in 1 2 3
+ echo ' Repeat=1'
 Repeat=1
+ ./omp_smithW-v6.2-target-inlined.out 20512 20512
Problem size: Matrix[20512][20512], FACTOR=128 CUTOFF=1024
Total memory footprint is:3 GB
Using 44 out of max 44 threads...
The number of target devices =4
### Able to use the GPU! ### 

Elapsed time for scoring matrix computation: 2.876245
+ for repeat in 1 2 3
+ echo ' Repeat=2'
 Repeat=2
+ ./omp_smithW-v6.2-target-inlined.out 20512 20512
Problem size: Matrix[20512][20512], FACTOR=128 CUTOFF=1024
Total memory footprint is:3 GB
Using 44 out of max 44 threads...
The number of target devices =4
### Able to use the GPU! ### 

Elapsed time for scoring matrix computation: 2.955965
+ for repeat in 1 2 3
+ echo ' Repeat=3'
 Repeat=3
+ ./omp_smithW-v6.2-target-inlined.out 20512 20512
Problem size: Matrix[20512][20512], FACTOR=128 CUTOFF=1024
Total memory footprint is:3 GB
Using 44 out of max 44 threads...
The number of target devices =4
### Able to use the GPU! ### 

Elapsed time for scoring matrix computation: 2.693869
+ for N_SIZE in '{32..26000..512}'
+ let 'counter += 1'
+ echo 'running count=42, problem M=21024 N=21024'
running count=42, problem M=21024 N=21024
+ for repeat in 1 2 3
+ echo ' Repeat=1'
 Repeat=1
+ ./omp_smithW-v6.2-target-inlined.out 21024 21024
Problem size: Matrix[21024][21024], FACTOR=128 CUTOFF=1024
Total memory footprint is:3 GB
Using 44 out of max 44 threads...
The number of target devices =4
### Able to use the GPU! ### 

Elapsed time for scoring matrix computation: 3.069314
+ for repeat in 1 2 3
+ echo ' Repeat=2'
 Repeat=2
+ ./omp_smithW-v6.2-target-inlined.out 21024 21024
Problem size: Matrix[21024][21024], FACTOR=128 CUTOFF=1024
Total memory footprint is:3 GB
Using 44 out of max 44 threads...
The number of target devices =4
### Able to use the GPU! ### 

Elapsed time for scoring matrix computation: 2.992831
+ for repeat in 1 2 3
+ echo ' Repeat=3'
 Repeat=3
+ ./omp_smithW-v6.2-target-inlined.out 21024 21024
Problem size: Matrix[21024][21024], FACTOR=128 CUTOFF=1024
Total memory footprint is:3 GB
Using 44 out of max 44 threads...
The number of target devices =4
### Able to use the GPU! ### 

Elapsed time for scoring matrix computation: 3.057371
+ for N_SIZE in '{32..26000..512}'
+ let 'counter += 1'
+ echo 'running count=43, problem M=21536 N=21536'
running count=43, problem M=21536 N=21536
+ for repeat in 1 2 3
+ echo ' Repeat=1'
 Repeat=1
+ ./omp_smithW-v6.2-target-inlined.out 21536 21536
Problem size: Matrix[21536][21536], FACTOR=128 CUTOFF=1024
Total memory footprint is:3 GB
Using 44 out of max 44 threads...
The number of target devices =4
### Able to use the GPU! ### 

Elapsed time for scoring matrix computation: 3.023858
+ for repeat in 1 2 3
+ echo ' Repeat=2'
 Repeat=2
+ ./omp_smithW-v6.2-target-inlined.out 21536 21536
Problem size: Matrix[21536][21536], FACTOR=128 CUTOFF=1024
Total memory footprint is:3 GB
Using 44 out of max 44 threads...
The number of target devices =4
### Able to use the GPU! ### 

Elapsed time for scoring matrix computation: 3.081395
+ for repeat in 1 2 3
+ echo ' Repeat=3'
 Repeat=3
+ ./omp_smithW-v6.2-target-inlined.out 21536 21536
Problem size: Matrix[21536][21536], FACTOR=128 CUTOFF=1024
Total memory footprint is:3 GB
Using 44 out of max 44 threads...
The number of target devices =4
### Able to use the GPU! ### 

Elapsed time for scoring matrix computation: 3.161247
+ for N_SIZE in '{32..26000..512}'
+ let 'counter += 1'
+ echo 'running count=44, problem M=22048 N=22048'
running count=44, problem M=22048 N=22048
+ for repeat in 1 2 3
+ echo ' Repeat=1'
 Repeat=1
+ ./omp_smithW-v6.2-target-inlined.out 22048 22048
Problem size: Matrix[22048][22048], FACTOR=128 CUTOFF=1024
Total memory footprint is:3 GB
Using 44 out of max 44 threads...
The number of target devices =4
### Able to use the GPU! ### 

Elapsed time for scoring matrix computation: 3.051165
+ for repeat in 1 2 3
+ echo ' Repeat=2'
 Repeat=2
+ ./omp_smithW-v6.2-target-inlined.out 22048 22048
Problem size: Matrix[22048][22048], FACTOR=128 CUTOFF=1024
Total memory footprint is:3 GB
Using 44 out of max 44 threads...
The number of target devices =4
### Able to use the GPU! ### 

Elapsed time for scoring matrix computation: 3.100014
+ for repeat in 1 2 3
+ echo ' Repeat=3'
 Repeat=3
+ ./omp_smithW-v6.2-target-inlined.out 22048 22048
Problem size: Matrix[22048][22048], FACTOR=128 CUTOFF=1024
Total memory footprint is:3 GB
Using 44 out of max 44 threads...
The number of target devices =4
### Able to use the GPU! ### 

Elapsed time for scoring matrix computation: 3.341315
+ for N_SIZE in '{32..26000..512}'
+ let 'counter += 1'
+ echo 'running count=45, problem M=22560 N=22560'
running count=45, problem M=22560 N=22560
+ for repeat in 1 2 3
+ echo ' Repeat=1'
 Repeat=1
+ ./omp_smithW-v6.2-target-inlined.out 22560 22560
Problem size: Matrix[22560][22560], FACTOR=128 CUTOFF=1024
Total memory footprint is:3 GB
Using 44 out of max 44 threads...
The number of target devices =4
### Able to use the GPU! ### 

Elapsed time for scoring matrix computation: 3.337254
+ for repeat in 1 2 3
+ echo ' Repeat=2'
 Repeat=2
+ ./omp_smithW-v6.2-target-inlined.out 22560 22560
Problem size: Matrix[22560][22560], FACTOR=128 CUTOFF=1024
Total memory footprint is:3 GB
Using 44 out of max 44 threads...
The number of target devices =4
### Able to use the GPU! ### 

Elapsed time for scoring matrix computation: 3.300793
+ for repeat in 1 2 3
+ echo ' Repeat=3'
 Repeat=3
+ ./omp_smithW-v6.2-target-inlined.out 22560 22560
Problem size: Matrix[22560][22560], FACTOR=128 CUTOFF=1024
Total memory footprint is:3 GB
Using 44 out of max 44 threads...
The number of target devices =4
### Able to use the GPU! ### 

Elapsed time for scoring matrix computation: 3.537446
+ for N_SIZE in '{32..26000..512}'
+ let 'counter += 1'
+ echo 'running count=46, problem M=23072 N=23072'
running count=46, problem M=23072 N=23072
+ for repeat in 1 2 3
+ echo ' Repeat=1'
 Repeat=1
+ ./omp_smithW-v6.2-target-inlined.out 23072 23072
Problem size: Matrix[23072][23072], FACTOR=128 CUTOFF=1024
Total memory footprint is:3 GB
Using 44 out of max 44 threads...
The number of target devices =4
### Able to use the GPU! ### 

Elapsed time for scoring matrix computation: 3.508643
+ for repeat in 1 2 3
+ echo ' Repeat=2'
 Repeat=2
+ ./omp_smithW-v6.2-target-inlined.out 23072 23072
Problem size: Matrix[23072][23072], FACTOR=128 CUTOFF=1024
Total memory footprint is:3 GB
Using 44 out of max 44 threads...
The number of target devices =4
### Able to use the GPU! ### 

Elapsed time for scoring matrix computation: 3.603697
+ for repeat in 1 2 3
+ echo ' Repeat=3'
 Repeat=3
+ ./omp_smithW-v6.2-target-inlined.out 23072 23072
Problem size: Matrix[23072][23072], FACTOR=128 CUTOFF=1024
Total memory footprint is:3 GB
Using 44 out of max 44 threads...
The number of target devices =4
### Able to use the GPU! ### 

Elapsed time for scoring matrix computation: 3.583535
+ for N_SIZE in '{32..26000..512}'
+ let 'counter += 1'
+ echo 'running count=47, problem M=23584 N=23584'
running count=47, problem M=23584 N=23584
+ for repeat in 1 2 3
+ echo ' Repeat=1'
 Repeat=1
+ ./omp_smithW-v6.2-target-inlined.out 23584 23584
Problem size: Matrix[23584][23584], FACTOR=128 CUTOFF=1024
Total memory footprint is:4 GB
Using 44 out of max 44 threads...
The number of target devices =4
### Able to use the GPU! ### 

Elapsed time for scoring matrix computation: 3.846679
+ for repeat in 1 2 3
+ echo ' Repeat=2'
 Repeat=2
+ ./omp_smithW-v6.2-target-inlined.out 23584 23584
Problem size: Matrix[23584][23584], FACTOR=128 CUTOFF=1024
Total memory footprint is:4 GB
Using 44 out of max 44 threads...
The number of target devices =4
### Able to use the GPU! ### 

Elapsed time for scoring matrix computation: 3.714735
+ for repeat in 1 2 3
+ echo ' Repeat=3'
 Repeat=3
+ ./omp_smithW-v6.2-target-inlined.out 23584 23584
Problem size: Matrix[23584][23584], FACTOR=128 CUTOFF=1024
Total memory footprint is:4 GB
Using 44 out of max 44 threads...
The number of target devices =4
### Able to use the GPU! ### 

Elapsed time for scoring matrix computation: 3.807322
+ for N_SIZE in '{32..26000..512}'
+ let 'counter += 1'
+ echo 'running count=48, problem M=24096 N=24096'
running count=48, problem M=24096 N=24096
+ for repeat in 1 2 3
+ echo ' Repeat=1'
 Repeat=1
+ ./omp_smithW-v6.2-target-inlined.out 24096 24096
Problem size: Matrix[24096][24096], FACTOR=128 CUTOFF=1024
Total memory footprint is:4 GB
Using 44 out of max 44 threads...
The number of target devices =4
### Able to use the GPU! ### 

Elapsed time for scoring matrix computation: 3.806121
+ for repeat in 1 2 3
+ echo ' Repeat=2'
 Repeat=2
+ ./omp_smithW-v6.2-target-inlined.out 24096 24096
