+ EXE_FILE=omp_smithW-v6.2-target-inlined.out
++ date +%Y%m%d_%H%M%S
+ TIMESTAMP=20210524_181648
++ uname -n
+ NODE_NAME=lassen35
++ uname -m
+ HARDWAREE_NAME=ppc64le
+ rm omp_smithW-v6.2-target-inlined.out
+ make ./omp_smithW-v6.2-target-inlined.out
/g/g17/liao6/workspace-wsa/opt/llvm-master-offload/bin/clang++ -O3 -g -std=c++11 -DSKIP_BACKTRACK=1 -fopenmp -fopenmp-targets=nvptx64-nvidia-cuda -Wl,--rpath,/g/g17/liao6/workspace-wsa/opt/llvm-master-offload/lib	 -o omp_smithW-v6.2-target-inlined.out omp_smithW-v6.2-target-inlined.cpp
+ export OMP_NUM_THREADS=44
+ OMP_NUM_THREADS=44
+ counter=
+ for N_SIZE in '{32..26000..512}'
+ let 'counter += 1'
+ echo 'running count=1, problem M=32 N=32'
running count=1, problem M=32 N=32
+ for repeat in 1 2 3
+ echo ' Repeat=1'
 Repeat=1
+ ./omp_smithW-v6.2-target-inlined.out 32 32
Problem size: Matrix[32][32], FACTOR=128 CUTOFF=1024
Total memory footprint is:0 MB
Using 44 out of max 44 threads...
The number of target devices =4
### Able to use the GPU! ### 

Elapsed time for scoring matrix computation: 0.001293
+ for repeat in 1 2 3
+ echo ' Repeat=2'
 Repeat=2
+ ./omp_smithW-v6.2-target-inlined.out 32 32
Problem size: Matrix[32][32], FACTOR=128 CUTOFF=1024
Total memory footprint is:0 MB
Using 44 out of max 44 threads...
The number of target devices =4
### Able to use the GPU! ### 

Elapsed time for scoring matrix computation: 0.001298
+ for repeat in 1 2 3
+ echo ' Repeat=3'
 Repeat=3
+ ./omp_smithW-v6.2-target-inlined.out 32 32
Problem size: Matrix[32][32], FACTOR=128 CUTOFF=1024
Total memory footprint is:0 MB
Using 44 out of max 44 threads...
The number of target devices =4
### Able to use the GPU! ### 

Elapsed time for scoring matrix computation: 0.001306
+ for N_SIZE in '{32..26000..512}'
+ let 'counter += 1'
+ echo 'running count=2, problem M=544 N=544'
running count=2, problem M=544 N=544
+ for repeat in 1 2 3
+ echo ' Repeat=1'
 Repeat=1
+ ./omp_smithW-v6.2-target-inlined.out 544 544
Problem size: Matrix[544][544], FACTOR=128 CUTOFF=1024
Total memory footprint is:2 MB
Using 44 out of max 44 threads...
The number of target devices =4
### Able to use the GPU! ### 

Elapsed time for scoring matrix computation: 0.111057
+ for repeat in 1 2 3
+ echo ' Repeat=2'
 Repeat=2
+ ./omp_smithW-v6.2-target-inlined.out 544 544
Problem size: Matrix[544][544], FACTOR=128 CUTOFF=1024
Total memory footprint is:2 MB
Using 44 out of max 44 threads...
The number of target devices =4
### Able to use the GPU! ### 

Elapsed time for scoring matrix computation: 0.102255
+ for repeat in 1 2 3
+ echo ' Repeat=3'
 Repeat=3
+ ./omp_smithW-v6.2-target-inlined.out 544 544
Problem size: Matrix[544][544], FACTOR=128 CUTOFF=1024
Total memory footprint is:2 MB
Using 44 out of max 44 threads...
The number of target devices =4
### Able to use the GPU! ### 

Elapsed time for scoring matrix computation: 0.095542
+ for N_SIZE in '{32..26000..512}'
+ let 'counter += 1'
+ echo 'running count=3, problem M=1056 N=1056'
running count=3, problem M=1056 N=1056
+ for repeat in 1 2 3
+ echo ' Repeat=1'
 Repeat=1
+ ./omp_smithW-v6.2-target-inlined.out 1056 1056
Problem size: Matrix[1056][1056], FACTOR=128 CUTOFF=1024
Total memory footprint is:8 MB
Using 44 out of max 44 threads...
The number of target devices =4
### Able to use the GPU! ### 

Elapsed time for scoring matrix computation: 0.351432
+ for repeat in 1 2 3
+ echo ' Repeat=2'
 Repeat=2
+ ./omp_smithW-v6.2-target-inlined.out 1056 1056
Problem size: Matrix[1056][1056], FACTOR=128 CUTOFF=1024
Total memory footprint is:8 MB
Using 44 out of max 44 threads...
The number of target devices =4
### Able to use the GPU! ### 

Elapsed time for scoring matrix computation: 0.351514
+ for repeat in 1 2 3
+ echo ' Repeat=3'
 Repeat=3
+ ./omp_smithW-v6.2-target-inlined.out 1056 1056
Problem size: Matrix[1056][1056], FACTOR=128 CUTOFF=1024
Total memory footprint is:8 MB
Using 44 out of max 44 threads...
The number of target devices =4
### Able to use the GPU! ### 

Elapsed time for scoring matrix computation: 0.351059
+ for N_SIZE in '{32..26000..512}'
+ let 'counter += 1'
+ echo 'running count=4, problem M=1568 N=1568'
running count=4, problem M=1568 N=1568
+ for repeat in 1 2 3
+ echo ' Repeat=1'
 Repeat=1
+ ./omp_smithW-v6.2-target-inlined.out 1568 1568
Problem size: Matrix[1568][1568], FACTOR=128 CUTOFF=1024
Total memory footprint is:18 MB
Using 44 out of max 44 threads...
The number of target devices =4
### Able to use the GPU! ### 

Elapsed time for scoring matrix computation: 0.769055
+ for repeat in 1 2 3
+ echo ' Repeat=2'
 Repeat=2
+ ./omp_smithW-v6.2-target-inlined.out 1568 1568
Problem size: Matrix[1568][1568], FACTOR=128 CUTOFF=1024
Total memory footprint is:18 MB
Using 44 out of max 44 threads...
The number of target devices =4
### Able to use the GPU! ### 

Elapsed time for scoring matrix computation: 0.769608
+ for repeat in 1 2 3
+ echo ' Repeat=3'
 Repeat=3
+ ./omp_smithW-v6.2-target-inlined.out 1568 1568
Problem size: Matrix[1568][1568], FACTOR=128 CUTOFF=1024
Total memory footprint is:18 MB
Using 44 out of max 44 threads...
The number of target devices =4
### Able to use the GPU! ### 

Elapsed time for scoring matrix computation: 0.768255
+ for N_SIZE in '{32..26000..512}'
+ let 'counter += 1'
+ echo 'running count=5, problem M=2080 N=2080'
running count=5, problem M=2080 N=2080
+ for repeat in 1 2 3
+ echo ' Repeat=1'
 Repeat=1
+ ./omp_smithW-v6.2-target-inlined.out 2080 2080
Problem size: Matrix[2080][2080], FACTOR=128 CUTOFF=1024
Total memory footprint is:33 MB
Using 44 out of max 44 threads...
The number of target devices =4
### Able to use the GPU! ### 

Elapsed time for scoring matrix computation: 1.349295
+ for repeat in 1 2 3
+ echo ' Repeat=2'
 Repeat=2
+ ./omp_smithW-v6.2-target-inlined.out 2080 2080
Problem size: Matrix[2080][2080], FACTOR=128 CUTOFF=1024
Total memory footprint is:33 MB
Using 44 out of max 44 threads...
The number of target devices =4
### Able to use the GPU! ### 

Elapsed time for scoring matrix computation: 1.347320
+ for repeat in 1 2 3
+ echo ' Repeat=3'
 Repeat=3
+ ./omp_smithW-v6.2-target-inlined.out 2080 2080
Problem size: Matrix[2080][2080], FACTOR=128 CUTOFF=1024
Total memory footprint is:33 MB
Using 44 out of max 44 threads...
The number of target devices =4
### Able to use the GPU! ### 

Elapsed time for scoring matrix computation: 1.345960
+ for N_SIZE in '{32..26000..512}'
+ let 'counter += 1'
+ echo 'running count=6, problem M=2592 N=2592'
running count=6, problem M=2592 N=2592
+ for repeat in 1 2 3
+ echo ' Repeat=1'
 Repeat=1
+ ./omp_smithW-v6.2-target-inlined.out 2592 2592
Problem size: Matrix[2592][2592], FACTOR=128 CUTOFF=1024
Total memory footprint is:51 MB
Using 44 out of max 44 threads...
The number of target devices =4
### Able to use the GPU! ### 

Elapsed time for scoring matrix computation: 2.092169
+ for repeat in 1 2 3
+ echo ' Repeat=2'
 Repeat=2
+ ./omp_smithW-v6.2-target-inlined.out 2592 2592
Problem size: Matrix[2592][2592], FACTOR=128 CUTOFF=1024
Total memory footprint is:51 MB
Using 44 out of max 44 threads...
The number of target devices =4
### Able to use the GPU! ### 

Elapsed time for scoring matrix computation: 2.086112
+ for repeat in 1 2 3
+ echo ' Repeat=3'
 Repeat=3
+ ./omp_smithW-v6.2-target-inlined.out 2592 2592
Problem size: Matrix[2592][2592], FACTOR=128 CUTOFF=1024
Total memory footprint is:51 MB
Using 44 out of max 44 threads...
The number of target devices =4
### Able to use the GPU! ### 

Elapsed time for scoring matrix computation: 2.092955
+ for N_SIZE in '{32..26000..512}'
+ let 'counter += 1'
+ echo 'running count=7, problem M=3104 N=3104'
running count=7, problem M=3104 N=3104
+ for repeat in 1 2 3
+ echo ' Repeat=1'
 Repeat=1
+ ./omp_smithW-v6.2-target-inlined.out 3104 3104
Problem size: Matrix[3104][3104], FACTOR=128 CUTOFF=1024
Total memory footprint is:73 MB
Using 44 out of max 44 threads...
The number of target devices =4
### Able to use the GPU! ### 

Elapsed time for scoring matrix computation: 2.982964
+ for repeat in 1 2 3
+ echo ' Repeat=2'
 Repeat=2
+ ./omp_smithW-v6.2-target-inlined.out 3104 3104
Problem size: Matrix[3104][3104], FACTOR=128 CUTOFF=1024
Total memory footprint is:73 MB
Using 44 out of max 44 threads...
The number of target devices =4
### Able to use the GPU! ### 

Elapsed time for scoring matrix computation: 2.984328
+ for repeat in 1 2 3
+ echo ' Repeat=3'
 Repeat=3
+ ./omp_smithW-v6.2-target-inlined.out 3104 3104
Problem size: Matrix[3104][3104], FACTOR=128 CUTOFF=1024
Total memory footprint is:73 MB
Using 44 out of max 44 threads...
The number of target devices =4
### Able to use the GPU! ### 

Elapsed time for scoring matrix computation: 2.976198
+ for N_SIZE in '{32..26000..512}'
+ let 'counter += 1'
+ echo 'running count=8, problem M=3616 N=3616'
running count=8, problem M=3616 N=3616
+ for repeat in 1 2 3
+ echo ' Repeat=1'
 Repeat=1
+ ./omp_smithW-v6.2-target-inlined.out 3616 3616
Problem size: Matrix[3616][3616], FACTOR=128 CUTOFF=1024
Total memory footprint is:99 MB
Using 44 out of max 44 threads...
The number of target devices =4
### Able to use the GPU! ### 

Elapsed time for scoring matrix computation: 4.042605
+ for repeat in 1 2 3
+ echo ' Repeat=2'
 Repeat=2
+ ./omp_smithW-v6.2-target-inlined.out 3616 3616
Problem size: Matrix[3616][3616], FACTOR=128 CUTOFF=1024
Total memory footprint is:99 MB
Using 44 out of max 44 threads...
The number of target devices =4
### Able to use the GPU! ### 

Elapsed time for scoring matrix computation: 4.041680
+ for repeat in 1 2 3
+ echo ' Repeat=3'
 Repeat=3
+ ./omp_smithW-v6.2-target-inlined.out 3616 3616
Problem size: Matrix[3616][3616], FACTOR=128 CUTOFF=1024
Total memory footprint is:99 MB
Using 44 out of max 44 threads...
The number of target devices =4
### Able to use the GPU! ### 

Elapsed time for scoring matrix computation: 4.039479
+ for N_SIZE in '{32..26000..512}'
+ let 'counter += 1'
+ echo 'running count=9, problem M=4128 N=4128'
running count=9, problem M=4128 N=4128
+ for repeat in 1 2 3
+ echo ' Repeat=1'
 Repeat=1
+ ./omp_smithW-v6.2-target-inlined.out 4128 4128
Problem size: Matrix[4128][4128], FACTOR=128 CUTOFF=1024
Total memory footprint is:130 MB
Using 44 out of max 44 threads...
The number of target devices =4
### Able to use the GPU! ### 

Elapsed time for scoring matrix computation: 5.256208
+ for repeat in 1 2 3
+ echo ' Repeat=2'
 Repeat=2
+ ./omp_smithW-v6.2-target-inlined.out 4128 4128
Problem size: Matrix[4128][4128], FACTOR=128 CUTOFF=1024
Total memory footprint is:130 MB
Using 44 out of max 44 threads...
The number of target devices =4
### Able to use the GPU! ### 

Elapsed time for scoring matrix computation: 5.276030
+ for repeat in 1 2 3
+ echo ' Repeat=3'
 Repeat=3
+ ./omp_smithW-v6.2-target-inlined.out 4128 4128
Problem size: Matrix[4128][4128], FACTOR=128 CUTOFF=1024
Total memory footprint is:130 MB
Using 44 out of max 44 threads...
The number of target devices =4
### Able to use the GPU! ### 

Elapsed time for scoring matrix computation: 5.264608
+ for N_SIZE in '{32..26000..512}'
+ let 'counter += 1'
+ echo 'running count=10, problem M=4640 N=4640'
running count=10, problem M=4640 N=4640
+ for repeat in 1 2 3
+ echo ' Repeat=1'
 Repeat=1
+ ./omp_smithW-v6.2-target-inlined.out 4640 4640
Problem size: Matrix[4640][4640], FACTOR=128 CUTOFF=1024
Total memory footprint is:164 MB
Using 44 out of max 44 threads...
The number of target devices =4
### Able to use the GPU! ### 

Elapsed time for scoring matrix computation: 6.647524
+ for repeat in 1 2 3
+ echo ' Repeat=2'
 Repeat=2
+ ./omp_smithW-v6.2-target-inlined.out 4640 4640
Problem size: Matrix[4640][4640], FACTOR=128 CUTOFF=1024
Total memory footprint is:164 MB
Using 44 out of max 44 threads...
The number of target devices =4
### Able to use the GPU! ### 

Elapsed time for scoring matrix computation: 6.648409
+ for repeat in 1 2 3
+ echo ' Repeat=3'
 Repeat=3
+ ./omp_smithW-v6.2-target-inlined.out 4640 4640
Problem size: Matrix[4640][4640], FACTOR=128 CUTOFF=1024
Total memory footprint is:164 MB
Using 44 out of max 44 threads...
The number of target devices =4
### Able to use the GPU! ### 

Elapsed time for scoring matrix computation: 6.635515
+ for N_SIZE in '{32..26000..512}'
+ let 'counter += 1'
+ echo 'running count=11, problem M=5152 N=5152'
running count=11, problem M=5152 N=5152
+ for repeat in 1 2 3
+ echo ' Repeat=1'
 Repeat=1
+ ./omp_smithW-v6.2-target-inlined.out 5152 5152
Problem size: Matrix[5152][5152], FACTOR=128 CUTOFF=1024
Total memory footprint is:202 MB
Using 44 out of max 44 threads...
The number of target devices =4
### Able to use the GPU! ### 

Elapsed time for scoring matrix computation: 8.189888
+ for repeat in 1 2 3
+ echo ' Repeat=2'
 Repeat=2
+ ./omp_smithW-v6.2-target-inlined.out 5152 5152
Problem size: Matrix[5152][5152], FACTOR=128 CUTOFF=1024
Total memory footprint is:202 MB
Using 44 out of max 44 threads...
The number of target devices =4
### Able to use the GPU! ### 

Elapsed time for scoring matrix computation: 8.179330
+ for repeat in 1 2 3
+ echo ' Repeat=3'
 Repeat=3
+ ./omp_smithW-v6.2-target-inlined.out 5152 5152
Problem size: Matrix[5152][5152], FACTOR=128 CUTOFF=1024
Total memory footprint is:202 MB
Using 44 out of max 44 threads...
The number of target devices =4
### Able to use the GPU! ### 

Elapsed time for scoring matrix computation: 8.194561
+ for N_SIZE in '{32..26000..512}'
+ let 'counter += 1'
+ echo 'running count=12, problem M=5664 N=5664'
running count=12, problem M=5664 N=5664
+ for repeat in 1 2 3
+ echo ' Repeat=1'
 Repeat=1
+ ./omp_smithW-v6.2-target-inlined.out 5664 5664
Problem size: Matrix[5664][5664], FACTOR=128 CUTOFF=1024
Total memory footprint is:244 MB
Using 44 out of max 44 threads...
The number of target devices =4
### Able to use the GPU! ### 

Elapsed time for scoring matrix computation: 9.874930
+ for repeat in 1 2 3
+ echo ' Repeat=2'
 Repeat=2
+ ./omp_smithW-v6.2-target-inlined.out 5664 5664
Problem size: Matrix[5664][5664], FACTOR=128 CUTOFF=1024
Total memory footprint is:244 MB
Using 44 out of max 44 threads...
The number of target devices =4
### Able to use the GPU! ### 

Elapsed time for scoring matrix computation: 9.869095
+ for repeat in 1 2 3
+ echo ' Repeat=3'
 Repeat=3
+ ./omp_smithW-v6.2-target-inlined.out 5664 5664
Problem size: Matrix[5664][5664], FACTOR=128 CUTOFF=1024
Total memory footprint is:244 MB
Using 44 out of max 44 threads...
The number of target devices =4
### Able to use the GPU! ### 

Elapsed time for scoring matrix computation: 9.878439
+ for N_SIZE in '{32..26000..512}'
+ let 'counter += 1'
+ echo 'running count=13, problem M=6176 N=6176'
running count=13, problem M=6176 N=6176
+ for repeat in 1 2 3
+ echo ' Repeat=1'
 Repeat=1
+ ./omp_smithW-v6.2-target-inlined.out 6176 6176
Problem size: Matrix[6176][6176], FACTOR=128 CUTOFF=1024
Total memory footprint is:291 MB
Using 44 out of max 44 threads...
The number of target devices =4
### Able to use the GPU! ### 

Elapsed time for scoring matrix computation: 11.732646
+ for repeat in 1 2 3
+ echo ' Repeat=2'
 Repeat=2
+ ./omp_smithW-v6.2-target-inlined.out 6176 6176
Problem size: Matrix[6176][6176], FACTOR=128 CUTOFF=1024
Total memory footprint is:291 MB
Using 44 out of max 44 threads...
The number of target devices =4
### Able to use the GPU! ### 

Elapsed time for scoring matrix computation: 11.731600
+ for repeat in 1 2 3
+ echo ' Repeat=3'
 Repeat=3
+ ./omp_smithW-v6.2-target-inlined.out 6176 6176
Problem size: Matrix[6176][6176], FACTOR=128 CUTOFF=1024
Total memory footprint is:291 MB
Using 44 out of max 44 threads...
The number of target devices =4
### Able to use the GPU! ### 

Elapsed time for scoring matrix computation: 11.729167
+ for N_SIZE in '{32..26000..512}'
+ let 'counter += 1'
+ echo 'running count=14, problem M=6688 N=6688'
running count=14, problem M=6688 N=6688
+ for repeat in 1 2 3
+ echo ' Repeat=1'
 Repeat=1
+ ./omp_smithW-v6.2-target-inlined.out 6688 6688
Problem size: Matrix[6688][6688], FACTOR=128 CUTOFF=1024
Total memory footprint is:341 MB
Using 44 out of max 44 threads...
The number of target devices =4
### Able to use the GPU! ### 

Elapsed time for scoring matrix computation: 13.733635
+ for repeat in 1 2 3
+ echo ' Repeat=2'
 Repeat=2
+ ./omp_smithW-v6.2-target-inlined.out 6688 6688
Problem size: Matrix[6688][6688], FACTOR=128 CUTOFF=1024
Total memory footprint is:341 MB
Using 44 out of max 44 threads...
The number of target devices =4
### Able to use the GPU! ### 

Elapsed time for scoring matrix computation: 13.741930
+ for repeat in 1 2 3
+ echo ' Repeat=3'
 Repeat=3
+ ./omp_smithW-v6.2-target-inlined.out 6688 6688
Problem size: Matrix[6688][6688], FACTOR=128 CUTOFF=1024
Total memory footprint is:341 MB
Using 44 out of max 44 threads...
The number of target devices =4
### Able to use the GPU! ### 

Elapsed time for scoring matrix computation: 13.733274
+ for N_SIZE in '{32..26000..512}'
+ let 'counter += 1'
+ echo 'running count=15, problem M=7200 N=7200'
running count=15, problem M=7200 N=7200
+ for repeat in 1 2 3
+ echo ' Repeat=1'
 Repeat=1
+ ./omp_smithW-v6.2-target-inlined.out 7200 7200
Problem size: Matrix[7200][7200], FACTOR=128 CUTOFF=1024
Total memory footprint is:395 MB
Using 44 out of max 44 threads...
The number of target devices =4
### Able to use the GPU! ### 

Elapsed time for scoring matrix computation: 15.927421
+ for repeat in 1 2 3
+ echo ' Repeat=2'
 Repeat=2
+ ./omp_smithW-v6.2-target-inlined.out 7200 7200
Problem size: Matrix[7200][7200], FACTOR=128 CUTOFF=1024
Total memory footprint is:395 MB
Using 44 out of max 44 threads...
The number of target devices =4
### Able to use the GPU! ### 

Elapsed time for scoring matrix computation: 15.922941
+ for repeat in 1 2 3
+ echo ' Repeat=3'
 Repeat=3
+ ./omp_smithW-v6.2-target-inlined.out 7200 7200
Problem size: Matrix[7200][7200], FACTOR=128 CUTOFF=1024
Total memory footprint is:395 MB
Using 44 out of max 44 threads...
The number of target devices =4
### Able to use the GPU! ### 

Elapsed time for scoring matrix computation: 15.923885
+ for N_SIZE in '{32..26000..512}'
+ let 'counter += 1'
+ echo 'running count=16, problem M=7712 N=7712'
running count=16, problem M=7712 N=7712
+ for repeat in 1 2 3
+ echo ' Repeat=1'
 Repeat=1
+ ./omp_smithW-v6.2-target-inlined.out 7712 7712
Problem size: Matrix[7712][7712], FACTOR=128 CUTOFF=1024
Total memory footprint is:453 MB
Using 44 out of max 44 threads...
The number of target devices =4
### Able to use the GPU! ### 

Elapsed time for scoring matrix computation: 18.232079
+ for repeat in 1 2 3
+ echo ' Repeat=2'
 Repeat=2
+ ./omp_smithW-v6.2-target-inlined.out 7712 7712
Problem size: Matrix[7712][7712], FACTOR=128 CUTOFF=1024
Total memory footprint is:453 MB
Using 44 out of max 44 threads...
The number of target devices =4
### Able to use the GPU! ### 

Elapsed time for scoring matrix computation: 18.259195
+ for repeat in 1 2 3
+ echo ' Repeat=3'
 Repeat=3
+ ./omp_smithW-v6.2-target-inlined.out 7712 7712
Problem size: Matrix[7712][7712], FACTOR=128 CUTOFF=1024
Total memory footprint is:453 MB
Using 44 out of max 44 threads...
The number of target devices =4
### Able to use the GPU! ### 

Elapsed time for scoring matrix computation: 18.254956
+ for N_SIZE in '{32..26000..512}'
+ let 'counter += 1'
+ echo 'running count=17, problem M=8224 N=8224'
running count=17, problem M=8224 N=8224
+ for repeat in 1 2 3
+ echo ' Repeat=1'
 Repeat=1
+ ./omp_smithW-v6.2-target-inlined.out 8224 8224
Problem size: Matrix[8224][8224], FACTOR=128 CUTOFF=1024
Total memory footprint is:516 MB
Using 44 out of max 44 threads...
The number of target devices =4
### Able to use the GPU! ### 

Elapsed time for scoring matrix computation: 20.741658
+ for repeat in 1 2 3
+ echo ' Repeat=2'
 Repeat=2
+ ./omp_smithW-v6.2-target-inlined.out 8224 8224
Problem size: Matrix[8224][8224], FACTOR=128 CUTOFF=1024
Total memory footprint is:516 MB
Using 44 out of max 44 threads...
The number of target devices =4
### Able to use the GPU! ### 

Elapsed time for scoring matrix computation: 20.706424
+ for repeat in 1 2 3
+ echo ' Repeat=3'
 Repeat=3
+ ./omp_smithW-v6.2-target-inlined.out 8224 8224
Problem size: Matrix[8224][8224], FACTOR=128 CUTOFF=1024
Total memory footprint is:516 MB
Using 44 out of max 44 threads...
The number of target devices =4
### Able to use the GPU! ### 

Elapsed time for scoring matrix computation: 20.734587
+ for N_SIZE in '{32..26000..512}'
+ let 'counter += 1'
+ echo 'running count=18, problem M=8736 N=8736'
running count=18, problem M=8736 N=8736
+ for repeat in 1 2 3
+ echo ' Repeat=1'
 Repeat=1
+ ./omp_smithW-v6.2-target-inlined.out 8736 8736
Problem size: Matrix[8736][8736], FACTOR=128 CUTOFF=1024
Total memory footprint is:582 MB
Using 44 out of max 44 threads...
The number of target devices =4
### Able to use the GPU! ### 

Elapsed time for scoring matrix computation: 23.385300
+ for repeat in 1 2 3
+ echo ' Repeat=2'
 Repeat=2
+ ./omp_smithW-v6.2-target-inlined.out 8736 8736
Problem size: Matrix[8736][8736], FACTOR=128 CUTOFF=1024
Total memory footprint is:582 MB
Using 44 out of max 44 threads...
The number of target devices =4
### Able to use the GPU! ### 

Elapsed time for scoring matrix computation: 23.399265
+ for repeat in 1 2 3
+ echo ' Repeat=3'
 Repeat=3
+ ./omp_smithW-v6.2-target-inlined.out 8736 8736
Problem size: Matrix[8736][8736], FACTOR=128 CUTOFF=1024
Total memory footprint is:582 MB
Using 44 out of max 44 threads...
The number of target devices =4
### Able to use the GPU! ### 

Elapsed time for scoring matrix computation: 23.390270
+ for N_SIZE in '{32..26000..512}'
+ let 'counter += 1'
+ echo 'running count=19, problem M=9248 N=9248'
running count=19, problem M=9248 N=9248
+ for repeat in 1 2 3
+ echo ' Repeat=1'
 Repeat=1
+ ./omp_smithW-v6.2-target-inlined.out 9248 9248
Problem size: Matrix[9248][9248], FACTOR=128 CUTOFF=1024
Total memory footprint is:652 MB
Using 44 out of max 44 threads...
The number of target devices =4
### Able to use the GPU! ### 

Elapsed time for scoring matrix computation: 26.187532
+ for repeat in 1 2 3
+ echo ' Repeat=2'
 Repeat=2
+ ./omp_smithW-v6.2-target-inlined.out 9248 9248
Problem size: Matrix[9248][9248], FACTOR=128 CUTOFF=1024
Total memory footprint is:652 MB
Using 44 out of max 44 threads...
The number of target devices =4
### Able to use the GPU! ### 

Elapsed time for scoring matrix computation: 26.143430
+ for repeat in 1 2 3
+ echo ' Repeat=3'
 Repeat=3
+ ./omp_smithW-v6.2-target-inlined.out 9248 9248
Problem size: Matrix[9248][9248], FACTOR=128 CUTOFF=1024
Total memory footprint is:652 MB
Using 44 out of max 44 threads...
The number of target devices =4
### Able to use the GPU! ### 

Elapsed time for scoring matrix computation: 26.190379
+ for N_SIZE in '{32..26000..512}'
+ let 'counter += 1'
+ echo 'running count=20, problem M=9760 N=9760'
running count=20, problem M=9760 N=9760
+ for repeat in 1 2 3
+ echo ' Repeat=1'
 Repeat=1
+ ./omp_smithW-v6.2-target-inlined.out 9760 9760
Problem size: Matrix[9760][9760], FACTOR=128 CUTOFF=1024
Total memory footprint is:726 MB
Using 44 out of max 44 threads...
The number of target devices =4
### Able to use the GPU! ### 

Elapsed time for scoring matrix computation: 29.091878
+ for repeat in 1 2 3
+ echo ' Repeat=2'
 Repeat=2
+ ./omp_smithW-v6.2-target-inlined.out 9760 9760
Problem size: Matrix[9760][9760], FACTOR=128 CUTOFF=1024
Total memory footprint is:726 MB
Using 44 out of max 44 threads...
The number of target devices =4
### Able to use the GPU! ### 

Elapsed time for scoring matrix computation: 29.149901
+ for repeat in 1 2 3
+ echo ' Repeat=3'
 Repeat=3
+ ./omp_smithW-v6.2-target-inlined.out 9760 9760
Problem size: Matrix[9760][9760], FACTOR=128 CUTOFF=1024
Total memory footprint is:726 MB
Using 44 out of max 44 threads...
The number of target devices =4
### Able to use the GPU! ### 

Elapsed time for scoring matrix computation: 29.132430
+ for N_SIZE in '{32..26000..512}'
+ let 'counter += 1'
+ echo 'running count=21, problem M=10272 N=10272'
running count=21, problem M=10272 N=10272
+ for repeat in 1 2 3
+ echo ' Repeat=1'
 Repeat=1
+ ./omp_smithW-v6.2-target-inlined.out 10272 10272
Problem size: Matrix[10272][10272], FACTOR=128 CUTOFF=1024
Total memory footprint is:805 MB
Using 44 out of max 44 threads...
The number of target devices =4
### Able to use the GPU! ### 

Elapsed time for scoring matrix computation: 32.207377
+ for repeat in 1 2 3
+ echo ' Repeat=2'
 Repeat=2
+ ./omp_smithW-v6.2-target-inlined.out 10272 10272
Problem size: Matrix[10272][10272], FACTOR=128 CUTOFF=1024
Total memory footprint is:805 MB
Using 44 out of max 44 threads...
The number of target devices =4
### Able to use the GPU! ### 

Elapsed time for scoring matrix computation: 32.200614
+ for repeat in 1 2 3
+ echo ' Repeat=3'
 Repeat=3
+ ./omp_smithW-v6.2-target-inlined.out 10272 10272
Problem size: Matrix[10272][10272], FACTOR=128 CUTOFF=1024
Total memory footprint is:805 MB
Using 44 out of max 44 threads...
The number of target devices =4
### Able to use the GPU! ### 

Elapsed time for scoring matrix computation: 32.240480
+ for N_SIZE in '{32..26000..512}'
+ let 'counter += 1'
+ echo 'running count=22, problem M=10784 N=10784'
running count=22, problem M=10784 N=10784
+ for repeat in 1 2 3
+ echo ' Repeat=1'
 Repeat=1
+ ./omp_smithW-v6.2-target-inlined.out 10784 10784
Problem size: Matrix[10784][10784], FACTOR=128 CUTOFF=1024
Total memory footprint is:887 MB
Using 44 out of max 44 threads...
The number of target devices =4
### Able to use the GPU! ### 

Elapsed time for scoring matrix computation: 35.513365
+ for repeat in 1 2 3
+ echo ' Repeat=2'
 Repeat=2
+ ./omp_smithW-v6.2-target-inlined.out 10784 10784
Problem size: Matrix[10784][10784], FACTOR=128 CUTOFF=1024
Total memory footprint is:887 MB
Using 44 out of max 44 threads...
The number of target devices =4
### Able to use the GPU! ### 

Elapsed time for scoring matrix computation: 35.441560
+ for repeat in 1 2 3
+ echo ' Repeat=3'
 Repeat=3
+ ./omp_smithW-v6.2-target-inlined.out 10784 10784
Problem size: Matrix[10784][10784], FACTOR=128 CUTOFF=1024
Total memory footprint is:887 MB
Using 44 out of max 44 threads...
The number of target devices =4
### Able to use the GPU! ### 

Elapsed time for scoring matrix computation: 35.496412
+ for N_SIZE in '{32..26000..512}'
+ let 'counter += 1'
+ echo 'running count=23, problem M=11296 N=11296'
running count=23, problem M=11296 N=11296
+ for repeat in 1 2 3
+ echo ' Repeat=1'
 Repeat=1
+ ./omp_smithW-v6.2-target-inlined.out 11296 11296
Problem size: Matrix[11296][11296], FACTOR=128 CUTOFF=1024
Total memory footprint is:973 MB
Using 44 out of max 44 threads...
The number of target devices =4
### Able to use the GPU! ### 

Elapsed time for scoring matrix computation: 38.889304
+ for repeat in 1 2 3
+ echo ' Repeat=2'
 Repeat=2
+ ./omp_smithW-v6.2-target-inlined.out 11296 11296
Problem size: Matrix[11296][11296], FACTOR=128 CUTOFF=1024
Total memory footprint is:973 MB
Using 44 out of max 44 threads...
The number of target devices =4
### Able to use the GPU! ### 

Elapsed time for scoring matrix computation: 38.972646
+ for repeat in 1 2 3
+ echo ' Repeat=3'
 Repeat=3
+ ./omp_smithW-v6.2-target-inlined.out 11296 11296
Problem size: Matrix[11296][11296], FACTOR=128 CUTOFF=1024
Total memory footprint is:973 MB
Using 44 out of max 44 threads...
The number of target devices =4
### Able to use the GPU! ### 

Elapsed time for scoring matrix computation: 38.999578
+ for N_SIZE in '{32..26000..512}'
+ let 'counter += 1'
+ echo 'running count=24, problem M=11808 N=11808'
running count=24, problem M=11808 N=11808
+ for repeat in 1 2 3
+ echo ' Repeat=1'
 Repeat=1
+ ./omp_smithW-v6.2-target-inlined.out 11808 11808
Problem size: Matrix[11808][11808], FACTOR=128 CUTOFF=1024
Total memory footprint is:1 GB
Using 44 out of max 44 threads...
The number of target devices =4
### Able to use the GPU! ### 

Elapsed time for scoring matrix computation: 42.678804
+ for repeat in 1 2 3
+ echo ' Repeat=2'
 Repeat=2
+ ./omp_smithW-v6.2-target-inlined.out 11808 11808
Problem size: Matrix[11808][11808], FACTOR=128 CUTOFF=1024
Total memory footprint is:1 GB
Using 44 out of max 44 threads...
The number of target devices =4
### Able to use the GPU! ### 

Elapsed time for scoring matrix computation: 42.674047
+ for repeat in 1 2 3
+ echo ' Repeat=3'
 Repeat=3
+ ./omp_smithW-v6.2-target-inlined.out 11808 11808
Problem size: Matrix[11808][11808], FACTOR=128 CUTOFF=1024
Total memory footprint is:1 GB
Using 44 out of max 44 threads...
The number of target devices =4
### Able to use the GPU! ### 

Elapsed time for scoring matrix computation: 42.661531
+ for N_SIZE in '{32..26000..512}'
+ let 'counter += 1'
+ echo 'running count=25, problem M=12320 N=12320'
running count=25, problem M=12320 N=12320
+ for repeat in 1 2 3
+ echo ' Repeat=1'
 Repeat=1
+ ./omp_smithW-v6.2-target-inlined.out 12320 12320
Problem size: Matrix[12320][12320], FACTOR=128 CUTOFF=1024
Total memory footprint is:1 GB
Using 44 out of max 44 threads...
The number of target devices =4
### Able to use the GPU! ### 

Elapsed time for scoring matrix computation: 46.343221
+ for repeat in 1 2 3
+ echo ' Repeat=2'
 Repeat=2
+ ./omp_smithW-v6.2-target-inlined.out 12320 12320
Problem size: Matrix[12320][12320], FACTOR=128 CUTOFF=1024
Total memory footprint is:1 GB
Using 44 out of max 44 threads...
The number of target devices =4
### Able to use the GPU! ### 

Elapsed time for scoring matrix computation: 46.361880
+ for repeat in 1 2 3
+ echo ' Repeat=3'
 Repeat=3
+ ./omp_smithW-v6.2-target-inlined.out 12320 12320
Problem size: Matrix[12320][12320], FACTOR=128 CUTOFF=1024
Total memory footprint is:1 GB
Using 44 out of max 44 threads...
The number of target devices =4
### Able to use the GPU! ### 

Elapsed time for scoring matrix computation: 46.319021
+ for N_SIZE in '{32..26000..512}'
+ let 'counter += 1'
+ echo 'running count=26, problem M=12832 N=12832'
running count=26, problem M=12832 N=12832
+ for repeat in 1 2 3
+ echo ' Repeat=1'
 Repeat=1
+ ./omp_smithW-v6.2-target-inlined.out 12832 12832
Problem size: Matrix[12832][12832], FACTOR=128 CUTOFF=1024
Total memory footprint is:1 GB
Using 44 out of max 44 threads...
The number of target devices =4
### Able to use the GPU! ### 

Elapsed time for scoring matrix computation: 50.334822
+ for repeat in 1 2 3
+ echo ' Repeat=2'
 Repeat=2
+ ./omp_smithW-v6.2-target-inlined.out 12832 12832
Problem size: Matrix[12832][12832], FACTOR=128 CUTOFF=1024
Total memory footprint is:1 GB
Using 44 out of max 44 threads...
The number of target devices =4
### Able to use the GPU! ### 

Elapsed time for scoring matrix computation: 50.347356
+ for repeat in 1 2 3
+ echo ' Repeat=3'
 Repeat=3
+ ./omp_smithW-v6.2-target-inlined.out 12832 12832
Problem size: Matrix[12832][12832], FACTOR=128 CUTOFF=1024
Total memory footprint is:1 GB
Using 44 out of max 44 threads...
The number of target devices =4
### Able to use the GPU! ### 

Elapsed time for scoring matrix computation: 50.331745
+ for N_SIZE in '{32..26000..512}'
+ let 'counter += 1'
+ echo 'running count=27, problem M=13344 N=13344'
running count=27, problem M=13344 N=13344
+ for repeat in 1 2 3
+ echo ' Repeat=1'
 Repeat=1
+ ./omp_smithW-v6.2-target-inlined.out 13344 13344
Problem size: Matrix[13344][13344], FACTOR=128 CUTOFF=1024
Total memory footprint is:1 GB
Using 44 out of max 44 threads...
The number of target devices =4
### Able to use the GPU! ### 

Elapsed time for scoring matrix computation: 54.399555
+ for repeat in 1 2 3
+ echo ' Repeat=2'
 Repeat=2
+ ./omp_smithW-v6.2-target-inlined.out 13344 13344
Problem size: Matrix[13344][13344], FACTOR=128 CUTOFF=1024
Total memory footprint is:1 GB
Using 44 out of max 44 threads...
The number of target devices =4
### Able to use the GPU! ### 

Elapsed time for scoring matrix computation: 54.487816
+ for repeat in 1 2 3
+ echo ' Repeat=3'
 Repeat=3
+ ./omp_smithW-v6.2-target-inlined.out 13344 13344
Problem size: Matrix[13344][13344], FACTOR=128 CUTOFF=1024
Total memory footprint is:1 GB
Using 44 out of max 44 threads...
The number of target devices =4
### Able to use the GPU! ### 

Elapsed time for scoring matrix computation: 54.389326
+ for N_SIZE in '{32..26000..512}'
+ let 'counter += 1'
+ echo 'running count=28, problem M=13856 N=13856'
running count=28, problem M=13856 N=13856
+ for repeat in 1 2 3
+ echo ' Repeat=1'
 Repeat=1
+ ./omp_smithW-v6.2-target-inlined.out 13856 13856
Problem size: Matrix[13856][13856], FACTOR=128 CUTOFF=1024
Total memory footprint is:1 GB
Using 44 out of max 44 threads...
The number of target devices =4
### Able to use the GPU! ### 

Elapsed time for scoring matrix computation: 58.714445
+ for repeat in 1 2 3
+ echo ' Repeat=2'
 Repeat=2
+ ./omp_smithW-v6.2-target-inlined.out 13856 13856
Problem size: Matrix[13856][13856], FACTOR=128 CUTOFF=1024
Total memory footprint is:1 GB
Using 44 out of max 44 threads...
The number of target devices =4
### Able to use the GPU! ### 

Elapsed time for scoring matrix computation: 58.678486
+ for repeat in 1 2 3
+ echo ' Repeat=3'
 Repeat=3
+ ./omp_smithW-v6.2-target-inlined.out 13856 13856
Problem size: Matrix[13856][13856], FACTOR=128 CUTOFF=1024
Total memory footprint is:1 GB
Using 44 out of max 44 threads...
The number of target devices =4
### Able to use the GPU! ### 

Elapsed time for scoring matrix computation: 58.740814
+ for N_SIZE in '{32..26000..512}'
+ let 'counter += 1'
+ echo 'running count=29, problem M=14368 N=14368'
running count=29, problem M=14368 N=14368
+ for repeat in 1 2 3
+ echo ' Repeat=1'
 Repeat=1
+ ./omp_smithW-v6.2-target-inlined.out 14368 14368
