+ EXE_FILE=omp_smithW-v6.3-target-inlined.out
++ date +%Y%m%d_%H%M%S
+ TIMESTAMP=20210524_203830
++ uname -n
+ NODE_NAME=lassen12
++ uname -m
+ HARDWAREE_NAME=ppc64le
+ rm omp_smithW-v6.3-target-inlined.out
+ make ./omp_smithW-v6.3-target-inlined.out
clang++  -O3 -g -std=c++11 -DSKIP_BACKTRACK=1 -fopenmp -fopenmp-targets=nvptx64-nvidia-cuda  -o omp_smithW-v6.3-target-inlined.out omp_smithW-v6.3-target-inlined.cpp
+ export OMP_NUM_THREADS=44
+ OMP_NUM_THREADS=44
+ counter=
+ for N_SIZE in '{32..26000..512}'
+ let 'counter += 1'
+ echo 'running count=1, problem M=32 N=32'
running count=1, problem M=32 N=32
+ for repeat in 1 2 3 4 5
+ echo ' Repeat=1'
 Repeat=1
+ ./omp_smithW-v6.3-target-inlined.out 32 32
Problem size: Matrix[32][32], FACTOR=128 CUTOFF=1024
Total memory footprint is:0 MB
Using 44 out of max 44 threads...
The number of target devices =4
### Able to use the GPU! ### 

Elapsed time for scoring matrix computation: 0.001279
+ for repeat in 1 2 3 4 5
+ echo ' Repeat=2'
 Repeat=2
+ ./omp_smithW-v6.3-target-inlined.out 32 32
Problem size: Matrix[32][32], FACTOR=128 CUTOFF=1024
Total memory footprint is:0 MB
Using 44 out of max 44 threads...
The number of target devices =4
### Able to use the GPU! ### 

Elapsed time for scoring matrix computation: 0.001277
+ for repeat in 1 2 3 4 5
+ echo ' Repeat=3'
 Repeat=3
+ ./omp_smithW-v6.3-target-inlined.out 32 32
Problem size: Matrix[32][32], FACTOR=128 CUTOFF=1024
Total memory footprint is:0 MB
Using 44 out of max 44 threads...
The number of target devices =4
### Able to use the GPU! ### 

Elapsed time for scoring matrix computation: 0.001283
+ for repeat in 1 2 3 4 5
+ echo ' Repeat=4'
 Repeat=4
+ ./omp_smithW-v6.3-target-inlined.out 32 32
Problem size: Matrix[32][32], FACTOR=128 CUTOFF=1024
Total memory footprint is:0 MB
Using 44 out of max 44 threads...
The number of target devices =4
### Able to use the GPU! ### 

Elapsed time for scoring matrix computation: 0.001281
+ for repeat in 1 2 3 4 5
+ echo ' Repeat=5'
 Repeat=5
+ ./omp_smithW-v6.3-target-inlined.out 32 32
Problem size: Matrix[32][32], FACTOR=128 CUTOFF=1024
Total memory footprint is:0 MB
Using 44 out of max 44 threads...
The number of target devices =4
### Able to use the GPU! ### 

Elapsed time for scoring matrix computation: 0.001280
+ for N_SIZE in '{32..26000..512}'
+ let 'counter += 1'
+ echo 'running count=2, problem M=544 N=544'
running count=2, problem M=544 N=544
+ for repeat in 1 2 3 4 5
+ echo ' Repeat=1'
 Repeat=1
+ ./omp_smithW-v6.3-target-inlined.out 544 544
Problem size: Matrix[544][544], FACTOR=128 CUTOFF=1024
Total memory footprint is:2 MB
Using 44 out of max 44 threads...
The number of target devices =4
### Able to use the GPU! ### 

Elapsed time for scoring matrix computation: 0.023005
+ for repeat in 1 2 3 4 5
+ echo ' Repeat=2'
 Repeat=2
+ ./omp_smithW-v6.3-target-inlined.out 544 544
Problem size: Matrix[544][544], FACTOR=128 CUTOFF=1024
Total memory footprint is:2 MB
Using 44 out of max 44 threads...
The number of target devices =4
### Able to use the GPU! ### 

Elapsed time for scoring matrix computation: 0.023022
+ for repeat in 1 2 3 4 5
+ echo ' Repeat=3'
 Repeat=3
+ ./omp_smithW-v6.3-target-inlined.out 544 544
Problem size: Matrix[544][544], FACTOR=128 CUTOFF=1024
Total memory footprint is:2 MB
Using 44 out of max 44 threads...
The number of target devices =4
### Able to use the GPU! ### 

Elapsed time for scoring matrix computation: 0.022934
+ for repeat in 1 2 3 4 5
+ echo ' Repeat=4'
 Repeat=4
+ ./omp_smithW-v6.3-target-inlined.out 544 544
Problem size: Matrix[544][544], FACTOR=128 CUTOFF=1024
Total memory footprint is:2 MB
Using 44 out of max 44 threads...
The number of target devices =4
### Able to use the GPU! ### 

Elapsed time for scoring matrix computation: 0.022919
+ for repeat in 1 2 3 4 5
+ echo ' Repeat=5'
 Repeat=5
+ ./omp_smithW-v6.3-target-inlined.out 544 544
Problem size: Matrix[544][544], FACTOR=128 CUTOFF=1024
Total memory footprint is:2 MB
Using 44 out of max 44 threads...
The number of target devices =4
### Able to use the GPU! ### 

Elapsed time for scoring matrix computation: 0.022812
+ for N_SIZE in '{32..26000..512}'
+ let 'counter += 1'
+ echo 'running count=3, problem M=1056 N=1056'
running count=3, problem M=1056 N=1056
+ for repeat in 1 2 3 4 5
+ echo ' Repeat=1'
 Repeat=1
+ ./omp_smithW-v6.3-target-inlined.out 1056 1056
Problem size: Matrix[1056][1056], FACTOR=128 CUTOFF=1024
Total memory footprint is:8 MB
Using 44 out of max 44 threads...
The number of target devices =4
### Able to use the GPU! ### 

Elapsed time for scoring matrix computation: 0.048395
+ for repeat in 1 2 3 4 5
+ echo ' Repeat=2'
 Repeat=2
+ ./omp_smithW-v6.3-target-inlined.out 1056 1056
Problem size: Matrix[1056][1056], FACTOR=128 CUTOFF=1024
Total memory footprint is:8 MB
Using 44 out of max 44 threads...
The number of target devices =4
### Able to use the GPU! ### 

Elapsed time for scoring matrix computation: 0.047867
+ for repeat in 1 2 3 4 5
+ echo ' Repeat=3'
 Repeat=3
+ ./omp_smithW-v6.3-target-inlined.out 1056 1056
Problem size: Matrix[1056][1056], FACTOR=128 CUTOFF=1024
Total memory footprint is:8 MB
Using 44 out of max 44 threads...
The number of target devices =4
### Able to use the GPU! ### 

Elapsed time for scoring matrix computation: 0.047391
+ for repeat in 1 2 3 4 5
+ echo ' Repeat=4'
 Repeat=4
+ ./omp_smithW-v6.3-target-inlined.out 1056 1056
Problem size: Matrix[1056][1056], FACTOR=128 CUTOFF=1024
Total memory footprint is:8 MB
Using 44 out of max 44 threads...
The number of target devices =4
### Able to use the GPU! ### 

Elapsed time for scoring matrix computation: 0.047584
+ for repeat in 1 2 3 4 5
+ echo ' Repeat=5'
 Repeat=5
+ ./omp_smithW-v6.3-target-inlined.out 1056 1056
Problem size: Matrix[1056][1056], FACTOR=128 CUTOFF=1024
Total memory footprint is:8 MB
Using 44 out of max 44 threads...
The number of target devices =4
### Able to use the GPU! ### 

Elapsed time for scoring matrix computation: 0.047571
+ for N_SIZE in '{32..26000..512}'
+ let 'counter += 1'
+ echo 'running count=4, problem M=1568 N=1568'
running count=4, problem M=1568 N=1568
+ for repeat in 1 2 3 4 5
+ echo ' Repeat=1'
 Repeat=1
+ ./omp_smithW-v6.3-target-inlined.out 1568 1568
Problem size: Matrix[1568][1568], FACTOR=128 CUTOFF=1024
Total memory footprint is:18 MB
Using 44 out of max 44 threads...
The number of target devices =4
### Able to use the GPU! ### 

Elapsed time for scoring matrix computation: 0.075648
+ for repeat in 1 2 3 4 5
+ echo ' Repeat=2'
 Repeat=2
+ ./omp_smithW-v6.3-target-inlined.out 1568 1568
Problem size: Matrix[1568][1568], FACTOR=128 CUTOFF=1024
Total memory footprint is:18 MB
Using 44 out of max 44 threads...
The number of target devices =4
### Able to use the GPU! ### 

Elapsed time for scoring matrix computation: 0.075023
+ for repeat in 1 2 3 4 5
+ echo ' Repeat=3'
 Repeat=3
+ ./omp_smithW-v6.3-target-inlined.out 1568 1568
Problem size: Matrix[1568][1568], FACTOR=128 CUTOFF=1024
Total memory footprint is:18 MB
Using 44 out of max 44 threads...
The number of target devices =4
### Able to use the GPU! ### 

Elapsed time for scoring matrix computation: 0.075441
+ for repeat in 1 2 3 4 5
+ echo ' Repeat=4'
 Repeat=4
+ ./omp_smithW-v6.3-target-inlined.out 1568 1568
Problem size: Matrix[1568][1568], FACTOR=128 CUTOFF=1024
Total memory footprint is:18 MB
Using 44 out of max 44 threads...
The number of target devices =4
### Able to use the GPU! ### 

Elapsed time for scoring matrix computation: 0.075503
+ for repeat in 1 2 3 4 5
+ echo ' Repeat=5'
 Repeat=5
+ ./omp_smithW-v6.3-target-inlined.out 1568 1568
Problem size: Matrix[1568][1568], FACTOR=128 CUTOFF=1024
Total memory footprint is:18 MB
Using 44 out of max 44 threads...
The number of target devices =4
### Able to use the GPU! ### 

Elapsed time for scoring matrix computation: 0.075664
+ for N_SIZE in '{32..26000..512}'
+ let 'counter += 1'
+ echo 'running count=5, problem M=2080 N=2080'
running count=5, problem M=2080 N=2080
+ for repeat in 1 2 3 4 5
+ echo ' Repeat=1'
 Repeat=1
+ ./omp_smithW-v6.3-target-inlined.out 2080 2080
Problem size: Matrix[2080][2080], FACTOR=128 CUTOFF=1024
Total memory footprint is:33 MB
Using 44 out of max 44 threads...
The number of target devices =4
### Able to use the GPU! ### 

Elapsed time for scoring matrix computation: 0.106236
+ for repeat in 1 2 3 4 5
+ echo ' Repeat=2'
 Repeat=2
+ ./omp_smithW-v6.3-target-inlined.out 2080 2080
Problem size: Matrix[2080][2080], FACTOR=128 CUTOFF=1024
Total memory footprint is:33 MB
Using 44 out of max 44 threads...
The number of target devices =4
### Able to use the GPU! ### 

Elapsed time for scoring matrix computation: 0.106686
+ for repeat in 1 2 3 4 5
+ echo ' Repeat=3'
 Repeat=3
+ ./omp_smithW-v6.3-target-inlined.out 2080 2080
Problem size: Matrix[2080][2080], FACTOR=128 CUTOFF=1024
Total memory footprint is:33 MB
Using 44 out of max 44 threads...
The number of target devices =4
### Able to use the GPU! ### 

Elapsed time for scoring matrix computation: 0.105412
+ for repeat in 1 2 3 4 5
+ echo ' Repeat=4'
 Repeat=4
+ ./omp_smithW-v6.3-target-inlined.out 2080 2080
Problem size: Matrix[2080][2080], FACTOR=128 CUTOFF=1024
Total memory footprint is:33 MB
Using 44 out of max 44 threads...
The number of target devices =4
### Able to use the GPU! ### 

Elapsed time for scoring matrix computation: 0.104841
+ for repeat in 1 2 3 4 5
+ echo ' Repeat=5'
 Repeat=5
+ ./omp_smithW-v6.3-target-inlined.out 2080 2080
Problem size: Matrix[2080][2080], FACTOR=128 CUTOFF=1024
Total memory footprint is:33 MB
Using 44 out of max 44 threads...
The number of target devices =4
### Able to use the GPU! ### 

Elapsed time for scoring matrix computation: 0.104565
+ for N_SIZE in '{32..26000..512}'
+ let 'counter += 1'
+ echo 'running count=6, problem M=2592 N=2592'
running count=6, problem M=2592 N=2592
+ for repeat in 1 2 3 4 5
+ echo ' Repeat=1'
 Repeat=1
+ ./omp_smithW-v6.3-target-inlined.out 2592 2592
Problem size: Matrix[2592][2592], FACTOR=128 CUTOFF=1024
Total memory footprint is:51 MB
Using 44 out of max 44 threads...
The number of target devices =4
### Able to use the GPU! ### 

Elapsed time for scoring matrix computation: 0.139996
+ for repeat in 1 2 3 4 5
+ echo ' Repeat=2'
 Repeat=2
+ ./omp_smithW-v6.3-target-inlined.out 2592 2592
Problem size: Matrix[2592][2592], FACTOR=128 CUTOFF=1024
Total memory footprint is:51 MB
Using 44 out of max 44 threads...
The number of target devices =4
### Able to use the GPU! ### 

Elapsed time for scoring matrix computation: 0.141022
+ for repeat in 1 2 3 4 5
+ echo ' Repeat=3'
 Repeat=3
+ ./omp_smithW-v6.3-target-inlined.out 2592 2592
Problem size: Matrix[2592][2592], FACTOR=128 CUTOFF=1024
Total memory footprint is:51 MB
Using 44 out of max 44 threads...
The number of target devices =4
### Able to use the GPU! ### 

Elapsed time for scoring matrix computation: 0.140689
+ for repeat in 1 2 3 4 5
+ echo ' Repeat=4'
 Repeat=4
+ ./omp_smithW-v6.3-target-inlined.out 2592 2592
Problem size: Matrix[2592][2592], FACTOR=128 CUTOFF=1024
Total memory footprint is:51 MB
Using 44 out of max 44 threads...
The number of target devices =4
### Able to use the GPU! ### 

Elapsed time for scoring matrix computation: 0.139877
+ for repeat in 1 2 3 4 5
+ echo ' Repeat=5'
 Repeat=5
+ ./omp_smithW-v6.3-target-inlined.out 2592 2592
Problem size: Matrix[2592][2592], FACTOR=128 CUTOFF=1024
Total memory footprint is:51 MB
Using 44 out of max 44 threads...
The number of target devices =4
### Able to use the GPU! ### 

Elapsed time for scoring matrix computation: 0.140596
+ for N_SIZE in '{32..26000..512}'
+ let 'counter += 1'
+ echo 'running count=7, problem M=3104 N=3104'
running count=7, problem M=3104 N=3104
+ for repeat in 1 2 3 4 5
+ echo ' Repeat=1'
 Repeat=1
+ ./omp_smithW-v6.3-target-inlined.out 3104 3104
Problem size: Matrix[3104][3104], FACTOR=128 CUTOFF=1024
Total memory footprint is:73 MB
Using 44 out of max 44 threads...
The number of target devices =4
### Able to use the GPU! ### 

Elapsed time for scoring matrix computation: 0.174018
+ for repeat in 1 2 3 4 5
+ echo ' Repeat=2'
 Repeat=2
+ ./omp_smithW-v6.3-target-inlined.out 3104 3104
Problem size: Matrix[3104][3104], FACTOR=128 CUTOFF=1024
Total memory footprint is:73 MB
Using 44 out of max 44 threads...
The number of target devices =4
### Able to use the GPU! ### 

Elapsed time for scoring matrix computation: 0.178445
+ for repeat in 1 2 3 4 5
+ echo ' Repeat=3'
 Repeat=3
+ ./omp_smithW-v6.3-target-inlined.out 3104 3104
Problem size: Matrix[3104][3104], FACTOR=128 CUTOFF=1024
Total memory footprint is:73 MB
Using 44 out of max 44 threads...
The number of target devices =4
### Able to use the GPU! ### 

Elapsed time for scoring matrix computation: 0.178166
+ for repeat in 1 2 3 4 5
+ echo ' Repeat=4'
 Repeat=4
+ ./omp_smithW-v6.3-target-inlined.out 3104 3104
Problem size: Matrix[3104][3104], FACTOR=128 CUTOFF=1024
Total memory footprint is:73 MB
Using 44 out of max 44 threads...
The number of target devices =4
### Able to use the GPU! ### 

Elapsed time for scoring matrix computation: 0.174122
+ for repeat in 1 2 3 4 5
+ echo ' Repeat=5'
 Repeat=5
+ ./omp_smithW-v6.3-target-inlined.out 3104 3104
Problem size: Matrix[3104][3104], FACTOR=128 CUTOFF=1024
Total memory footprint is:73 MB
Using 44 out of max 44 threads...
The number of target devices =4
### Able to use the GPU! ### 

Elapsed time for scoring matrix computation: 0.173876
+ for N_SIZE in '{32..26000..512}'
+ let 'counter += 1'
+ echo 'running count=8, problem M=3616 N=3616'
running count=8, problem M=3616 N=3616
+ for repeat in 1 2 3 4 5
+ echo ' Repeat=1'
 Repeat=1
+ ./omp_smithW-v6.3-target-inlined.out 3616 3616
Problem size: Matrix[3616][3616], FACTOR=128 CUTOFF=1024
Total memory footprint is:99 MB
Using 44 out of max 44 threads...
The number of target devices =4
### Able to use the GPU! ### 

Elapsed time for scoring matrix computation: 0.216247
+ for repeat in 1 2 3 4 5
+ echo ' Repeat=2'
 Repeat=2
+ ./omp_smithW-v6.3-target-inlined.out 3616 3616
Problem size: Matrix[3616][3616], FACTOR=128 CUTOFF=1024
Total memory footprint is:99 MB
Using 44 out of max 44 threads...
The number of target devices =4
### Able to use the GPU! ### 

Elapsed time for scoring matrix computation: 0.218620
+ for repeat in 1 2 3 4 5
+ echo ' Repeat=3'
 Repeat=3
+ ./omp_smithW-v6.3-target-inlined.out 3616 3616
Problem size: Matrix[3616][3616], FACTOR=128 CUTOFF=1024
Total memory footprint is:99 MB
Using 44 out of max 44 threads...
The number of target devices =4
### Able to use the GPU! ### 

Elapsed time for scoring matrix computation: 0.214875
+ for repeat in 1 2 3 4 5
+ echo ' Repeat=4'
 Repeat=4
+ ./omp_smithW-v6.3-target-inlined.out 3616 3616
Problem size: Matrix[3616][3616], FACTOR=128 CUTOFF=1024
Total memory footprint is:99 MB
Using 44 out of max 44 threads...
The number of target devices =4
### Able to use the GPU! ### 

Elapsed time for scoring matrix computation: 0.211103
+ for repeat in 1 2 3 4 5
+ echo ' Repeat=5'
 Repeat=5
+ ./omp_smithW-v6.3-target-inlined.out 3616 3616
Problem size: Matrix[3616][3616], FACTOR=128 CUTOFF=1024
Total memory footprint is:99 MB
Using 44 out of max 44 threads...
The number of target devices =4
### Able to use the GPU! ### 

Elapsed time for scoring matrix computation: 0.215701
+ for N_SIZE in '{32..26000..512}'
+ let 'counter += 1'
+ echo 'running count=9, problem M=4128 N=4128'
running count=9, problem M=4128 N=4128
+ for repeat in 1 2 3 4 5
+ echo ' Repeat=1'
 Repeat=1
+ ./omp_smithW-v6.3-target-inlined.out 4128 4128
Problem size: Matrix[4128][4128], FACTOR=128 CUTOFF=1024
Total memory footprint is:130 MB
Using 44 out of max 44 threads...
The number of target devices =4
### Able to use the GPU! ### 

Elapsed time for scoring matrix computation: 0.260719
+ for repeat in 1 2 3 4 5
+ echo ' Repeat=2'
 Repeat=2
+ ./omp_smithW-v6.3-target-inlined.out 4128 4128
Problem size: Matrix[4128][4128], FACTOR=128 CUTOFF=1024
Total memory footprint is:130 MB
Using 44 out of max 44 threads...
The number of target devices =4
### Able to use the GPU! ### 

Elapsed time for scoring matrix computation: 0.260712
+ for repeat in 1 2 3 4 5
+ echo ' Repeat=3'
 Repeat=3
+ ./omp_smithW-v6.3-target-inlined.out 4128 4128
Problem size: Matrix[4128][4128], FACTOR=128 CUTOFF=1024
Total memory footprint is:130 MB
Using 44 out of max 44 threads...
The number of target devices =4
### Able to use the GPU! ### 

Elapsed time for scoring matrix computation: 0.261412
+ for repeat in 1 2 3 4 5
+ echo ' Repeat=4'
 Repeat=4
+ ./omp_smithW-v6.3-target-inlined.out 4128 4128
Problem size: Matrix[4128][4128], FACTOR=128 CUTOFF=1024
Total memory footprint is:130 MB
Using 44 out of max 44 threads...
The number of target devices =4
### Able to use the GPU! ### 

Elapsed time for scoring matrix computation: 0.259185
+ for repeat in 1 2 3 4 5
+ echo ' Repeat=5'
 Repeat=5
+ ./omp_smithW-v6.3-target-inlined.out 4128 4128
Problem size: Matrix[4128][4128], FACTOR=128 CUTOFF=1024
Total memory footprint is:130 MB
Using 44 out of max 44 threads...
The number of target devices =4
### Able to use the GPU! ### 

Elapsed time for scoring matrix computation: 0.260598
+ for N_SIZE in '{32..26000..512}'
+ let 'counter += 1'
+ echo 'running count=10, problem M=4640 N=4640'
running count=10, problem M=4640 N=4640
+ for repeat in 1 2 3 4 5
+ echo ' Repeat=1'
 Repeat=1
+ ./omp_smithW-v6.3-target-inlined.out 4640 4640
Problem size: Matrix[4640][4640], FACTOR=128 CUTOFF=1024
Total memory footprint is:164 MB
Using 44 out of max 44 threads...
The number of target devices =4
### Able to use the GPU! ### 

Elapsed time for scoring matrix computation: 0.307063
+ for repeat in 1 2 3 4 5
+ echo ' Repeat=2'
 Repeat=2
+ ./omp_smithW-v6.3-target-inlined.out 4640 4640
Problem size: Matrix[4640][4640], FACTOR=128 CUTOFF=1024
Total memory footprint is:164 MB
Using 44 out of max 44 threads...
The number of target devices =4
### Able to use the GPU! ### 

Elapsed time for scoring matrix computation: 0.295863
+ for repeat in 1 2 3 4 5
+ echo ' Repeat=3'
 Repeat=3
+ ./omp_smithW-v6.3-target-inlined.out 4640 4640
Problem size: Matrix[4640][4640], FACTOR=128 CUTOFF=1024
Total memory footprint is:164 MB
Using 44 out of max 44 threads...
The number of target devices =4
### Able to use the GPU! ### 

Elapsed time for scoring matrix computation: 0.295511
+ for repeat in 1 2 3 4 5
+ echo ' Repeat=4'
 Repeat=4
+ ./omp_smithW-v6.3-target-inlined.out 4640 4640
Problem size: Matrix[4640][4640], FACTOR=128 CUTOFF=1024
Total memory footprint is:164 MB
Using 44 out of max 44 threads...
The number of target devices =4
### Able to use the GPU! ### 

Elapsed time for scoring matrix computation: 0.302652
+ for repeat in 1 2 3 4 5
+ echo ' Repeat=5'
 Repeat=5
+ ./omp_smithW-v6.3-target-inlined.out 4640 4640
Problem size: Matrix[4640][4640], FACTOR=128 CUTOFF=1024
Total memory footprint is:164 MB
Using 44 out of max 44 threads...
The number of target devices =4
### Able to use the GPU! ### 

Elapsed time for scoring matrix computation: 0.297271
+ for N_SIZE in '{32..26000..512}'
+ let 'counter += 1'
+ echo 'running count=11, problem M=5152 N=5152'
running count=11, problem M=5152 N=5152
+ for repeat in 1 2 3 4 5
+ echo ' Repeat=1'
 Repeat=1
+ ./omp_smithW-v6.3-target-inlined.out 5152 5152
Problem size: Matrix[5152][5152], FACTOR=128 CUTOFF=1024
Total memory footprint is:202 MB
Using 44 out of max 44 threads...
The number of target devices =4
### Able to use the GPU! ### 

Elapsed time for scoring matrix computation: 0.355776
+ for repeat in 1 2 3 4 5
+ echo ' Repeat=2'
 Repeat=2
+ ./omp_smithW-v6.3-target-inlined.out 5152 5152
Problem size: Matrix[5152][5152], FACTOR=128 CUTOFF=1024
Total memory footprint is:202 MB
Using 44 out of max 44 threads...
The number of target devices =4
### Able to use the GPU! ### 

Elapsed time for scoring matrix computation: 0.342811
+ for repeat in 1 2 3 4 5
+ echo ' Repeat=3'
 Repeat=3
+ ./omp_smithW-v6.3-target-inlined.out 5152 5152
Problem size: Matrix[5152][5152], FACTOR=128 CUTOFF=1024
Total memory footprint is:202 MB
Using 44 out of max 44 threads...
The number of target devices =4
### Able to use the GPU! ### 

Elapsed time for scoring matrix computation: 0.356460
+ for repeat in 1 2 3 4 5
+ echo ' Repeat=4'
 Repeat=4
+ ./omp_smithW-v6.3-target-inlined.out 5152 5152
Problem size: Matrix[5152][5152], FACTOR=128 CUTOFF=1024
Total memory footprint is:202 MB
Using 44 out of max 44 threads...
The number of target devices =4
### Able to use the GPU! ### 

Elapsed time for scoring matrix computation: 0.354423
+ for repeat in 1 2 3 4 5
+ echo ' Repeat=5'
 Repeat=5
+ ./omp_smithW-v6.3-target-inlined.out 5152 5152
Problem size: Matrix[5152][5152], FACTOR=128 CUTOFF=1024
Total memory footprint is:202 MB
Using 44 out of max 44 threads...
The number of target devices =4
### Able to use the GPU! ### 

Elapsed time for scoring matrix computation: 0.356367
+ for N_SIZE in '{32..26000..512}'
+ let 'counter += 1'
+ echo 'running count=12, problem M=5664 N=5664'
running count=12, problem M=5664 N=5664
+ for repeat in 1 2 3 4 5
+ echo ' Repeat=1'
 Repeat=1
+ ./omp_smithW-v6.3-target-inlined.out 5664 5664
Problem size: Matrix[5664][5664], FACTOR=128 CUTOFF=1024
Total memory footprint is:244 MB
Using 44 out of max 44 threads...
The number of target devices =4
### Able to use the GPU! ### 

Elapsed time for scoring matrix computation: 0.404061
+ for repeat in 1 2 3 4 5
+ echo ' Repeat=2'
 Repeat=2
+ ./omp_smithW-v6.3-target-inlined.out 5664 5664
Problem size: Matrix[5664][5664], FACTOR=128 CUTOFF=1024
Total memory footprint is:244 MB
Using 44 out of max 44 threads...
The number of target devices =4
### Able to use the GPU! ### 

Elapsed time for scoring matrix computation: 0.408087
+ for repeat in 1 2 3 4 5
+ echo ' Repeat=3'
 Repeat=3
+ ./omp_smithW-v6.3-target-inlined.out 5664 5664
Problem size: Matrix[5664][5664], FACTOR=128 CUTOFF=1024
Total memory footprint is:244 MB
Using 44 out of max 44 threads...
The number of target devices =4
### Able to use the GPU! ### 

Elapsed time for scoring matrix computation: 0.408744
+ for repeat in 1 2 3 4 5
+ echo ' Repeat=4'
 Repeat=4
+ ./omp_smithW-v6.3-target-inlined.out 5664 5664
Problem size: Matrix[5664][5664], FACTOR=128 CUTOFF=1024
Total memory footprint is:244 MB
Using 44 out of max 44 threads...
The number of target devices =4
### Able to use the GPU! ### 

Elapsed time for scoring matrix computation: 0.399714
+ for repeat in 1 2 3 4 5
+ echo ' Repeat=5'
 Repeat=5
+ ./omp_smithW-v6.3-target-inlined.out 5664 5664
Problem size: Matrix[5664][5664], FACTOR=128 CUTOFF=1024
Total memory footprint is:244 MB
Using 44 out of max 44 threads...
The number of target devices =4
### Able to use the GPU! ### 

Elapsed time for scoring matrix computation: 0.405629
+ for N_SIZE in '{32..26000..512}'
+ let 'counter += 1'
+ echo 'running count=13, problem M=6176 N=6176'
running count=13, problem M=6176 N=6176
+ for repeat in 1 2 3 4 5
+ echo ' Repeat=1'
 Repeat=1
+ ./omp_smithW-v6.3-target-inlined.out 6176 6176
Problem size: Matrix[6176][6176], FACTOR=128 CUTOFF=1024
Total memory footprint is:291 MB
Using 44 out of max 44 threads...
The number of target devices =4
### Able to use the GPU! ### 

Elapsed time for scoring matrix computation: 0.452120
+ for repeat in 1 2 3 4 5
+ echo ' Repeat=2'
 Repeat=2
+ ./omp_smithW-v6.3-target-inlined.out 6176 6176
Problem size: Matrix[6176][6176], FACTOR=128 CUTOFF=1024
Total memory footprint is:291 MB
Using 44 out of max 44 threads...
The number of target devices =4
### Able to use the GPU! ### 

Elapsed time for scoring matrix computation: 0.466435
+ for repeat in 1 2 3 4 5
+ echo ' Repeat=3'
 Repeat=3
+ ./omp_smithW-v6.3-target-inlined.out 6176 6176
Problem size: Matrix[6176][6176], FACTOR=128 CUTOFF=1024
Total memory footprint is:291 MB
Using 44 out of max 44 threads...
The number of target devices =4
### Able to use the GPU! ### 

Elapsed time for scoring matrix computation: 0.452745
+ for repeat in 1 2 3 4 5
+ echo ' Repeat=4'
 Repeat=4
+ ./omp_smithW-v6.3-target-inlined.out 6176 6176
Problem size: Matrix[6176][6176], FACTOR=128 CUTOFF=1024
Total memory footprint is:291 MB
Using 44 out of max 44 threads...
The number of target devices =4
### Able to use the GPU! ### 

Elapsed time for scoring matrix computation: 0.466728
+ for repeat in 1 2 3 4 5
+ echo ' Repeat=5'
 Repeat=5
+ ./omp_smithW-v6.3-target-inlined.out 6176 6176
Problem size: Matrix[6176][6176], FACTOR=128 CUTOFF=1024
Total memory footprint is:291 MB
Using 44 out of max 44 threads...
The number of target devices =4
### Able to use the GPU! ### 

Elapsed time for scoring matrix computation: 0.452526
+ for N_SIZE in '{32..26000..512}'
+ let 'counter += 1'
+ echo 'running count=14, problem M=6688 N=6688'
running count=14, problem M=6688 N=6688
+ for repeat in 1 2 3 4 5
+ echo ' Repeat=1'
 Repeat=1
+ ./omp_smithW-v6.3-target-inlined.out 6688 6688
Problem size: Matrix[6688][6688], FACTOR=128 CUTOFF=1024
Total memory footprint is:341 MB
Using 44 out of max 44 threads...
The number of target devices =4
### Able to use the GPU! ### 

Elapsed time for scoring matrix computation: 0.522586
+ for repeat in 1 2 3 4 5
+ echo ' Repeat=2'
 Repeat=2
+ ./omp_smithW-v6.3-target-inlined.out 6688 6688
Problem size: Matrix[6688][6688], FACTOR=128 CUTOFF=1024
Total memory footprint is:341 MB
Using 44 out of max 44 threads...
The number of target devices =4
### Able to use the GPU! ### 

Elapsed time for scoring matrix computation: 0.506951
+ for repeat in 1 2 3 4 5
+ echo ' Repeat=3'
 Repeat=3
+ ./omp_smithW-v6.3-target-inlined.out 6688 6688
Problem size: Matrix[6688][6688], FACTOR=128 CUTOFF=1024
Total memory footprint is:341 MB
Using 44 out of max 44 threads...
The number of target devices =4
### Able to use the GPU! ### 

Elapsed time for scoring matrix computation: 0.508339
+ for repeat in 1 2 3 4 5
+ echo ' Repeat=4'
 Repeat=4
+ ./omp_smithW-v6.3-target-inlined.out 6688 6688
Problem size: Matrix[6688][6688], FACTOR=128 CUTOFF=1024
Total memory footprint is:341 MB
Using 44 out of max 44 threads...
The number of target devices =4
### Able to use the GPU! ### 

Elapsed time for scoring matrix computation: 0.525797
+ for repeat in 1 2 3 4 5
+ echo ' Repeat=5'
 Repeat=5
+ ./omp_smithW-v6.3-target-inlined.out 6688 6688
Problem size: Matrix[6688][6688], FACTOR=128 CUTOFF=1024
Total memory footprint is:341 MB
Using 44 out of max 44 threads...
The number of target devices =4
### Able to use the GPU! ### 

Elapsed time for scoring matrix computation: 0.526032
+ for N_SIZE in '{32..26000..512}'
+ let 'counter += 1'
+ echo 'running count=15, problem M=7200 N=7200'
running count=15, problem M=7200 N=7200
+ for repeat in 1 2 3 4 5
+ echo ' Repeat=1'
 Repeat=1
+ ./omp_smithW-v6.3-target-inlined.out 7200 7200
Problem size: Matrix[7200][7200], FACTOR=128 CUTOFF=1024
Total memory footprint is:395 MB
Using 44 out of max 44 threads...
The number of target devices =4
### Able to use the GPU! ### 

Elapsed time for scoring matrix computation: 0.583386
+ for repeat in 1 2 3 4 5
+ echo ' Repeat=2'
 Repeat=2
+ ./omp_smithW-v6.3-target-inlined.out 7200 7200
Problem size: Matrix[7200][7200], FACTOR=128 CUTOFF=1024
Total memory footprint is:395 MB
Using 44 out of max 44 threads...
The number of target devices =4
### Able to use the GPU! ### 

Elapsed time for scoring matrix computation: 0.588443
+ for repeat in 1 2 3 4 5
+ echo ' Repeat=3'
 Repeat=3
+ ./omp_smithW-v6.3-target-inlined.out 7200 7200
Problem size: Matrix[7200][7200], FACTOR=128 CUTOFF=1024
Total memory footprint is:395 MB
Using 44 out of max 44 threads...
The number of target devices =4
### Able to use the GPU! ### 

Elapsed time for scoring matrix computation: 0.590002
+ for repeat in 1 2 3 4 5
+ echo ' Repeat=4'
 Repeat=4
+ ./omp_smithW-v6.3-target-inlined.out 7200 7200
Problem size: Matrix[7200][7200], FACTOR=128 CUTOFF=1024
Total memory footprint is:395 MB
Using 44 out of max 44 threads...
The number of target devices =4
### Able to use the GPU! ### 

Elapsed time for scoring matrix computation: 0.586859
+ for repeat in 1 2 3 4 5
+ echo ' Repeat=5'
 Repeat=5
+ ./omp_smithW-v6.3-target-inlined.out 7200 7200
Problem size: Matrix[7200][7200], FACTOR=128 CUTOFF=1024
Total memory footprint is:395 MB
Using 44 out of max 44 threads...
The number of target devices =4
### Able to use the GPU! ### 

Elapsed time for scoring matrix computation: 0.565147
+ for N_SIZE in '{32..26000..512}'
+ let 'counter += 1'
+ echo 'running count=16, problem M=7712 N=7712'
running count=16, problem M=7712 N=7712
+ for repeat in 1 2 3 4 5
+ echo ' Repeat=1'
 Repeat=1
+ ./omp_smithW-v6.3-target-inlined.out 7712 7712
Problem size: Matrix[7712][7712], FACTOR=128 CUTOFF=1024
Total memory footprint is:453 MB
Using 44 out of max 44 threads...
The number of target devices =4
### Able to use the GPU! ### 

Elapsed time for scoring matrix computation: 0.623565
+ for repeat in 1 2 3 4 5
+ echo ' Repeat=2'
 Repeat=2
+ ./omp_smithW-v6.3-target-inlined.out 7712 7712
Problem size: Matrix[7712][7712], FACTOR=128 CUTOFF=1024
Total memory footprint is:453 MB
Using 44 out of max 44 threads...
The number of target devices =4
### Able to use the GPU! ### 

Elapsed time for scoring matrix computation: 0.651632
+ for repeat in 1 2 3 4 5
+ echo ' Repeat=3'
 Repeat=3
+ ./omp_smithW-v6.3-target-inlined.out 7712 7712
Problem size: Matrix[7712][7712], FACTOR=128 CUTOFF=1024
Total memory footprint is:453 MB
Using 44 out of max 44 threads...
The number of target devices =4
### Able to use the GPU! ### 

Elapsed time for scoring matrix computation: 0.648187
+ for repeat in 1 2 3 4 5
+ echo ' Repeat=4'
 Repeat=4
+ ./omp_smithW-v6.3-target-inlined.out 7712 7712
Problem size: Matrix[7712][7712], FACTOR=128 CUTOFF=1024
Total memory footprint is:453 MB
Using 44 out of max 44 threads...
The number of target devices =4
### Able to use the GPU! ### 

Elapsed time for scoring matrix computation: 0.624976
+ for repeat in 1 2 3 4 5
+ echo ' Repeat=5'
 Repeat=5
+ ./omp_smithW-v6.3-target-inlined.out 7712 7712
Problem size: Matrix[7712][7712], FACTOR=128 CUTOFF=1024
Total memory footprint is:453 MB
Using 44 out of max 44 threads...
The number of target devices =4
### Able to use the GPU! ### 

Elapsed time for scoring matrix computation: 0.625143
+ for N_SIZE in '{32..26000..512}'
+ let 'counter += 1'
+ echo 'running count=17, problem M=8224 N=8224'
running count=17, problem M=8224 N=8224
+ for repeat in 1 2 3 4 5
+ echo ' Repeat=1'
 Repeat=1
+ ./omp_smithW-v6.3-target-inlined.out 8224 8224
Problem size: Matrix[8224][8224], FACTOR=128 CUTOFF=1024
Total memory footprint is:516 MB
Using 44 out of max 44 threads...
The number of target devices =4
### Able to use the GPU! ### 

Elapsed time for scoring matrix computation: 0.723050
+ for repeat in 1 2 3 4 5
+ echo ' Repeat=2'
 Repeat=2
+ ./omp_smithW-v6.3-target-inlined.out 8224 8224
Problem size: Matrix[8224][8224], FACTOR=128 CUTOFF=1024
Total memory footprint is:516 MB
Using 44 out of max 44 threads...
The number of target devices =4
### Able to use the GPU! ### 

Elapsed time for scoring matrix computation: 0.693119
+ for repeat in 1 2 3 4 5
+ echo ' Repeat=3'
 Repeat=3
+ ./omp_smithW-v6.3-target-inlined.out 8224 8224
Problem size: Matrix[8224][8224], FACTOR=128 CUTOFF=1024
Total memory footprint is:516 MB
Using 44 out of max 44 threads...
The number of target devices =4
### Able to use the GPU! ### 

Elapsed time for scoring matrix computation: 0.724027
+ for repeat in 1 2 3 4 5
+ echo ' Repeat=4'
 Repeat=4
+ ./omp_smithW-v6.3-target-inlined.out 8224 8224
Problem size: Matrix[8224][8224], FACTOR=128 CUTOFF=1024
Total memory footprint is:516 MB
Using 44 out of max 44 threads...
The number of target devices =4
### Able to use the GPU! ### 

Elapsed time for scoring matrix computation: 0.727079
+ for repeat in 1 2 3 4 5
+ echo ' Repeat=5'
 Repeat=5
+ ./omp_smithW-v6.3-target-inlined.out 8224 8224
Problem size: Matrix[8224][8224], FACTOR=128 CUTOFF=1024
Total memory footprint is:516 MB
Using 44 out of max 44 threads...
The number of target devices =4
### Able to use the GPU! ### 

Elapsed time for scoring matrix computation: 0.727510
+ for N_SIZE in '{32..26000..512}'
+ let 'counter += 1'
+ echo 'running count=18, problem M=8736 N=8736'
running count=18, problem M=8736 N=8736
+ for repeat in 1 2 3 4 5
+ echo ' Repeat=1'
 Repeat=1
+ ./omp_smithW-v6.3-target-inlined.out 8736 8736
Problem size: Matrix[8736][8736], FACTOR=128 CUTOFF=1024
Total memory footprint is:582 MB
Using 44 out of max 44 threads...
The number of target devices =4
### Able to use the GPU! ### 

Elapsed time for scoring matrix computation: 0.762854
+ for repeat in 1 2 3 4 5
+ echo ' Repeat=2'
 Repeat=2
+ ./omp_smithW-v6.3-target-inlined.out 8736 8736
Problem size: Matrix[8736][8736], FACTOR=128 CUTOFF=1024
Total memory footprint is:582 MB
Using 44 out of max 44 threads...
The number of target devices =4
### Able to use the GPU! ### 

Elapsed time for scoring matrix computation: 0.763992
+ for repeat in 1 2 3 4 5
+ echo ' Repeat=3'
 Repeat=3
+ ./omp_smithW-v6.3-target-inlined.out 8736 8736
Problem size: Matrix[8736][8736], FACTOR=128 CUTOFF=1024
Total memory footprint is:582 MB
Using 44 out of max 44 threads...
The number of target devices =4
### Able to use the GPU! ### 

Elapsed time for scoring matrix computation: 0.797201
+ for repeat in 1 2 3 4 5
+ echo ' Repeat=4'
 Repeat=4
+ ./omp_smithW-v6.3-target-inlined.out 8736 8736
Problem size: Matrix[8736][8736], FACTOR=128 CUTOFF=1024
Total memory footprint is:582 MB
Using 44 out of max 44 threads...
The number of target devices =4
### Able to use the GPU! ### 

Elapsed time for scoring matrix computation: 0.791099
+ for repeat in 1 2 3 4 5
+ echo ' Repeat=5'
 Repeat=5
+ ./omp_smithW-v6.3-target-inlined.out 8736 8736
Problem size: Matrix[8736][8736], FACTOR=128 CUTOFF=1024
Total memory footprint is:582 MB
Using 44 out of max 44 threads...
The number of target devices =4
### Able to use the GPU! ### 

Elapsed time for scoring matrix computation: 0.796966
+ for N_SIZE in '{32..26000..512}'
+ let 'counter += 1'
+ echo 'running count=19, problem M=9248 N=9248'
running count=19, problem M=9248 N=9248
+ for repeat in 1 2 3 4 5
+ echo ' Repeat=1'
 Repeat=1
+ ./omp_smithW-v6.3-target-inlined.out 9248 9248
Problem size: Matrix[9248][9248], FACTOR=128 CUTOFF=1024
Total memory footprint is:652 MB
Using 44 out of max 44 threads...
The number of target devices =4
### Able to use the GPU! ### 

Elapsed time for scoring matrix computation: 0.875674
+ for repeat in 1 2 3 4 5
+ echo ' Repeat=2'
 Repeat=2
+ ./omp_smithW-v6.3-target-inlined.out 9248 9248
Problem size: Matrix[9248][9248], FACTOR=128 CUTOFF=1024
Total memory footprint is:652 MB
Using 44 out of max 44 threads...
The number of target devices =4
### Able to use the GPU! ### 

Elapsed time for scoring matrix computation: 0.872627
+ for repeat in 1 2 3 4 5
+ echo ' Repeat=3'
 Repeat=3
+ ./omp_smithW-v6.3-target-inlined.out 9248 9248
Problem size: Matrix[9248][9248], FACTOR=128 CUTOFF=1024
Total memory footprint is:652 MB
Using 44 out of max 44 threads...
The number of target devices =4
### Able to use the GPU! ### 

Elapsed time for scoring matrix computation: 0.864784
+ for repeat in 1 2 3 4 5
+ echo ' Repeat=4'
 Repeat=4
+ ./omp_smithW-v6.3-target-inlined.out 9248 9248
Problem size: Matrix[9248][9248], FACTOR=128 CUTOFF=1024
Total memory footprint is:652 MB
Using 44 out of max 44 threads...
The number of target devices =4
### Able to use the GPU! ### 

Elapsed time for scoring matrix computation: 0.874927
+ for repeat in 1 2 3 4 5
+ echo ' Repeat=5'
 Repeat=5
+ ./omp_smithW-v6.3-target-inlined.out 9248 9248
Problem size: Matrix[9248][9248], FACTOR=128 CUTOFF=1024
Total memory footprint is:652 MB
Using 44 out of max 44 threads...
The number of target devices =4
### Able to use the GPU! ### 

Elapsed time for scoring matrix computation: 0.872086
+ for N_SIZE in '{32..26000..512}'
+ let 'counter += 1'
+ echo 'running count=20, problem M=9760 N=9760'
running count=20, problem M=9760 N=9760
+ for repeat in 1 2 3 4 5
+ echo ' Repeat=1'
 Repeat=1
+ ./omp_smithW-v6.3-target-inlined.out 9760 9760
Problem size: Matrix[9760][9760], FACTOR=128 CUTOFF=1024
Total memory footprint is:726 MB
Using 44 out of max 44 threads...
The number of target devices =4
### Able to use the GPU! ### 

Elapsed time for scoring matrix computation: 0.954212
+ for repeat in 1 2 3 4 5
+ echo ' Repeat=2'
 Repeat=2
+ ./omp_smithW-v6.3-target-inlined.out 9760 9760
Problem size: Matrix[9760][9760], FACTOR=128 CUTOFF=1024
Total memory footprint is:726 MB
Using 44 out of max 44 threads...
The number of target devices =4
### Able to use the GPU! ### 

Elapsed time for scoring matrix computation: 0.949439
+ for repeat in 1 2 3 4 5
+ echo ' Repeat=3'
 Repeat=3
+ ./omp_smithW-v6.3-target-inlined.out 9760 9760
Problem size: Matrix[9760][9760], FACTOR=128 CUTOFF=1024
Total memory footprint is:726 MB
Using 44 out of max 44 threads...
The number of target devices =4
### Able to use the GPU! ### 

Elapsed time for scoring matrix computation: 0.950141
+ for repeat in 1 2 3 4 5
+ echo ' Repeat=4'
 Repeat=4
+ ./omp_smithW-v6.3-target-inlined.out 9760 9760
Problem size: Matrix[9760][9760], FACTOR=128 CUTOFF=1024
Total memory footprint is:726 MB
Using 44 out of max 44 threads...
The number of target devices =4
### Able to use the GPU! ### 

Elapsed time for scoring matrix computation: 0.949128
+ for repeat in 1 2 3 4 5
+ echo ' Repeat=5'
 Repeat=5
+ ./omp_smithW-v6.3-target-inlined.out 9760 9760
Problem size: Matrix[9760][9760], FACTOR=128 CUTOFF=1024
Total memory footprint is:726 MB
Using 44 out of max 44 threads...
The number of target devices =4
### Able to use the GPU! ### 

Elapsed time for scoring matrix computation: 0.902559
+ for N_SIZE in '{32..26000..512}'
+ let 'counter += 1'
+ echo 'running count=21, problem M=10272 N=10272'
running count=21, problem M=10272 N=10272
+ for repeat in 1 2 3 4 5
+ echo ' Repeat=1'
 Repeat=1
+ ./omp_smithW-v6.3-target-inlined.out 10272 10272
Problem size: Matrix[10272][10272], FACTOR=128 CUTOFF=1024
Total memory footprint is:805 MB
Using 44 out of max 44 threads...
The number of target devices =4
### Able to use the GPU! ### 

Elapsed time for scoring matrix computation: 1.036217
+ for repeat in 1 2 3 4 5
+ echo ' Repeat=2'
 Repeat=2
+ ./omp_smithW-v6.3-target-inlined.out 10272 10272
Problem size: Matrix[10272][10272], FACTOR=128 CUTOFF=1024
Total memory footprint is:805 MB
Using 44 out of max 44 threads...
The number of target devices =4
### Able to use the GPU! ### 

Elapsed time for scoring matrix computation: 0.987297
+ for repeat in 1 2 3 4 5
+ echo ' Repeat=3'
 Repeat=3
+ ./omp_smithW-v6.3-target-inlined.out 10272 10272
Problem size: Matrix[10272][10272], FACTOR=128 CUTOFF=1024
Total memory footprint is:805 MB
Using 44 out of max 44 threads...
The number of target devices =4
### Able to use the GPU! ### 

Elapsed time for scoring matrix computation: 1.037690
+ for repeat in 1 2 3 4 5
+ echo ' Repeat=4'
 Repeat=4
+ ./omp_smithW-v6.3-target-inlined.out 10272 10272
Problem size: Matrix[10272][10272], FACTOR=128 CUTOFF=1024
Total memory footprint is:805 MB
Using 44 out of max 44 threads...
The number of target devices =4
### Able to use the GPU! ### 

Elapsed time for scoring matrix computation: 1.022383
+ for repeat in 1 2 3 4 5
+ echo ' Repeat=5'
 Repeat=5
+ ./omp_smithW-v6.3-target-inlined.out 10272 10272
Problem size: Matrix[10272][10272], FACTOR=128 CUTOFF=1024
Total memory footprint is:805 MB
Using 44 out of max 44 threads...
The number of target devices =4
### Able to use the GPU! ### 

Elapsed time for scoring matrix computation: 1.022979
+ for N_SIZE in '{32..26000..512}'
+ let 'counter += 1'
+ echo 'running count=22, problem M=10784 N=10784'
running count=22, problem M=10784 N=10784
+ for repeat in 1 2 3 4 5
+ echo ' Repeat=1'
 Repeat=1
+ ./omp_smithW-v6.3-target-inlined.out 10784 10784
Problem size: Matrix[10784][10784], FACTOR=128 CUTOFF=1024
Total memory footprint is:887 MB
Using 44 out of max 44 threads...
The number of target devices =4
### Able to use the GPU! ### 

Elapsed time for scoring matrix computation: 1.104413
+ for repeat in 1 2 3 4 5
+ echo ' Repeat=2'
 Repeat=2
+ ./omp_smithW-v6.3-target-inlined.out 10784 10784
Problem size: Matrix[10784][10784], FACTOR=128 CUTOFF=1024
Total memory footprint is:887 MB
Using 44 out of max 44 threads...
The number of target devices =4
### Able to use the GPU! ### 

Elapsed time for scoring matrix computation: 1.120863
+ for repeat in 1 2 3 4 5
+ echo ' Repeat=3'
 Repeat=3
+ ./omp_smithW-v6.3-target-inlined.out 10784 10784
Problem size: Matrix[10784][10784], FACTOR=128 CUTOFF=1024
Total memory footprint is:887 MB
Using 44 out of max 44 threads...
The number of target devices =4
### Able to use the GPU! ### 

Elapsed time for scoring matrix computation: 1.114091
+ for repeat in 1 2 3 4 5
+ echo ' Repeat=4'
 Repeat=4
+ ./omp_smithW-v6.3-target-inlined.out 10784 10784
Problem size: Matrix[10784][10784], FACTOR=128 CUTOFF=1024
Total memory footprint is:887 MB
Using 44 out of max 44 threads...
The number of target devices =4
### Able to use the GPU! ### 

Elapsed time for scoring matrix computation: 1.105276
+ for repeat in 1 2 3 4 5
+ echo ' Repeat=5'
 Repeat=5
+ ./omp_smithW-v6.3-target-inlined.out 10784 10784
Problem size: Matrix[10784][10784], FACTOR=128 CUTOFF=1024
Total memory footprint is:887 MB
Using 44 out of max 44 threads...
The number of target devices =4
### Able to use the GPU! ### 

Elapsed time for scoring matrix computation: 1.064682
+ for N_SIZE in '{32..26000..512}'
+ let 'counter += 1'
+ echo 'running count=23, problem M=11296 N=11296'
running count=23, problem M=11296 N=11296
+ for repeat in 1 2 3 4 5
+ echo ' Repeat=1'
 Repeat=1
+ ./omp_smithW-v6.3-target-inlined.out 11296 11296
Problem size: Matrix[11296][11296], FACTOR=128 CUTOFF=1024
Total memory footprint is:973 MB
Using 44 out of max 44 threads...
The number of target devices =4
### Able to use the GPU! ### 

Elapsed time for scoring matrix computation: 1.204387
+ for repeat in 1 2 3 4 5
+ echo ' Repeat=2'
 Repeat=2
+ ./omp_smithW-v6.3-target-inlined.out 11296 11296
Problem size: Matrix[11296][11296], FACTOR=128 CUTOFF=1024
Total memory footprint is:973 MB
Using 44 out of max 44 threads...
The number of target devices =4
### Able to use the GPU! ### 

Elapsed time for scoring matrix computation: 1.192997
+ for repeat in 1 2 3 4 5
+ echo ' Repeat=3'
 Repeat=3
+ ./omp_smithW-v6.3-target-inlined.out 11296 11296
Problem size: Matrix[11296][11296], FACTOR=128 CUTOFF=1024
Total memory footprint is:973 MB
Using 44 out of max 44 threads...
The number of target devices =4
### Able to use the GPU! ### 

Elapsed time for scoring matrix computation: 1.198271
+ for repeat in 1 2 3 4 5
+ echo ' Repeat=4'
 Repeat=4
+ ./omp_smithW-v6.3-target-inlined.out 11296 11296
Problem size: Matrix[11296][11296], FACTOR=128 CUTOFF=1024
Total memory footprint is:973 MB
Using 44 out of max 44 threads...
The number of target devices =4
### Able to use the GPU! ### 

Elapsed time for scoring matrix computation: 1.196872
+ for repeat in 1 2 3 4 5
+ echo ' Repeat=5'
 Repeat=5
+ ./omp_smithW-v6.3-target-inlined.out 11296 11296
Problem size: Matrix[11296][11296], FACTOR=128 CUTOFF=1024
Total memory footprint is:973 MB
Using 44 out of max 44 threads...
The number of target devices =4
### Able to use the GPU! ### 

Elapsed time for scoring matrix computation: 1.191027
+ for N_SIZE in '{32..26000..512}'
+ let 'counter += 1'
+ echo 'running count=24, problem M=11808 N=11808'
running count=24, problem M=11808 N=11808
+ for repeat in 1 2 3 4 5
+ echo ' Repeat=1'
 Repeat=1
+ ./omp_smithW-v6.3-target-inlined.out 11808 11808
Problem size: Matrix[11808][11808], FACTOR=128 CUTOFF=1024
Total memory footprint is:1 GB
Using 44 out of max 44 threads...
The number of target devices =4
### Able to use the GPU! ### 

Elapsed time for scoring matrix computation: 1.302280
+ for repeat in 1 2 3 4 5
+ echo ' Repeat=2'
 Repeat=2
+ ./omp_smithW-v6.3-target-inlined.out 11808 11808
Problem size: Matrix[11808][11808], FACTOR=128 CUTOFF=1024
Total memory footprint is:1 GB
Using 44 out of max 44 threads...
The number of target devices =4
### Able to use the GPU! ### 

Elapsed time for scoring matrix computation: 1.303496
+ for repeat in 1 2 3 4 5
+ echo ' Repeat=3'
 Repeat=3
+ ./omp_smithW-v6.3-target-inlined.out 11808 11808
Problem size: Matrix[11808][11808], FACTOR=128 CUTOFF=1024
Total memory footprint is:1 GB
Using 44 out of max 44 threads...
The number of target devices =4
### Able to use the GPU! ### 

Elapsed time for scoring matrix computation: 1.227425
+ for repeat in 1 2 3 4 5
+ echo ' Repeat=4'
 Repeat=4
+ ./omp_smithW-v6.3-target-inlined.out 11808 11808
Problem size: Matrix[11808][11808], FACTOR=128 CUTOFF=1024
Total memory footprint is:1 GB
Using 44 out of max 44 threads...
The number of target devices =4
### Able to use the GPU! ### 

Elapsed time for scoring matrix computation: 1.278899
+ for repeat in 1 2 3 4 5
+ echo ' Repeat=5'
 Repeat=5
+ ./omp_smithW-v6.3-target-inlined.out 11808 11808
Problem size: Matrix[11808][11808], FACTOR=128 CUTOFF=1024
Total memory footprint is:1 GB
Using 44 out of max 44 threads...
The number of target devices =4
### Able to use the GPU! ### 

Elapsed time for scoring matrix computation: 1.275731
+ for N_SIZE in '{32..26000..512}'
+ let 'counter += 1'
+ echo 'running count=25, problem M=12320 N=12320'
running count=25, problem M=12320 N=12320
+ for repeat in 1 2 3 4 5
+ echo ' Repeat=1'
 Repeat=1
+ ./omp_smithW-v6.3-target-inlined.out 12320 12320
Problem size: Matrix[12320][12320], FACTOR=128 CUTOFF=1024
Total memory footprint is:1 GB
Using 44 out of max 44 threads...
The number of target devices =4
### Able to use the GPU! ### 

Elapsed time for scoring matrix computation: 1.289894
+ for repeat in 1 2 3 4 5
+ echo ' Repeat=2'
 Repeat=2
+ ./omp_smithW-v6.3-target-inlined.out 12320 12320
Problem size: Matrix[12320][12320], FACTOR=128 CUTOFF=1024
Total memory footprint is:1 GB
Using 44 out of max 44 threads...
The number of target devices =4
### Able to use the GPU! ### 

Elapsed time for scoring matrix computation: 1.351698
+ for repeat in 1 2 3 4 5
+ echo ' Repeat=3'
 Repeat=3
+ ./omp_smithW-v6.3-target-inlined.out 12320 12320
Problem size: Matrix[12320][12320], FACTOR=128 CUTOFF=1024
Total memory footprint is:1 GB
Using 44 out of max 44 threads...
The number of target devices =4
### Able to use the GPU! ### 

Elapsed time for scoring matrix computation: 1.286787
+ for repeat in 1 2 3 4 5
+ echo ' Repeat=4'
 Repeat=4
+ ./omp_smithW-v6.3-target-inlined.out 12320 12320
Problem size: Matrix[12320][12320], FACTOR=128 CUTOFF=1024
Total memory footprint is:1 GB
Using 44 out of max 44 threads...
The number of target devices =4
### Able to use the GPU! ### 

Elapsed time for scoring matrix computation: 1.332571
+ for repeat in 1 2 3 4 5
+ echo ' Repeat=5'
 Repeat=5
+ ./omp_smithW-v6.3-target-inlined.out 12320 12320
Problem size: Matrix[12320][12320], FACTOR=128 CUTOFF=1024
Total memory footprint is:1 GB
Using 44 out of max 44 threads...
The number of target devices =4
### Able to use the GPU! ### 

Elapsed time for scoring matrix computation: 1.280805
+ for N_SIZE in '{32..26000..512}'
+ let 'counter += 1'
+ echo 'running count=26, problem M=12832 N=12832'
running count=26, problem M=12832 N=12832
+ for repeat in 1 2 3 4 5
+ echo ' Repeat=1'
 Repeat=1
+ ./omp_smithW-v6.3-target-inlined.out 12832 12832
Problem size: Matrix[12832][12832], FACTOR=128 CUTOFF=1024
Total memory footprint is:1 GB
Using 44 out of max 44 threads...
The number of target devices =4
### Able to use the GPU! ### 

Elapsed time for scoring matrix computation: 1.425732
+ for repeat in 1 2 3 4 5
+ echo ' Repeat=2'
 Repeat=2
+ ./omp_smithW-v6.3-target-inlined.out 12832 12832
Problem size: Matrix[12832][12832], FACTOR=128 CUTOFF=1024
Total memory footprint is:1 GB
Using 44 out of max 44 threads...
The number of target devices =4
### Able to use the GPU! ### 

Elapsed time for scoring matrix computation: 1.426024
+ for repeat in 1 2 3 4 5
+ echo ' Repeat=3'
 Repeat=3
+ ./omp_smithW-v6.3-target-inlined.out 12832 12832
Problem size: Matrix[12832][12832], FACTOR=128 CUTOFF=1024
Total memory footprint is:1 GB
Using 44 out of max 44 threads...
The number of target devices =4
### Able to use the GPU! ### 

Elapsed time for scoring matrix computation: 1.426608
+ for repeat in 1 2 3 4 5
+ echo ' Repeat=4'
 Repeat=4
+ ./omp_smithW-v6.3-target-inlined.out 12832 12832
Problem size: Matrix[12832][12832], FACTOR=128 CUTOFF=1024
Total memory footprint is:1 GB
Using 44 out of max 44 threads...
The number of target devices =4
### Able to use the GPU! ### 

Elapsed time for scoring matrix computation: 1.381315
+ for repeat in 1 2 3 4 5
+ echo ' Repeat=5'
 Repeat=5
+ ./omp_smithW-v6.3-target-inlined.out 12832 12832
Problem size: Matrix[12832][12832], FACTOR=128 CUTOFF=1024
Total memory footprint is:1 GB
Using 44 out of max 44 threads...
The number of target devices =4
### Able to use the GPU! ### 

Elapsed time for scoring matrix computation: 1.452423
+ for N_SIZE in '{32..26000..512}'
+ let 'counter += 1'
+ echo 'running count=27, problem M=13344 N=13344'
running count=27, problem M=13344 N=13344
+ for repeat in 1 2 3 4 5
+ echo ' Repeat=1'
 Repeat=1
+ ./omp_smithW-v6.3-target-inlined.out 13344 13344
Problem size: Matrix[13344][13344], FACTOR=128 CUTOFF=1024
Total memory footprint is:1 GB
Using 44 out of max 44 threads...
The number of target devices =4
### Able to use the GPU! ### 

Elapsed time for scoring matrix computation: 1.533661
+ for repeat in 1 2 3 4 5
+ echo ' Repeat=2'
 Repeat=2
+ ./omp_smithW-v6.3-target-inlined.out 13344 13344
Problem size: Matrix[13344][13344], FACTOR=128 CUTOFF=1024
Total memory footprint is:1 GB
Using 44 out of max 44 threads...
The number of target devices =4
### Able to use the GPU! ### 

Elapsed time for scoring matrix computation: 1.515208
+ for repeat in 1 2 3 4 5
+ echo ' Repeat=3'
 Repeat=3
+ ./omp_smithW-v6.3-target-inlined.out 13344 13344
Problem size: Matrix[13344][13344], FACTOR=128 CUTOFF=1024
Total memory footprint is:1 GB
Using 44 out of max 44 threads...
The number of target devices =4
### Able to use the GPU! ### 

Elapsed time for scoring matrix computation: 1.519161
+ for repeat in 1 2 3 4 5
+ echo ' Repeat=4'
 Repeat=4
+ ./omp_smithW-v6.3-target-inlined.out 13344 13344
Problem size: Matrix[13344][13344], FACTOR=128 CUTOFF=1024
Total memory footprint is:1 GB
Using 44 out of max 44 threads...
The number of target devices =4
### Able to use the GPU! ### 

Elapsed time for scoring matrix computation: 1.541960
+ for repeat in 1 2 3 4 5
+ echo ' Repeat=5'
 Repeat=5
+ ./omp_smithW-v6.3-target-inlined.out 13344 13344
Problem size: Matrix[13344][13344], FACTOR=128 CUTOFF=1024
Total memory footprint is:1 GB
Using 44 out of max 44 threads...
The number of target devices =4
### Able to use the GPU! ### 

Elapsed time for scoring matrix computation: 1.521623
+ for N_SIZE in '{32..26000..512}'
+ let 'counter += 1'
+ echo 'running count=28, problem M=13856 N=13856'
running count=28, problem M=13856 N=13856
+ for repeat in 1 2 3 4 5
+ echo ' Repeat=1'
 Repeat=1
+ ./omp_smithW-v6.3-target-inlined.out 13856 13856
Problem size: Matrix[13856][13856], FACTOR=128 CUTOFF=1024
Total memory footprint is:1 GB
Using 44 out of max 44 threads...
The number of target devices =4
### Able to use the GPU! ### 

Elapsed time for scoring matrix computation: 1.645437
+ for repeat in 1 2 3 4 5
+ echo ' Repeat=2'
 Repeat=2
+ ./omp_smithW-v6.3-target-inlined.out 13856 13856
Problem size: Matrix[13856][13856], FACTOR=128 CUTOFF=1024
Total memory footprint is:1 GB
Using 44 out of max 44 threads...
The number of target devices =4
### Able to use the GPU! ### 

Elapsed time for scoring matrix computation: 1.624191
+ for repeat in 1 2 3 4 5
+ echo ' Repeat=3'
 Repeat=3
+ ./omp_smithW-v6.3-target-inlined.out 13856 13856
Problem size: Matrix[13856][13856], FACTOR=128 CUTOFF=1024
Total memory footprint is:1 GB
Using 44 out of max 44 threads...
The number of target devices =4
### Able to use the GPU! ### 

Elapsed time for scoring matrix computation: 1.613234
+ for repeat in 1 2 3 4 5
+ echo ' Repeat=4'
 Repeat=4
+ ./omp_smithW-v6.3-target-inlined.out 13856 13856
Problem size: Matrix[13856][13856], FACTOR=128 CUTOFF=1024
Total memory footprint is:1 GB
Using 44 out of max 44 threads...
The number of target devices =4
### Able to use the GPU! ### 

Elapsed time for scoring matrix computation: 1.615437
+ for repeat in 1 2 3 4 5
+ echo ' Repeat=5'
 Repeat=5
+ ./omp_smithW-v6.3-target-inlined.out 13856 13856
Problem size: Matrix[13856][13856], FACTOR=128 CUTOFF=1024
Total memory footprint is:1 GB
Using 44 out of max 44 threads...
The number of target devices =4
### Able to use the GPU! ### 

Elapsed time for scoring matrix computation: 1.632899
+ for N_SIZE in '{32..26000..512}'
+ let 'counter += 1'
+ echo 'running count=29, problem M=14368 N=14368'
running count=29, problem M=14368 N=14368
+ for repeat in 1 2 3 4 5
+ echo ' Repeat=1'
 Repeat=1
+ ./omp_smithW-v6.3-target-inlined.out 14368 14368
Problem size: Matrix[14368][14368], FACTOR=128 CUTOFF=1024
Total memory footprint is:1 GB
Using 44 out of max 44 threads...
The number of target devices =4
### Able to use the GPU! ### 

Elapsed time for scoring matrix computation: 1.726217
+ for repeat in 1 2 3 4 5
+ echo ' Repeat=2'
 Repeat=2
+ ./omp_smithW-v6.3-target-inlined.out 14368 14368
Problem size: Matrix[14368][14368], FACTOR=128 CUTOFF=1024
Total memory footprint is:1 GB
Using 44 out of max 44 threads...
The number of target devices =4
### Able to use the GPU! ### 

Elapsed time for scoring matrix computation: 1.717773
+ for repeat in 1 2 3 4 5
+ echo ' Repeat=3'
 Repeat=3
+ ./omp_smithW-v6.3-target-inlined.out 14368 14368
Problem size: Matrix[14368][14368], FACTOR=128 CUTOFF=1024
Total memory footprint is:1 GB
Using 44 out of max 44 threads...
The number of target devices =4
### Able to use the GPU! ### 

Elapsed time for scoring matrix computation: 1.654873
+ for repeat in 1 2 3 4 5
+ echo ' Repeat=4'
 Repeat=4
+ ./omp_smithW-v6.3-target-inlined.out 14368 14368
Problem size: Matrix[14368][14368], FACTOR=128 CUTOFF=1024
Total memory footprint is:1 GB
Using 44 out of max 44 threads...
The number of target devices =4
### Able to use the GPU! ### 

Elapsed time for scoring matrix computation: 1.741871
+ for repeat in 1 2 3 4 5
+ echo ' Repeat=5'
 Repeat=5
+ ./omp_smithW-v6.3-target-inlined.out 14368 14368
Problem size: Matrix[14368][14368], FACTOR=128 CUTOFF=1024
Total memory footprint is:1 GB
Using 44 out of max 44 threads...
The number of target devices =4
### Able to use the GPU! ### 

Elapsed time for scoring matrix computation: 1.709420
+ for N_SIZE in '{32..26000..512}'
+ let 'counter += 1'
+ echo 'running count=30, problem M=14880 N=14880'
running count=30, problem M=14880 N=14880
+ for repeat in 1 2 3 4 5
+ echo ' Repeat=1'
 Repeat=1
+ ./omp_smithW-v6.3-target-inlined.out 14880 14880
Problem size: Matrix[14880][14880], FACTOR=128 CUTOFF=1024
Total memory footprint is:1 GB
Using 44 out of max 44 threads...
The number of target devices =4
### Able to use the GPU! ### 

Elapsed time for scoring matrix computation: 1.833167
+ for repeat in 1 2 3 4 5
+ echo ' Repeat=2'
 Repeat=2
+ ./omp_smithW-v6.3-target-inlined.out 14880 14880
Problem size: Matrix[14880][14880], FACTOR=128 CUTOFF=1024
Total memory footprint is:1 GB
Using 44 out of max 44 threads...
The number of target devices =4
### Able to use the GPU! ### 

Elapsed time for scoring matrix computation: 1.842407
+ for repeat in 1 2 3 4 5
+ echo ' Repeat=3'
 Repeat=3
+ ./omp_smithW-v6.3-target-inlined.out 14880 14880
Problem size: Matrix[14880][14880], FACTOR=128 CUTOFF=1024
Total memory footprint is:1 GB
Using 44 out of max 44 threads...
The number of target devices =4
### Able to use the GPU! ### 

Elapsed time for scoring matrix computation: 1.832836
+ for repeat in 1 2 3 4 5
+ echo ' Repeat=4'
 Repeat=4
+ ./omp_smithW-v6.3-target-inlined.out 14880 14880
Problem size: Matrix[14880][14880], FACTOR=128 CUTOFF=1024
Total memory footprint is:1 GB
Using 44 out of max 44 threads...
The number of target devices =4
### Able to use the GPU! ### 

Elapsed time for scoring matrix computation: 1.871982
+ for repeat in 1 2 3 4 5
+ echo ' Repeat=5'
 Repeat=5
+ ./omp_smithW-v6.3-target-inlined.out 14880 14880
Problem size: Matrix[14880][14880], FACTOR=128 CUTOFF=1024
Total memory footprint is:1 GB
Using 44 out of max 44 threads...
The number of target devices =4
### Able to use the GPU! ### 

Elapsed time for scoring matrix computation: 1.882683
+ for N_SIZE in '{32..26000..512}'
+ let 'counter += 1'
+ echo 'running count=31, problem M=15392 N=15392'
running count=31, problem M=15392 N=15392
+ for repeat in 1 2 3 4 5
+ echo ' Repeat=1'
 Repeat=1
+ ./omp_smithW-v6.3-target-inlined.out 15392 15392
Problem size: Matrix[15392][15392], FACTOR=128 CUTOFF=1024
Total memory footprint is:1 GB
Using 44 out of max 44 threads...
The number of target devices =4
### Able to use the GPU! ### 

Elapsed time for scoring matrix computation: 1.882135
+ for repeat in 1 2 3 4 5
+ echo ' Repeat=2'
 Repeat=2
+ ./omp_smithW-v6.3-target-inlined.out 15392 15392
Problem size: Matrix[15392][15392], FACTOR=128 CUTOFF=1024
Total memory footprint is:1 GB
Using 44 out of max 44 threads...
The number of target devices =4
### Able to use the GPU! ### 

Elapsed time for scoring matrix computation: 1.961099
+ for repeat in 1 2 3 4 5
+ echo ' Repeat=3'
 Repeat=3
+ ./omp_smithW-v6.3-target-inlined.out 15392 15392
Problem size: Matrix[15392][15392], FACTOR=128 CUTOFF=1024
Total memory footprint is:1 GB
Using 44 out of max 44 threads...
The number of target devices =4
### Able to use the GPU! ### 

Elapsed time for scoring matrix computation: 1.936828
+ for repeat in 1 2 3 4 5
+ echo ' Repeat=4'
 Repeat=4
+ ./omp_smithW-v6.3-target-inlined.out 15392 15392
Problem size: Matrix[15392][15392], FACTOR=128 CUTOFF=1024
Total memory footprint is:1 GB
Using 44 out of max 44 threads...
The number of target devices =4
### Able to use the GPU! ### 

Elapsed time for scoring matrix computation: 1.965038
+ for repeat in 1 2 3 4 5
+ echo ' Repeat=5'
 Repeat=5
+ ./omp_smithW-v6.3-target-inlined.out 15392 15392
Problem size: Matrix[15392][15392], FACTOR=128 CUTOFF=1024
Total memory footprint is:1 GB
Using 44 out of max 44 threads...
The number of target devices =4
### Able to use the GPU! ### 

Elapsed time for scoring matrix computation: 1.940261
+ for N_SIZE in '{32..26000..512}'
+ let 'counter += 1'
+ echo 'running count=32, problem M=15904 N=15904'
running count=32, problem M=15904 N=15904
+ for repeat in 1 2 3 4 5
+ echo ' Repeat=1'
 Repeat=1
+ ./omp_smithW-v6.3-target-inlined.out 15904 15904
Problem size: Matrix[15904][15904], FACTOR=128 CUTOFF=1024
Total memory footprint is:1 GB
Using 44 out of max 44 threads...
The number of target devices =4
### Able to use the GPU! ### 

Elapsed time for scoring matrix computation: 2.062963
+ for repeat in 1 2 3 4 5
+ echo ' Repeat=2'
 Repeat=2
+ ./omp_smithW-v6.3-target-inlined.out 15904 15904
Problem size: Matrix[15904][15904], FACTOR=128 CUTOFF=1024
Total memory footprint is:1 GB
Using 44 out of max 44 threads...
The number of target devices =4
### Able to use the GPU! ### 

Elapsed time for scoring matrix computation: 2.094777
+ for repeat in 1 2 3 4 5
+ echo ' Repeat=3'
 Repeat=3
+ ./omp_smithW-v6.3-target-inlined.out 15904 15904
Problem size: Matrix[15904][15904], FACTOR=128 CUTOFF=1024
Total memory footprint is:1 GB
Using 44 out of max 44 threads...
The number of target devices =4
### Able to use the GPU! ### 

Elapsed time for scoring matrix computation: 2.051056
+ for repeat in 1 2 3 4 5
+ echo ' Repeat=4'
 Repeat=4
+ ./omp_smithW-v6.3-target-inlined.out 15904 15904
Problem size: Matrix[15904][15904], FACTOR=128 CUTOFF=1024
Total memory footprint is:1 GB
Using 44 out of max 44 threads...
The number of target devices =4
### Able to use the GPU! ### 

Elapsed time for scoring matrix computation: 1.977956
+ for repeat in 1 2 3 4 5
+ echo ' Repeat=5'
 Repeat=5
+ ./omp_smithW-v6.3-target-inlined.out 15904 15904
Problem size: Matrix[15904][15904], FACTOR=128 CUTOFF=1024
Total memory footprint is:1 GB
Using 44 out of max 44 threads...
The number of target devices =4
### Able to use the GPU! ### 

Elapsed time for scoring matrix computation: 2.095395
+ for N_SIZE in '{32..26000..512}'
+ let 'counter += 1'
+ echo 'running count=33, problem M=16416 N=16416'
running count=33, problem M=16416 N=16416
+ for repeat in 1 2 3 4 5
+ echo ' Repeat=1'
 Repeat=1
+ ./omp_smithW-v6.3-target-inlined.out 16416 16416
Problem size: Matrix[16416][16416], FACTOR=128 CUTOFF=1024
Total memory footprint is:2 GB
Using 44 out of max 44 threads...
The number of target devices =4
### Able to use the GPU! ### 

Elapsed time for scoring matrix computation: 2.201843
+ for repeat in 1 2 3 4 5
+ echo ' Repeat=2'
 Repeat=2
+ ./omp_smithW-v6.3-target-inlined.out 16416 16416
Problem size: Matrix[16416][16416], FACTOR=128 CUTOFF=1024
Total memory footprint is:2 GB
Using 44 out of max 44 threads...
The number of target devices =4
### Able to use the GPU! ### 

Elapsed time for scoring matrix computation: 2.171461
+ for repeat in 1 2 3 4 5
+ echo ' Repeat=3'
 Repeat=3
+ ./omp_smithW-v6.3-target-inlined.out 16416 16416
Problem size: Matrix[16416][16416], FACTOR=128 CUTOFF=1024
Total memory footprint is:2 GB
Using 44 out of max 44 threads...
The number of target devices =4
### Able to use the GPU! ### 

Elapsed time for scoring matrix computation: 2.172375
+ for repeat in 1 2 3 4 5
+ echo ' Repeat=4'
 Repeat=4
+ ./omp_smithW-v6.3-target-inlined.out 16416 16416
Problem size: Matrix[16416][16416], FACTOR=128 CUTOFF=1024
Total memory footprint is:2 GB
Using 44 out of max 44 threads...
The number of target devices =4
### Able to use the GPU! ### 

Elapsed time for scoring matrix computation: 2.199735
+ for repeat in 1 2 3 4 5
+ echo ' Repeat=5'
 Repeat=5
+ ./omp_smithW-v6.3-target-inlined.out 16416 16416
Problem size: Matrix[16416][16416], FACTOR=128 CUTOFF=1024
Total memory footprint is:2 GB
Using 44 out of max 44 threads...
The number of target devices =4
### Able to use the GPU! ### 

Elapsed time for scoring matrix computation: 2.168129
+ for N_SIZE in '{32..26000..512}'
+ let 'counter += 1'
+ echo 'running count=34, problem M=16928 N=16928'
running count=34, problem M=16928 N=16928
+ for repeat in 1 2 3 4 5
+ echo ' Repeat=1'
 Repeat=1
+ ./omp_smithW-v6.3-target-inlined.out 16928 16928
Problem size: Matrix[16928][16928], FACTOR=128 CUTOFF=1024
Total memory footprint is:2 GB
Using 44 out of max 44 threads...
The number of target devices =4
### Able to use the GPU! ### 

Elapsed time for scoring matrix computation: 2.190326
+ for repeat in 1 2 3 4 5
+ echo ' Repeat=2'
 Repeat=2
+ ./omp_smithW-v6.3-target-inlined.out 16928 16928
Problem size: Matrix[16928][16928], FACTOR=128 CUTOFF=1024
Total memory footprint is:2 GB
Using 44 out of max 44 threads...
The number of target devices =4
### Able to use the GPU! ### 

Elapsed time for scoring matrix computation: 2.304625
+ for repeat in 1 2 3 4 5
+ echo ' Repeat=3'
 Repeat=3
+ ./omp_smithW-v6.3-target-inlined.out 16928 16928
Problem size: Matrix[16928][16928], FACTOR=128 CUTOFF=1024
Total memory footprint is:2 GB
Using 44 out of max 44 threads...
The number of target devices =4
### Able to use the GPU! ### 

Elapsed time for scoring matrix computation: 2.331548
+ for repeat in 1 2 3 4 5
+ echo ' Repeat=4'
 Repeat=4
+ ./omp_smithW-v6.3-target-inlined.out 16928 16928
Problem size: Matrix[16928][16928], FACTOR=128 CUTOFF=1024
Total memory footprint is:2 GB
Using 44 out of max 44 threads...
The number of target devices =4
### Able to use the GPU! ### 

Elapsed time for scoring matrix computation: 2.274814
+ for repeat in 1 2 3 4 5
+ echo ' Repeat=5'
 Repeat=5
+ ./omp_smithW-v6.3-target-inlined.out 16928 16928
Problem size: Matrix[16928][16928], FACTOR=128 CUTOFF=1024
Total memory footprint is:2 GB
Using 44 out of max 44 threads...
The number of target devices =4
### Able to use the GPU! ### 

Elapsed time for scoring matrix computation: 2.192548
+ for N_SIZE in '{32..26000..512}'
+ let 'counter += 1'
+ echo 'running count=35, problem M=17440 N=17440'
running count=35, problem M=17440 N=17440
+ for repeat in 1 2 3 4 5
+ echo ' Repeat=1'
 Repeat=1
+ ./omp_smithW-v6.3-target-inlined.out 17440 17440
Problem size: Matrix[17440][17440], FACTOR=128 CUTOFF=1024
Total memory footprint is:2 GB
Using 44 out of max 44 threads...
The number of target devices =4
### Able to use the GPU! ### 

Elapsed time for scoring matrix computation: 2.446403
+ for repeat in 1 2 3 4 5
+ echo ' Repeat=2'
 Repeat=2
+ ./omp_smithW-v6.3-target-inlined.out 17440 17440
Problem size: Matrix[17440][17440], FACTOR=128 CUTOFF=1024
Total memory footprint is:2 GB
Using 44 out of max 44 threads...
The number of target devices =4
### Able to use the GPU! ### 

Elapsed time for scoring matrix computation: 2.439807
+ for repeat in 1 2 3 4 5
+ echo ' Repeat=3'
 Repeat=3
+ ./omp_smithW-v6.3-target-inlined.out 17440 17440
Problem size: Matrix[17440][17440], FACTOR=128 CUTOFF=1024
Total memory footprint is:2 GB
Using 44 out of max 44 threads...
The number of target devices =4
### Able to use the GPU! ### 

Elapsed time for scoring matrix computation: 2.466799
+ for repeat in 1 2 3 4 5
+ echo ' Repeat=4'
 Repeat=4
+ ./omp_smithW-v6.3-target-inlined.out 17440 17440
Problem size: Matrix[17440][17440], FACTOR=128 CUTOFF=1024
Total memory footprint is:2 GB
Using 44 out of max 44 threads...
The number of target devices =4
### Able to use the GPU! ### 

Elapsed time for scoring matrix computation: 2.440361
+ for repeat in 1 2 3 4 5
+ echo ' Repeat=5'
 Repeat=5
+ ./omp_smithW-v6.3-target-inlined.out 17440 17440
Problem size: Matrix[17440][17440], FACTOR=128 CUTOFF=1024
Total memory footprint is:2 GB
Using 44 out of max 44 threads...
The number of target devices =4
### Able to use the GPU! ### 

Elapsed time for scoring matrix computation: 2.427397
+ for N_SIZE in '{32..26000..512}'
+ let 'counter += 1'
+ echo 'running count=36, problem M=17952 N=17952'
running count=36, problem M=17952 N=17952
+ for repeat in 1 2 3 4 5
+ echo ' Repeat=1'
 Repeat=1
+ ./omp_smithW-v6.3-target-inlined.out 17952 17952
Problem size: Matrix[17952][17952], FACTOR=128 CUTOFF=1024
Total memory footprint is:2 GB
Using 44 out of max 44 threads...
The number of target devices =4
### Able to use the GPU! ### 

Elapsed time for scoring matrix computation: 2.573908
+ for repeat in 1 2 3 4 5
+ echo ' Repeat=2'
 Repeat=2
+ ./omp_smithW-v6.3-target-inlined.out 17952 17952
Problem size: Matrix[17952][17952], FACTOR=128 CUTOFF=1024
Total memory footprint is:2 GB
Using 44 out of max 44 threads...
The number of target devices =4
### Able to use the GPU! ### 

Elapsed time for scoring matrix computation: 2.591996
+ for repeat in 1 2 3 4 5
+ echo ' Repeat=3'
 Repeat=3
+ ./omp_smithW-v6.3-target-inlined.out 17952 17952
Problem size: Matrix[17952][17952], FACTOR=128 CUTOFF=1024
Total memory footprint is:2 GB
Using 44 out of max 44 threads...
The number of target devices =4
### Able to use the GPU! ### 

Elapsed time for scoring matrix computation: 2.424170
+ for repeat in 1 2 3 4 5
+ echo ' Repeat=4'
 Repeat=4
+ ./omp_smithW-v6.3-target-inlined.out 17952 17952
Problem size: Matrix[17952][17952], FACTOR=128 CUTOFF=1024
Total memory footprint is:2 GB
Using 44 out of max 44 threads...
The number of target devices =4
### Able to use the GPU! ### 

Elapsed time for scoring matrix computation: 2.569385
+ for repeat in 1 2 3 4 5
+ echo ' Repeat=5'
 Repeat=5
+ ./omp_smithW-v6.3-target-inlined.out 17952 17952
Problem size: Matrix[17952][17952], FACTOR=128 CUTOFF=1024
Total memory footprint is:2 GB
Using 44 out of max 44 threads...
The number of target devices =4
### Able to use the GPU! ### 

Elapsed time for scoring matrix computation: 2.456962
+ for N_SIZE in '{32..26000..512}'
+ let 'counter += 1'
+ echo 'running count=37, problem M=18464 N=18464'
running count=37, problem M=18464 N=18464
+ for repeat in 1 2 3 4 5
+ echo ' Repeat=1'
 Repeat=1
+ ./omp_smithW-v6.3-target-inlined.out 18464 18464
Problem size: Matrix[18464][18464], FACTOR=128 CUTOFF=1024
Total memory footprint is:2 GB
Using 44 out of max 44 threads...
The number of target devices =4
### Able to use the GPU! ### 

Elapsed time for scoring matrix computation: 2.663611
+ for repeat in 1 2 3 4 5
+ echo ' Repeat=2'
 Repeat=2
+ ./omp_smithW-v6.3-target-inlined.out 18464 18464
Problem size: Matrix[18464][18464], FACTOR=128 CUTOFF=1024
Total memory footprint is:2 GB
Using 44 out of max 44 threads...
The number of target devices =4
### Able to use the GPU! ### 

Elapsed time for scoring matrix computation: 2.733195
+ for repeat in 1 2 3 4 5
+ echo ' Repeat=3'
 Repeat=3
+ ./omp_smithW-v6.3-target-inlined.out 18464 18464
Problem size: Matrix[18464][18464], FACTOR=128 CUTOFF=1024
Total memory footprint is:2 GB
Using 44 out of max 44 threads...
The number of target devices =4
### Able to use the GPU! ### 

Elapsed time for scoring matrix computation: 2.725561
+ for repeat in 1 2 3 4 5
+ echo ' Repeat=4'
 Repeat=4
+ ./omp_smithW-v6.3-target-inlined.out 18464 18464
Problem size: Matrix[18464][18464], FACTOR=128 CUTOFF=1024
Total memory footprint is:2 GB
Using 44 out of max 44 threads...
The number of target devices =4
### Able to use the GPU! ### 

Elapsed time for scoring matrix computation: 2.575916
+ for repeat in 1 2 3 4 5
+ echo ' Repeat=5'
 Repeat=5
+ ./omp_smithW-v6.3-target-inlined.out 18464 18464
Problem size: Matrix[18464][18464], FACTOR=128 CUTOFF=1024
Total memory footprint is:2 GB
Using 44 out of max 44 threads...
The number of target devices =4
### Able to use the GPU! ### 

Elapsed time for scoring matrix computation: 2.580491
+ for N_SIZE in '{32..26000..512}'
+ let 'counter += 1'
+ echo 'running count=38, problem M=18976 N=18976'
running count=38, problem M=18976 N=18976
+ for repeat in 1 2 3 4 5
+ echo ' Repeat=1'
 Repeat=1
+ ./omp_smithW-v6.3-target-inlined.out 18976 18976
Problem size: Matrix[18976][18976], FACTOR=128 CUTOFF=1024
Total memory footprint is:2 GB
Using 44 out of max 44 threads...
The number of target devices =4
### Able to use the GPU! ### 

Elapsed time for scoring matrix computation: 2.855945
+ for repeat in 1 2 3 4 5
+ echo ' Repeat=2'
 Repeat=2
+ ./omp_smithW-v6.3-target-inlined.out 18976 18976
Problem size: Matrix[18976][18976], FACTOR=128 CUTOFF=1024
Total memory footprint is:2 GB
Using 44 out of max 44 threads...
The number of target devices =4
### Able to use the GPU! ### 

Elapsed time for scoring matrix computation: 2.846451
+ for repeat in 1 2 3 4 5
+ echo ' Repeat=3'
 Repeat=3
+ ./omp_smithW-v6.3-target-inlined.out 18976 18976
Problem size: Matrix[18976][18976], FACTOR=128 CUTOFF=1024
Total memory footprint is:2 GB
Using 44 out of max 44 threads...
The number of target devices =4
### Able to use the GPU! ### 

Elapsed time for scoring matrix computation: 2.807151
+ for repeat in 1 2 3 4 5
+ echo ' Repeat=4'
 Repeat=4
+ ./omp_smithW-v6.3-target-inlined.out 18976 18976
Problem size: Matrix[18976][18976], FACTOR=128 CUTOFF=1024
Total memory footprint is:2 GB
Using 44 out of max 44 threads...
The number of target devices =4
### Able to use the GPU! ### 

Elapsed time for scoring matrix computation: 2.851114
+ for repeat in 1 2 3 4 5
+ echo ' Repeat=5'
 Repeat=5
+ ./omp_smithW-v6.3-target-inlined.out 18976 18976
Problem size: Matrix[18976][18976], FACTOR=128 CUTOFF=1024
Total memory footprint is:2 GB
Using 44 out of max 44 threads...
The number of target devices =4
### Able to use the GPU! ### 

Elapsed time for scoring matrix computation: 2.674700
+ for N_SIZE in '{32..26000..512}'
+ let 'counter += 1'
+ echo 'running count=39, problem M=19488 N=19488'
running count=39, problem M=19488 N=19488
+ for repeat in 1 2 3 4 5
+ echo ' Repeat=1'
 Repeat=1
+ ./omp_smithW-v6.3-target-inlined.out 19488 19488
Problem size: Matrix[19488][19488], FACTOR=128 CUTOFF=1024
Total memory footprint is:2 GB
Using 44 out of max 44 threads...
The number of target devices =4
### Able to use the GPU! ### 

Elapsed time for scoring matrix computation: 2.947622
+ for repeat in 1 2 3 4 5
+ echo ' Repeat=2'
 Repeat=2
+ ./omp_smithW-v6.3-target-inlined.out 19488 19488
Problem size: Matrix[19488][19488], FACTOR=128 CUTOFF=1024
Total memory footprint is:2 GB
Using 44 out of max 44 threads...
The number of target devices =4
### Able to use the GPU! ### 

Elapsed time for scoring matrix computation: 2.848440
+ for repeat in 1 2 3 4 5
+ echo ' Repeat=3'
 Repeat=3
+ ./omp_smithW-v6.3-target-inlined.out 19488 19488
Problem size: Matrix[19488][19488], FACTOR=128 CUTOFF=1024
Total memory footprint is:2 GB
Using 44 out of max 44 threads...
The number of target devices =4
### Able to use the GPU! ### 

Elapsed time for scoring matrix computation: 2.986155
+ for repeat in 1 2 3 4 5
+ echo ' Repeat=4'
 Repeat=4
+ ./omp_smithW-v6.3-target-inlined.out 19488 19488
Problem size: Matrix[19488][19488], FACTOR=128 CUTOFF=1024
Total memory footprint is:2 GB
Using 44 out of max 44 threads...
The number of target devices =4
### Able to use the GPU! ### 

Elapsed time for scoring matrix computation: 2.831721
+ for repeat in 1 2 3 4 5
+ echo ' Repeat=5'
 Repeat=5
+ ./omp_smithW-v6.3-target-inlined.out 19488 19488
Problem size: Matrix[19488][19488], FACTOR=128 CUTOFF=1024
Total memory footprint is:2 GB
Using 44 out of max 44 threads...
The number of target devices =4
### Able to use the GPU! ### 

Elapsed time for scoring matrix computation: 3.014526
+ for N_SIZE in '{32..26000..512}'
+ let 'counter += 1'
+ echo 'running count=40, problem M=20000 N=20000'
running count=40, problem M=20000 N=20000
+ for repeat in 1 2 3 4 5
+ echo ' Repeat=1'
 Repeat=1
+ ./omp_smithW-v6.3-target-inlined.out 20000 20000
Problem size: Matrix[20000][20000], FACTOR=128 CUTOFF=1024
Total memory footprint is:2 GB
Using 44 out of max 44 threads...
The number of target devices =4
### Able to use the GPU! ### 

Elapsed time for scoring matrix computation: 2.958521
+ for repeat in 1 2 3 4 5
+ echo ' Repeat=2'
 Repeat=2
+ ./omp_smithW-v6.3-target-inlined.out 20000 20000
Problem size: Matrix[20000][20000], FACTOR=128 CUTOFF=1024
Total memory footprint is:2 GB
Using 44 out of max 44 threads...
The number of target devices =4
### Able to use the GPU! ### 

Elapsed time for scoring matrix computation: 3.191939
+ for repeat in 1 2 3 4 5
+ echo ' Repeat=3'
 Repeat=3
+ ./omp_smithW-v6.3-target-inlined.out 20000 20000
Problem size: Matrix[20000][20000], FACTOR=128 CUTOFF=1024
Total memory footprint is:2 GB
Using 44 out of max 44 threads...
The number of target devices =4
### Able to use the GPU! ### 

Elapsed time for scoring matrix computation: 3.000218
+ for repeat in 1 2 3 4 5
+ echo ' Repeat=4'
 Repeat=4
+ ./omp_smithW-v6.3-target-inlined.out 20000 20000
Problem size: Matrix[20000][20000], FACTOR=128 CUTOFF=1024
Total memory footprint is:2 GB
Using 44 out of max 44 threads...
The number of target devices =4
### Able to use the GPU! ### 

Elapsed time for scoring matrix computation: 2.972360
+ for repeat in 1 2 3 4 5
+ echo ' Repeat=5'
 Repeat=5
+ ./omp_smithW-v6.3-target-inlined.out 20000 20000
Problem size: Matrix[20000][20000], FACTOR=128 CUTOFF=1024
Total memory footprint is:2 GB
Using 44 out of max 44 threads...
The number of target devices =4
### Able to use the GPU! ### 

Elapsed time for scoring matrix computation: 3.127701
+ for N_SIZE in '{32..26000..512}'
+ let 'counter += 1'
+ echo 'running count=41, problem M=20512 N=20512'
running count=41, problem M=20512 N=20512
+ for repeat in 1 2 3 4 5
+ echo ' Repeat=1'
 Repeat=1
+ ./omp_smithW-v6.3-target-inlined.out 20512 20512
Problem size: Matrix[20512][20512], FACTOR=128 CUTOFF=1024
Total memory footprint is:3 GB
Using 44 out of max 44 threads...
The number of target devices =4
### Able to use the GPU! ### 

Elapsed time for scoring matrix computation: 3.292105
+ for repeat in 1 2 3 4 5
+ echo ' Repeat=2'
 Repeat=2
+ ./omp_smithW-v6.3-target-inlined.out 20512 20512
Problem size: Matrix[20512][20512], FACTOR=128 CUTOFF=1024
Total memory footprint is:3 GB
Using 44 out of max 44 threads...
The number of target devices =4
### Able to use the GPU! ### 

Elapsed time for scoring matrix computation: 3.297031
+ for repeat in 1 2 3 4 5
+ echo ' Repeat=3'
 Repeat=3
+ ./omp_smithW-v6.3-target-inlined.out 20512 20512
Problem size: Matrix[20512][20512], FACTOR=128 CUTOFF=1024
Total memory footprint is:3 GB
Using 44 out of max 44 threads...
The number of target devices =4
### Able to use the GPU! ### 

Elapsed time for scoring matrix computation: 3.237608
+ for repeat in 1 2 3 4 5
+ echo ' Repeat=4'
 Repeat=4
+ ./omp_smithW-v6.3-target-inlined.out 20512 20512
Problem size: Matrix[20512][20512], FACTOR=128 CUTOFF=1024
Total memory footprint is:3 GB
Using 44 out of max 44 threads...
The number of target devices =4
### Able to use the GPU! ### 

Elapsed time for scoring matrix computation: 3.286565
+ for repeat in 1 2 3 4 5
+ echo ' Repeat=5'
 Repeat=5
+ ./omp_smithW-v6.3-target-inlined.out 20512 20512
Problem size: Matrix[20512][20512], FACTOR=128 CUTOFF=1024
Total memory footprint is:3 GB
Using 44 out of max 44 threads...
The number of target devices =4
### Able to use the GPU! ### 

Elapsed time for scoring matrix computation: 3.289606
+ for N_SIZE in '{32..26000..512}'
+ let 'counter += 1'
+ echo 'running count=42, problem M=21024 N=21024'
running count=42, problem M=21024 N=21024
+ for repeat in 1 2 3 4 5
+ echo ' Repeat=1'
 Repeat=1
+ ./omp_smithW-v6.3-target-inlined.out 21024 21024
Problem size: Matrix[21024][21024], FACTOR=128 CUTOFF=1024
Total memory footprint is:3 GB
Using 44 out of max 44 threads...
The number of target devices =4
### Able to use the GPU! ### 

Elapsed time for scoring matrix computation: 3.283333
+ for repeat in 1 2 3 4 5
+ echo ' Repeat=2'
 Repeat=2
+ ./omp_smithW-v6.3-target-inlined.out 21024 21024
Problem size: Matrix[21024][21024], FACTOR=128 CUTOFF=1024
Total memory footprint is:3 GB
Using 44 out of max 44 threads...
The number of target devices =4
### Able to use the GPU! ### 

Elapsed time for scoring matrix computation: 3.464657
+ for repeat in 1 2 3 4 5
+ echo ' Repeat=3'
 Repeat=3
+ ./omp_smithW-v6.3-target-inlined.out 21024 21024
Problem size: Matrix[21024][21024], FACTOR=128 CUTOFF=1024
Total memory footprint is:3 GB
Using 44 out of max 44 threads...
The number of target devices =4
### Able to use the GPU! ### 

Elapsed time for scoring matrix computation: 3.443525
+ for repeat in 1 2 3 4 5
+ echo ' Repeat=4'
 Repeat=4
+ ./omp_smithW-v6.3-target-inlined.out 21024 21024
Problem size: Matrix[21024][21024], FACTOR=128 CUTOFF=1024
Total memory footprint is:3 GB
Using 44 out of max 44 threads...
The number of target devices =4
### Able to use the GPU! ### 

Elapsed time for scoring matrix computation: 3.437706
+ for repeat in 1 2 3 4 5
+ echo ' Repeat=5'
 Repeat=5
+ ./omp_smithW-v6.3-target-inlined.out 21024 21024
Problem size: Matrix[21024][21024], FACTOR=128 CUTOFF=1024
Total memory footprint is:3 GB
Using 44 out of max 44 threads...
The number of target devices =4
### Able to use the GPU! ### 

Elapsed time for scoring matrix computation: 3.282784
+ for N_SIZE in '{32..26000..512}'
+ let 'counter += 1'
+ echo 'running count=43, problem M=21536 N=21536'
running count=43, problem M=21536 N=21536
+ for repeat in 1 2 3 4 5
+ echo ' Repeat=1'
 Repeat=1
+ ./omp_smithW-v6.3-target-inlined.out 21536 21536
Problem size: Matrix[21536][21536], FACTOR=128 CUTOFF=1024
Total memory footprint is:3 GB
Using 44 out of max 44 threads...
The number of target devices =4
### Able to use the GPU! ### 

Elapsed time for scoring matrix computation: 3.539849
+ for repeat in 1 2 3 4 5
+ echo ' Repeat=2'
 Repeat=2
+ ./omp_smithW-v6.3-target-inlined.out 21536 21536
Problem size: Matrix[21536][21536], FACTOR=128 CUTOFF=1024
Total memory footprint is:3 GB
Using 44 out of max 44 threads...
The number of target devices =4
### Able to use the GPU! ### 

Elapsed time for scoring matrix computation: 3.600940
+ for repeat in 1 2 3 4 5
+ echo ' Repeat=3'
 Repeat=3
+ ./omp_smithW-v6.3-target-inlined.out 21536 21536
Problem size: Matrix[21536][21536], FACTOR=128 CUTOFF=1024
Total memory footprint is:3 GB
Using 44 out of max 44 threads...
The number of target devices =4
### Able to use the GPU! ### 

Elapsed time for scoring matrix computation: 3.582965
+ for repeat in 1 2 3 4 5
+ echo ' Repeat=4'
 Repeat=4
+ ./omp_smithW-v6.3-target-inlined.out 21536 21536
Problem size: Matrix[21536][21536], FACTOR=128 CUTOFF=1024
Total memory footprint is:3 GB
Using 44 out of max 44 threads...
The number of target devices =4
### Able to use the GPU! ### 

Elapsed time for scoring matrix computation: 3.431866
+ for repeat in 1 2 3 4 5
+ echo ' Repeat=5'
 Repeat=5
+ ./omp_smithW-v6.3-target-inlined.out 21536 21536
Problem size: Matrix[21536][21536], FACTOR=128 CUTOFF=1024
Total memory footprint is:3 GB
Using 44 out of max 44 threads...
The number of target devices =4
### Able to use the GPU! ### 

Elapsed time for scoring matrix computation: 3.624186
+ for N_SIZE in '{32..26000..512}'
+ let 'counter += 1'
+ echo 'running count=44, problem M=22048 N=22048'
running count=44, problem M=22048 N=22048
+ for repeat in 1 2 3 4 5
+ echo ' Repeat=1'
 Repeat=1
+ ./omp_smithW-v6.3-target-inlined.out 22048 22048
Problem size: Matrix[22048][22048], FACTOR=128 CUTOFF=1024
Total memory footprint is:3 GB
Using 44 out of max 44 threads...
The number of target devices =4
### Able to use the GPU! ### 

Elapsed time for scoring matrix computation: 3.776447
+ for repeat in 1 2 3 4 5
+ echo ' Repeat=2'
 Repeat=2
+ ./omp_smithW-v6.3-target-inlined.out 22048 22048
Problem size: Matrix[22048][22048], FACTOR=128 CUTOFF=1024
Total memory footprint is:3 GB
Using 44 out of max 44 threads...
The number of target devices =4
### Able to use the GPU! ### 

Elapsed time for scoring matrix computation: 3.696934
+ for repeat in 1 2 3 4 5
+ echo ' Repeat=3'
 Repeat=3
+ ./omp_smithW-v6.3-target-inlined.out 22048 22048
Problem size: Matrix[22048][22048], FACTOR=128 CUTOFF=1024
Total memory footprint is:3 GB
Using 44 out of max 44 threads...
The number of target devices =4
### Able to use the GPU! ### 

Elapsed time for scoring matrix computation: 3.792602
+ for repeat in 1 2 3 4 5
+ echo ' Repeat=4'
 Repeat=4
+ ./omp_smithW-v6.3-target-inlined.out 22048 22048
Problem size: Matrix[22048][22048], FACTOR=128 CUTOFF=1024
Total memory footprint is:3 GB
Using 44 out of max 44 threads...
The number of target devices =4
### Able to use the GPU! ### 

Elapsed time for scoring matrix computation: 3.799397
+ for repeat in 1 2 3 4 5
+ echo ' Repeat=5'
 Repeat=5
+ ./omp_smithW-v6.3-target-inlined.out 22048 22048
Problem size: Matrix[22048][22048], FACTOR=128 CUTOFF=1024
Total memory footprint is:3 GB
Using 44 out of max 44 threads...
The number of target devices =4
### Able to use the GPU! ### 

Elapsed time for scoring matrix computation: 3.576482
+ for N_SIZE in '{32..26000..512}'
+ let 'counter += 1'
+ echo 'running count=45, problem M=22560 N=22560'
running count=45, problem M=22560 N=22560
+ for repeat in 1 2 3 4 5
+ echo ' Repeat=1'
 Repeat=1
+ ./omp_smithW-v6.3-target-inlined.out 22560 22560
Problem size: Matrix[22560][22560], FACTOR=128 CUTOFF=1024
Total memory footprint is:3 GB
Using 44 out of max 44 threads...
The number of target devices =4
### Able to use the GPU! ### 

Elapsed time for scoring matrix computation: 3.862689
+ for repeat in 1 2 3 4 5
+ echo ' Repeat=2'
 Repeat=2
+ ./omp_smithW-v6.3-target-inlined.out 22560 22560
Problem size: Matrix[22560][22560], FACTOR=128 CUTOFF=1024
Total memory footprint is:3 GB
Using 44 out of max 44 threads...
The number of target devices =4
### Able to use the GPU! ### 

Elapsed time for scoring matrix computation: 3.885474
+ for repeat in 1 2 3 4 5
+ echo ' Repeat=3'
 Repeat=3
+ ./omp_smithW-v6.3-target-inlined.out 22560 22560
Problem size: Matrix[22560][22560], FACTOR=128 CUTOFF=1024
Total memory footprint is:3 GB
Using 44 out of max 44 threads...
The number of target devices =4
### Able to use the GPU! ### 

Elapsed time for scoring matrix computation: 3.690096
+ for repeat in 1 2 3 4 5
+ echo ' Repeat=4'
 Repeat=4
+ ./omp_smithW-v6.3-target-inlined.out 22560 22560
Problem size: Matrix[22560][22560], FACTOR=128 CUTOFF=1024
Total memory footprint is:3 GB
Using 44 out of max 44 threads...
The number of target devices =4
### Able to use the GPU! ### 

Elapsed time for scoring matrix computation: 3.855453
+ for repeat in 1 2 3 4 5
+ echo ' Repeat=5'
 Repeat=5
+ ./omp_smithW-v6.3-target-inlined.out 22560 22560
Problem size: Matrix[22560][22560], FACTOR=128 CUTOFF=1024
Total memory footprint is:3 GB
Using 44 out of max 44 threads...
The number of target devices =4
### Able to use the GPU! ### 

Elapsed time for scoring matrix computation: 3.698181
+ for N_SIZE in '{32..26000..512}'
+ let 'counter += 1'
+ echo 'running count=46, problem M=23072 N=23072'
running count=46, problem M=23072 N=23072
+ for repeat in 1 2 3 4 5
+ echo ' Repeat=1'
 Repeat=1
+ ./omp_smithW-v6.3-target-inlined.out 23072 23072
Problem size: Matrix[23072][23072], FACTOR=128 CUTOFF=1024
Total memory footprint is:3 GB
Using 44 out of max 44 threads...
The number of target devices =4
### Able to use the GPU! ### 

Elapsed time for scoring matrix computation: 4.090283
+ for repeat in 1 2 3 4 5
+ echo ' Repeat=2'
 Repeat=2
+ ./omp_smithW-v6.3-target-inlined.out 23072 23072
Problem size: Matrix[23072][23072], FACTOR=128 CUTOFF=1024
Total memory footprint is:3 GB
Using 44 out of max 44 threads...
The number of target devices =4
### Able to use the GPU! ### 

Elapsed time for scoring matrix computation: 4.117732
+ for repeat in 1 2 3 4 5
+ echo ' Repeat=3'
 Repeat=3
+ ./omp_smithW-v6.3-target-inlined.out 23072 23072
Problem size: Matrix[23072][23072], FACTOR=128 CUTOFF=1024
Total memory footprint is:3 GB
Using 44 out of max 44 threads...
The number of target devices =4
### Able to use the GPU! ### 

Elapsed time for scoring matrix computation: 4.053522
+ for repeat in 1 2 3 4 5
+ echo ' Repeat=4'
 Repeat=4
+ ./omp_smithW-v6.3-target-inlined.out 23072 23072
Problem size: Matrix[23072][23072], FACTOR=128 CUTOFF=1024
Total memory footprint is:3 GB
Using 44 out of max 44 threads...
The number of target devices =4
### Able to use the GPU! ### 

Elapsed time for scoring matrix computation: 4.119935
+ for repeat in 1 2 3 4 5
+ echo ' Repeat=5'
 Repeat=5
+ ./omp_smithW-v6.3-target-inlined.out 23072 23072
Problem size: Matrix[23072][23072], FACTOR=128 CUTOFF=1024
Total memory footprint is:3 GB
Using 44 out of max 44 threads...
The number of target devices =4
### Able to use the GPU! ### 

Elapsed time for scoring matrix computation: 3.850889
+ for N_SIZE in '{32..26000..512}'
+ let 'counter += 1'
+ echo 'running count=47, problem M=23584 N=23584'
running count=47, problem M=23584 N=23584
+ for repeat in 1 2 3 4 5
+ echo ' Repeat=1'
 Repeat=1
+ ./omp_smithW-v6.3-target-inlined.out 23584 23584
Problem size: Matrix[23584][23584], FACTOR=128 CUTOFF=1024
Total memory footprint is:4 GB
Using 44 out of max 44 threads...
The number of target devices =4
### Able to use the GPU! ### 

Elapsed time for scoring matrix computation: 4.256867
+ for repeat in 1 2 3 4 5
+ echo ' Repeat=2'
 Repeat=2
+ ./omp_smithW-v6.3-target-inlined.out 23584 23584
Problem size: Matrix[23584][23584], FACTOR=128 CUTOFF=1024
Total memory footprint is:4 GB
Using 44 out of max 44 threads...
The number of target devices =4
### Able to use the GPU! ### 

Elapsed time for scoring matrix computation: 4.049131
+ for repeat in 1 2 3 4 5
+ echo ' Repeat=3'
 Repeat=3
+ ./omp_smithW-v6.3-target-inlined.out 23584 23584
Problem size: Matrix[23584][23584], FACTOR=128 CUTOFF=1024
Total memory footprint is:4 GB
Using 44 out of max 44 threads...
The number of target devices =4
### Able to use the GPU! ### 

Elapsed time for scoring matrix computation: 4.298546
+ for repeat in 1 2 3 4 5
+ echo ' Repeat=4'
 Repeat=4
+ ./omp_smithW-v6.3-target-inlined.out 23584 23584
Problem size: Matrix[23584][23584], FACTOR=128 CUTOFF=1024
Total memory footprint is:4 GB
Using 44 out of max 44 threads...
The number of target devices =4
### Able to use the GPU! ### 

Elapsed time for scoring matrix computation: 4.052301
+ for repeat in 1 2 3 4 5
+ echo ' Repeat=5'
 Repeat=5
+ ./omp_smithW-v6.3-target-inlined.out 23584 23584
Problem size: Matrix[23584][23584], FACTOR=128 CUTOFF=1024
Total memory footprint is:4 GB
Using 44 out of max 44 threads...
The number of target devices =4
### Able to use the GPU! ### 

Elapsed time for scoring matrix computation: 4.226912
+ for N_SIZE in '{32..26000..512}'
+ let 'counter += 1'
+ echo 'running count=48, problem M=24096 N=24096'
running count=48, problem M=24096 N=24096
+ for repeat in 1 2 3 4 5
+ echo ' Repeat=1'
 Repeat=1
+ ./omp_smithW-v6.3-target-inlined.out 24096 24096
Problem size: Matrix[24096][24096], FACTOR=128 CUTOFF=1024
Total memory footprint is:4 GB
Using 44 out of max 44 threads...
The number of target devices =4
### Able to use the GPU! ### 

Elapsed time for scoring matrix computation: 4.214116
+ for repeat in 1 2 3 4 5
+ echo ' Repeat=2'
 Repeat=2
+ ./omp_smithW-v6.3-target-inlined.out 24096 24096
Problem size: Matrix[24096][24096], FACTOR=128 CUTOFF=1024
Total memory footprint is:4 GB
Using 44 out of max 44 threads...
The number of target devices =4
### Able to use the GPU! ### 

Elapsed time for scoring matrix computation: 4.406924
+ for repeat in 1 2 3 4 5
+ echo ' Repeat=3'
 Repeat=3
+ ./omp_smithW-v6.3-target-inlined.out 24096 24096
Problem size: Matrix[24096][24096], FACTOR=128 CUTOFF=1024
Total memory footprint is:4 GB
Using 44 out of max 44 threads...
The number of target devices =4
### Able to use the GPU! ### 

Elapsed time for scoring matrix computation: 4.204065
+ for repeat in 1 2 3 4 5
+ echo ' Repeat=4'
 Repeat=4
+ ./omp_smithW-v6.3-target-inlined.out 24096 24096
Problem size: Matrix[24096][24096], FACTOR=128 CUTOFF=1024
Total memory footprint is:4 GB
Using 44 out of max 44 threads...
The number of target devices =4
### Able to use the GPU! ### 

Elapsed time for scoring matrix computation: 4.454918
+ for repeat in 1 2 3 4 5
+ echo ' Repeat=5'
 Repeat=5
+ ./omp_smithW-v6.3-target-inlined.out 24096 24096
Problem size: Matrix[24096][24096], FACTOR=128 CUTOFF=1024
Total memory footprint is:4 GB
Using 44 out of max 44 threads...
The number of target devices =4
### Able to use the GPU! ### 

Elapsed time for scoring matrix computation: 4.396354
+ for N_SIZE in '{32..26000..512}'
+ let 'counter += 1'
+ echo 'running count=49, problem M=24608 N=24608'
running count=49, problem M=24608 N=24608
+ for repeat in 1 2 3 4 5
+ echo ' Repeat=1'
 Repeat=1
+ ./omp_smithW-v6.3-target-inlined.out 24608 24608
Problem size: Matrix[24608][24608], FACTOR=128 CUTOFF=1024
Total memory footprint is:4 GB
Using 44 out of max 44 threads...
The number of target devices =4
### Able to use the GPU! ### 

Elapsed time for scoring matrix computation: 4.631976
+ for repeat in 1 2 3 4 5
+ echo ' Repeat=2'
 Repeat=2
+ ./omp_smithW-v6.3-target-inlined.out 24608 24608
Problem size: Matrix[24608][24608], FACTOR=128 CUTOFF=1024
Total memory footprint is:4 GB
Using 44 out of max 44 threads...
The number of target devices =4
### Able to use the GPU! ### 

Elapsed time for scoring matrix computation: 4.615929
+ for repeat in 1 2 3 4 5
+ echo ' Repeat=3'
 Repeat=3
+ ./omp_smithW-v6.3-target-inlined.out 24608 24608
Problem size: Matrix[24608][24608], FACTOR=128 CUTOFF=1024
Total memory footprint is:4 GB
Using 44 out of max 44 threads...
The number of target devices =4
### Able to use the GPU! ### 

Elapsed time for scoring matrix computation: 4.358286
+ for repeat in 1 2 3 4 5
+ echo ' Repeat=4'
 Repeat=4
+ ./omp_smithW-v6.3-target-inlined.out 24608 24608
Problem size: Matrix[24608][24608], FACTOR=128 CUTOFF=1024
Total memory footprint is:4 GB
Using 44 out of max 44 threads...
The number of target devices =4
### Able to use the GPU! ### 

Elapsed time for scoring matrix computation: 4.623512
+ for repeat in 1 2 3 4 5
+ echo ' Repeat=5'
 Repeat=5
+ ./omp_smithW-v6.3-target-inlined.out 24608 24608
Problem size: Matrix[24608][24608], FACTOR=128 CUTOFF=1024
Total memory footprint is:4 GB
Using 44 out of max 44 threads...
The number of target devices =4
### Able to use the GPU! ### 

Elapsed time for scoring matrix computation: 4.363630
+ for N_SIZE in '{32..26000..512}'
+ let 'counter += 1'
+ echo 'running count=50, problem M=25120 N=25120'
running count=50, problem M=25120 N=25120
+ for repeat in 1 2 3 4 5
+ echo ' Repeat=1'
 Repeat=1
+ ./omp_smithW-v6.3-target-inlined.out 25120 25120
Problem size: Matrix[25120][25120], FACTOR=128 CUTOFF=1024
Total memory footprint is:4 GB
Using 44 out of max 44 threads...
The number of target devices =4
### Able to use the GPU! ### 

Elapsed time for scoring matrix computation: 4.838056
+ for repeat in 1 2 3 4 5
+ echo ' Repeat=2'
 Repeat=2
+ ./omp_smithW-v6.3-target-inlined.out 25120 25120
Problem size: Matrix[25120][25120], FACTOR=128 CUTOFF=1024
Total memory footprint is:4 GB
Using 44 out of max 44 threads...
The number of target devices =4
### Able to use the GPU! ### 

Elapsed time for scoring matrix computation: 4.834068
+ for repeat in 1 2 3 4 5
+ echo ' Repeat=3'
 Repeat=3
+ ./omp_smithW-v6.3-target-inlined.out 25120 25120
Problem size: Matrix[25120][25120], FACTOR=128 CUTOFF=1024
Total memory footprint is:4 GB
Using 44 out of max 44 threads...
The number of target devices =4
### Able to use the GPU! ### 

Elapsed time for scoring matrix computation: 4.841221
+ for repeat in 1 2 3 4 5
+ echo ' Repeat=4'
 Repeat=4
+ ./omp_smithW-v6.3-target-inlined.out 25120 25120
Problem size: Matrix[25120][25120], FACTOR=128 CUTOFF=1024
Total memory footprint is:4 GB
Using 44 out of max 44 threads...
The number of target devices =4
### Able to use the GPU! ### 

Elapsed time for scoring matrix computation: 4.847144
+ for repeat in 1 2 3 4 5
+ echo ' Repeat=5'
 Repeat=5
+ ./omp_smithW-v6.3-target-inlined.out 25120 25120
Problem size: Matrix[25120][25120], FACTOR=128 CUTOFF=1024
Total memory footprint is:4 GB
Using 44 out of max 44 threads...
The number of target devices =4
### Able to use the GPU! ### 

Elapsed time for scoring matrix computation: 4.843453
+ for N_SIZE in '{32..26000..512}'
+ let 'counter += 1'
+ echo 'running count=51, problem M=25632 N=25632'
running count=51, problem M=25632 N=25632
+ for repeat in 1 2 3 4 5
+ echo ' Repeat=1'
 Repeat=1
+ ./omp_smithW-v6.3-target-inlined.out 25632 25632
Problem size: Matrix[25632][25632], FACTOR=128 CUTOFF=1024
Total memory footprint is:4 GB
Using 44 out of max 44 threads...
The number of target devices =4
### Able to use the GPU! ### 

Elapsed time for scoring matrix computation: 4.994818
+ for repeat in 1 2 3 4 5
+ echo ' Repeat=2'
 Repeat=2
+ ./omp_smithW-v6.3-target-inlined.out 25632 25632
Problem size: Matrix[25632][25632], FACTOR=128 CUTOFF=1024
Total memory footprint is:4 GB
Using 44 out of max 44 threads...
The number of target devices =4
### Able to use the GPU! ### 

Elapsed time for scoring matrix computation: 4.922333
+ for repeat in 1 2 3 4 5
+ echo ' Repeat=3'
 Repeat=3
+ ./omp_smithW-v6.3-target-inlined.out 25632 25632
Problem size: Matrix[25632][25632], FACTOR=128 CUTOFF=1024
Total memory footprint is:4 GB
Using 44 out of max 44 threads...
The number of target devices =4
### Able to use the GPU! ### 

Elapsed time for scoring matrix computation: 4.701429
+ for repeat in 1 2 3 4 5
+ echo ' Repeat=4'
 Repeat=4
+ ./omp_smithW-v6.3-target-inlined.out 25632 25632
Problem size: Matrix[25632][25632], FACTOR=128 CUTOFF=1024
Total memory footprint is:4 GB
Using 44 out of max 44 threads...
The number of target devices =4
### Able to use the GPU! ### 

Elapsed time for scoring matrix computation: 4.991765
+ for repeat in 1 2 3 4 5
+ echo ' Repeat=5'
 Repeat=5
+ ./omp_smithW-v6.3-target-inlined.out 25632 25632
Problem size: Matrix[25632][25632], FACTOR=128 CUTOFF=1024
Total memory footprint is:4 GB
Using 44 out of max 44 threads...
The number of target devices =4
### Able to use the GPU! ### 

Elapsed time for scoring matrix computation: 4.933784
